#! /usr/bin/vvp
:ivl_version "10.1 (stable)";
:ivl_delay_selection "TYPICAL";
:vpi_time_precision - 10;
:vpi_module "system";
:vpi_module "vhdl_sys";
:vpi_module "v2005_math";
:vpi_module "va_math";
S_0x9fd1560 .scope module, "BUF" "BUF" 2 2;
 .timescale -9 -10;
    .port_info 0 /INPUT 1 "A"
    .port_info 1 /OUTPUT 1 "Y"
o0x9fd7a14 .functor BUFZ 1, C4<z>; HiZ drive
L_0xa003540 .functor BUFZ 1, o0x9fd7a14, C4<0>, C4<0>, C4<0>;
v0x9fd2a10_0 .net "A", 0 0, o0x9fd7a14;  0 drivers
v0x9fd24c0_0 .net "Y", 0 0, L_0xa003540;  1 drivers
S_0x9fd1c10 .scope module, "DFFSR" "DFFSR" 2 33;
 .timescale -9 -10;
    .port_info 0 /INPUT 1 "C"
    .port_info 1 /INPUT 1 "D"
    .port_info 2 /OUTPUT 1 "Q"
    .port_info 3 /INPUT 1 "S"
    .port_info 4 /INPUT 1 "R"
o0x9fd7a74 .functor BUFZ 1, C4<z>; HiZ drive
v0x9fd1e10_0 .net "C", 0 0, o0x9fd7a74;  0 drivers
o0x9fd7a8c .functor BUFZ 1, C4<z>; HiZ drive
v0x9fd1760_0 .net "D", 0 0, o0x9fd7a8c;  0 drivers
v0x9fd10b0_0 .var "Q", 0 0;
o0x9fd7abc .functor BUFZ 1, C4<z>; HiZ drive
v0x9fcbd00_0 .net "R", 0 0, o0x9fd7abc;  0 drivers
o0x9fd7ad4 .functor BUFZ 1, C4<z>; HiZ drive
v0x9fd0440_0 .net "S", 0 0, o0x9fd7ad4;  0 drivers
E_0x9fd1020 .event posedge, v0x9fcbd00_0, v0x9fd0440_0, v0x9fd1e10_0;
S_0x9fd3af0 .scope module, "Test_Bench" "Test_Bench" 3 12;
 .timescale -9 -10;
v0xa0084b0_0 .net "clk", 0 0, v0xa007e70_0;  1 drivers
v0xa008520_0 .net "data_in", 5 0, v0xa008060_0;  1 drivers
RS_0x9fd7b94 .resolv tri, v0x9ff5fe0_0, L_0xa00dda0;
v0xa008590_0 .net8 "dataout0", 5 0, RS_0x9fd7b94;  2 drivers
RS_0x9fd7bac .resolv tri, v0x9ff6050_0, L_0xa00dec0;
v0xa0085f0_0 .net8 "dataout1", 5 0, RS_0x9fd7bac;  2 drivers
v0xa008660_0 .net "reset_L", 0 0, v0xa0081e0_0;  1 drivers
RS_0x9fd7bf4 .resolv tri, v0x9ff61e0_0, v0xa005600_0;
v0xa0086c0_0 .net8 "valid_0", 0 0, RS_0x9fd7bf4;  2 drivers
RS_0x9fd7c0c .resolv tri, v0x9ff6250_0, v0xa005980_0;
v0xa008720_0 .net8 "valid_1", 0 0, RS_0x9fd7c0c;  2 drivers
v0xa008780_0 .net "valid_in", 0 0, v0xa0083a0_0;  1 drivers
S_0x9ff5d30 .scope module, "DM" "demux" 3 18, 4 10 0, S_0x9fd3af0;
 .timescale -9 -10;
    .port_info 0 /INPUT 1 "clk"
    .port_info 1 /INPUT 1 "reset_L"
    .port_info 2 /INPUT 1 "valid_in"
    .port_info 3 /INPUT 6 "data_in"
    .port_info 4 /OUTPUT 6 "dataout0"
    .port_info 5 /OUTPUT 6 "dataout1"
    .port_info 6 /OUTPUT 1 "valid_0"
    .port_info 7 /OUTPUT 1 "valid_1"
v0x9ff5ee0_0 .net "clk", 0 0, v0xa007e70_0;  alias, 1 drivers
v0x9ff5f60_0 .net "data_in", 5 0, v0xa008060_0;  alias, 1 drivers
v0x9ff5fe0_0 .var "dataout0", 5 0;
v0x9ff6050_0 .var "dataout1", 5 0;
v0x9ff60d0_0 .net "reset_L", 0 0, v0xa0081e0_0;  alias, 1 drivers
v0x9ff6170_0 .var "selectorL1", 0 0;
v0x9ff61e0_0 .var "valid_0", 0 0;
v0x9ff6250_0 .var "valid_1", 0 0;
v0x9ff62c0_0 .net "valid_in", 0 0, v0xa0083a0_0;  alias, 1 drivers
E_0x9f7e730 .event posedge, v0x9ff5ee0_0;
E_0x9ff5ea0 .event edge, v0x9ff60d0_0, v0x9ff5f60_0;
S_0x9ff6400 .scope module, "DMEstr" "demuxEstructural" 3 30, 5 3 0, S_0x9fd3af0;
 .timescale -9 -10;
    .port_info 0 /INPUT 1 "clk"
    .port_info 1 /INPUT 1 "reset_L"
    .port_info 2 /INPUT 1 "valid_in"
    .port_info 3 /INPUT 6 "data_in"
    .port_info 4 /OUTPUT 6 "dataout0"
    .port_info 5 /OUTPUT 6 "dataout1"
    .port_info 6 /OUTPUT 1 "valid_0"
    .port_info 7 /OUTPUT 1 "valid_1"
v0xa005a20_0 .net "_000_", 5 0, L_0xa00d830;  1 drivers
v0xa005aa0_0 .net "_001_", 5 0, L_0xa00b870;  1 drivers
v0xa005b20_0 .net "_002_", 0 0, L_0xa008b10;  1 drivers
v0xa005b80_0 .net "_003_", 0 0, L_0xa005c70;  1 drivers
v0xa005be0_0 .net "_004_", 0 0, L_0xa0087f0;  1 drivers
v0xa005cb0_0 .net "_005_", 0 0, L_0xa008960;  1 drivers
v0xa005d10_0 .net "_006_", 0 0, L_0xa008d50;  1 drivers
v0xa005d70_0 .net "_007_", 0 0, L_0xa008df0;  1 drivers
v0xa005dd0_0 .net "_008_", 0 0, L_0xa008e80;  1 drivers
v0xa005e30_0 .net "_009_", 0 0, L_0xa008fb0;  1 drivers
v0xa005ed0_0 .net "_010_", 0 0, L_0xa005e90;  1 drivers
v0xa005f70_0 .net "_011_", 0 0, L_0xa005f30;  1 drivers
v0xa006010_0 .net "_012_", 0 0, L_0xa0093a0;  1 drivers
v0xa0060b0_0 .net "_013_", 0 0, L_0xa009580;  1 drivers
v0xa006150_0 .net "_014_", 0 0, L_0xa006110;  1 drivers
v0xa0061f0_0 .net "_015_", 0 0, L_0xa0061b0;  1 drivers
v0xa006290_0 .net "_016_", 0 0, L_0xa0098d0;  1 drivers
v0xa006330_0 .net "_017_", 0 0, L_0xa009b30;  1 drivers
v0xa0063d0_0 .net "_018_", 0 0, L_0xa006390;  1 drivers
v0xa006470_0 .net "_019_", 0 0, L_0xa006430;  1 drivers
v0xa006510_0 .net "_020_", 0 0, L_0xa009e80;  1 drivers
v0xa0065b0_0 .net "_021_", 0 0, L_0xa00a170;  1 drivers
v0xa006650_0 .net "_022_", 0 0, L_0xa006610;  1 drivers
v0xa0066f0_0 .net "_023_", 0 0, L_0xa0066b0;  1 drivers
v0xa006790_0 .net "_024_", 0 0, L_0xa00a4c0;  1 drivers
v0xa006830_0 .net "_025_", 0 0, L_0xa00a720;  1 drivers
v0xa0068d0_0 .net "_026_", 0 0, L_0xa006890;  1 drivers
v0xa006970_0 .net "_027_", 0 0, L_0xa006930;  1 drivers
v0xa006a10_0 .net "_028_", 0 0, L_0xa00ac60;  1 drivers
v0xa006ab0_0 .net "_029_", 0 0, L_0xa00af00;  1 drivers
v0xa006b10_0 .net "_030_", 0 0, L_0xa00b160;  1 drivers
v0xa006bb0_0 .net "_031_", 0 0, L_0xa006b70;  1 drivers
v0xa006c10_0 .net "_032_", 0 0, L_0xa00b3c0;  1 drivers
v0xa006cb0_0 .net "_033_", 0 0, L_0xa00b420;  1 drivers
v0xa006d50_0 .net "_034_", 0 0, L_0xa006d10;  1 drivers
v0xa006df0_0 .net "_035_", 0 0, L_0xa006c70;  1 drivers
v0xa006e90_0 .net "_036_", 0 0, L_0xa00ba90;  1 drivers
v0xa006f30_0 .net "_037_", 0 0, L_0xa00bc00;  1 drivers
v0xa006fd0_0 .net "_038_", 0 0, L_0xa006f90;  1 drivers
v0xa007070_0 .net "_039_", 0 0, L_0xa007030;  1 drivers
v0xa0070d0_0 .net "_040_", 0 0, L_0xa00bf00;  1 drivers
v0xa007170_0 .net "_041_", 0 0, L_0xa00c160;  1 drivers
v0xa007210_0 .net "_042_", 0 0, L_0xa00c2d0;  1 drivers
v0xa0072b0_0 .net "_043_", 0 0, L_0xa00c570;  1 drivers
v0xa007350_0 .net "_044_", 0 0, L_0xa00c740;  1 drivers
v0xa0073f0_0 .net "_045_", 0 0, L_0xa00c9e0;  1 drivers
v0xa007490_0 .net "_046_", 0 0, L_0xa00cb50;  1 drivers
v0xa007530_0 .net "_047_", 0 0, L_0xa00cdf0;  1 drivers
v0xa0075d0_0 .net "_048_", 0 0, L_0xa00d160;  1 drivers
v0xa007670_0 .net "_049_", 0 0, L_0xa00d2f0;  1 drivers
v0xa007710_0 .net "_050_", 0 0, L_0xa00d3d0;  1 drivers
v0xa0077b0_0 .net "_051_", 0 0, L_0xa00d480;  1 drivers
v0xa007850_0 .net "_052_", 0 0, L_0xa007770;  1 drivers
v0xa0078f0_0 .net "_053_", 0 0, L_0xa0078b0;  1 drivers
v0xa007990_0 .net "clk", 0 0, v0xa007e70_0;  alias, 1 drivers
v0xa0079f0_0 .net "data_in", 5 0, v0xa008060_0;  alias, 1 drivers
v0xa007a50_0 .net8 "dataout0", 5 0, RS_0x9fd7b94;  alias, 2 drivers
v0xa007ab0_0 .net8 "dataout1", 5 0, RS_0x9fd7bac;  alias, 2 drivers
v0xa007b10_0 .net "reset_L", 0 0, v0xa0081e0_0;  alias, 1 drivers
v0xa007b70_0 .net8 "valid_0", 0 0, RS_0x9fd7bf4;  alias, 2 drivers
v0xa007bd0_0 .net8 "valid_1", 0 0, RS_0x9fd7c0c;  alias, 2 drivers
v0xa007c30_0 .net "valid_in", 0 0, v0xa0083a0_0;  alias, 1 drivers
L_0xa008830 .part v0xa008060_0, 5, 1;
L_0xa008c60 .part v0xa008060_0, 5, 1;
L_0xa009000 .part RS_0x9fd7bac, 0, 1;
L_0xa009420 .part v0xa008060_0, 0, 1;
L_0xa0095c0 .part RS_0x9fd7bac, 1, 1;
L_0xa009950 .part v0xa008060_0, 1, 1;
L_0xa009b70 .part RS_0x9fd7bac, 2, 1;
L_0xa009f00 .part v0xa008060_0, 2, 1;
L_0xa00a1b0 .part RS_0x9fd7bac, 3, 1;
L_0xa00a540 .part v0xa008060_0, 3, 1;
L_0xa00a760 .part RS_0x9fd7bac, 4, 1;
L_0xa00ace0 .part v0xa008060_0, 4, 1;
L_0xa00b320 .part v0xa008060_0, 5, 1;
L_0xa00b470 .part RS_0x9fd7bac, 5, 1;
LS_0xa00b870_0_0 .concat8 [ 1 1 1 1], L_0xa005fd0, L_0xa006250, L_0xa0064d0, L_0xa006750;
LS_0xa00b870_0_4 .concat8 [ 1 1 0 0], L_0xa0069d0, L_0xa006e50;
L_0xa00b870 .concat8 [ 4 2 0 0], LS_0xa00b870_0_0, LS_0xa00b870_0_4;
L_0xa00bb10 .part v0xa008060_0, 0, 1;
L_0xa00bf80 .part RS_0x9fd7b94, 0, 1;
L_0xa00c1e0 .part v0xa008060_0, 1, 1;
L_0xa00c350 .part RS_0x9fd7b94, 1, 1;
L_0xa00c5f0 .part v0xa008060_0, 2, 1;
L_0xa00c7c0 .part RS_0x9fd7b94, 2, 1;
L_0xa00ca60 .part v0xa008060_0, 3, 1;
L_0xa00cbd0 .part RS_0x9fd7b94, 3, 1;
L_0xa00ce70 .part v0xa008060_0, 4, 1;
L_0xa00c690 .part RS_0x9fd7b94, 4, 1;
L_0xa00d330 .part RS_0x9fd7b94, 5, 1;
LS_0xa00d830_0_0 .concat8 [ 1 1 1 1], L_0xa006ef0, L_0xa0071d0, L_0xa007310, L_0xa007450;
LS_0xa00d830_0_4 .concat8 [ 1 1 0 0], L_0xa007590, L_0xa0076d0;
L_0xa00d830 .concat8 [ 4 2 0 0], LS_0xa00d830_0_0, LS_0xa00d830_0_4;
L_0xa00da10 .part L_0xa00d830, 0, 1;
L_0xa00db30 .part L_0xa00d830, 1, 1;
L_0xa00db90 .part L_0xa00d830, 2, 1;
L_0xa00dbf0 .part L_0xa00d830, 3, 1;
L_0xa00dc50 .part L_0xa00d830, 4, 1;
L_0xa00dd40 .part L_0xa00d830, 5, 1;
LS_0xa00dda0_0_0 .concat8 [ 1 1 1 1], v0xa0032e0_0, v0xa0035f0_0, v0xa0038a0_0, v0xa003be0_0;
LS_0xa00dda0_0_4 .concat8 [ 1 1 0 0], v0xa003eb0_0, v0xa004180_0;
L_0xa00dda0 .concat8 [ 4 2 0 0], LS_0xa00dda0_0_0, LS_0xa00dda0_0_4;
L_0xa00de00 .part L_0xa00b870, 0, 1;
L_0xa00de60 .part L_0xa00b870, 1, 1;
L_0xa00df60 .part L_0xa00b870, 2, 1;
L_0xa00e030 .part L_0xa00b870, 3, 1;
L_0xa00e090 .part L_0xa00b870, 4, 1;
L_0xa00e0f0 .part L_0xa00b870, 5, 1;
LS_0xa00dec0_0_0 .concat8 [ 1 1 1 1], v0xa004450_0, v0xa0047f0_0, v0xa004ac0_0, v0xa004d90_0;
LS_0xa00dec0_0_4 .concat8 [ 1 1 0 0], v0xa005060_0, v0xa005330_0;
L_0xa00dec0 .concat8 [ 4 2 0 0], LS_0xa00dec0_0_0, LS_0xa00dec0_0_4;
S_0x9ff6580 .scope module, "_054_" "NOT" 5 66, 2 8 0, S_0x9ff6400;
 .timescale -9 -10;
    .port_info 0 /INPUT 1 "A"
    .port_info 1 /OUTPUT 1 "Y"
L_0xa0087f0 .functor NOT 1, L_0xa008830, C4<0>, C4<0>, C4<0>;
v0x9ff6690_0 .net "A", 0 0, L_0xa008830;  1 drivers
v0x9ff6710_0 .net "Y", 0 0, L_0xa0087f0;  alias, 1 drivers
S_0x9ff67b0 .scope module, "_055_" "NAND" 5 70, 2 14 0, S_0x9ff6400;
 .timescale -9 -10;
    .port_info 0 /INPUT 1 "A"
    .port_info 1 /INPUT 1 "B"
    .port_info 2 /OUTPUT 1 "Y"
L_0x9ff85a0 .functor AND 1, v0xa0083a0_0, v0xa0081e0_0, C4<1>, C4<1>;
L_0xa008960 .functor NOT 1, L_0x9ff85a0, C4<0>, C4<0>, C4<0>;
v0x9ff68e0_0 .net "A", 0 0, v0xa0083a0_0;  alias, 1 drivers
v0x9ff6950_0 .net "B", 0 0, v0xa0081e0_0;  alias, 1 drivers
v0x9ff69b0_0 .net "Y", 0 0, L_0xa008960;  alias, 1 drivers
v0x9ff6a30_0 .net *"_s0", 0 0, L_0x9ff85a0;  1 drivers
S_0x9ff6ad0 .scope module, "_056_" "NOR" 5 75, 2 20 0, S_0x9ff6400;
 .timescale -9 -10;
    .port_info 0 /INPUT 1 "A"
    .port_info 1 /INPUT 1 "B"
    .port_info 2 /OUTPUT 1 "Y"
L_0xa0089b0 .functor OR 1, L_0xa008960, L_0xa0087f0, C4<0>, C4<0>;
L_0xa005c70 .functor NOT 1, L_0xa0089b0, C4<0>, C4<0>, C4<0>;
v0x9ff6c20_0 .net "A", 0 0, L_0xa008960;  alias, 1 drivers
v0x9ff6ca0_0 .net "B", 0 0, L_0xa0087f0;  alias, 1 drivers
v0x9ff6d20_0 .net "Y", 0 0, L_0xa005c70;  alias, 1 drivers
v0x9ff6da0_0 .net *"_s0", 0 0, L_0xa0089b0;  1 drivers
S_0x9ff6e40 .scope module, "_057_" "NOR" 5 80, 2 20 0, S_0x9ff6400;
 .timescale -9 -10;
    .port_info 0 /INPUT 1 "A"
    .port_info 1 /INPUT 1 "B"
    .port_info 2 /OUTPUT 1 "Y"
L_0xa008ac0 .functor OR 1, L_0xa008960, L_0xa008c60, C4<0>, C4<0>;
L_0xa008b10 .functor NOT 1, L_0xa008ac0, C4<0>, C4<0>, C4<0>;
v0x9ff6f70_0 .net "A", 0 0, L_0xa008960;  alias, 1 drivers
v0x9ff7020_0 .net "B", 0 0, L_0xa008c60;  1 drivers
v0x9ff7090_0 .net "Y", 0 0, L_0xa008b10;  alias, 1 drivers
v0x9ff70f0_0 .net *"_s0", 0 0, L_0xa008ac0;  1 drivers
S_0x9ff71b0 .scope module, "_058_" "NOR" 5 85, 2 20 0, S_0x9ff6400;
 .timescale -9 -10;
    .port_info 0 /INPUT 1 "A"
    .port_info 1 /INPUT 1 "B"
    .port_info 2 /OUTPUT 1 "Y"
L_0xa008d00 .functor OR 1, RS_0x9fd7c0c, v0xa0083a0_0, C4<0>, C4<0>;
L_0xa008d50 .functor NOT 1, L_0xa008d00, C4<0>, C4<0>, C4<0>;
v0x9ff7310_0 .net8 "A", 0 0, RS_0x9fd7c0c;  alias, 2 drivers
v0x9ff7380_0 .net "B", 0 0, v0xa0083a0_0;  alias, 1 drivers
v0x9ff7420_0 .net "Y", 0 0, L_0xa008d50;  alias, 1 drivers
v0x9ff7480_0 .net *"_s0", 0 0, L_0xa008d00;  1 drivers
S_0x9ff7530 .scope module, "_059_" "NOR" 5 90, 2 20 0, S_0x9ff6400;
 .timescale -9 -10;
    .port_info 0 /INPUT 1 "A"
    .port_info 1 /INPUT 1 "B"
    .port_info 2 /OUTPUT 1 "Y"
L_0xa008da0 .functor OR 1, L_0xa008d50, L_0xa005c70, C4<0>, C4<0>;
L_0xa008df0 .functor NOT 1, L_0xa008da0, C4<0>, C4<0>, C4<0>;
v0x9ff7660_0 .net "A", 0 0, L_0xa008d50;  alias, 1 drivers
v0x9ff76f0_0 .net "B", 0 0, L_0xa005c70;  alias, 1 drivers
v0x9ff7770_0 .net "Y", 0 0, L_0xa008df0;  alias, 1 drivers
v0x9ff77f0_0 .net *"_s0", 0 0, L_0xa008da0;  1 drivers
S_0x9ff7890 .scope module, "_060_" "NOT" 5 95, 2 8 0, S_0x9ff6400;
 .timescale -9 -10;
    .port_info 0 /INPUT 1 "A"
    .port_info 1 /OUTPUT 1 "Y"
L_0xa008e80 .functor NOT 1, v0xa0081e0_0, C4<0>, C4<0>, C4<0>;
v0x9ff79b0_0 .net "A", 0 0, v0xa0081e0_0;  alias, 1 drivers
v0x9ff7a60_0 .net "Y", 0 0, L_0xa008e80;  alias, 1 drivers
S_0x9ff7b00 .scope module, "_061_" "NOT" 5 99, 2 8 0, S_0x9ff6400;
 .timescale -9 -10;
    .port_info 0 /INPUT 1 "A"
    .port_info 1 /OUTPUT 1 "Y"
L_0xa008fb0 .functor NOT 1, L_0xa009000, C4<0>, C4<0>, C4<0>;
v0x9ff7c00_0 .net "A", 0 0, L_0xa009000;  1 drivers
v0x9ff7c80_0 .net "Y", 0 0, L_0xa008fb0;  alias, 1 drivers
S_0x9ff7d20 .scope module, "_062_" "NOR" 5 103, 2 20 0, S_0x9ff6400;
 .timescale -9 -10;
    .port_info 0 /INPUT 1 "A"
    .port_info 1 /INPUT 1 "B"
    .port_info 2 /OUTPUT 1 "Y"
L_0xa0081a0 .functor OR 1, L_0xa008fb0, L_0xa008e80, C4<0>, C4<0>;
L_0xa005e90 .functor NOT 1, L_0xa0081a0, C4<0>, C4<0>, C4<0>;
v0x9ff7e70_0 .net "A", 0 0, L_0xa008fb0;  alias, 1 drivers
v0x9ff7f00_0 .net "B", 0 0, L_0xa008e80;  alias, 1 drivers
v0x9ff7f80_0 .net "Y", 0 0, L_0xa005e90;  alias, 1 drivers
v0x9ff8000_0 .net *"_s0", 0 0, L_0xa0081a0;  1 drivers
S_0x9ff80a0 .scope module, "_063_" "NAND" 5 108, 2 14 0, S_0x9ff6400;
 .timescale -9 -10;
    .port_info 0 /INPUT 1 "A"
    .port_info 1 /INPUT 1 "B"
    .port_info 2 /OUTPUT 1 "Y"
L_0xa009170 .functor AND 1, L_0xa005e90, L_0xa008df0, C4<1>, C4<1>;
L_0xa005f30 .functor NOT 1, L_0xa009170, C4<0>, C4<0>, C4<0>;
v0x9ff81d0_0 .net "A", 0 0, L_0xa005e90;  alias, 1 drivers
v0x9ff8260_0 .net "B", 0 0, L_0xa008df0;  alias, 1 drivers
v0x9ff82e0_0 .net "Y", 0 0, L_0xa005f30;  alias, 1 drivers
v0x9ff8360_0 .net *"_s0", 0 0, L_0xa009170;  1 drivers
S_0x9ff8400 .scope module, "_064_" "NAND" 5 113, 2 14 0, S_0x9ff6400;
 .timescale -9 -10;
    .port_info 0 /INPUT 1 "A"
    .port_info 1 /INPUT 1 "B"
    .port_info 2 /OUTPUT 1 "Y"
L_0xa009350 .functor AND 1, L_0xa005c70, L_0xa009420, C4<1>, C4<1>;
L_0xa0093a0 .functor NOT 1, L_0xa009350, C4<0>, C4<0>, C4<0>;
v0x9ff8530_0 .net "A", 0 0, L_0xa005c70;  alias, 1 drivers
v0x9ff85e0_0 .net "B", 0 0, L_0xa009420;  1 drivers
v0x9ff8650_0 .net "Y", 0 0, L_0xa0093a0;  alias, 1 drivers
v0x9ff86b0_0 .net *"_s0", 0 0, L_0xa009350;  1 drivers
S_0x9ff8770 .scope module, "_065_" "NAND" 5 118, 2 14 0, S_0x9ff6400;
 .timescale -9 -10;
    .port_info 0 /INPUT 1 "A"
    .port_info 1 /INPUT 1 "B"
    .port_info 2 /OUTPUT 1 "Y"
L_0xa0094c0 .functor AND 1, L_0xa0093a0, L_0xa005f30, C4<1>, C4<1>;
L_0xa005fd0 .functor NOT 1, L_0xa0094c0, C4<0>, C4<0>, C4<0>;
v0x9ff88a0_0 .net "A", 0 0, L_0xa0093a0;  alias, 1 drivers
v0x9ff8930_0 .net "B", 0 0, L_0xa005f30;  alias, 1 drivers
v0x9ff89b0_0 .net "Y", 0 0, L_0xa005fd0;  1 drivers
v0x9ff8a30_0 .net *"_s0", 0 0, L_0xa0094c0;  1 drivers
S_0x9ff8ad0 .scope module, "_066_" "NOT" 5 123, 2 8 0, S_0x9ff6400;
 .timescale -9 -10;
    .port_info 0 /INPUT 1 "A"
    .port_info 1 /OUTPUT 1 "Y"
L_0xa009580 .functor NOT 1, L_0xa0095c0, C4<0>, C4<0>, C4<0>;
v0x9ff8bf0_0 .net "A", 0 0, L_0xa0095c0;  1 drivers
v0x9ff8c70_0 .net "Y", 0 0, L_0xa009580;  alias, 1 drivers
S_0x9ff8d10 .scope module, "_067_" "NOR" 5 127, 2 20 0, S_0x9ff6400;
 .timescale -9 -10;
    .port_info 0 /INPUT 1 "A"
    .port_info 1 /INPUT 1 "B"
    .port_info 2 /OUTPUT 1 "Y"
L_0xa009660 .functor OR 1, L_0xa009580, L_0xa008e80, C4<0>, C4<0>;
L_0xa006110 .functor NOT 1, L_0xa009660, C4<0>, C4<0>, C4<0>;
v0x9ff8e40_0 .net "A", 0 0, L_0xa009580;  alias, 1 drivers
v0x9ff8ed0_0 .net "B", 0 0, L_0xa008e80;  alias, 1 drivers
v0x9ff8f70_0 .net "Y", 0 0, L_0xa006110;  alias, 1 drivers
v0x9ff8fd0_0 .net *"_s0", 0 0, L_0xa009660;  1 drivers
S_0x9ff9080 .scope module, "_068_" "NAND" 5 132, 2 14 0, S_0x9ff6400;
 .timescale -9 -10;
    .port_info 0 /INPUT 1 "A"
    .port_info 1 /INPUT 1 "B"
    .port_info 2 /OUTPUT 1 "Y"
L_0xa009770 .functor AND 1, L_0xa006110, L_0xa008df0, C4<1>, C4<1>;
L_0xa0061b0 .functor NOT 1, L_0xa009770, C4<0>, C4<0>, C4<0>;
v0x9ff91b0_0 .net "A", 0 0, L_0xa006110;  alias, 1 drivers
v0x9ff9240_0 .net "B", 0 0, L_0xa008df0;  alias, 1 drivers
v0x9ff92e0_0 .net "Y", 0 0, L_0xa0061b0;  alias, 1 drivers
v0x9ff9340_0 .net *"_s0", 0 0, L_0xa009770;  1 drivers
S_0x9ff93f0 .scope module, "_069_" "NAND" 5 137, 2 14 0, S_0x9ff6400;
 .timescale -9 -10;
    .port_info 0 /INPUT 1 "A"
    .port_info 1 /INPUT 1 "B"
    .port_info 2 /OUTPUT 1 "Y"
L_0xa009880 .functor AND 1, L_0xa005c70, L_0xa009950, C4<1>, C4<1>;
L_0xa0098d0 .functor NOT 1, L_0xa009880, C4<0>, C4<0>, C4<0>;
v0x9ff9520_0 .net "A", 0 0, L_0xa005c70;  alias, 1 drivers
v0x9ff9590_0 .net "B", 0 0, L_0xa009950;  1 drivers
v0x9ff9600_0 .net "Y", 0 0, L_0xa0098d0;  alias, 1 drivers
v0x9ff9680_0 .net *"_s0", 0 0, L_0xa009880;  1 drivers
S_0x9ff9740 .scope module, "_070_" "NAND" 5 142, 2 14 0, S_0x9ff6400;
 .timescale -9 -10;
    .port_info 0 /INPUT 1 "A"
    .port_info 1 /INPUT 1 "B"
    .port_info 2 /OUTPUT 1 "Y"
L_0xa0099f0 .functor AND 1, L_0xa0098d0, L_0xa0061b0, C4<1>, C4<1>;
L_0xa006250 .functor NOT 1, L_0xa0099f0, C4<0>, C4<0>, C4<0>;
v0x9ff9870_0 .net "A", 0 0, L_0xa0098d0;  alias, 1 drivers
v0x9ff9900_0 .net "B", 0 0, L_0xa0061b0;  alias, 1 drivers
v0x9ff9980_0 .net "Y", 0 0, L_0xa006250;  1 drivers
v0x9ff9a00_0 .net *"_s0", 0 0, L_0xa0099f0;  1 drivers
S_0x9ff9aa0 .scope module, "_071_" "NOT" 5 147, 2 8 0, S_0x9ff6400;
 .timescale -9 -10;
    .port_info 0 /INPUT 1 "A"
    .port_info 1 /OUTPUT 1 "Y"
L_0xa009b30 .functor NOT 1, L_0xa009b70, C4<0>, C4<0>, C4<0>;
v0x9ff9bc0_0 .net "A", 0 0, L_0xa009b70;  1 drivers
v0x9ff9c40_0 .net "Y", 0 0, L_0xa009b30;  alias, 1 drivers
S_0x9ff9ce0 .scope module, "_072_" "NOR" 5 151, 2 20 0, S_0x9ff6400;
 .timescale -9 -10;
    .port_info 0 /INPUT 1 "A"
    .port_info 1 /INPUT 1 "B"
    .port_info 2 /OUTPUT 1 "Y"
L_0xa009c10 .functor OR 1, L_0xa009b30, L_0xa008e80, C4<0>, C4<0>;
L_0xa006390 .functor NOT 1, L_0xa009c10, C4<0>, C4<0>, C4<0>;
v0x9ff9e10_0 .net "A", 0 0, L_0xa009b30;  alias, 1 drivers
v0x9ff9ea0_0 .net "B", 0 0, L_0xa008e80;  alias, 1 drivers
v0x9ff9f00_0 .net "Y", 0 0, L_0xa006390;  alias, 1 drivers
v0x9ff9f80_0 .net *"_s0", 0 0, L_0xa009c10;  1 drivers
S_0x9ffa030 .scope module, "_073_" "NAND" 5 156, 2 14 0, S_0x9ff6400;
 .timescale -9 -10;
    .port_info 0 /INPUT 1 "A"
    .port_info 1 /INPUT 1 "B"
    .port_info 2 /OUTPUT 1 "Y"
L_0xa009d20 .functor AND 1, L_0xa006390, L_0xa008df0, C4<1>, C4<1>;
L_0xa006430 .functor NOT 1, L_0xa009d20, C4<0>, C4<0>, C4<0>;
v0x9ffa160_0 .net "A", 0 0, L_0xa006390;  alias, 1 drivers
v0x9ffa1f0_0 .net "B", 0 0, L_0xa008df0;  alias, 1 drivers
v0x9ffa250_0 .net "Y", 0 0, L_0xa006430;  alias, 1 drivers
v0x9ffa2d0_0 .net *"_s0", 0 0, L_0xa009d20;  1 drivers
S_0x9ffa380 .scope module, "_074_" "NAND" 5 161, 2 14 0, S_0x9ff6400;
 .timescale -9 -10;
    .port_info 0 /INPUT 1 "A"
    .port_info 1 /INPUT 1 "B"
    .port_info 2 /OUTPUT 1 "Y"
L_0xa009e30 .functor AND 1, L_0xa005c70, L_0xa009f00, C4<1>, C4<1>;
L_0xa009e80 .functor NOT 1, L_0xa009e30, C4<0>, C4<0>, C4<0>;
v0x9ffa4b0_0 .net "A", 0 0, L_0xa005c70;  alias, 1 drivers
v0x9ffa590_0 .net "B", 0 0, L_0xa009f00;  1 drivers
v0x9ffa600_0 .net "Y", 0 0, L_0xa009e80;  alias, 1 drivers
v0x9ffa680_0 .net *"_s0", 0 0, L_0xa009e30;  1 drivers
S_0x9ffa740 .scope module, "_075_" "NAND" 5 166, 2 14 0, S_0x9ff6400;
 .timescale -9 -10;
    .port_info 0 /INPUT 1 "A"
    .port_info 1 /INPUT 1 "B"
    .port_info 2 /OUTPUT 1 "Y"
L_0xa00a0a0 .functor AND 1, L_0xa009e80, L_0xa006430, C4<1>, C4<1>;
L_0xa0064d0 .functor NOT 1, L_0xa00a0a0, C4<0>, C4<0>, C4<0>;
v0x9ffa870_0 .net "A", 0 0, L_0xa009e80;  alias, 1 drivers
v0x9ffa900_0 .net "B", 0 0, L_0xa006430;  alias, 1 drivers
v0x9ffa980_0 .net "Y", 0 0, L_0xa0064d0;  1 drivers
v0x9ffaa00_0 .net *"_s0", 0 0, L_0xa00a0a0;  1 drivers
S_0x9ffaaa0 .scope module, "_076_" "NOT" 5 171, 2 8 0, S_0x9ff6400;
 .timescale -9 -10;
    .port_info 0 /INPUT 1 "A"
    .port_info 1 /OUTPUT 1 "Y"
L_0xa00a170 .functor NOT 1, L_0xa00a1b0, C4<0>, C4<0>, C4<0>;
v0x9ffabc0_0 .net "A", 0 0, L_0xa00a1b0;  1 drivers
v0x9ffac40_0 .net "Y", 0 0, L_0xa00a170;  alias, 1 drivers
S_0x9fface0 .scope module, "_077_" "NOR" 5 175, 2 20 0, S_0x9ff6400;
 .timescale -9 -10;
    .port_info 0 /INPUT 1 "A"
    .port_info 1 /INPUT 1 "B"
    .port_info 2 /OUTPUT 1 "Y"
L_0xa00a250 .functor OR 1, L_0xa00a170, L_0xa008e80, C4<0>, C4<0>;
L_0xa006610 .functor NOT 1, L_0xa00a250, C4<0>, C4<0>, C4<0>;
v0x9ffae10_0 .net "A", 0 0, L_0xa00a170;  alias, 1 drivers
v0x9ffaea0_0 .net "B", 0 0, L_0xa008e80;  alias, 1 drivers
v0x9ffaf70_0 .net "Y", 0 0, L_0xa006610;  alias, 1 drivers
v0x9ffaff0_0 .net *"_s0", 0 0, L_0xa00a250;  1 drivers
S_0x9ffb0a0 .scope module, "_078_" "NAND" 5 180, 2 14 0, S_0x9ff6400;
 .timescale -9 -10;
    .port_info 0 /INPUT 1 "A"
    .port_info 1 /INPUT 1 "B"
    .port_info 2 /OUTPUT 1 "Y"
L_0xa00a360 .functor AND 1, L_0xa006610, L_0xa008df0, C4<1>, C4<1>;
L_0xa0066b0 .functor NOT 1, L_0xa00a360, C4<0>, C4<0>, C4<0>;
v0x9ffb1d0_0 .net "A", 0 0, L_0xa006610;  alias, 1 drivers
v0x9ffb260_0 .net "B", 0 0, L_0xa008df0;  alias, 1 drivers
v0x9ffb330_0 .net "Y", 0 0, L_0xa0066b0;  alias, 1 drivers
v0x9ffb3b0_0 .net *"_s0", 0 0, L_0xa00a360;  1 drivers
S_0x9ffb460 .scope module, "_079_" "NAND" 5 185, 2 14 0, S_0x9ff6400;
 .timescale -9 -10;
    .port_info 0 /INPUT 1 "A"
    .port_info 1 /INPUT 1 "B"
    .port_info 2 /OUTPUT 1 "Y"
L_0xa00a470 .functor AND 1, L_0xa005c70, L_0xa00a540, C4<1>, C4<1>;
L_0xa00a4c0 .functor NOT 1, L_0xa00a470, C4<0>, C4<0>, C4<0>;
v0x9ffb590_0 .net "A", 0 0, L_0xa005c70;  alias, 1 drivers
v0x9ffb600_0 .net "B", 0 0, L_0xa00a540;  1 drivers
v0x9ffb670_0 .net "Y", 0 0, L_0xa00a4c0;  alias, 1 drivers
v0x9ffb6f0_0 .net *"_s0", 0 0, L_0xa00a470;  1 drivers
S_0x9ffb7b0 .scope module, "_080_" "NAND" 5 190, 2 14 0, S_0x9ff6400;
 .timescale -9 -10;
    .port_info 0 /INPUT 1 "A"
    .port_info 1 /INPUT 1 "B"
    .port_info 2 /OUTPUT 1 "Y"
L_0xa00a5e0 .functor AND 1, L_0xa00a4c0, L_0xa0066b0, C4<1>, C4<1>;
L_0xa006750 .functor NOT 1, L_0xa00a5e0, C4<0>, C4<0>, C4<0>;
v0x9ffb8e0_0 .net "A", 0 0, L_0xa00a4c0;  alias, 1 drivers
v0x9ffb970_0 .net "B", 0 0, L_0xa0066b0;  alias, 1 drivers
v0x9ffb9f0_0 .net "Y", 0 0, L_0xa006750;  1 drivers
v0x9ffba70_0 .net *"_s0", 0 0, L_0xa00a5e0;  1 drivers
S_0x9ffbb10 .scope module, "_081_" "NOT" 5 195, 2 8 0, S_0x9ff6400;
 .timescale -9 -10;
    .port_info 0 /INPUT 1 "A"
    .port_info 1 /OUTPUT 1 "Y"
L_0xa00a720 .functor NOT 1, L_0xa00a760, C4<0>, C4<0>, C4<0>;
v0x9ffbc30_0 .net "A", 0 0, L_0xa00a760;  1 drivers
v0x9ffbcb0_0 .net "Y", 0 0, L_0xa00a720;  alias, 1 drivers
S_0x9ffbd50 .scope module, "_082_" "NOR" 5 199, 2 20 0, S_0x9ff6400;
 .timescale -9 -10;
    .port_info 0 /INPUT 1 "A"
    .port_info 1 /INPUT 1 "B"
    .port_info 2 /OUTPUT 1 "Y"
L_0xa00a8d0 .functor OR 1, L_0xa00a720, L_0xa008e80, C4<0>, C4<0>;
L_0xa006890 .functor NOT 1, L_0xa00a8d0, C4<0>, C4<0>, C4<0>;
v0x9ffbe80_0 .net "A", 0 0, L_0xa00a720;  alias, 1 drivers
v0x9ffbf10_0 .net "B", 0 0, L_0xa008e80;  alias, 1 drivers
v0x9ffbf70_0 .net "Y", 0 0, L_0xa006890;  alias, 1 drivers
v0x9ffbff0_0 .net *"_s0", 0 0, L_0xa00a8d0;  1 drivers
S_0x9ffc0a0 .scope module, "_083_" "NAND" 5 204, 2 14 0, S_0x9ff6400;
 .timescale -9 -10;
    .port_info 0 /INPUT 1 "A"
    .port_info 1 /INPUT 1 "B"
    .port_info 2 /OUTPUT 1 "Y"
L_0xa00a970 .functor AND 1, L_0xa006890, L_0xa008df0, C4<1>, C4<1>;
L_0xa006930 .functor NOT 1, L_0xa00a970, C4<0>, C4<0>, C4<0>;
v0x9ffc1d0_0 .net "A", 0 0, L_0xa006890;  alias, 1 drivers
v0x9ffc260_0 .net "B", 0 0, L_0xa008df0;  alias, 1 drivers
v0x9ffc2c0_0 .net "Y", 0 0, L_0xa006930;  alias, 1 drivers
v0x9ffc340_0 .net *"_s0", 0 0, L_0xa00a970;  1 drivers
S_0x9ffc3f0 .scope module, "_084_" "NAND" 5 209, 2 14 0, S_0x9ff6400;
 .timescale -9 -10;
    .port_info 0 /INPUT 1 "A"
    .port_info 1 /INPUT 1 "B"
    .port_info 2 /OUTPUT 1 "Y"
L_0xa00aa80 .functor AND 1, L_0xa005c70, L_0xa00ace0, C4<1>, C4<1>;
L_0xa00ac60 .functor NOT 1, L_0xa00aa80, C4<0>, C4<0>, C4<0>;
v0x9ffc520_0 .net "A", 0 0, L_0xa005c70;  alias, 1 drivers
v0x9ffc590_0 .net "B", 0 0, L_0xa00ace0;  1 drivers
v0x9ffc600_0 .net "Y", 0 0, L_0xa00ac60;  alias, 1 drivers
v0x9ffc680_0 .net *"_s0", 0 0, L_0xa00aa80;  1 drivers
S_0x9ffc740 .scope module, "_085_" "NAND" 5 214, 2 14 0, S_0x9ff6400;
 .timescale -9 -10;
    .port_info 0 /INPUT 1 "A"
    .port_info 1 /INPUT 1 "B"
    .port_info 2 /OUTPUT 1 "Y"
L_0xa00adc0 .functor AND 1, L_0xa00ac60, L_0xa006930, C4<1>, C4<1>;
L_0xa0069d0 .functor NOT 1, L_0xa00adc0, C4<0>, C4<0>, C4<0>;
v0x9ffc870_0 .net "A", 0 0, L_0xa00ac60;  alias, 1 drivers
v0x9ffc900_0 .net "B", 0 0, L_0xa006930;  alias, 1 drivers
v0x9ffc980_0 .net "Y", 0 0, L_0xa0069d0;  1 drivers
v0x9ffca00_0 .net *"_s0", 0 0, L_0xa00adc0;  1 drivers
S_0x9ffcaa0 .scope module, "_086_" "NOT" 5 219, 2 8 0, S_0x9ff6400;
 .timescale -9 -10;
    .port_info 0 /INPUT 1 "A"
    .port_info 1 /OUTPUT 1 "Y"
L_0xa00af00 .functor NOT 1, v0xa0083a0_0, C4<0>, C4<0>, C4<0>;
v0x9ffcbc0_0 .net "A", 0 0, v0xa0083a0_0;  alias, 1 drivers
v0x9ffcc30_0 .net "Y", 0 0, L_0xa00af00;  alias, 1 drivers
S_0x9ffccd0 .scope module, "_087_" "NOR" 5 223, 2 20 0, S_0x9ff6400;
 .timescale -9 -10;
    .port_info 0 /INPUT 1 "A"
    .port_info 1 /INPUT 1 "B"
    .port_info 2 /OUTPUT 1 "Y"
L_0x9ff8f30 .functor OR 1, L_0xa00af00, L_0xa008e80, C4<0>, C4<0>;
L_0xa00b160 .functor NOT 1, L_0x9ff8f30, C4<0>, C4<0>, C4<0>;
v0x9ffce00_0 .net "A", 0 0, L_0xa00af00;  alias, 1 drivers
v0x9ffce90_0 .net "B", 0 0, L_0xa008e80;  alias, 1 drivers
v0x9ffcef0_0 .net "Y", 0 0, L_0xa00b160;  alias, 1 drivers
v0x9ffcf70_0 .net *"_s0", 0 0, L_0x9ff8f30;  1 drivers
S_0x9ffd020 .scope module, "_088_" "NAND" 5 228, 2 14 0, S_0x9ff6400;
 .timescale -9 -10;
    .port_info 0 /INPUT 1 "A"
    .port_info 1 /INPUT 1 "B"
    .port_info 2 /OUTPUT 1 "Y"
L_0xa00b1f0 .functor AND 1, L_0xa00b160, L_0xa00b320, C4<1>, C4<1>;
L_0xa006b70 .functor NOT 1, L_0xa00b1f0, C4<0>, C4<0>, C4<0>;
v0x9ffd150_0 .net "A", 0 0, L_0xa00b160;  alias, 1 drivers
v0x9ffd1e0_0 .net "B", 0 0, L_0xa00b320;  1 drivers
v0x9ffd240_0 .net "Y", 0 0, L_0xa006b70;  alias, 1 drivers
v0x9ffd2c0_0 .net *"_s0", 0 0, L_0xa00b1f0;  1 drivers
S_0x9ffd380 .scope module, "_089_" "NOT" 5 233, 2 8 0, S_0x9ff6400;
 .timescale -9 -10;
    .port_info 0 /INPUT 1 "A"
    .port_info 1 /OUTPUT 1 "Y"
L_0xa00b3c0 .functor NOT 1, L_0xa008d50, C4<0>, C4<0>, C4<0>;
v0x9ffd4a0_0 .net "A", 0 0, L_0xa008d50;  alias, 1 drivers
v0x9ffd510_0 .net "Y", 0 0, L_0xa00b3c0;  alias, 1 drivers
S_0x9ffd5b0 .scope module, "_090_" "NOT" 5 237, 2 8 0, S_0x9ff6400;
 .timescale -9 -10;
    .port_info 0 /INPUT 1 "A"
    .port_info 1 /OUTPUT 1 "Y"
L_0xa00b420 .functor NOT 1, L_0xa00b470, C4<0>, C4<0>, C4<0>;
v0x9ffd6b0_0 .net "A", 0 0, L_0xa00b470;  1 drivers
v0x9ffd730_0 .net "Y", 0 0, L_0xa00b420;  alias, 1 drivers
S_0x9ffd7d0 .scope module, "_091_" "NOR" 5 241, 2 20 0, S_0x9ff6400;
 .timescale -9 -10;
    .port_info 0 /INPUT 1 "A"
    .port_info 1 /INPUT 1 "B"
    .port_info 2 /OUTPUT 1 "Y"
L_0xa00b510 .functor OR 1, L_0xa00b420, L_0xa008e80, C4<0>, C4<0>;
L_0xa006d10 .functor NOT 1, L_0xa00b510, C4<0>, C4<0>, C4<0>;
v0x9ffd900_0 .net "A", 0 0, L_0xa00b420;  alias, 1 drivers
v0x9ffd990_0 .net "B", 0 0, L_0xa008e80;  alias, 1 drivers
v0x9ffd9f0_0 .net "Y", 0 0, L_0xa006d10;  alias, 1 drivers
v0x9ffda70_0 .net *"_s0", 0 0, L_0xa00b510;  1 drivers
S_0x9ffdb20 .scope module, "_092_" "NAND" 5 246, 2 14 0, S_0x9ff6400;
 .timescale -9 -10;
    .port_info 0 /INPUT 1 "A"
    .port_info 1 /INPUT 1 "B"
    .port_info 2 /OUTPUT 1 "Y"
L_0xa00b620 .functor AND 1, L_0xa006d10, L_0xa00b3c0, C4<1>, C4<1>;
L_0xa006c70 .functor NOT 1, L_0xa00b620, C4<0>, C4<0>, C4<0>;
v0x9ffdc50_0 .net "A", 0 0, L_0xa006d10;  alias, 1 drivers
v0x9ffdce0_0 .net "B", 0 0, L_0xa00b3c0;  alias, 1 drivers
v0x9ffdd60_0 .net "Y", 0 0, L_0xa006c70;  alias, 1 drivers
v0x9ffdde0_0 .net *"_s0", 0 0, L_0xa00b620;  1 drivers
S_0x9ffde80 .scope module, "_093_" "NAND" 5 251, 2 14 0, S_0x9ff6400;
 .timescale -9 -10;
    .port_info 0 /INPUT 1 "A"
    .port_info 1 /INPUT 1 "B"
    .port_info 2 /OUTPUT 1 "Y"
L_0xa00b760 .functor AND 1, L_0xa006c70, L_0xa006b70, C4<1>, C4<1>;
L_0xa006e50 .functor NOT 1, L_0xa00b760, C4<0>, C4<0>, C4<0>;
v0x9ffdfb0_0 .net "A", 0 0, L_0xa006c70;  alias, 1 drivers
v0x9ffe040_0 .net "B", 0 0, L_0xa006b70;  alias, 1 drivers
v0x9ffe0c0_0 .net "Y", 0 0, L_0xa006e50;  1 drivers
v0x9ffe140_0 .net *"_s0", 0 0, L_0xa00b760;  1 drivers
S_0x9ffe1e0 .scope module, "_094_" "NAND" 5 256, 2 14 0, S_0x9ff6400;
 .timescale -9 -10;
    .port_info 0 /INPUT 1 "A"
    .port_info 1 /INPUT 1 "B"
    .port_info 2 /OUTPUT 1 "Y"
L_0xa00ba50 .functor AND 1, L_0xa008b10, L_0xa00bb10, C4<1>, C4<1>;
L_0xa00ba90 .functor NOT 1, L_0xa00ba50, C4<0>, C4<0>, C4<0>;
v0x9ffe310_0 .net "A", 0 0, L_0xa008b10;  alias, 1 drivers
v0x9ffe3a0_0 .net "B", 0 0, L_0xa00bb10;  1 drivers
v0x9ffe400_0 .net "Y", 0 0, L_0xa00ba90;  alias, 1 drivers
v0x9ffe480_0 .net *"_s0", 0 0, L_0xa00ba50;  1 drivers
S_0x9ffe540 .scope module, "_095_" "NOR" 5 261, 2 20 0, S_0x9ff6400;
 .timescale -9 -10;
    .port_info 0 /INPUT 1 "A"
    .port_info 1 /INPUT 1 "B"
    .port_info 2 /OUTPUT 1 "Y"
L_0xa00ad80 .functor OR 1, v0xa0083a0_0, L_0xa008e80, C4<0>, C4<0>;
L_0xa00bc00 .functor NOT 1, L_0xa00ad80, C4<0>, C4<0>, C4<0>;
v0x9ffe670_0 .net "A", 0 0, v0xa0083a0_0;  alias, 1 drivers
v0x9ffe750_0 .net "B", 0 0, L_0xa008e80;  alias, 1 drivers
v0x9ffe890_0 .net "Y", 0 0, L_0xa00bc00;  alias, 1 drivers
v0x9ffe910_0 .net *"_s0", 0 0, L_0xa00ad80;  1 drivers
S_0x9ffe9c0 .scope module, "_096_" "NAND" 5 266, 2 14 0, S_0x9ff6400;
 .timescale -9 -10;
    .port_info 0 /INPUT 1 "A"
    .port_info 1 /INPUT 1 "B"
    .port_info 2 /OUTPUT 1 "Y"
L_0xa00bc90 .functor AND 1, L_0xa00bc00, RS_0x9fd7bf4, C4<1>, C4<1>;
L_0xa006f90 .functor NOT 1, L_0xa00bc90, C4<0>, C4<0>, C4<0>;
v0x9ffeaf0_0 .net "A", 0 0, L_0xa00bc00;  alias, 1 drivers
v0x9ffeb80_0 .net8 "B", 0 0, RS_0x9fd7bf4;  alias, 2 drivers
v0x9ffec00_0 .net "Y", 0 0, L_0xa006f90;  alias, 1 drivers
v0x9ffec80_0 .net *"_s0", 0 0, L_0xa00bc90;  1 drivers
S_0x9ffed20 .scope module, "_097_" "NAND" 5 271, 2 14 0, S_0x9ff6400;
 .timescale -9 -10;
    .port_info 0 /INPUT 1 "A"
    .port_info 1 /INPUT 1 "B"
    .port_info 2 /OUTPUT 1 "Y"
L_0xa00bda0 .functor AND 1, L_0xa006f90, L_0xa006b70, C4<1>, C4<1>;
L_0xa007030 .functor NOT 1, L_0xa00bda0, C4<0>, C4<0>, C4<0>;
v0x9ffee50_0 .net "A", 0 0, L_0xa006f90;  alias, 1 drivers
v0x9ffeee0_0 .net "B", 0 0, L_0xa006b70;  alias, 1 drivers
v0x9ffef40_0 .net "Y", 0 0, L_0xa007030;  alias, 1 drivers
v0x9ffefa0_0 .net *"_s0", 0 0, L_0xa00bda0;  1 drivers
S_0x9fff050 .scope module, "_098_" "NAND" 5 276, 2 14 0, S_0x9ff6400;
 .timescale -9 -10;
    .port_info 0 /INPUT 1 "A"
    .port_info 1 /INPUT 1 "B"
    .port_info 2 /OUTPUT 1 "Y"
L_0xa00beb0 .functor AND 1, L_0xa007030, L_0xa00bf80, C4<1>, C4<1>;
L_0xa00bf00 .functor NOT 1, L_0xa00beb0, C4<0>, C4<0>, C4<0>;
v0x9fff180_0 .net "A", 0 0, L_0xa007030;  alias, 1 drivers
v0x9fff210_0 .net "B", 0 0, L_0xa00bf80;  1 drivers
v0x9fff270_0 .net "Y", 0 0, L_0xa00bf00;  alias, 1 drivers
v0x9fff2f0_0 .net *"_s0", 0 0, L_0xa00beb0;  1 drivers
S_0x9fff3b0 .scope module, "_099_" "NAND" 5 281, 2 14 0, S_0x9ff6400;
 .timescale -9 -10;
    .port_info 0 /INPUT 1 "A"
    .port_info 1 /INPUT 1 "B"
    .port_info 2 /OUTPUT 1 "Y"
L_0x9ff7a20 .functor AND 1, L_0xa00bf00, L_0xa00ba90, C4<1>, C4<1>;
L_0xa006ef0 .functor NOT 1, L_0x9ff7a20, C4<0>, C4<0>, C4<0>;
v0x9fff4e0_0 .net "A", 0 0, L_0xa00bf00;  alias, 1 drivers
v0x9fff570_0 .net "B", 0 0, L_0xa00ba90;  alias, 1 drivers
v0x9fff5f0_0 .net "Y", 0 0, L_0xa006ef0;  1 drivers
v0x9fff670_0 .net *"_s0", 0 0, L_0x9ff7a20;  1 drivers
S_0x9fff710 .scope module, "_100_" "NAND" 5 286, 2 14 0, S_0x9ff6400;
 .timescale -9 -10;
    .port_info 0 /INPUT 1 "A"
    .port_info 1 /INPUT 1 "B"
    .port_info 2 /OUTPUT 1 "Y"
L_0xa00c120 .functor AND 1, L_0xa008b10, L_0xa00c1e0, C4<1>, C4<1>;
L_0xa00c160 .functor NOT 1, L_0xa00c120, C4<0>, C4<0>, C4<0>;
v0x9fff840_0 .net "A", 0 0, L_0xa008b10;  alias, 1 drivers
v0x9fff8b0_0 .net "B", 0 0, L_0xa00c1e0;  1 drivers
v0x9fff920_0 .net "Y", 0 0, L_0xa00c160;  alias, 1 drivers
v0x9fff980_0 .net *"_s0", 0 0, L_0xa00c120;  1 drivers
S_0x9fffa40 .scope module, "_101_" "NAND" 5 291, 2 14 0, S_0x9ff6400;
 .timescale -9 -10;
    .port_info 0 /INPUT 1 "A"
    .port_info 1 /INPUT 1 "B"
    .port_info 2 /OUTPUT 1 "Y"
L_0xa00c280 .functor AND 1, L_0xa007030, L_0xa00c350, C4<1>, C4<1>;
L_0xa00c2d0 .functor NOT 1, L_0xa00c280, C4<0>, C4<0>, C4<0>;
v0x9fffb70_0 .net "A", 0 0, L_0xa007030;  alias, 1 drivers
v0x9fffbe0_0 .net "B", 0 0, L_0xa00c350;  1 drivers
v0x9fffc50_0 .net "Y", 0 0, L_0xa00c2d0;  alias, 1 drivers
v0x9fffcb0_0 .net *"_s0", 0 0, L_0xa00c280;  1 drivers
S_0x9fffd70 .scope module, "_102_" "NAND" 5 296, 2 14 0, S_0x9ff6400;
 .timescale -9 -10;
    .port_info 0 /INPUT 1 "A"
    .port_info 1 /INPUT 1 "B"
    .port_info 2 /OUTPUT 1 "Y"
L_0xa00c3f0 .functor AND 1, L_0xa00c2d0, L_0xa00c160, C4<1>, C4<1>;
L_0xa0071d0 .functor NOT 1, L_0xa00c3f0, C4<0>, C4<0>, C4<0>;
v0x9fffea0_0 .net "A", 0 0, L_0xa00c2d0;  alias, 1 drivers
v0x9ffff30_0 .net "B", 0 0, L_0xa00c160;  alias, 1 drivers
v0x9ffffb0_0 .net "Y", 0 0, L_0xa0071d0;  1 drivers
v0xa000030_0 .net *"_s0", 0 0, L_0xa00c3f0;  1 drivers
S_0xa0000d0 .scope module, "_103_" "NAND" 5 301, 2 14 0, S_0x9ff6400;
 .timescale -9 -10;
    .port_info 0 /INPUT 1 "A"
    .port_info 1 /INPUT 1 "B"
    .port_info 2 /OUTPUT 1 "Y"
L_0xa00c530 .functor AND 1, L_0xa008b10, L_0xa00c5f0, C4<1>, C4<1>;
L_0xa00c570 .functor NOT 1, L_0xa00c530, C4<0>, C4<0>, C4<0>;
v0xa000200_0 .net "A", 0 0, L_0xa008b10;  alias, 1 drivers
v0xa000270_0 .net "B", 0 0, L_0xa00c5f0;  1 drivers
v0xa0002e0_0 .net "Y", 0 0, L_0xa00c570;  alias, 1 drivers
v0xa000360_0 .net *"_s0", 0 0, L_0xa00c530;  1 drivers
S_0xa000420 .scope module, "_104_" "NAND" 5 306, 2 14 0, S_0x9ff6400;
 .timescale -9 -10;
    .port_info 0 /INPUT 1 "A"
    .port_info 1 /INPUT 1 "B"
    .port_info 2 /OUTPUT 1 "Y"
L_0xa00c6f0 .functor AND 1, L_0xa007030, L_0xa00c7c0, C4<1>, C4<1>;
L_0xa00c740 .functor NOT 1, L_0xa00c6f0, C4<0>, C4<0>, C4<0>;
v0xa000550_0 .net "A", 0 0, L_0xa007030;  alias, 1 drivers
v0xa0005c0_0 .net "B", 0 0, L_0xa00c7c0;  1 drivers
v0xa000630_0 .net "Y", 0 0, L_0xa00c740;  alias, 1 drivers
v0xa0006b0_0 .net *"_s0", 0 0, L_0xa00c6f0;  1 drivers
S_0xa000770 .scope module, "_105_" "NAND" 5 311, 2 14 0, S_0x9ff6400;
 .timescale -9 -10;
    .port_info 0 /INPUT 1 "A"
    .port_info 1 /INPUT 1 "B"
    .port_info 2 /OUTPUT 1 "Y"
L_0xa00c860 .functor AND 1, L_0xa00c740, L_0xa00c570, C4<1>, C4<1>;
L_0xa007310 .functor NOT 1, L_0xa00c860, C4<0>, C4<0>, C4<0>;
v0xa0008a0_0 .net "A", 0 0, L_0xa00c740;  alias, 1 drivers
v0xa000930_0 .net "B", 0 0, L_0xa00c570;  alias, 1 drivers
v0xa0009b0_0 .net "Y", 0 0, L_0xa007310;  1 drivers
v0xa000a30_0 .net *"_s0", 0 0, L_0xa00c860;  1 drivers
S_0xa000ad0 .scope module, "_106_" "NAND" 5 316, 2 14 0, S_0x9ff6400;
 .timescale -9 -10;
    .port_info 0 /INPUT 1 "A"
    .port_info 1 /INPUT 1 "B"
    .port_info 2 /OUTPUT 1 "Y"
L_0xa00c9a0 .functor AND 1, L_0xa008b10, L_0xa00ca60, C4<1>, C4<1>;
L_0xa00c9e0 .functor NOT 1, L_0xa00c9a0, C4<0>, C4<0>, C4<0>;
v0xa000c00_0 .net "A", 0 0, L_0xa008b10;  alias, 1 drivers
v0xa000c70_0 .net "B", 0 0, L_0xa00ca60;  1 drivers
v0xa000ce0_0 .net "Y", 0 0, L_0xa00c9e0;  alias, 1 drivers
v0xa000d60_0 .net *"_s0", 0 0, L_0xa00c9a0;  1 drivers
S_0xa000e20 .scope module, "_107_" "NAND" 5 321, 2 14 0, S_0x9ff6400;
 .timescale -9 -10;
    .port_info 0 /INPUT 1 "A"
    .port_info 1 /INPUT 1 "B"
    .port_info 2 /OUTPUT 1 "Y"
L_0xa00cb00 .functor AND 1, L_0xa007030, L_0xa00cbd0, C4<1>, C4<1>;
L_0xa00cb50 .functor NOT 1, L_0xa00cb00, C4<0>, C4<0>, C4<0>;
v0xa000f50_0 .net "A", 0 0, L_0xa007030;  alias, 1 drivers
v0xa001030_0 .net "B", 0 0, L_0xa00cbd0;  1 drivers
v0xa0010a0_0 .net "Y", 0 0, L_0xa00cb50;  alias, 1 drivers
v0xa001120_0 .net *"_s0", 0 0, L_0xa00cb00;  1 drivers
S_0xa0011e0 .scope module, "_108_" "NAND" 5 326, 2 14 0, S_0x9ff6400;
 .timescale -9 -10;
    .port_info 0 /INPUT 1 "A"
    .port_info 1 /INPUT 1 "B"
    .port_info 2 /OUTPUT 1 "Y"
L_0xa00cc70 .functor AND 1, L_0xa00cb50, L_0xa00c9e0, C4<1>, C4<1>;
L_0xa007450 .functor NOT 1, L_0xa00cc70, C4<0>, C4<0>, C4<0>;
v0xa001310_0 .net "A", 0 0, L_0xa00cb50;  alias, 1 drivers
v0xa0013a0_0 .net "B", 0 0, L_0xa00c9e0;  alias, 1 drivers
v0xa001420_0 .net "Y", 0 0, L_0xa007450;  1 drivers
v0xa0014a0_0 .net *"_s0", 0 0, L_0xa00cc70;  1 drivers
S_0xa001540 .scope module, "_109_" "NAND" 5 331, 2 14 0, S_0x9ff6400;
 .timescale -9 -10;
    .port_info 0 /INPUT 1 "A"
    .port_info 1 /INPUT 1 "B"
    .port_info 2 /OUTPUT 1 "Y"
L_0xa00cdb0 .functor AND 1, L_0xa008b10, L_0xa00ce70, C4<1>, C4<1>;
L_0xa00cdf0 .functor NOT 1, L_0xa00cdb0, C4<0>, C4<0>, C4<0>;
v0xa001670_0 .net "A", 0 0, L_0xa008b10;  alias, 1 drivers
v0xa0016e0_0 .net "B", 0 0, L_0xa00ce70;  1 drivers
v0xa001750_0 .net "Y", 0 0, L_0xa00cdf0;  alias, 1 drivers
v0xa0017d0_0 .net *"_s0", 0 0, L_0xa00cdb0;  1 drivers
S_0xa001890 .scope module, "_110_" "NAND" 5 336, 2 14 0, S_0x9ff6400;
 .timescale -9 -10;
    .port_info 0 /INPUT 1 "A"
    .port_info 1 /INPUT 1 "B"
    .port_info 2 /OUTPUT 1 "Y"
L_0xa00d110 .functor AND 1, L_0xa007030, L_0xa00c690, C4<1>, C4<1>;
L_0xa00d160 .functor NOT 1, L_0xa00d110, C4<0>, C4<0>, C4<0>;
v0xa0019c0_0 .net "A", 0 0, L_0xa007030;  alias, 1 drivers
v0xa001a30_0 .net "B", 0 0, L_0xa00c690;  1 drivers
v0xa001aa0_0 .net "Y", 0 0, L_0xa00d160;  alias, 1 drivers
v0xa001b20_0 .net *"_s0", 0 0, L_0xa00d110;  1 drivers
S_0xa001be0 .scope module, "_111_" "NAND" 5 341, 2 14 0, S_0x9ff6400;
 .timescale -9 -10;
    .port_info 0 /INPUT 1 "A"
    .port_info 1 /INPUT 1 "B"
    .port_info 2 /OUTPUT 1 "Y"
L_0xa00d220 .functor AND 1, L_0xa00d160, L_0xa00cdf0, C4<1>, C4<1>;
L_0xa007590 .functor NOT 1, L_0xa00d220, C4<0>, C4<0>, C4<0>;
v0xa001d10_0 .net "A", 0 0, L_0xa00d160;  alias, 1 drivers
v0xa001da0_0 .net "B", 0 0, L_0xa00cdf0;  alias, 1 drivers
v0xa001e20_0 .net "Y", 0 0, L_0xa007590;  1 drivers
v0xa001ea0_0 .net *"_s0", 0 0, L_0xa00d220;  1 drivers
S_0xa001f40 .scope module, "_112_" "NOT" 5 346, 2 8 0, S_0x9ff6400;
 .timescale -9 -10;
    .port_info 0 /INPUT 1 "A"
    .port_info 1 /OUTPUT 1 "Y"
L_0xa00d2f0 .functor NOT 1, L_0xa00d330, C4<0>, C4<0>, C4<0>;
v0xa002060_0 .net "A", 0 0, L_0xa00d330;  1 drivers
v0xa0020e0_0 .net "Y", 0 0, L_0xa00d2f0;  alias, 1 drivers
S_0xa002180 .scope module, "_113_" "NOT" 5 350, 2 8 0, S_0x9ff6400;
 .timescale -9 -10;
    .port_info 0 /INPUT 1 "A"
    .port_info 1 /OUTPUT 1 "Y"
L_0xa00d3d0 .functor NOT 1, RS_0x9fd7bf4, C4<0>, C4<0>, C4<0>;
v0xa0022a0_0 .net8 "A", 0 0, RS_0x9fd7bf4;  alias, 2 drivers
v0xa002310_0 .net "Y", 0 0, L_0xa00d3d0;  alias, 1 drivers
S_0xa0023b0 .scope module, "_114_" "NAND" 5 354, 2 14 0, S_0x9ff6400;
 .timescale -9 -10;
    .port_info 0 /INPUT 1 "A"
    .port_info 1 /INPUT 1 "B"
    .port_info 2 /OUTPUT 1 "Y"
L_0xa00d430 .functor AND 1, L_0xa00af00, v0xa0081e0_0, C4<1>, C4<1>;
L_0xa00d480 .functor NOT 1, L_0xa00d430, C4<0>, C4<0>, C4<0>;
v0xa0024e0_0 .net "A", 0 0, L_0xa00af00;  alias, 1 drivers
v0xa002550_0 .net "B", 0 0, v0xa0081e0_0;  alias, 1 drivers
v0xa0025c0_0 .net "Y", 0 0, L_0xa00d480;  alias, 1 drivers
v0xa002620_0 .net *"_s0", 0 0, L_0xa00d430;  1 drivers
S_0xa0026d0 .scope module, "_115_" "NOR" 5 359, 2 20 0, S_0x9ff6400;
 .timescale -9 -10;
    .port_info 0 /INPUT 1 "A"
    .port_info 1 /INPUT 1 "B"
    .port_info 2 /OUTPUT 1 "Y"
L_0xa00d510 .functor OR 1, L_0xa00d480, L_0xa00d3d0, C4<0>, C4<0>;
L_0xa007770 .functor NOT 1, L_0xa00d510, C4<0>, C4<0>, C4<0>;
v0xa002800_0 .net "A", 0 0, L_0xa00d480;  alias, 1 drivers
v0xa002870_0 .net "B", 0 0, L_0xa00d3d0;  alias, 1 drivers
v0xa0028f0_0 .net "Y", 0 0, L_0xa007770;  alias, 1 drivers
v0xa002970_0 .net *"_s0", 0 0, L_0xa00d510;  1 drivers
S_0xa002a10 .scope module, "_116_" "NOR" 5 364, 2 20 0, S_0x9ff6400;
 .timescale -9 -10;
    .port_info 0 /INPUT 1 "A"
    .port_info 1 /INPUT 1 "B"
    .port_info 2 /OUTPUT 1 "Y"
L_0xa00d5e0 .functor OR 1, L_0xa007770, L_0xa005c70, C4<0>, C4<0>;
L_0xa0078b0 .functor NOT 1, L_0xa00d5e0, C4<0>, C4<0>, C4<0>;
v0xa002b40_0 .net "A", 0 0, L_0xa007770;  alias, 1 drivers
v0xa002bd0_0 .net "B", 0 0, L_0xa005c70;  alias, 1 drivers
v0xa002c30_0 .net "Y", 0 0, L_0xa0078b0;  alias, 1 drivers
v0xa002cb0_0 .net *"_s0", 0 0, L_0xa00d5e0;  1 drivers
S_0xa002d60 .scope module, "_117_" "NOR" 5 369, 2 20 0, S_0x9ff6400;
 .timescale -9 -10;
    .port_info 0 /INPUT 1 "A"
    .port_info 1 /INPUT 1 "B"
    .port_info 2 /OUTPUT 1 "Y"
L_0xa00d6f0 .functor OR 1, L_0xa0078b0, L_0xa00d2f0, C4<0>, C4<0>;
L_0xa0076d0 .functor NOT 1, L_0xa00d6f0, C4<0>, C4<0>, C4<0>;
v0xa002e90_0 .net "A", 0 0, L_0xa0078b0;  alias, 1 drivers
v0xa002f20_0 .net "B", 0 0, L_0xa00d2f0;  alias, 1 drivers
v0xa002fa0_0 .net "Y", 0 0, L_0xa0076d0;  1 drivers
v0xa003020_0 .net *"_s0", 0 0, L_0xa00d6f0;  1 drivers
S_0xa0030c0 .scope module, "_118_" "DFF" 5 374, 2 26 0, S_0x9ff6400;
 .timescale -9 -10;
    .port_info 0 /INPUT 1 "C"
    .port_info 1 /INPUT 1 "D"
    .port_info 2 /OUTPUT 1 "Q"
v0xa0031f0_0 .net "C", 0 0, v0xa007e70_0;  alias, 1 drivers
v0xa003280_0 .net "D", 0 0, L_0xa00da10;  1 drivers
v0xa0032e0_0 .var "Q", 0 0;
S_0xa0033a0 .scope module, "_119_" "DFF" 5 379, 2 26 0, S_0x9ff6400;
 .timescale -9 -10;
    .port_info 0 /INPUT 1 "C"
    .port_info 1 /INPUT 1 "D"
    .port_info 2 /OUTPUT 1 "Q"
v0xa0034d0_0 .net "C", 0 0, v0xa007e70_0;  alias, 1 drivers
v0xa003580_0 .net "D", 0 0, L_0xa00db30;  1 drivers
v0xa0035f0_0 .var "Q", 0 0;
S_0xa003690 .scope module, "_120_" "DFF" 5 384, 2 26 0, S_0x9ff6400;
 .timescale -9 -10;
    .port_info 0 /INPUT 1 "C"
    .port_info 1 /INPUT 1 "D"
    .port_info 2 /OUTPUT 1 "Q"
v0xa0037c0_0 .net "C", 0 0, v0xa007e70_0;  alias, 1 drivers
v0xa003830_0 .net "D", 0 0, L_0xa00db90;  1 drivers
v0xa0038a0_0 .var "Q", 0 0;
S_0xa003960 .scope module, "_121_" "DFF" 5 389, 2 26 0, S_0x9ff6400;
 .timescale -9 -10;
    .port_info 0 /INPUT 1 "C"
    .port_info 1 /INPUT 1 "D"
    .port_info 2 /OUTPUT 1 "Q"
v0xa003a90_0 .net "C", 0 0, v0xa007e70_0;  alias, 1 drivers
v0xa003b70_0 .net "D", 0 0, L_0xa00dbf0;  1 drivers
v0xa003be0_0 .var "Q", 0 0;
S_0xa003ca0 .scope module, "_122_" "DFF" 5 394, 2 26 0, S_0x9ff6400;
 .timescale -9 -10;
    .port_info 0 /INPUT 1 "C"
    .port_info 1 /INPUT 1 "D"
    .port_info 2 /OUTPUT 1 "Q"
v0xa003dd0_0 .net "C", 0 0, v0xa007e70_0;  alias, 1 drivers
v0xa003e40_0 .net "D", 0 0, L_0xa00dc50;  1 drivers
v0xa003eb0_0 .var "Q", 0 0;
S_0xa003f70 .scope module, "_123_" "DFF" 5 399, 2 26 0, S_0x9ff6400;
 .timescale -9 -10;
    .port_info 0 /INPUT 1 "C"
    .port_info 1 /INPUT 1 "D"
    .port_info 2 /OUTPUT 1 "Q"
v0xa0040a0_0 .net "C", 0 0, v0xa007e70_0;  alias, 1 drivers
v0xa004110_0 .net "D", 0 0, L_0xa00dd40;  1 drivers
v0xa004180_0 .var "Q", 0 0;
S_0xa004240 .scope module, "_124_" "DFF" 5 404, 2 26 0, S_0x9ff6400;
 .timescale -9 -10;
    .port_info 0 /INPUT 1 "C"
    .port_info 1 /INPUT 1 "D"
    .port_info 2 /OUTPUT 1 "Q"
v0xa004370_0 .net "C", 0 0, v0xa007e70_0;  alias, 1 drivers
v0xa0043e0_0 .net "D", 0 0, L_0xa00de00;  1 drivers
v0xa004450_0 .var "Q", 0 0;
S_0xa004510 .scope module, "_125_" "DFF" 5 409, 2 26 0, S_0x9ff6400;
 .timescale -9 -10;
    .port_info 0 /INPUT 1 "C"
    .port_info 1 /INPUT 1 "D"
    .port_info 2 /OUTPUT 1 "Q"
v0xa004640_0 .net "C", 0 0, v0xa007e70_0;  alias, 1 drivers
v0xa004780_0 .net "D", 0 0, L_0xa00de60;  1 drivers
v0xa0047f0_0 .var "Q", 0 0;
S_0xa0048b0 .scope module, "_126_" "DFF" 5 414, 2 26 0, S_0x9ff6400;
 .timescale -9 -10;
    .port_info 0 /INPUT 1 "C"
    .port_info 1 /INPUT 1 "D"
    .port_info 2 /OUTPUT 1 "Q"
v0xa0049e0_0 .net "C", 0 0, v0xa007e70_0;  alias, 1 drivers
v0xa004a50_0 .net "D", 0 0, L_0xa00df60;  1 drivers
v0xa004ac0_0 .var "Q", 0 0;
S_0xa004b80 .scope module, "_127_" "DFF" 5 419, 2 26 0, S_0x9ff6400;
 .timescale -9 -10;
    .port_info 0 /INPUT 1 "C"
    .port_info 1 /INPUT 1 "D"
    .port_info 2 /OUTPUT 1 "Q"
v0xa004cb0_0 .net "C", 0 0, v0xa007e70_0;  alias, 1 drivers
v0xa004d20_0 .net "D", 0 0, L_0xa00e030;  1 drivers
v0xa004d90_0 .var "Q", 0 0;
S_0xa004e50 .scope module, "_128_" "DFF" 5 424, 2 26 0, S_0x9ff6400;
 .timescale -9 -10;
    .port_info 0 /INPUT 1 "C"
    .port_info 1 /INPUT 1 "D"
    .port_info 2 /OUTPUT 1 "Q"
v0xa004f80_0 .net "C", 0 0, v0xa007e70_0;  alias, 1 drivers
v0xa004ff0_0 .net "D", 0 0, L_0xa00e090;  1 drivers
v0xa005060_0 .var "Q", 0 0;
S_0xa005120 .scope module, "_129_" "DFF" 5 429, 2 26 0, S_0x9ff6400;
 .timescale -9 -10;
    .port_info 0 /INPUT 1 "C"
    .port_info 1 /INPUT 1 "D"
    .port_info 2 /OUTPUT 1 "Q"
v0xa005250_0 .net "C", 0 0, v0xa007e70_0;  alias, 1 drivers
v0xa0052c0_0 .net "D", 0 0, L_0xa00e0f0;  1 drivers
v0xa005330_0 .var "Q", 0 0;
S_0xa0053f0 .scope module, "_130_" "DFF" 5 434, 2 26 0, S_0x9ff6400;
 .timescale -9 -10;
    .port_info 0 /INPUT 1 "C"
    .port_info 1 /INPUT 1 "D"
    .port_info 2 /OUTPUT 1 "Q"
v0xa005520_0 .net "C", 0 0, v0xa007e70_0;  alias, 1 drivers
v0xa005590_0 .net "D", 0 0, L_0xa008b10;  alias, 1 drivers
v0xa005600_0 .var "Q", 0 0;
S_0xa0056a0 .scope module, "_131_" "DFF" 5 439, 2 26 0, S_0x9ff6400;
 .timescale -9 -10;
    .port_info 0 /INPUT 1 "C"
    .port_info 1 /INPUT 1 "D"
    .port_info 2 /OUTPUT 1 "Q"
v0xa0057d0_0 .net "C", 0 0, v0xa007e70_0;  alias, 1 drivers
v0xa005840_0 .net "D", 0 0, L_0xa005c70;  alias, 1 drivers
v0xa005980_0 .var "Q", 0 0;
S_0xa007d00 .scope module, "PDMux" "probador" 3 42, 6 1 0, S_0x9fd3af0;
 .timescale -9 -10;
    .port_info 0 /INPUT 1 "valid_0"
    .port_info 1 /INPUT 1 "valid_1"
    .port_info 2 /INPUT 6 "dataout0"
    .port_info 3 /INPUT 6 "dataout1"
    .port_info 4 /OUTPUT 1 "reset_L"
    .port_info 5 /OUTPUT 1 "clk"
    .port_info 6 /OUTPUT 1 "valid_in"
    .port_info 7 /OUTPUT 6 "data_in"
v0xa007e70_0 .var "clk", 0 0;
v0xa008060_0 .var "data_in", 5 0;
v0xa0080d0_0 .net8 "dataout0", 5 0, RS_0x9fd7b94;  alias, 2 drivers
v0xa008130_0 .net8 "dataout1", 5 0, RS_0x9fd7bac;  alias, 2 drivers
v0xa0081e0_0 .var "reset_L", 0 0;
v0xa008270_0 .net8 "valid_0", 0 0, RS_0x9fd7bf4;  alias, 2 drivers
v0xa0082d0_0 .net8 "valid_1", 0 0, RS_0x9fd7c0c;  alias, 2 drivers
v0xa0083a0_0 .var "valid_in", 0 0;
    .scope S_0x9fd1c10;
T_0 ;
    %wait E_0x9fd1020;
    %load/vec4 v0x9fd0440_0;
    %flag_set/vec4 8;
    %jmp/0xz  T_0.0, 8;
    %pushi/vec4 1, 0, 1;
    %assign/vec4 v0x9fd10b0_0, 0;
    %jmp T_0.1;
T_0.0 ;
    %load/vec4 v0x9fcbd00_0;
    %flag_set/vec4 8;
    %jmp/0xz  T_0.2, 8;
    %pushi/vec4 0, 0, 1;
    %assign/vec4 v0x9fd10b0_0, 0;
    %jmp T_0.3;
T_0.2 ;
    %load/vec4 v0x9fd1760_0;
    %assign/vec4 v0x9fd10b0_0, 0;
T_0.3 ;
T_0.1 ;
    %jmp T_0;
    .thread T_0;
    .scope S_0x9ff5d30;
T_1 ;
    %wait E_0x9ff5ea0;
    %load/vec4 v0x9ff60d0_0;
    %nor/r;
    %flag_set/vec4 8;
    %jmp/0xz  T_1.0, 8;
    %pushi/vec4 0, 0, 1;
    %assign/vec4 v0x9ff6170_0, 0;
    %jmp T_1.1;
T_1.0 ;
    %load/vec4 v0x9ff5f60_0;
    %parti/s 1, 5, 4;
    %assign/vec4 v0x9ff6170_0, 0;
T_1.1 ;
    %jmp T_1;
    .thread T_1, $push;
    .scope S_0x9ff5d30;
T_2 ;
    %wait E_0x9f7e730;
    %load/vec4 v0x9ff60d0_0;
    %nor/r;
    %flag_set/vec4 8;
    %jmp/0xz  T_2.0, 8;
    %pushi/vec4 0, 0, 6;
    %assign/vec4 v0x9ff6050_0, 0;
    %pushi/vec4 0, 0, 6;
    %assign/vec4 v0x9ff5fe0_0, 0;
    %pushi/vec4 0, 0, 1;
    %assign/vec4 v0x9ff61e0_0, 0;
    %pushi/vec4 0, 0, 1;
    %assign/vec4 v0x9ff6250_0, 0;
    %jmp T_2.1;
T_2.0 ;
    %load/vec4 v0x9ff62c0_0;
    %inv;
    %flag_set/vec4 8;
    %jmp/0xz  T_2.2, 8;
    %load/vec4 v0x9ff61e0_0;
    %pad/u 32;
    %cmpi/e 0, 0, 32;
    %jmp/0xz  T_2.4, 4;
    %pushi/vec4 0, 0, 6;
    %assign/vec4 v0x9ff5fe0_0, 0;
    %jmp T_2.5;
T_2.4 ;
    %pushi/vec4 0, 0, 1;
    %assign/vec4 v0x9ff61e0_0, 0;
T_2.5 ;
    %load/vec4 v0x9ff6250_0;
    %pad/u 32;
    %cmpi/e 0, 0, 32;
    %jmp/0xz  T_2.6, 4;
    %pushi/vec4 0, 0, 6;
    %assign/vec4 v0x9ff6050_0, 0;
    %jmp T_2.7;
T_2.6 ;
    %load/vec4 v0x9ff6250_0;
    %pad/u 32;
    %cmpi/e 1, 0, 32;
    %jmp/0xz  T_2.8, 4;
    %pushi/vec4 0, 0, 1;
    %assign/vec4 v0x9ff6250_0, 0;
T_2.8 ;
T_2.7 ;
    %jmp T_2.3;
T_2.2 ;
    %load/vec4 v0x9ff62c0_0;
    %flag_set/vec4 8;
    %jmp/0xz  T_2.10, 8;
    %load/vec4 v0x9ff6170_0;
    %flag_set/vec4 8;
    %jmp/0xz  T_2.12, 8;
    %load/vec4 v0x9ff5f60_0;
    %assign/vec4 v0x9ff6050_0, 0;
    %pushi/vec4 1, 0, 1;
    %assign/vec4 v0x9ff6250_0, 0;
    %pushi/vec4 0, 0, 1;
    %assign/vec4 v0x9ff61e0_0, 0;
    %jmp T_2.13;
T_2.12 ;
    %load/vec4 v0x9ff5f60_0;
    %assign/vec4 v0x9ff5fe0_0, 0;
    %pushi/vec4 1, 0, 1;
    %assign/vec4 v0x9ff61e0_0, 0;
    %pushi/vec4 0, 0, 1;
    %assign/vec4 v0x9ff6250_0, 0;
T_2.13 ;
T_2.10 ;
T_2.3 ;
T_2.1 ;
    %jmp T_2;
    .thread T_2;
    .scope S_0xa0030c0;
T_3 ;
    %wait E_0x9f7e730;
    %load/vec4 v0xa003280_0;
    %assign/vec4 v0xa0032e0_0, 0;
    %jmp T_3;
    .thread T_3;
    .scope S_0xa0033a0;
T_4 ;
    %wait E_0x9f7e730;
    %load/vec4 v0xa003580_0;
    %assign/vec4 v0xa0035f0_0, 0;
    %jmp T_4;
    .thread T_4;
    .scope S_0xa003690;
T_5 ;
    %wait E_0x9f7e730;
    %load/vec4 v0xa003830_0;
    %assign/vec4 v0xa0038a0_0, 0;
    %jmp T_5;
    .thread T_5;
    .scope S_0xa003960;
T_6 ;
    %wait E_0x9f7e730;
    %load/vec4 v0xa003b70_0;
    %assign/vec4 v0xa003be0_0, 0;
    %jmp T_6;
    .thread T_6;
    .scope S_0xa003ca0;
T_7 ;
    %wait E_0x9f7e730;
    %load/vec4 v0xa003e40_0;
    %assign/vec4 v0xa003eb0_0, 0;
    %jmp T_7;
    .thread T_7;
    .scope S_0xa003f70;
T_8 ;
    %wait E_0x9f7e730;
    %load/vec4 v0xa004110_0;
    %assign/vec4 v0xa004180_0, 0;
    %jmp T_8;
    .thread T_8;
    .scope S_0xa004240;
T_9 ;
    %wait E_0x9f7e730;
    %load/vec4 v0xa0043e0_0;
    %assign/vec4 v0xa004450_0, 0;
    %jmp T_9;
    .thread T_9;
    .scope S_0xa004510;
T_10 ;
    %wait E_0x9f7e730;
    %load/vec4 v0xa004780_0;
    %assign/vec4 v0xa0047f0_0, 0;
    %jmp T_10;
    .thread T_10;
    .scope S_0xa0048b0;
T_11 ;
    %wait E_0x9f7e730;
    %load/vec4 v0xa004a50_0;
    %assign/vec4 v0xa004ac0_0, 0;
    %jmp T_11;
    .thread T_11;
    .scope S_0xa004b80;
T_12 ;
    %wait E_0x9f7e730;
    %load/vec4 v0xa004d20_0;
    %assign/vec4 v0xa004d90_0, 0;
    %jmp T_12;
    .thread T_12;
    .scope S_0xa004e50;
T_13 ;
    %wait E_0x9f7e730;
    %load/vec4 v0xa004ff0_0;
    %assign/vec4 v0xa005060_0, 0;
    %jmp T_13;
    .thread T_13;
    .scope S_0xa005120;
T_14 ;
    %wait E_0x9f7e730;
    %load/vec4 v0xa0052c0_0;
    %assign/vec4 v0xa005330_0, 0;
    %jmp T_14;
    .thread T_14;
    .scope S_0xa0053f0;
T_15 ;
    %wait E_0x9f7e730;
    %load/vec4 v0xa005590_0;
    %assign/vec4 v0xa005600_0, 0;
    %jmp T_15;
    .thread T_15;
    .scope S_0xa0056a0;
T_16 ;
    %wait E_0x9f7e730;
    %load/vec4 v0xa005840_0;
    %assign/vec4 v0xa005980_0, 0;
    %jmp T_16;
    .thread T_16;
    .scope S_0xa007d00;
T_17 ;
    %pushi/vec4 0, 0, 1;
    %assign/vec4 v0xa007e70_0, 0;
    %end;
    .thread T_17;
    .scope S_0xa007d00;
T_18 ;
    %delay 20, 0;
    %load/vec4 v0xa007e70_0;
    %inv;
    %assign/vec4 v0xa007e70_0, 0;
    %jmp T_18;
    .thread T_18;
    .scope S_0xa007d00;
T_19 ;
    %vpi_call 6 17 "$dumpfile", "demux.vcd" {0 0 0};
    %vpi_call 6 18 "$dumpvars" {0 0 0};
    %pushi/vec4 0, 0, 1;
    %assign/vec4 v0xa0081e0_0, 0;
    %wait E_0x9f7e730;
    %pushi/vec4 52, 0, 6;
    %assign/vec4 v0xa008060_0, 0;
    %pushi/vec4 0, 0, 1;
    %assign/vec4 v0xa0083a0_0, 0;
    %pushi/vec4 1, 0, 1;
    %assign/vec4 v0xa0081e0_0, 0;
    %wait E_0x9f7e730;
    %pushi/vec4 50, 0, 6;
    %assign/vec4 v0xa008060_0, 0;
    %pushi/vec4 1, 0, 1;
    %assign/vec4 v0xa0083a0_0, 0;
    %wait E_0x9f7e730;
    %pushi/vec4 55, 0, 6;
    %assign/vec4 v0xa008060_0, 0;
    %pushi/vec4 1, 0, 1;
    %assign/vec4 v0xa0083a0_0, 0;
    %wait E_0x9f7e730;
    %pushi/vec4 62, 0, 6;
    %assign/vec4 v0xa008060_0, 0;
    %pushi/vec4 0, 0, 1;
    %assign/vec4 v0xa0083a0_0, 0;
    %wait E_0x9f7e730;
    %pushi/vec4 45, 0, 6;
    %assign/vec4 v0xa008060_0, 0;
    %pushi/vec4 0, 0, 1;
    %assign/vec4 v0xa0083a0_0, 0;
    %wait E_0x9f7e730;
    %pushi/vec4 18, 0, 6;
    %assign/vec4 v0xa008060_0, 0;
    %pushi/vec4 1, 0, 1;
    %assign/vec4 v0xa0083a0_0, 0;
    %wait E_0x9f7e730;
    %pushi/vec4 19, 0, 6;
    %assign/vec4 v0xa008060_0, 0;
    %pushi/vec4 1, 0, 1;
    %assign/vec4 v0xa0083a0_0, 0;
    %wait E_0x9f7e730;
    %pushi/vec4 0, 0, 1;
    %assign/vec4 v0xa0081e0_0, 0;
    %wait E_0x9f7e730;
    %pushi/vec4 1, 0, 1;
    %assign/vec4 v0xa0081e0_0, 0;
    %wait E_0x9f7e730;
    %pushi/vec4 35, 0, 6;
    %assign/vec4 v0xa008060_0, 0;
    %pushi/vec4 1, 0, 1;
    %assign/vec4 v0xa0083a0_0, 0;
    %wait E_0x9f7e730;
    %pushi/vec4 4, 0, 6;
    %assign/vec4 v0xa008060_0, 0;
    %pushi/vec4 1, 0, 1;
    %assign/vec4 v0xa0083a0_0, 0;
    %wait E_0x9f7e730;
    %pushi/vec4 37, 0, 6;
    %assign/vec4 v0xa008060_0, 0;
    %pushi/vec4 0, 0, 1;
    %assign/vec4 v0xa0083a0_0, 0;
    %delay 300, 0;
    %vpi_call 6 68 "$finish" {0 0 0};
    %end;
    .thread T_19;
# The file index is used to find the file name in the following table.
:file_names 7;
    "N/A";
    "<interactive>";
    "./cmos_cells.v";
    "demux_BancoDePruebas.v";
    "./demux.v";
    "./demuxEstructural.v";
    "./probador.v";
