#! /usr/bin/vvp
:ivl_version "10.1 (stable)";
:ivl_delay_selection "TYPICAL";
:vpi_time_precision - 10;
:vpi_module "system";
:vpi_module "vhdl_sys";
:vpi_module "v2005_math";
:vpi_module "va_math";
S_0x55e84f565890 .scope module, "BUF" "BUF" 2 2;
 .timescale -9 -10;
    .port_info 0 /INPUT 1 "A"
    .port_info 1 /OUTPUT 1 "Y"
o0x7ff726897018 .functor BUFZ 1, C4<z>; HiZ drive
L_0x55e84f5a4090 .functor BUFZ 1, o0x7ff726897018, C4<0>, C4<0>, C4<0>;
v0x55e84f56ce70_0 .net "A", 0 0, o0x7ff726897018;  0 drivers
v0x55e84f56c610_0 .net "Y", 0 0, L_0x55e84f5a4090;  1 drivers
S_0x55e84f55e070 .scope module, "DFFSR" "DFFSR" 2 33;
 .timescale -9 -10;
    .port_info 0 /INPUT 1 "C"
    .port_info 1 /INPUT 1 "D"
    .port_info 2 /OUTPUT 1 "Q"
    .port_info 3 /INPUT 1 "S"
    .port_info 4 /INPUT 1 "R"
o0x7ff7268970d8 .functor BUFZ 1, C4<z>; HiZ drive
v0x55e84f56baf0_0 .net "C", 0 0, o0x7ff7268970d8;  0 drivers
o0x7ff726897108 .functor BUFZ 1, C4<z>; HiZ drive
v0x55e84f56afd0_0 .net "D", 0 0, o0x7ff726897108;  0 drivers
v0x55e84f56a4b0_0 .var "Q", 0 0;
o0x7ff726897168 .functor BUFZ 1, C4<z>; HiZ drive
v0x55e84f561750_0 .net "R", 0 0, o0x7ff726897168;  0 drivers
o0x7ff726897198 .functor BUFZ 1, C4<z>; HiZ drive
v0x55e84f568fb0_0 .net "S", 0 0, o0x7ff726897198;  0 drivers
E_0x55e84f500e80 .event posedge, v0x55e84f561750_0, v0x55e84f568fb0_0, v0x55e84f56baf0_0;
S_0x55e84f55ecc0 .scope module, "Test_Bench" "Test_Bench" 3 12;
 .timescale -9 -10;
v0x55e84f5a3b30_0 .net "clk", 0 0, v0x55e84f5a3110_0;  1 drivers
v0x55e84f5a3bf0_0 .net "data_in", 5 0, v0x55e84f5a33c0_0;  1 drivers
RS_0x7ff726897318 .resolv tri, v0x55e84f584bc0_0, L_0x55e84f5ac9d0;
v0x55e84f5a3cb0_0 .net8 "dataout0", 5 0, RS_0x7ff726897318;  2 drivers
RS_0x7ff726897348 .resolv tri, v0x55e84f584c80_0, L_0x55e84f5ad340;
v0x55e84f5a3d50_0 .net8 "dataout1", 5 0, RS_0x7ff726897348;  2 drivers
v0x55e84f5a3e10_0 .net "reset_L", 0 0, v0x55e84f5a36d0_0;  1 drivers
RS_0x7ff7268973d8 .resolv tri, v0x55e84f584f30_0, v0x55e84f59f100_0;
v0x55e84f5a3eb0_0 .net8 "valid_0", 0 0, RS_0x7ff7268973d8;  2 drivers
RS_0x7ff726897408 .resolv tri, v0x55e84f584ff0_0, v0x55e84f59f6c0_0;
v0x55e84f5a3f50_0 .net8 "valid_1", 0 0, RS_0x7ff726897408;  2 drivers
v0x55e84f5a3ff0_0 .net "valid_in", 0 0, v0x55e84f5a3990_0;  1 drivers
S_0x55e84f560460 .scope module, "DM" "demux" 3 18, 4 10 0, S_0x55e84f55ecc0;
 .timescale -9 -10;
    .port_info 0 /INPUT 1 "clk"
    .port_info 1 /INPUT 1 "reset_L"
    .port_info 2 /INPUT 1 "valid_in"
    .port_info 3 /INPUT 6 "data_in"
    .port_info 4 /OUTPUT 6 "dataout0"
    .port_info 5 /OUTPUT 6 "dataout1"
    .port_info 6 /OUTPUT 1 "valid_0"
    .port_info 7 /OUTPUT 1 "valid_1"
v0x55e84f584a00_0 .net "clk", 0 0, v0x55e84f5a3110_0;  alias, 1 drivers
v0x55e84f584ae0_0 .net "data_in", 5 0, v0x55e84f5a33c0_0;  alias, 1 drivers
v0x55e84f584bc0_0 .var "dataout0", 5 0;
v0x55e84f584c80_0 .var "dataout1", 5 0;
v0x55e84f584d60_0 .net "reset_L", 0 0, v0x55e84f5a36d0_0;  alias, 1 drivers
v0x55e84f584e70_0 .var "selectorL1", 0 0;
v0x55e84f584f30_0 .var "valid_0", 0 0;
v0x55e84f584ff0_0 .var "valid_1", 0 0;
v0x55e84f5850b0_0 .net "valid_in", 0 0, v0x55e84f5a3990_0;  alias, 1 drivers
E_0x55e84f500f90 .event posedge, v0x55e84f584a00_0;
E_0x55e84f4a3590 .event edge, v0x55e84f584d60_0, v0x55e84f584ae0_0;
S_0x55e84f5610b0 .scope module, "DMEstr" "demuxEstructural" 3 30, 5 3 0, S_0x55e84f55ecc0;
 .timescale -9 -10;
    .port_info 0 /INPUT 1 "clk"
    .port_info 1 /INPUT 1 "reset_L"
    .port_info 2 /INPUT 1 "valid_in"
    .port_info 3 /INPUT 6 "data_in"
    .port_info 4 /OUTPUT 6 "dataout0"
    .port_info 5 /OUTPUT 6 "dataout1"
    .port_info 6 /OUTPUT 1 "valid_0"
    .port_info 7 /OUTPUT 1 "valid_1"
v0x55e84f59f820_0 .net "_000_", 5 0, L_0x55e84f5ac010;  1 drivers
v0x55e84f59f900_0 .net "_001_", 5 0, L_0x55e84f5a8c30;  1 drivers
v0x55e84f59f9e0_0 .net "_002_", 0 0, L_0x55e84f5a4690;  1 drivers
v0x55e84f59fa80_0 .net "_003_", 0 0, L_0x55e84f5a4570;  1 drivers
v0x55e84f59fb20_0 .net "_004_", 0 0, L_0x55e84f5a4120;  1 drivers
v0x55e84f59fc60_0 .net "_005_", 0 0, L_0x55e84f5a43c0;  1 drivers
v0x55e84f59fd00_0 .net "_006_", 0 0, L_0x55e84f5a4880;  1 drivers
v0x55e84f59fda0_0 .net "_007_", 0 0, L_0x55e84f5a49a0;  1 drivers
v0x55e84f59fe40_0 .net "_008_", 0 0, L_0x55e84f5a4a80;  1 drivers
v0x55e84f59fee0_0 .net "_009_", 0 0, L_0x55e84f5a4c40;  1 drivers
v0x55e84f59ff80_0 .net "_010_", 0 0, L_0x55e84f5a4ee0;  1 drivers
v0x55e84f5a0070_0 .net "_011_", 0 0, L_0x55e84f5a51a0;  1 drivers
v0x55e84f5a0160_0 .net "_012_", 0 0, L_0x55e84f5a52c0;  1 drivers
v0x55e84f5a0250_0 .net "_013_", 0 0, L_0x55e84f5a55b0;  1 drivers
v0x55e84f5a0340_0 .net "_014_", 0 0, L_0x55e84f5a57e0;  1 drivers
v0x55e84f5a0430_0 .net "_015_", 0 0, L_0x55e84f5a5990;  1 drivers
v0x55e84f5a0520_0 .net "_016_", 0 0, L_0x55e84f5a5ab0;  1 drivers
v0x55e84f5a0720_0 .net "_017_", 0 0, L_0x55e84f5a5ee0;  1 drivers
v0x55e84f5a0810_0 .net "_018_", 0 0, L_0x55e84f5a6110;  1 drivers
v0x55e84f5a0900_0 .net "_019_", 0 0, L_0x55e84f5a62c0;  1 drivers
v0x55e84f5a09f0_0 .net "_020_", 0 0, L_0x55e84f5a63e0;  1 drivers
v0x55e84f5a0ae0_0 .net "_021_", 0 0, L_0x55e84f5a68a0;  1 drivers
v0x55e84f5a0bd0_0 .net "_022_", 0 0, L_0x55e84f5a6ad0;  1 drivers
v0x55e84f5a0cc0_0 .net "_023_", 0 0, L_0x55e84f5a6c80;  1 drivers
v0x55e84f5a0db0_0 .net "_024_", 0 0, L_0x55e84f5a6da0;  1 drivers
v0x55e84f5a0ea0_0 .net "_025_", 0 0, L_0x55e84f5a71f0;  1 drivers
v0x55e84f5a0f90_0 .net "_026_", 0 0, L_0x55e84f5a74a0;  1 drivers
v0x55e84f5a1080_0 .net "_027_", 0 0, L_0x55e84f5a7650;  1 drivers
v0x55e84f5a1170_0 .net "_028_", 0 0, L_0x55e84f5a7980;  1 drivers
v0x55e84f5a1260_0 .net "_029_", 0 0, L_0x55e84f5a7d90;  1 drivers
v0x55e84f5a1300_0 .net "_030_", 0 0, L_0x55e84f5a8150;  1 drivers
v0x55e84f5a13f0_0 .net "_031_", 0 0, L_0x55e84f5a8300;  1 drivers
v0x55e84f5a1490_0 .net "_032_", 0 0, L_0x55e84f5a84a0;  1 drivers
v0x55e84f5a1580_0 .net "_033_", 0 0, L_0x55e84f5a8550;  1 drivers
v0x55e84f5a1670_0 .net "_034_", 0 0, L_0x55e84f5a87b0;  1 drivers
v0x55e84f5a1760_0 .net "_035_", 0 0, L_0x55e84f5a89f0;  1 drivers
v0x55e84f5a1850_0 .net "_036_", 0 0, L_0x55e84f5a8ed0;  1 drivers
v0x55e84f5a1940_0 .net "_037_", 0 0, L_0x55e84f5a9180;  1 drivers
v0x55e84f5a1a30_0 .net "_038_", 0 0, L_0x55e84f5a9380;  1 drivers
v0x55e84f5a1b20_0 .net "_039_", 0 0, L_0x55e84f5a9530;  1 drivers
v0x55e84f5a1bc0_0 .net "_040_", 0 0, L_0x55e84f5a9650;  1 drivers
v0x55e84f5a1cb0_0 .net "_041_", 0 0, L_0x55e84f5a9ab0;  1 drivers
v0x55e84f5a1da0_0 .net "_042_", 0 0, L_0x55e84f5a9cf0;  1 drivers
v0x55e84f5a1e90_0 .net "_043_", 0 0, L_0x55e84f5aa0c0;  1 drivers
v0x55e84f5a1f80_0 .net "_044_", 0 0, L_0x55e84f5aa360;  1 drivers
v0x55e84f5a2070_0 .net "_045_", 0 0, L_0x55e84f5aa720;  1 drivers
v0x55e84f5a2160_0 .net "_046_", 0 0, L_0x55e84f5aa9d0;  1 drivers
v0x55e84f5a2250_0 .net "_047_", 0 0, L_0x55e84f5aae30;  1 drivers
v0x55e84f5a2340_0 .net "_048_", 0 0, L_0x55e84f5ab300;  1 drivers
v0x55e84f5a2430_0 .net "_049_", 0 0, L_0x55e84f5ab660;  1 drivers
v0x55e84f5a2520_0 .net "_050_", 0 0, L_0x55e84f5ab850;  1 drivers
v0x55e84f5a2610_0 .net "_051_", 0 0, L_0x55e84f5ab990;  1 drivers
v0x55e84f5a2700_0 .net "_052_", 0 0, L_0x55e84f5abb90;  1 drivers
v0x55e84f5a27f0_0 .net "_053_", 0 0, L_0x55e84f5abd40;  1 drivers
v0x55e84f5a28e0_0 .net "clk", 0 0, v0x55e84f5a3110_0;  alias, 1 drivers
v0x55e84f5a2980_0 .net "data_in", 5 0, v0x55e84f5a33c0_0;  alias, 1 drivers
v0x55e84f5a2a20_0 .net8 "dataout0", 5 0, RS_0x7ff726897318;  alias, 2 drivers
v0x55e84f5a2ac0_0 .net8 "dataout1", 5 0, RS_0x7ff726897348;  alias, 2 drivers
v0x55e84f5a2b60_0 .net "reset_L", 0 0, v0x55e84f5a36d0_0;  alias, 1 drivers
v0x55e84f5a2c00_0 .net8 "valid_0", 0 0, RS_0x7ff7268973d8;  alias, 2 drivers
v0x55e84f5a2ca0_0 .net8 "valid_1", 0 0, RS_0x7ff726897408;  alias, 2 drivers
v0x55e84f5a2d40_0 .net "valid_in", 0 0, v0x55e84f5a3990_0;  alias, 1 drivers
L_0x55e84f5a4190 .part v0x55e84f5a33c0_0, 5, 1;
L_0x55e84f5a4700 .part v0x55e84f5a33c0_0, 5, 1;
L_0x55e84f5a4cd0 .part RS_0x7ff726897348, 0, 1;
L_0x55e84f5a5330 .part v0x55e84f5a33c0_0, 0, 1;
L_0x55e84f5a5620 .part RS_0x7ff726897348, 1, 1;
L_0x55e84f5a5b70 .part v0x55e84f5a33c0_0, 1, 1;
L_0x55e84f5a5f50 .part RS_0x7ff726897348, 2, 1;
L_0x55e84f5a64a0 .part v0x55e84f5a33c0_0, 2, 1;
L_0x55e84f5a6910 .part RS_0x7ff726897348, 3, 1;
L_0x55e84f5a6e60 .part v0x55e84f5a33c0_0, 3, 1;
L_0x55e84f5a7260 .part RS_0x7ff726897348, 4, 1;
L_0x55e84f5a79f0 .part v0x55e84f5a33c0_0, 4, 1;
L_0x55e84f5a8400 .part v0x55e84f5a33c0_0, 5, 1;
L_0x55e84f5a85e0 .part RS_0x7ff726897348, 5, 1;
LS_0x55e84f5a8c30_0_0 .concat8 [ 1 1 1 1], L_0x55e84f5a5520, L_0x55e84f5a5e50, L_0x55e84f5a6810, L_0x55e84f5a7160;
LS_0x55e84f5a8c30_0_4 .concat8 [ 1 1 0 0], L_0x55e84f5a7d00, L_0x55e84f5a8ba0;
L_0x55e84f5a8c30 .concat8 [ 4 2 0 0], LS_0x55e84f5a8c30_0_0, LS_0x55e84f5a8c30_0_4;
L_0x55e84f5a8f90 .part v0x55e84f5a33c0_0, 0, 1;
L_0x55e84f5a9710 .part RS_0x7ff726897318, 0, 1;
L_0x55e84f5a9b20 .part v0x55e84f5a33c0_0, 1, 1;
L_0x55e84f5a9db0 .part RS_0x7ff726897318, 1, 1;
L_0x55e84f5aa130 .part v0x55e84f5a33c0_0, 2, 1;
L_0x55e84f5a9bc0 .part RS_0x7ff726897318, 2, 1;
L_0x55e84f5aa790 .part v0x55e84f5a33c0_0, 3, 1;
L_0x55e84f5aaa90 .part RS_0x7ff726897318, 3, 1;
L_0x55e84f5aaea0 .part v0x55e84f5a33c0_0, 4, 1;
L_0x55e84f5ab3c0 .part RS_0x7ff726897318, 4, 1;
L_0x55e84f5ab6d0 .part RS_0x7ff726897318, 5, 1;
LS_0x55e84f5ac010_0_0 .concat8 [ 1 1 1 1], L_0x55e84f5a99b0, L_0x55e84f5a9fc0, L_0x55e84f5aa620, L_0x55e84f5aad30;
LS_0x55e84f5ac010_0_4 .concat8 [ 1 1 0 0], L_0x55e84f5ab5d0, L_0x55e84f5abf80;
L_0x55e84f5ac010 .concat8 [ 4 2 0 0], LS_0x55e84f5ac010_0_0, LS_0x55e84f5ac010_0_4;
L_0x55e84f5ac230 .part L_0x55e84f5ac010, 0, 1;
L_0x55e84f5ac410 .part L_0x55e84f5ac010, 1, 1;
L_0x55e84f5ac4b0 .part L_0x55e84f5ac010, 2, 1;
L_0x55e84f5ac6e0 .part L_0x55e84f5ac010, 3, 1;
L_0x55e84f5ac780 .part L_0x55e84f5ac010, 4, 1;
L_0x55e84f5ac930 .part L_0x55e84f5ac010, 5, 1;
LS_0x55e84f5ac9d0_0_0 .concat8 [ 1 1 1 1], v0x55e84f59b560_0, v0x55e84f59baa0_0, v0x55e84f59bf60_0, v0x55e84f59c4e0_0;
LS_0x55e84f5ac9d0_0_4 .concat8 [ 1 1 0 0], v0x55e84f59c980_0, v0x55e84f59ce70_0;
L_0x55e84f5ac9d0 .concat8 [ 4 2 0 0], LS_0x55e84f5ac9d0_0_0, LS_0x55e84f5ac9d0_0_4;
L_0x55e84f5acbd0 .part L_0x55e84f5a8c30, 0, 1;
L_0x55e84f5acc70 .part L_0x55e84f5a8c30, 1, 1;
L_0x55e84f5acab0 .part L_0x55e84f5a8c30, 2, 1;
L_0x55e84f5aced0 .part L_0x55e84f5a8c30, 3, 1;
L_0x55e84f5ad0b0 .part L_0x55e84f5a8c30, 4, 1;
L_0x55e84f5ad150 .part L_0x55e84f5a8c30, 5, 1;
LS_0x55e84f5ad340_0_0 .concat8 [ 1 1 1 1], v0x55e84f59d360_0, v0x55e84f59d850_0, v0x55e84f59dd40_0, v0x55e84f59e230_0;
LS_0x55e84f5ad340_0_4 .concat8 [ 1 1 0 0], v0x55e84f59e720_0, v0x55e84f59ec10_0;
L_0x55e84f5ad340 .concat8 [ 4 2 0 0], LS_0x55e84f5ad340_0_0, LS_0x55e84f5ad340_0_4;
S_0x55e84f562850 .scope module, "_054_" "NOT" 5 66, 2 8 0, S_0x55e84f5610b0;
 .timescale -9 -10;
    .port_info 0 /INPUT 1 "A"
    .port_info 1 /OUTPUT 1 "Y"
L_0x55e84f5a4120 .functor NOT 1, L_0x55e84f5a4190, C4<0>, C4<0>, C4<0>;
v0x55e84f585420_0 .net "A", 0 0, L_0x55e84f5a4190;  1 drivers
v0x55e84f585500_0 .net "Y", 0 0, L_0x55e84f5a4120;  alias, 1 drivers
S_0x55e84f5634a0 .scope module, "_055_" "NAND" 5 70, 2 14 0, S_0x55e84f5610b0;
 .timescale -9 -10;
    .port_info 0 /INPUT 1 "A"
    .port_info 1 /INPUT 1 "B"
    .port_info 2 /OUTPUT 1 "Y"
L_0x55e84f5a4330 .functor AND 1, v0x55e84f5a3990_0, v0x55e84f5a36d0_0, C4<1>, C4<1>;
L_0x55e84f5a43c0 .functor NOT 1, L_0x55e84f5a4330, C4<0>, C4<0>, C4<0>;
v0x55e84f5856c0_0 .net "A", 0 0, v0x55e84f5a3990_0;  alias, 1 drivers
v0x55e84f585780_0 .net "B", 0 0, v0x55e84f5a36d0_0;  alias, 1 drivers
v0x55e84f585820_0 .net "Y", 0 0, L_0x55e84f5a43c0;  alias, 1 drivers
v0x55e84f5858c0_0 .net *"_s0", 0 0, L_0x55e84f5a4330;  1 drivers
S_0x55e84f564c40 .scope module, "_056_" "NOR" 5 75, 2 20 0, S_0x55e84f5610b0;
 .timescale -9 -10;
    .port_info 0 /INPUT 1 "A"
    .port_info 1 /INPUT 1 "B"
    .port_info 2 /OUTPUT 1 "Y"
L_0x55e84f5a4450 .functor OR 1, L_0x55e84f5a43c0, L_0x55e84f5a4120, C4<0>, C4<0>;
L_0x55e84f5a4570 .functor NOT 1, L_0x55e84f5a4450, C4<0>, C4<0>, C4<0>;
v0x55e84f585ab0_0 .net "A", 0 0, L_0x55e84f5a43c0;  alias, 1 drivers
v0x55e84f585b80_0 .net "B", 0 0, L_0x55e84f5a4120;  alias, 1 drivers
v0x55e84f585c50_0 .net "Y", 0 0, L_0x55e84f5a4570;  alias, 1 drivers
v0x55e84f585d20_0 .net *"_s0", 0 0, L_0x55e84f5a4450;  1 drivers
S_0x55e84f585e40 .scope module, "_057_" "NOR" 5 80, 2 20 0, S_0x55e84f5610b0;
 .timescale -9 -10;
    .port_info 0 /INPUT 1 "A"
    .port_info 1 /INPUT 1 "B"
    .port_info 2 /OUTPUT 1 "Y"
L_0x55e84f5a4600 .functor OR 1, L_0x55e84f5a43c0, L_0x55e84f5a4700, C4<0>, C4<0>;
L_0x55e84f5a4690 .functor NOT 1, L_0x55e84f5a4600, C4<0>, C4<0>, C4<0>;
v0x55e84f586060_0 .net "A", 0 0, L_0x55e84f5a43c0;  alias, 1 drivers
v0x55e84f586170_0 .net "B", 0 0, L_0x55e84f5a4700;  1 drivers
v0x55e84f586230_0 .net "Y", 0 0, L_0x55e84f5a4690;  alias, 1 drivers
v0x55e84f5862d0_0 .net *"_s0", 0 0, L_0x55e84f5a4600;  1 drivers
S_0x55e84f586430 .scope module, "_058_" "NOR" 5 85, 2 20 0, S_0x55e84f5610b0;
 .timescale -9 -10;
    .port_info 0 /INPUT 1 "A"
    .port_info 1 /INPUT 1 "B"
    .port_info 2 /OUTPUT 1 "Y"
L_0x55e84f5a47f0 .functor OR 1, RS_0x7ff726897408, v0x55e84f5a3990_0, C4<0>, C4<0>;
L_0x55e84f5a4880 .functor NOT 1, L_0x55e84f5a47f0, C4<0>, C4<0>, C4<0>;
v0x55e84f5866a0_0 .net8 "A", 0 0, RS_0x7ff726897408;  alias, 2 drivers
v0x55e84f586760_0 .net "B", 0 0, v0x55e84f5a3990_0;  alias, 1 drivers
v0x55e84f586850_0 .net "Y", 0 0, L_0x55e84f5a4880;  alias, 1 drivers
v0x55e84f5868f0_0 .net *"_s0", 0 0, L_0x55e84f5a47f0;  1 drivers
S_0x55e84f586a30 .scope module, "_059_" "NOR" 5 90, 2 20 0, S_0x55e84f5610b0;
 .timescale -9 -10;
    .port_info 0 /INPUT 1 "A"
    .port_info 1 /INPUT 1 "B"
    .port_info 2 /OUTPUT 1 "Y"
L_0x55e84f5a4910 .functor OR 1, L_0x55e84f5a4880, L_0x55e84f5a4570, C4<0>, C4<0>;
L_0x55e84f5a49a0 .functor NOT 1, L_0x55e84f5a4910, C4<0>, C4<0>, C4<0>;
v0x55e84f586c50_0 .net "A", 0 0, L_0x55e84f5a4880;  alias, 1 drivers
v0x55e84f586d40_0 .net "B", 0 0, L_0x55e84f5a4570;  alias, 1 drivers
v0x55e84f586e10_0 .net "Y", 0 0, L_0x55e84f5a49a0;  alias, 1 drivers
v0x55e84f586ee0_0 .net *"_s0", 0 0, L_0x55e84f5a4910;  1 drivers
S_0x55e84f587000 .scope module, "_060_" "NOT" 5 95, 2 8 0, S_0x55e84f5610b0;
 .timescale -9 -10;
    .port_info 0 /INPUT 1 "A"
    .port_info 1 /OUTPUT 1 "Y"
L_0x55e84f5a4a80 .functor NOT 1, v0x55e84f5a36d0_0, C4<0>, C4<0>, C4<0>;
v0x55e84f5871d0_0 .net "A", 0 0, v0x55e84f5a36d0_0;  alias, 1 drivers
v0x55e84f5872e0_0 .net "Y", 0 0, L_0x55e84f5a4a80;  alias, 1 drivers
S_0x55e84f587400 .scope module, "_061_" "NOT" 5 99, 2 8 0, S_0x55e84f5610b0;
 .timescale -9 -10;
    .port_info 0 /INPUT 1 "A"
    .port_info 1 /OUTPUT 1 "Y"
L_0x55e84f5a4c40 .functor NOT 1, L_0x55e84f5a4cd0, C4<0>, C4<0>, C4<0>;
v0x55e84f587610_0 .net "A", 0 0, L_0x55e84f5a4cd0;  1 drivers
v0x55e84f5876f0_0 .net "Y", 0 0, L_0x55e84f5a4c40;  alias, 1 drivers
S_0x55e84f587810 .scope module, "_062_" "NOR" 5 103, 2 20 0, S_0x55e84f5610b0;
 .timescale -9 -10;
    .port_info 0 /INPUT 1 "A"
    .port_info 1 /INPUT 1 "B"
    .port_info 2 /OUTPUT 1 "Y"
L_0x55e84f5a4dc0 .functor OR 1, L_0x55e84f5a4c40, L_0x55e84f5a4a80, C4<0>, C4<0>;
L_0x55e84f5a4ee0 .functor NOT 1, L_0x55e84f5a4dc0, C4<0>, C4<0>, C4<0>;
v0x55e84f5879e0_0 .net "A", 0 0, L_0x55e84f5a4c40;  alias, 1 drivers
v0x55e84f587aa0_0 .net "B", 0 0, L_0x55e84f5a4a80;  alias, 1 drivers
v0x55e84f587b70_0 .net "Y", 0 0, L_0x55e84f5a4ee0;  alias, 1 drivers
v0x55e84f587c40_0 .net *"_s0", 0 0, L_0x55e84f5a4dc0;  1 drivers
S_0x55e84f587d60 .scope module, "_063_" "NAND" 5 108, 2 14 0, S_0x55e84f5610b0;
 .timescale -9 -10;
    .port_info 0 /INPUT 1 "A"
    .port_info 1 /INPUT 1 "B"
    .port_info 2 /OUTPUT 1 "Y"
L_0x55e84f5a4f70 .functor AND 1, L_0x55e84f5a4ee0, L_0x55e84f5a49a0, C4<1>, C4<1>;
L_0x55e84f5a51a0 .functor NOT 1, L_0x55e84f5a4f70, C4<0>, C4<0>, C4<0>;
v0x55e84f587f80_0 .net "A", 0 0, L_0x55e84f5a4ee0;  alias, 1 drivers
v0x55e84f588070_0 .net "B", 0 0, L_0x55e84f5a49a0;  alias, 1 drivers
v0x55e84f588140_0 .net "Y", 0 0, L_0x55e84f5a51a0;  alias, 1 drivers
v0x55e84f588210_0 .net *"_s0", 0 0, L_0x55e84f5a4f70;  1 drivers
S_0x55e84f588330 .scope module, "_064_" "NAND" 5 113, 2 14 0, S_0x55e84f5610b0;
 .timescale -9 -10;
    .port_info 0 /INPUT 1 "A"
    .port_info 1 /INPUT 1 "B"
    .port_info 2 /OUTPUT 1 "Y"
L_0x55e84f5a5230 .functor AND 1, L_0x55e84f5a4570, L_0x55e84f5a5330, C4<1>, C4<1>;
L_0x55e84f5a52c0 .functor NOT 1, L_0x55e84f5a5230, C4<0>, C4<0>, C4<0>;
v0x55e84f588550_0 .net "A", 0 0, L_0x55e84f5a4570;  alias, 1 drivers
v0x55e84f588660_0 .net "B", 0 0, L_0x55e84f5a5330;  1 drivers
v0x55e84f588720_0 .net "Y", 0 0, L_0x55e84f5a52c0;  alias, 1 drivers
v0x55e84f5887c0_0 .net *"_s0", 0 0, L_0x55e84f5a5230;  1 drivers
S_0x55e84f588920 .scope module, "_065_" "NAND" 5 118, 2 14 0, S_0x55e84f5610b0;
 .timescale -9 -10;
    .port_info 0 /INPUT 1 "A"
    .port_info 1 /INPUT 1 "B"
    .port_info 2 /OUTPUT 1 "Y"
L_0x55e84f5a5420 .functor AND 1, L_0x55e84f5a52c0, L_0x55e84f5a51a0, C4<1>, C4<1>;
L_0x55e84f5a5520 .functor NOT 1, L_0x55e84f5a5420, C4<0>, C4<0>, C4<0>;
v0x55e84f588b40_0 .net "A", 0 0, L_0x55e84f5a52c0;  alias, 1 drivers
v0x55e84f588c30_0 .net "B", 0 0, L_0x55e84f5a51a0;  alias, 1 drivers
v0x55e84f588d00_0 .net "Y", 0 0, L_0x55e84f5a5520;  1 drivers
v0x55e84f588dd0_0 .net *"_s0", 0 0, L_0x55e84f5a5420;  1 drivers
S_0x55e84f588ef0 .scope module, "_066_" "NOT" 5 123, 2 8 0, S_0x55e84f5610b0;
 .timescale -9 -10;
    .port_info 0 /INPUT 1 "A"
    .port_info 1 /OUTPUT 1 "Y"
L_0x55e84f5a55b0 .functor NOT 1, L_0x55e84f5a5620, C4<0>, C4<0>, C4<0>;
v0x55e84f589100_0 .net "A", 0 0, L_0x55e84f5a5620;  1 drivers
v0x55e84f5891e0_0 .net "Y", 0 0, L_0x55e84f5a55b0;  alias, 1 drivers
S_0x55e84f589300 .scope module, "_067_" "NOR" 5 127, 2 20 0, S_0x55e84f5610b0;
 .timescale -9 -10;
    .port_info 0 /INPUT 1 "A"
    .port_info 1 /INPUT 1 "B"
    .port_info 2 /OUTPUT 1 "Y"
L_0x55e84f5a56c0 .functor OR 1, L_0x55e84f5a55b0, L_0x55e84f5a4a80, C4<0>, C4<0>;
L_0x55e84f5a57e0 .functor NOT 1, L_0x55e84f5a56c0, C4<0>, C4<0>, C4<0>;
v0x55e84f589520_0 .net "A", 0 0, L_0x55e84f5a55b0;  alias, 1 drivers
v0x55e84f589610_0 .net "B", 0 0, L_0x55e84f5a4a80;  alias, 1 drivers
v0x55e84f589700_0 .net "Y", 0 0, L_0x55e84f5a57e0;  alias, 1 drivers
v0x55e84f5897a0_0 .net *"_s0", 0 0, L_0x55e84f5a56c0;  1 drivers
S_0x55e84f5898e0 .scope module, "_068_" "NAND" 5 132, 2 14 0, S_0x55e84f5610b0;
 .timescale -9 -10;
    .port_info 0 /INPUT 1 "A"
    .port_info 1 /INPUT 1 "B"
    .port_info 2 /OUTPUT 1 "Y"
L_0x55e84f5a5870 .functor AND 1, L_0x55e84f5a57e0, L_0x55e84f5a49a0, C4<1>, C4<1>;
L_0x55e84f5a5990 .functor NOT 1, L_0x55e84f5a5870, C4<0>, C4<0>, C4<0>;
v0x55e84f589b00_0 .net "A", 0 0, L_0x55e84f5a57e0;  alias, 1 drivers
v0x55e84f589bf0_0 .net "B", 0 0, L_0x55e84f5a49a0;  alias, 1 drivers
v0x55e84f589ce0_0 .net "Y", 0 0, L_0x55e84f5a5990;  alias, 1 drivers
v0x55e84f589d80_0 .net *"_s0", 0 0, L_0x55e84f5a5870;  1 drivers
S_0x55e84f589ec0 .scope module, "_069_" "NAND" 5 137, 2 14 0, S_0x55e84f5610b0;
 .timescale -9 -10;
    .port_info 0 /INPUT 1 "A"
    .port_info 1 /INPUT 1 "B"
    .port_info 2 /OUTPUT 1 "Y"
L_0x55e84f5a5a20 .functor AND 1, L_0x55e84f5a4570, L_0x55e84f5a5b70, C4<1>, C4<1>;
L_0x55e84f5a5ab0 .functor NOT 1, L_0x55e84f5a5a20, C4<0>, C4<0>, C4<0>;
v0x55e84f58a0e0_0 .net "A", 0 0, L_0x55e84f5a4570;  alias, 1 drivers
v0x55e84f58a1a0_0 .net "B", 0 0, L_0x55e84f5a5b70;  1 drivers
v0x55e84f58a260_0 .net "Y", 0 0, L_0x55e84f5a5ab0;  alias, 1 drivers
v0x55e84f58a330_0 .net *"_s0", 0 0, L_0x55e84f5a5a20;  1 drivers
S_0x55e84f58a490 .scope module, "_070_" "NAND" 5 142, 2 14 0, S_0x55e84f5610b0;
 .timescale -9 -10;
    .port_info 0 /INPUT 1 "A"
    .port_info 1 /INPUT 1 "B"
    .port_info 2 /OUTPUT 1 "Y"
L_0x55e84f5a5ca0 .functor AND 1, L_0x55e84f5a5ab0, L_0x55e84f5a5990, C4<1>, C4<1>;
L_0x55e84f5a5e50 .functor NOT 1, L_0x55e84f5a5ca0, C4<0>, C4<0>, C4<0>;
v0x55e84f58a6b0_0 .net "A", 0 0, L_0x55e84f5a5ab0;  alias, 1 drivers
v0x55e84f58a7a0_0 .net "B", 0 0, L_0x55e84f5a5990;  alias, 1 drivers
v0x55e84f58a870_0 .net "Y", 0 0, L_0x55e84f5a5e50;  1 drivers
v0x55e84f58a940_0 .net *"_s0", 0 0, L_0x55e84f5a5ca0;  1 drivers
S_0x55e84f58aa60 .scope module, "_071_" "NOT" 5 147, 2 8 0, S_0x55e84f5610b0;
 .timescale -9 -10;
    .port_info 0 /INPUT 1 "A"
    .port_info 1 /OUTPUT 1 "Y"
L_0x55e84f5a5ee0 .functor NOT 1, L_0x55e84f5a5f50, C4<0>, C4<0>, C4<0>;
v0x55e84f58ac70_0 .net "A", 0 0, L_0x55e84f5a5f50;  1 drivers
v0x55e84f58ad50_0 .net "Y", 0 0, L_0x55e84f5a5ee0;  alias, 1 drivers
S_0x55e84f58ae70 .scope module, "_072_" "NOR" 5 151, 2 20 0, S_0x55e84f5610b0;
 .timescale -9 -10;
    .port_info 0 /INPUT 1 "A"
    .port_info 1 /INPUT 1 "B"
    .port_info 2 /OUTPUT 1 "Y"
L_0x55e84f5a5ff0 .functor OR 1, L_0x55e84f5a5ee0, L_0x55e84f5a4a80, C4<0>, C4<0>;
L_0x55e84f5a6110 .functor NOT 1, L_0x55e84f5a5ff0, C4<0>, C4<0>, C4<0>;
v0x55e84f58b090_0 .net "A", 0 0, L_0x55e84f5a5ee0;  alias, 1 drivers
v0x55e84f58b180_0 .net "B", 0 0, L_0x55e84f5a4a80;  alias, 1 drivers
v0x55e84f58b220_0 .net "Y", 0 0, L_0x55e84f5a6110;  alias, 1 drivers
v0x55e84f58b2f0_0 .net *"_s0", 0 0, L_0x55e84f5a5ff0;  1 drivers
S_0x55e84f58b430 .scope module, "_073_" "NAND" 5 156, 2 14 0, S_0x55e84f5610b0;
 .timescale -9 -10;
    .port_info 0 /INPUT 1 "A"
    .port_info 1 /INPUT 1 "B"
    .port_info 2 /OUTPUT 1 "Y"
L_0x55e84f5a61a0 .functor AND 1, L_0x55e84f5a6110, L_0x55e84f5a49a0, C4<1>, C4<1>;
L_0x55e84f5a62c0 .functor NOT 1, L_0x55e84f5a61a0, C4<0>, C4<0>, C4<0>;
v0x55e84f58b650_0 .net "A", 0 0, L_0x55e84f5a6110;  alias, 1 drivers
v0x55e84f58b740_0 .net "B", 0 0, L_0x55e84f5a49a0;  alias, 1 drivers
v0x55e84f58b7e0_0 .net "Y", 0 0, L_0x55e84f5a62c0;  alias, 1 drivers
v0x55e84f58b8b0_0 .net *"_s0", 0 0, L_0x55e84f5a61a0;  1 drivers
S_0x55e84f58b9f0 .scope module, "_074_" "NAND" 5 161, 2 14 0, S_0x55e84f5610b0;
 .timescale -9 -10;
    .port_info 0 /INPUT 1 "A"
    .port_info 1 /INPUT 1 "B"
    .port_info 2 /OUTPUT 1 "Y"
L_0x55e84f5a6350 .functor AND 1, L_0x55e84f5a4570, L_0x55e84f5a64a0, C4<1>, C4<1>;
L_0x55e84f5a63e0 .functor NOT 1, L_0x55e84f5a6350, C4<0>, C4<0>, C4<0>;
v0x55e84f58bc10_0 .net "A", 0 0, L_0x55e84f5a4570;  alias, 1 drivers
v0x55e84f58bcd0_0 .net "B", 0 0, L_0x55e84f5a64a0;  1 drivers
v0x55e84f58bd90_0 .net "Y", 0 0, L_0x55e84f5a63e0;  alias, 1 drivers
v0x55e84f58be60_0 .net *"_s0", 0 0, L_0x55e84f5a6350;  1 drivers
S_0x55e84f58bfc0 .scope module, "_075_" "NAND" 5 166, 2 14 0, S_0x55e84f5610b0;
 .timescale -9 -10;
    .port_info 0 /INPUT 1 "A"
    .port_info 1 /INPUT 1 "B"
    .port_info 2 /OUTPUT 1 "Y"
L_0x55e84f5a66f0 .functor AND 1, L_0x55e84f5a63e0, L_0x55e84f5a62c0, C4<1>, C4<1>;
L_0x55e84f5a6810 .functor NOT 1, L_0x55e84f5a66f0, C4<0>, C4<0>, C4<0>;
v0x55e84f58c190_0 .net "A", 0 0, L_0x55e84f5a63e0;  alias, 1 drivers
v0x55e84f58c280_0 .net "B", 0 0, L_0x55e84f5a62c0;  alias, 1 drivers
v0x55e84f58c350_0 .net "Y", 0 0, L_0x55e84f5a6810;  1 drivers
v0x55e84f58c420_0 .net *"_s0", 0 0, L_0x55e84f5a66f0;  1 drivers
S_0x55e84f58c540 .scope module, "_076_" "NOT" 5 171, 2 8 0, S_0x55e84f5610b0;
 .timescale -9 -10;
    .port_info 0 /INPUT 1 "A"
    .port_info 1 /OUTPUT 1 "Y"
L_0x55e84f5a68a0 .functor NOT 1, L_0x55e84f5a6910, C4<0>, C4<0>, C4<0>;
v0x55e84f58c750_0 .net "A", 0 0, L_0x55e84f5a6910;  1 drivers
v0x55e84f58c830_0 .net "Y", 0 0, L_0x55e84f5a68a0;  alias, 1 drivers
S_0x55e84f58c950 .scope module, "_077_" "NOR" 5 175, 2 20 0, S_0x55e84f5610b0;
 .timescale -9 -10;
    .port_info 0 /INPUT 1 "A"
    .port_info 1 /INPUT 1 "B"
    .port_info 2 /OUTPUT 1 "Y"
L_0x55e84f5a69b0 .functor OR 1, L_0x55e84f5a68a0, L_0x55e84f5a4a80, C4<0>, C4<0>;
L_0x55e84f5a6ad0 .functor NOT 1, L_0x55e84f5a69b0, C4<0>, C4<0>, C4<0>;
v0x55e84f58cb70_0 .net "A", 0 0, L_0x55e84f5a68a0;  alias, 1 drivers
v0x55e84f58cc60_0 .net "B", 0 0, L_0x55e84f5a4a80;  alias, 1 drivers
v0x55e84f58cd90_0 .net "Y", 0 0, L_0x55e84f5a6ad0;  alias, 1 drivers
v0x55e84f58ce60_0 .net *"_s0", 0 0, L_0x55e84f5a69b0;  1 drivers
S_0x55e84f58cfa0 .scope module, "_078_" "NAND" 5 180, 2 14 0, S_0x55e84f5610b0;
 .timescale -9 -10;
    .port_info 0 /INPUT 1 "A"
    .port_info 1 /INPUT 1 "B"
    .port_info 2 /OUTPUT 1 "Y"
L_0x55e84f5a6b60 .functor AND 1, L_0x55e84f5a6ad0, L_0x55e84f5a49a0, C4<1>, C4<1>;
L_0x55e84f5a6c80 .functor NOT 1, L_0x55e84f5a6b60, C4<0>, C4<0>, C4<0>;
v0x55e84f58d170_0 .net "A", 0 0, L_0x55e84f5a6ad0;  alias, 1 drivers
v0x55e84f58d260_0 .net "B", 0 0, L_0x55e84f5a49a0;  alias, 1 drivers
v0x55e84f58d390_0 .net "Y", 0 0, L_0x55e84f5a6c80;  alias, 1 drivers
v0x55e84f58d460_0 .net *"_s0", 0 0, L_0x55e84f5a6b60;  1 drivers
S_0x55e84f58d5a0 .scope module, "_079_" "NAND" 5 185, 2 14 0, S_0x55e84f5610b0;
 .timescale -9 -10;
    .port_info 0 /INPUT 1 "A"
    .port_info 1 /INPUT 1 "B"
    .port_info 2 /OUTPUT 1 "Y"
L_0x55e84f5a6d10 .functor AND 1, L_0x55e84f5a4570, L_0x55e84f5a6e60, C4<1>, C4<1>;
L_0x55e84f5a6da0 .functor NOT 1, L_0x55e84f5a6d10, C4<0>, C4<0>, C4<0>;
v0x55e84f58d770_0 .net "A", 0 0, L_0x55e84f5a4570;  alias, 1 drivers
v0x55e84f58d830_0 .net "B", 0 0, L_0x55e84f5a6e60;  1 drivers
v0x55e84f58d8f0_0 .net "Y", 0 0, L_0x55e84f5a6da0;  alias, 1 drivers
v0x55e84f58d9c0_0 .net *"_s0", 0 0, L_0x55e84f5a6d10;  1 drivers
S_0x55e84f58db20 .scope module, "_080_" "NAND" 5 190, 2 14 0, S_0x55e84f5610b0;
 .timescale -9 -10;
    .port_info 0 /INPUT 1 "A"
    .port_info 1 /INPUT 1 "B"
    .port_info 2 /OUTPUT 1 "Y"
L_0x55e84f5a6fb0 .functor AND 1, L_0x55e84f5a6da0, L_0x55e84f5a6c80, C4<1>, C4<1>;
L_0x55e84f5a7160 .functor NOT 1, L_0x55e84f5a6fb0, C4<0>, C4<0>, C4<0>;
v0x55e84f58dd40_0 .net "A", 0 0, L_0x55e84f5a6da0;  alias, 1 drivers
v0x55e84f58de30_0 .net "B", 0 0, L_0x55e84f5a6c80;  alias, 1 drivers
v0x55e84f58df00_0 .net "Y", 0 0, L_0x55e84f5a7160;  1 drivers
v0x55e84f58dfd0_0 .net *"_s0", 0 0, L_0x55e84f5a6fb0;  1 drivers
S_0x55e84f58e0f0 .scope module, "_081_" "NOT" 5 195, 2 8 0, S_0x55e84f5610b0;
 .timescale -9 -10;
    .port_info 0 /INPUT 1 "A"
    .port_info 1 /OUTPUT 1 "Y"
L_0x55e84f5a71f0 .functor NOT 1, L_0x55e84f5a7260, C4<0>, C4<0>, C4<0>;
v0x55e84f58e300_0 .net "A", 0 0, L_0x55e84f5a7260;  1 drivers
v0x55e84f58e3e0_0 .net "Y", 0 0, L_0x55e84f5a71f0;  alias, 1 drivers
S_0x55e84f58e500 .scope module, "_082_" "NOR" 5 199, 2 20 0, S_0x55e84f5610b0;
 .timescale -9 -10;
    .port_info 0 /INPUT 1 "A"
    .port_info 1 /INPUT 1 "B"
    .port_info 2 /OUTPUT 1 "Y"
L_0x55e84f5a7410 .functor OR 1, L_0x55e84f5a71f0, L_0x55e84f5a4a80, C4<0>, C4<0>;
L_0x55e84f5a74a0 .functor NOT 1, L_0x55e84f5a7410, C4<0>, C4<0>, C4<0>;
v0x55e84f58e720_0 .net "A", 0 0, L_0x55e84f5a71f0;  alias, 1 drivers
v0x55e84f58e810_0 .net "B", 0 0, L_0x55e84f5a4a80;  alias, 1 drivers
v0x55e84f58e8b0_0 .net "Y", 0 0, L_0x55e84f5a74a0;  alias, 1 drivers
v0x55e84f58e980_0 .net *"_s0", 0 0, L_0x55e84f5a7410;  1 drivers
S_0x55e84f58eac0 .scope module, "_083_" "NAND" 5 204, 2 14 0, S_0x55e84f5610b0;
 .timescale -9 -10;
    .port_info 0 /INPUT 1 "A"
    .port_info 1 /INPUT 1 "B"
    .port_info 2 /OUTPUT 1 "Y"
L_0x55e84f5a7530 .functor AND 1, L_0x55e84f5a74a0, L_0x55e84f5a49a0, C4<1>, C4<1>;
L_0x55e84f5a7650 .functor NOT 1, L_0x55e84f5a7530, C4<0>, C4<0>, C4<0>;
v0x55e84f58ece0_0 .net "A", 0 0, L_0x55e84f5a74a0;  alias, 1 drivers
v0x55e84f58edd0_0 .net "B", 0 0, L_0x55e84f5a49a0;  alias, 1 drivers
v0x55e84f58ee70_0 .net "Y", 0 0, L_0x55e84f5a7650;  alias, 1 drivers
v0x55e84f58ef40_0 .net *"_s0", 0 0, L_0x55e84f5a7530;  1 drivers
S_0x55e84f58f080 .scope module, "_084_" "NAND" 5 209, 2 14 0, S_0x55e84f5610b0;
 .timescale -9 -10;
    .port_info 0 /INPUT 1 "A"
    .port_info 1 /INPUT 1 "B"
    .port_info 2 /OUTPUT 1 "Y"
L_0x55e84f5a76e0 .functor AND 1, L_0x55e84f5a4570, L_0x55e84f5a79f0, C4<1>, C4<1>;
L_0x55e84f5a7980 .functor NOT 1, L_0x55e84f5a76e0, C4<0>, C4<0>, C4<0>;
v0x55e84f58f2a0_0 .net "A", 0 0, L_0x55e84f5a4570;  alias, 1 drivers
v0x55e84f58f360_0 .net "B", 0 0, L_0x55e84f5a79f0;  1 drivers
v0x55e84f58f420_0 .net "Y", 0 0, L_0x55e84f5a7980;  alias, 1 drivers
v0x55e84f58f4f0_0 .net *"_s0", 0 0, L_0x55e84f5a76e0;  1 drivers
S_0x55e84f58f650 .scope module, "_085_" "NAND" 5 214, 2 14 0, S_0x55e84f5610b0;
 .timescale -9 -10;
    .port_info 0 /INPUT 1 "A"
    .port_info 1 /INPUT 1 "B"
    .port_info 2 /OUTPUT 1 "Y"
L_0x55e84f5a7b50 .functor AND 1, L_0x55e84f5a7980, L_0x55e84f5a7650, C4<1>, C4<1>;
L_0x55e84f5a7d00 .functor NOT 1, L_0x55e84f5a7b50, C4<0>, C4<0>, C4<0>;
v0x55e84f58f870_0 .net "A", 0 0, L_0x55e84f5a7980;  alias, 1 drivers
v0x55e84f58f960_0 .net "B", 0 0, L_0x55e84f5a7650;  alias, 1 drivers
v0x55e84f58fa30_0 .net "Y", 0 0, L_0x55e84f5a7d00;  1 drivers
v0x55e84f58fb00_0 .net *"_s0", 0 0, L_0x55e84f5a7b50;  1 drivers
S_0x55e84f58fc20 .scope module, "_086_" "NOT" 5 219, 2 8 0, S_0x55e84f5610b0;
 .timescale -9 -10;
    .port_info 0 /INPUT 1 "A"
    .port_info 1 /OUTPUT 1 "Y"
L_0x55e84f5a7d90 .functor NOT 1, v0x55e84f5a3990_0, C4<0>, C4<0>, C4<0>;
v0x55e84f58fe30_0 .net "A", 0 0, v0x55e84f5a3990_0;  alias, 1 drivers
v0x55e84f58fef0_0 .net "Y", 0 0, L_0x55e84f5a7d90;  alias, 1 drivers
S_0x55e84f590010 .scope module, "_087_" "NOR" 5 223, 2 20 0, S_0x55e84f5610b0;
 .timescale -9 -10;
    .port_info 0 /INPUT 1 "A"
    .port_info 1 /INPUT 1 "B"
    .port_info 2 /OUTPUT 1 "Y"
L_0x55e84f5a7eb0 .functor OR 1, L_0x55e84f5a7d90, L_0x55e84f5a4a80, C4<0>, C4<0>;
L_0x55e84f5a8150 .functor NOT 1, L_0x55e84f5a7eb0, C4<0>, C4<0>, C4<0>;
v0x55e84f590230_0 .net "A", 0 0, L_0x55e84f5a7d90;  alias, 1 drivers
v0x55e84f590320_0 .net "B", 0 0, L_0x55e84f5a4a80;  alias, 1 drivers
v0x55e84f5903c0_0 .net "Y", 0 0, L_0x55e84f5a8150;  alias, 1 drivers
v0x55e84f590490_0 .net *"_s0", 0 0, L_0x55e84f5a7eb0;  1 drivers
S_0x55e84f5905d0 .scope module, "_088_" "NAND" 5 228, 2 14 0, S_0x55e84f5610b0;
 .timescale -9 -10;
    .port_info 0 /INPUT 1 "A"
    .port_info 1 /INPUT 1 "B"
    .port_info 2 /OUTPUT 1 "Y"
L_0x55e84f5a81e0 .functor AND 1, L_0x55e84f5a8150, L_0x55e84f5a8400, C4<1>, C4<1>;
L_0x55e84f5a8300 .functor NOT 1, L_0x55e84f5a81e0, C4<0>, C4<0>, C4<0>;
v0x55e84f5907f0_0 .net "A", 0 0, L_0x55e84f5a8150;  alias, 1 drivers
v0x55e84f5908e0_0 .net "B", 0 0, L_0x55e84f5a8400;  1 drivers
v0x55e84f590980_0 .net "Y", 0 0, L_0x55e84f5a8300;  alias, 1 drivers
v0x55e84f590a50_0 .net *"_s0", 0 0, L_0x55e84f5a81e0;  1 drivers
S_0x55e84f590bb0 .scope module, "_089_" "NOT" 5 233, 2 8 0, S_0x55e84f5610b0;
 .timescale -9 -10;
    .port_info 0 /INPUT 1 "A"
    .port_info 1 /OUTPUT 1 "Y"
L_0x55e84f5a84a0 .functor NOT 1, L_0x55e84f5a4880, C4<0>, C4<0>, C4<0>;
v0x55e84f590dc0_0 .net "A", 0 0, L_0x55e84f5a4880;  alias, 1 drivers
v0x55e84f590ed0_0 .net "Y", 0 0, L_0x55e84f5a84a0;  alias, 1 drivers
S_0x55e84f590ff0 .scope module, "_090_" "NOT" 5 237, 2 8 0, S_0x55e84f5610b0;
 .timescale -9 -10;
    .port_info 0 /INPUT 1 "A"
    .port_info 1 /OUTPUT 1 "Y"
L_0x55e84f5a8550 .functor NOT 1, L_0x55e84f5a85e0, C4<0>, C4<0>, C4<0>;
v0x55e84f591200_0 .net "A", 0 0, L_0x55e84f5a85e0;  1 drivers
v0x55e84f5912e0_0 .net "Y", 0 0, L_0x55e84f5a8550;  alias, 1 drivers
S_0x55e84f591400 .scope module, "_091_" "NOR" 5 241, 2 20 0, S_0x55e84f5610b0;
 .timescale -9 -10;
    .port_info 0 /INPUT 1 "A"
    .port_info 1 /INPUT 1 "B"
    .port_info 2 /OUTPUT 1 "Y"
L_0x55e84f5a7ae0 .functor OR 1, L_0x55e84f5a8550, L_0x55e84f5a4a80, C4<0>, C4<0>;
L_0x55e84f5a87b0 .functor NOT 1, L_0x55e84f5a7ae0, C4<0>, C4<0>, C4<0>;
v0x55e84f591620_0 .net "A", 0 0, L_0x55e84f5a8550;  alias, 1 drivers
v0x55e84f5916e0_0 .net "B", 0 0, L_0x55e84f5a4a80;  alias, 1 drivers
v0x55e84f591780_0 .net "Y", 0 0, L_0x55e84f5a87b0;  alias, 1 drivers
v0x55e84f591850_0 .net *"_s0", 0 0, L_0x55e84f5a7ae0;  1 drivers
S_0x55e84f591990 .scope module, "_092_" "NAND" 5 246, 2 14 0, S_0x55e84f5610b0;
 .timescale -9 -10;
    .port_info 0 /INPUT 1 "A"
    .port_info 1 /INPUT 1 "B"
    .port_info 2 /OUTPUT 1 "Y"
L_0x55e84f5a8840 .functor AND 1, L_0x55e84f5a87b0, L_0x55e84f5a84a0, C4<1>, C4<1>;
L_0x55e84f5a89f0 .functor NOT 1, L_0x55e84f5a8840, C4<0>, C4<0>, C4<0>;
v0x55e84f591bb0_0 .net "A", 0 0, L_0x55e84f5a87b0;  alias, 1 drivers
v0x55e84f591ca0_0 .net "B", 0 0, L_0x55e84f5a84a0;  alias, 1 drivers
v0x55e84f591d70_0 .net "Y", 0 0, L_0x55e84f5a89f0;  alias, 1 drivers
v0x55e84f591e40_0 .net *"_s0", 0 0, L_0x55e84f5a8840;  1 drivers
S_0x55e84f591f60 .scope module, "_093_" "NAND" 5 251, 2 14 0, S_0x55e84f5610b0;
 .timescale -9 -10;
    .port_info 0 /INPUT 1 "A"
    .port_info 1 /INPUT 1 "B"
    .port_info 2 /OUTPUT 1 "Y"
L_0x55e84f5a8a80 .functor AND 1, L_0x55e84f5a89f0, L_0x55e84f5a8300, C4<1>, C4<1>;
L_0x55e84f5a8ba0 .functor NOT 1, L_0x55e84f5a8a80, C4<0>, C4<0>, C4<0>;
v0x55e84f592180_0 .net "A", 0 0, L_0x55e84f5a89f0;  alias, 1 drivers
v0x55e84f592270_0 .net "B", 0 0, L_0x55e84f5a8300;  alias, 1 drivers
v0x55e84f592340_0 .net "Y", 0 0, L_0x55e84f5a8ba0;  1 drivers
v0x55e84f592410_0 .net *"_s0", 0 0, L_0x55e84f5a8a80;  1 drivers
S_0x55e84f592530 .scope module, "_094_" "NAND" 5 256, 2 14 0, S_0x55e84f5610b0;
 .timescale -9 -10;
    .port_info 0 /INPUT 1 "A"
    .port_info 1 /INPUT 1 "B"
    .port_info 2 /OUTPUT 1 "Y"
L_0x55e84f5a8e60 .functor AND 1, L_0x55e84f5a4690, L_0x55e84f5a8f90, C4<1>, C4<1>;
L_0x55e84f5a8ed0 .functor NOT 1, L_0x55e84f5a8e60, C4<0>, C4<0>, C4<0>;
v0x55e84f592750_0 .net "A", 0 0, L_0x55e84f5a4690;  alias, 1 drivers
v0x55e84f592840_0 .net "B", 0 0, L_0x55e84f5a8f90;  1 drivers
v0x55e84f5928e0_0 .net "Y", 0 0, L_0x55e84f5a8ed0;  alias, 1 drivers
v0x55e84f5929b0_0 .net *"_s0", 0 0, L_0x55e84f5a8e60;  1 drivers
S_0x55e84f592b10 .scope module, "_095_" "NOR" 5 261, 2 20 0, S_0x55e84f5610b0;
 .timescale -9 -10;
    .port_info 0 /INPUT 1 "A"
    .port_info 1 /INPUT 1 "B"
    .port_info 2 /OUTPUT 1 "Y"
L_0x55e84f5a9110 .functor OR 1, v0x55e84f5a3990_0, L_0x55e84f5a4a80, C4<0>, C4<0>;
L_0x55e84f5a9180 .functor NOT 1, L_0x55e84f5a9110, C4<0>, C4<0>, C4<0>;
v0x55e84f592d30_0 .net "A", 0 0, v0x55e84f5a3990_0;  alias, 1 drivers
v0x55e84f592e80_0 .net "B", 0 0, L_0x55e84f5a4a80;  alias, 1 drivers
v0x55e84f592f40_0 .net "Y", 0 0, L_0x55e84f5a9180;  alias, 1 drivers
v0x55e84f593010_0 .net *"_s0", 0 0, L_0x55e84f5a9110;  1 drivers
S_0x55e84f593150 .scope module, "_096_" "NAND" 5 266, 2 14 0, S_0x55e84f5610b0;
 .timescale -9 -10;
    .port_info 0 /INPUT 1 "A"
    .port_info 1 /INPUT 1 "B"
    .port_info 2 /OUTPUT 1 "Y"
L_0x55e84f5a9260 .functor AND 1, L_0x55e84f5a9180, RS_0x7ff7268973d8, C4<1>, C4<1>;
L_0x55e84f5a9380 .functor NOT 1, L_0x55e84f5a9260, C4<0>, C4<0>, C4<0>;
v0x55e84f593320_0 .net "A", 0 0, L_0x55e84f5a9180;  alias, 1 drivers
v0x55e84f593410_0 .net8 "B", 0 0, RS_0x7ff7268973d8;  alias, 2 drivers
v0x55e84f5934e0_0 .net "Y", 0 0, L_0x55e84f5a9380;  alias, 1 drivers
v0x55e84f5935b0_0 .net *"_s0", 0 0, L_0x55e84f5a9260;  1 drivers
S_0x55e84f5936d0 .scope module, "_097_" "NAND" 5 271, 2 14 0, S_0x55e84f5610b0;
 .timescale -9 -10;
    .port_info 0 /INPUT 1 "A"
    .port_info 1 /INPUT 1 "B"
    .port_info 2 /OUTPUT 1 "Y"
L_0x55e84f5a9410 .functor AND 1, L_0x55e84f5a9380, L_0x55e84f5a8300, C4<1>, C4<1>;
L_0x55e84f5a9530 .functor NOT 1, L_0x55e84f5a9410, C4<0>, C4<0>, C4<0>;
v0x55e84f5938f0_0 .net "A", 0 0, L_0x55e84f5a9380;  alias, 1 drivers
v0x55e84f5939e0_0 .net "B", 0 0, L_0x55e84f5a8300;  alias, 1 drivers
v0x55e84f593ad0_0 .net "Y", 0 0, L_0x55e84f5a9530;  alias, 1 drivers
v0x55e84f593b70_0 .net *"_s0", 0 0, L_0x55e84f5a9410;  1 drivers
S_0x55e84f593cb0 .scope module, "_098_" "NAND" 5 276, 2 14 0, S_0x55e84f5610b0;
 .timescale -9 -10;
    .port_info 0 /INPUT 1 "A"
    .port_info 1 /INPUT 1 "B"
    .port_info 2 /OUTPUT 1 "Y"
L_0x55e84f5a95c0 .functor AND 1, L_0x55e84f5a9530, L_0x55e84f5a9710, C4<1>, C4<1>;
L_0x55e84f5a9650 .functor NOT 1, L_0x55e84f5a95c0, C4<0>, C4<0>, C4<0>;
v0x55e84f593ed0_0 .net "A", 0 0, L_0x55e84f5a9530;  alias, 1 drivers
v0x55e84f593fc0_0 .net "B", 0 0, L_0x55e84f5a9710;  1 drivers
v0x55e84f594060_0 .net "Y", 0 0, L_0x55e84f5a9650;  alias, 1 drivers
v0x55e84f594130_0 .net *"_s0", 0 0, L_0x55e84f5a95c0;  1 drivers
S_0x55e84f594290 .scope module, "_099_" "NAND" 5 281, 2 14 0, S_0x55e84f5610b0;
 .timescale -9 -10;
    .port_info 0 /INPUT 1 "A"
    .port_info 1 /INPUT 1 "B"
    .port_info 2 /OUTPUT 1 "Y"
L_0x55e84f5a9800 .functor AND 1, L_0x55e84f5a9650, L_0x55e84f5a8ed0, C4<1>, C4<1>;
L_0x55e84f5a99b0 .functor NOT 1, L_0x55e84f5a9800, C4<0>, C4<0>, C4<0>;
v0x55e84f5944b0_0 .net "A", 0 0, L_0x55e84f5a9650;  alias, 1 drivers
v0x55e84f5945a0_0 .net "B", 0 0, L_0x55e84f5a8ed0;  alias, 1 drivers
v0x55e84f594670_0 .net "Y", 0 0, L_0x55e84f5a99b0;  1 drivers
v0x55e84f594740_0 .net *"_s0", 0 0, L_0x55e84f5a9800;  1 drivers
S_0x55e84f594860 .scope module, "_100_" "NAND" 5 286, 2 14 0, S_0x55e84f5610b0;
 .timescale -9 -10;
    .port_info 0 /INPUT 1 "A"
    .port_info 1 /INPUT 1 "B"
    .port_info 2 /OUTPUT 1 "Y"
L_0x55e84f5a9a40 .functor AND 1, L_0x55e84f5a4690, L_0x55e84f5a9b20, C4<1>, C4<1>;
L_0x55e84f5a9ab0 .functor NOT 1, L_0x55e84f5a9a40, C4<0>, C4<0>, C4<0>;
v0x55e84f594a80_0 .net "A", 0 0, L_0x55e84f5a4690;  alias, 1 drivers
v0x55e84f594b90_0 .net "B", 0 0, L_0x55e84f5a9b20;  1 drivers
v0x55e84f594c50_0 .net "Y", 0 0, L_0x55e84f5a9ab0;  alias, 1 drivers
v0x55e84f594cf0_0 .net *"_s0", 0 0, L_0x55e84f5a9a40;  1 drivers
S_0x55e84f594e50 .scope module, "_101_" "NAND" 5 291, 2 14 0, S_0x55e84f5610b0;
 .timescale -9 -10;
    .port_info 0 /INPUT 1 "A"
    .port_info 1 /INPUT 1 "B"
    .port_info 2 /OUTPUT 1 "Y"
L_0x55e84f5a9c60 .functor AND 1, L_0x55e84f5a9530, L_0x55e84f5a9db0, C4<1>, C4<1>;
L_0x55e84f5a9cf0 .functor NOT 1, L_0x55e84f5a9c60, C4<0>, C4<0>, C4<0>;
v0x55e84f595070_0 .net "A", 0 0, L_0x55e84f5a9530;  alias, 1 drivers
v0x55e84f595180_0 .net "B", 0 0, L_0x55e84f5a9db0;  1 drivers
v0x55e84f595240_0 .net "Y", 0 0, L_0x55e84f5a9cf0;  alias, 1 drivers
v0x55e84f5952e0_0 .net *"_s0", 0 0, L_0x55e84f5a9c60;  1 drivers
S_0x55e84f595440 .scope module, "_102_" "NAND" 5 296, 2 14 0, S_0x55e84f5610b0;
 .timescale -9 -10;
    .port_info 0 /INPUT 1 "A"
    .port_info 1 /INPUT 1 "B"
    .port_info 2 /OUTPUT 1 "Y"
L_0x55e84f5a9ea0 .functor AND 1, L_0x55e84f5a9cf0, L_0x55e84f5a9ab0, C4<1>, C4<1>;
L_0x55e84f5a9fc0 .functor NOT 1, L_0x55e84f5a9ea0, C4<0>, C4<0>, C4<0>;
v0x55e84f595660_0 .net "A", 0 0, L_0x55e84f5a9cf0;  alias, 1 drivers
v0x55e84f595750_0 .net "B", 0 0, L_0x55e84f5a9ab0;  alias, 1 drivers
v0x55e84f595820_0 .net "Y", 0 0, L_0x55e84f5a9fc0;  1 drivers
v0x55e84f5958f0_0 .net *"_s0", 0 0, L_0x55e84f5a9ea0;  1 drivers
S_0x55e84f595a10 .scope module, "_103_" "NAND" 5 301, 2 14 0, S_0x55e84f5610b0;
 .timescale -9 -10;
    .port_info 0 /INPUT 1 "A"
    .port_info 1 /INPUT 1 "B"
    .port_info 2 /OUTPUT 1 "Y"
L_0x55e84f5aa050 .functor AND 1, L_0x55e84f5a4690, L_0x55e84f5aa130, C4<1>, C4<1>;
L_0x55e84f5aa0c0 .functor NOT 1, L_0x55e84f5aa050, C4<0>, C4<0>, C4<0>;
v0x55e84f595c30_0 .net "A", 0 0, L_0x55e84f5a4690;  alias, 1 drivers
v0x55e84f595cf0_0 .net "B", 0 0, L_0x55e84f5aa130;  1 drivers
v0x55e84f595db0_0 .net "Y", 0 0, L_0x55e84f5aa0c0;  alias, 1 drivers
v0x55e84f595e80_0 .net *"_s0", 0 0, L_0x55e84f5aa050;  1 drivers
S_0x55e84f595fe0 .scope module, "_104_" "NAND" 5 306, 2 14 0, S_0x55e84f5610b0;
 .timescale -9 -10;
    .port_info 0 /INPUT 1 "A"
    .port_info 1 /INPUT 1 "B"
    .port_info 2 /OUTPUT 1 "Y"
L_0x55e84f5aa2d0 .functor AND 1, L_0x55e84f5a9530, L_0x55e84f5a9bc0, C4<1>, C4<1>;
L_0x55e84f5aa360 .functor NOT 1, L_0x55e84f5aa2d0, C4<0>, C4<0>, C4<0>;
v0x55e84f596200_0 .net "A", 0 0, L_0x55e84f5a9530;  alias, 1 drivers
v0x55e84f5962c0_0 .net "B", 0 0, L_0x55e84f5a9bc0;  1 drivers
v0x55e84f596380_0 .net "Y", 0 0, L_0x55e84f5aa360;  alias, 1 drivers
v0x55e84f596450_0 .net *"_s0", 0 0, L_0x55e84f5aa2d0;  1 drivers
S_0x55e84f5965b0 .scope module, "_105_" "NAND" 5 311, 2 14 0, S_0x55e84f5610b0;
 .timescale -9 -10;
    .port_info 0 /INPUT 1 "A"
    .port_info 1 /INPUT 1 "B"
    .port_info 2 /OUTPUT 1 "Y"
L_0x55e84f5aa470 .functor AND 1, L_0x55e84f5aa360, L_0x55e84f5aa0c0, C4<1>, C4<1>;
L_0x55e84f5aa620 .functor NOT 1, L_0x55e84f5aa470, C4<0>, C4<0>, C4<0>;
v0x55e84f5967d0_0 .net "A", 0 0, L_0x55e84f5aa360;  alias, 1 drivers
v0x55e84f5968c0_0 .net "B", 0 0, L_0x55e84f5aa0c0;  alias, 1 drivers
v0x55e84f596990_0 .net "Y", 0 0, L_0x55e84f5aa620;  1 drivers
v0x55e84f596a60_0 .net *"_s0", 0 0, L_0x55e84f5aa470;  1 drivers
S_0x55e84f596b80 .scope module, "_106_" "NAND" 5 316, 2 14 0, S_0x55e84f5610b0;
 .timescale -9 -10;
    .port_info 0 /INPUT 1 "A"
    .port_info 1 /INPUT 1 "B"
    .port_info 2 /OUTPUT 1 "Y"
L_0x55e84f5aa6b0 .functor AND 1, L_0x55e84f5a4690, L_0x55e84f5aa790, C4<1>, C4<1>;
L_0x55e84f5aa720 .functor NOT 1, L_0x55e84f5aa6b0, C4<0>, C4<0>, C4<0>;
v0x55e84f596da0_0 .net "A", 0 0, L_0x55e84f5a4690;  alias, 1 drivers
v0x55e84f596e60_0 .net "B", 0 0, L_0x55e84f5aa790;  1 drivers
v0x55e84f596f20_0 .net "Y", 0 0, L_0x55e84f5aa720;  alias, 1 drivers
v0x55e84f596ff0_0 .net *"_s0", 0 0, L_0x55e84f5aa6b0;  1 drivers
S_0x55e84f597150 .scope module, "_107_" "NAND" 5 321, 2 14 0, S_0x55e84f5610b0;
 .timescale -9 -10;
    .port_info 0 /INPUT 1 "A"
    .port_info 1 /INPUT 1 "B"
    .port_info 2 /OUTPUT 1 "Y"
L_0x55e84f5aa940 .functor AND 1, L_0x55e84f5a9530, L_0x55e84f5aaa90, C4<1>, C4<1>;
L_0x55e84f5aa9d0 .functor NOT 1, L_0x55e84f5aa940, C4<0>, C4<0>, C4<0>;
v0x55e84f597320_0 .net "A", 0 0, L_0x55e84f5a9530;  alias, 1 drivers
v0x55e84f597470_0 .net "B", 0 0, L_0x55e84f5aaa90;  1 drivers
v0x55e84f597530_0 .net "Y", 0 0, L_0x55e84f5aa9d0;  alias, 1 drivers
v0x55e84f597600_0 .net *"_s0", 0 0, L_0x55e84f5aa940;  1 drivers
S_0x55e84f597760 .scope module, "_108_" "NAND" 5 326, 2 14 0, S_0x55e84f5610b0;
 .timescale -9 -10;
    .port_info 0 /INPUT 1 "A"
    .port_info 1 /INPUT 1 "B"
    .port_info 2 /OUTPUT 1 "Y"
L_0x55e84f5aab80 .functor AND 1, L_0x55e84f5aa9d0, L_0x55e84f5aa720, C4<1>, C4<1>;
L_0x55e84f5aad30 .functor NOT 1, L_0x55e84f5aab80, C4<0>, C4<0>, C4<0>;
v0x55e84f597930_0 .net "A", 0 0, L_0x55e84f5aa9d0;  alias, 1 drivers
v0x55e84f597a20_0 .net "B", 0 0, L_0x55e84f5aa720;  alias, 1 drivers
v0x55e84f597af0_0 .net "Y", 0 0, L_0x55e84f5aad30;  1 drivers
v0x55e84f597bc0_0 .net *"_s0", 0 0, L_0x55e84f5aab80;  1 drivers
S_0x55e84f597ce0 .scope module, "_109_" "NAND" 5 331, 2 14 0, S_0x55e84f5610b0;
 .timescale -9 -10;
    .port_info 0 /INPUT 1 "A"
    .port_info 1 /INPUT 1 "B"
    .port_info 2 /OUTPUT 1 "Y"
L_0x55e84f5aadc0 .functor AND 1, L_0x55e84f5a4690, L_0x55e84f5aaea0, C4<1>, C4<1>;
L_0x55e84f5aae30 .functor NOT 1, L_0x55e84f5aadc0, C4<0>, C4<0>, C4<0>;
v0x55e84f597f00_0 .net "A", 0 0, L_0x55e84f5a4690;  alias, 1 drivers
v0x55e84f597fc0_0 .net "B", 0 0, L_0x55e84f5aaea0;  1 drivers
v0x55e84f598080_0 .net "Y", 0 0, L_0x55e84f5aae30;  alias, 1 drivers
v0x55e84f598150_0 .net *"_s0", 0 0, L_0x55e84f5aadc0;  1 drivers
S_0x55e84f5982b0 .scope module, "_110_" "NAND" 5 336, 2 14 0, S_0x55e84f5610b0;
 .timescale -9 -10;
    .port_info 0 /INPUT 1 "A"
    .port_info 1 /INPUT 1 "B"
    .port_info 2 /OUTPUT 1 "Y"
L_0x55e84f5ab270 .functor AND 1, L_0x55e84f5a9530, L_0x55e84f5ab3c0, C4<1>, C4<1>;
L_0x55e84f5ab300 .functor NOT 1, L_0x55e84f5ab270, C4<0>, C4<0>, C4<0>;
v0x55e84f5984d0_0 .net "A", 0 0, L_0x55e84f5a9530;  alias, 1 drivers
v0x55e84f598590_0 .net "B", 0 0, L_0x55e84f5ab3c0;  1 drivers
v0x55e84f598650_0 .net "Y", 0 0, L_0x55e84f5ab300;  alias, 1 drivers
v0x55e84f598720_0 .net *"_s0", 0 0, L_0x55e84f5ab270;  1 drivers
S_0x55e84f598880 .scope module, "_111_" "NAND" 5 341, 2 14 0, S_0x55e84f5610b0;
 .timescale -9 -10;
    .port_info 0 /INPUT 1 "A"
    .port_info 1 /INPUT 1 "B"
    .port_info 2 /OUTPUT 1 "Y"
L_0x55e84f5ab4b0 .functor AND 1, L_0x55e84f5ab300, L_0x55e84f5aae30, C4<1>, C4<1>;
L_0x55e84f5ab5d0 .functor NOT 1, L_0x55e84f5ab4b0, C4<0>, C4<0>, C4<0>;
v0x55e84f598aa0_0 .net "A", 0 0, L_0x55e84f5ab300;  alias, 1 drivers
v0x55e84f598b90_0 .net "B", 0 0, L_0x55e84f5aae30;  alias, 1 drivers
v0x55e84f598c60_0 .net "Y", 0 0, L_0x55e84f5ab5d0;  1 drivers
v0x55e84f598d30_0 .net *"_s0", 0 0, L_0x55e84f5ab4b0;  1 drivers
S_0x55e84f598e50 .scope module, "_112_" "NOT" 5 346, 2 8 0, S_0x55e84f5610b0;
 .timescale -9 -10;
    .port_info 0 /INPUT 1 "A"
    .port_info 1 /OUTPUT 1 "Y"
L_0x55e84f5ab660 .functor NOT 1, L_0x55e84f5ab6d0, C4<0>, C4<0>, C4<0>;
v0x55e84f599060_0 .net "A", 0 0, L_0x55e84f5ab6d0;  1 drivers
v0x55e84f599140_0 .net "Y", 0 0, L_0x55e84f5ab660;  alias, 1 drivers
S_0x55e84f599260 .scope module, "_113_" "NOT" 5 350, 2 8 0, S_0x55e84f5610b0;
 .timescale -9 -10;
    .port_info 0 /INPUT 1 "A"
    .port_info 1 /OUTPUT 1 "Y"
L_0x55e84f5ab850 .functor NOT 1, RS_0x7ff7268973d8, C4<0>, C4<0>, C4<0>;
v0x55e84f599470_0 .net8 "A", 0 0, RS_0x7ff7268973d8;  alias, 2 drivers
v0x55e84f599580_0 .net "Y", 0 0, L_0x55e84f5ab850;  alias, 1 drivers
S_0x55e84f5996a0 .scope module, "_114_" "NAND" 5 354, 2 14 0, S_0x55e84f5610b0;
 .timescale -9 -10;
    .port_info 0 /INPUT 1 "A"
    .port_info 1 /INPUT 1 "B"
    .port_info 2 /OUTPUT 1 "Y"
L_0x55e84f5ab900 .functor AND 1, L_0x55e84f5a7d90, v0x55e84f5a36d0_0, C4<1>, C4<1>;
L_0x55e84f5ab990 .functor NOT 1, L_0x55e84f5ab900, C4<0>, C4<0>, C4<0>;
v0x55e84f5998c0_0 .net "A", 0 0, L_0x55e84f5a7d90;  alias, 1 drivers
v0x55e84f5999d0_0 .net "B", 0 0, v0x55e84f5a36d0_0;  alias, 1 drivers
v0x55e84f599a90_0 .net "Y", 0 0, L_0x55e84f5ab990;  alias, 1 drivers
v0x55e84f599b30_0 .net *"_s0", 0 0, L_0x55e84f5ab900;  1 drivers
S_0x55e84f599c70 .scope module, "_115_" "NOR" 5 359, 2 20 0, S_0x55e84f5610b0;
 .timescale -9 -10;
    .port_info 0 /INPUT 1 "A"
    .port_info 1 /INPUT 1 "B"
    .port_info 2 /OUTPUT 1 "Y"
L_0x55e84f5aba70 .functor OR 1, L_0x55e84f5ab990, L_0x55e84f5ab850, C4<0>, C4<0>;
L_0x55e84f5abb90 .functor NOT 1, L_0x55e84f5aba70, C4<0>, C4<0>, C4<0>;
v0x55e84f599e90_0 .net "A", 0 0, L_0x55e84f5ab990;  alias, 1 drivers
v0x55e84f599f50_0 .net "B", 0 0, L_0x55e84f5ab850;  alias, 1 drivers
v0x55e84f59a020_0 .net "Y", 0 0, L_0x55e84f5abb90;  alias, 1 drivers
v0x55e84f59a0f0_0 .net *"_s0", 0 0, L_0x55e84f5aba70;  1 drivers
S_0x55e84f59a210 .scope module, "_116_" "NOR" 5 364, 2 20 0, S_0x55e84f5610b0;
 .timescale -9 -10;
    .port_info 0 /INPUT 1 "A"
    .port_info 1 /INPUT 1 "B"
    .port_info 2 /OUTPUT 1 "Y"
L_0x55e84f5abc20 .functor OR 1, L_0x55e84f5abb90, L_0x55e84f5a4570, C4<0>, C4<0>;
L_0x55e84f5abd40 .functor NOT 1, L_0x55e84f5abc20, C4<0>, C4<0>, C4<0>;
v0x55e84f59a430_0 .net "A", 0 0, L_0x55e84f5abb90;  alias, 1 drivers
v0x55e84f59a520_0 .net "B", 0 0, L_0x55e84f5a4570;  alias, 1 drivers
v0x55e84f59a5c0_0 .net "Y", 0 0, L_0x55e84f5abd40;  alias, 1 drivers
v0x55e84f59a690_0 .net *"_s0", 0 0, L_0x55e84f5abc20;  1 drivers
S_0x55e84f59a7d0 .scope module, "_117_" "NOR" 5 369, 2 20 0, S_0x55e84f5610b0;
 .timescale -9 -10;
    .port_info 0 /INPUT 1 "A"
    .port_info 1 /INPUT 1 "B"
    .port_info 2 /OUTPUT 1 "Y"
L_0x55e84f5abdd0 .functor OR 1, L_0x55e84f5abd40, L_0x55e84f5ab660, C4<0>, C4<0>;
L_0x55e84f5abf80 .functor NOT 1, L_0x55e84f5abdd0, C4<0>, C4<0>, C4<0>;
v0x55e84f59a9f0_0 .net "A", 0 0, L_0x55e84f5abd40;  alias, 1 drivers
v0x55e84f59aae0_0 .net "B", 0 0, L_0x55e84f5ab660;  alias, 1 drivers
v0x55e84f59abb0_0 .net "Y", 0 0, L_0x55e84f5abf80;  1 drivers
v0x55e84f59ac80_0 .net *"_s0", 0 0, L_0x55e84f5abdd0;  1 drivers
S_0x55e84f59ada0 .scope module, "_118_" "DFF" 5 374, 2 26 0, S_0x55e84f5610b0;
 .timescale -9 -10;
    .port_info 0 /INPUT 1 "C"
    .port_info 1 /INPUT 1 "D"
    .port_info 2 /OUTPUT 1 "Q"
v0x55e84f59b3d0_0 .net "C", 0 0, v0x55e84f5a3110_0;  alias, 1 drivers
v0x55e84f59b4c0_0 .net "D", 0 0, L_0x55e84f5ac230;  1 drivers
v0x55e84f59b560_0 .var "Q", 0 0;
S_0x55e84f59b6b0 .scope module, "_119_" "DFF" 5 379, 2 26 0, S_0x55e84f5610b0;
 .timescale -9 -10;
    .port_info 0 /INPUT 1 "C"
    .port_info 1 /INPUT 1 "D"
    .port_info 2 /OUTPUT 1 "Q"
v0x55e84f59b8d0_0 .net "C", 0 0, v0x55e84f5a3110_0;  alias, 1 drivers
v0x55e84f59b9e0_0 .net "D", 0 0, L_0x55e84f5ac410;  1 drivers
v0x55e84f59baa0_0 .var "Q", 0 0;
S_0x55e84f59bbc0 .scope module, "_120_" "DFF" 5 384, 2 26 0, S_0x55e84f5610b0;
 .timescale -9 -10;
    .port_info 0 /INPUT 1 "C"
    .port_info 1 /INPUT 1 "D"
    .port_info 2 /OUTPUT 1 "Q"
v0x55e84f59bde0_0 .net "C", 0 0, v0x55e84f5a3110_0;  alias, 1 drivers
v0x55e84f59bea0_0 .net "D", 0 0, L_0x55e84f5ac4b0;  1 drivers
v0x55e84f59bf60_0 .var "Q", 0 0;
S_0x55e84f59c0b0 .scope module, "_121_" "DFF" 5 389, 2 26 0, S_0x55e84f5610b0;
 .timescale -9 -10;
    .port_info 0 /INPUT 1 "C"
    .port_info 1 /INPUT 1 "D"
    .port_info 2 /OUTPUT 1 "Q"
v0x55e84f59c2d0_0 .net "C", 0 0, v0x55e84f5a3110_0;  alias, 1 drivers
v0x55e84f59c420_0 .net "D", 0 0, L_0x55e84f5ac6e0;  1 drivers
v0x55e84f59c4e0_0 .var "Q", 0 0;
S_0x55e84f59c630 .scope module, "_122_" "DFF" 5 394, 2 26 0, S_0x55e84f5610b0;
 .timescale -9 -10;
    .port_info 0 /INPUT 1 "C"
    .port_info 1 /INPUT 1 "D"
    .port_info 2 /OUTPUT 1 "Q"
v0x55e84f59c800_0 .net "C", 0 0, v0x55e84f5a3110_0;  alias, 1 drivers
v0x55e84f59c8c0_0 .net "D", 0 0, L_0x55e84f5ac780;  1 drivers
v0x55e84f59c980_0 .var "Q", 0 0;
S_0x55e84f59cad0 .scope module, "_123_" "DFF" 5 399, 2 26 0, S_0x55e84f5610b0;
 .timescale -9 -10;
    .port_info 0 /INPUT 1 "C"
    .port_info 1 /INPUT 1 "D"
    .port_info 2 /OUTPUT 1 "Q"
v0x55e84f59ccf0_0 .net "C", 0 0, v0x55e84f5a3110_0;  alias, 1 drivers
v0x55e84f59cdb0_0 .net "D", 0 0, L_0x55e84f5ac930;  1 drivers
v0x55e84f59ce70_0 .var "Q", 0 0;
S_0x55e84f59cfc0 .scope module, "_124_" "DFF" 5 404, 2 26 0, S_0x55e84f5610b0;
 .timescale -9 -10;
    .port_info 0 /INPUT 1 "C"
    .port_info 1 /INPUT 1 "D"
    .port_info 2 /OUTPUT 1 "Q"
v0x55e84f59d1e0_0 .net "C", 0 0, v0x55e84f5a3110_0;  alias, 1 drivers
v0x55e84f59d2a0_0 .net "D", 0 0, L_0x55e84f5acbd0;  1 drivers
v0x55e84f59d360_0 .var "Q", 0 0;
S_0x55e84f59d4b0 .scope module, "_125_" "DFF" 5 409, 2 26 0, S_0x55e84f5610b0;
 .timescale -9 -10;
    .port_info 0 /INPUT 1 "C"
    .port_info 1 /INPUT 1 "D"
    .port_info 2 /OUTPUT 1 "Q"
v0x55e84f59d6d0_0 .net "C", 0 0, v0x55e84f5a3110_0;  alias, 1 drivers
v0x55e84f59d790_0 .net "D", 0 0, L_0x55e84f5acc70;  1 drivers
v0x55e84f59d850_0 .var "Q", 0 0;
S_0x55e84f59d9a0 .scope module, "_126_" "DFF" 5 414, 2 26 0, S_0x55e84f5610b0;
 .timescale -9 -10;
    .port_info 0 /INPUT 1 "C"
    .port_info 1 /INPUT 1 "D"
    .port_info 2 /OUTPUT 1 "Q"
v0x55e84f59dbc0_0 .net "C", 0 0, v0x55e84f5a3110_0;  alias, 1 drivers
v0x55e84f59dc80_0 .net "D", 0 0, L_0x55e84f5acab0;  1 drivers
v0x55e84f59dd40_0 .var "Q", 0 0;
S_0x55e84f59de90 .scope module, "_127_" "DFF" 5 419, 2 26 0, S_0x55e84f5610b0;
 .timescale -9 -10;
    .port_info 0 /INPUT 1 "C"
    .port_info 1 /INPUT 1 "D"
    .port_info 2 /OUTPUT 1 "Q"
v0x55e84f59e0b0_0 .net "C", 0 0, v0x55e84f5a3110_0;  alias, 1 drivers
v0x55e84f59e170_0 .net "D", 0 0, L_0x55e84f5aced0;  1 drivers
v0x55e84f59e230_0 .var "Q", 0 0;
S_0x55e84f59e380 .scope module, "_128_" "DFF" 5 424, 2 26 0, S_0x55e84f5610b0;
 .timescale -9 -10;
    .port_info 0 /INPUT 1 "C"
    .port_info 1 /INPUT 1 "D"
    .port_info 2 /OUTPUT 1 "Q"
v0x55e84f59e5a0_0 .net "C", 0 0, v0x55e84f5a3110_0;  alias, 1 drivers
v0x55e84f59e660_0 .net "D", 0 0, L_0x55e84f5ad0b0;  1 drivers
v0x55e84f59e720_0 .var "Q", 0 0;
S_0x55e84f59e870 .scope module, "_129_" "DFF" 5 429, 2 26 0, S_0x55e84f5610b0;
 .timescale -9 -10;
    .port_info 0 /INPUT 1 "C"
    .port_info 1 /INPUT 1 "D"
    .port_info 2 /OUTPUT 1 "Q"
v0x55e84f59ea90_0 .net "C", 0 0, v0x55e84f5a3110_0;  alias, 1 drivers
v0x55e84f59eb50_0 .net "D", 0 0, L_0x55e84f5ad150;  1 drivers
v0x55e84f59ec10_0 .var "Q", 0 0;
S_0x55e84f59ed60 .scope module, "_130_" "DFF" 5 434, 2 26 0, S_0x55e84f5610b0;
 .timescale -9 -10;
    .port_info 0 /INPUT 1 "C"
    .port_info 1 /INPUT 1 "D"
    .port_info 2 /OUTPUT 1 "Q"
v0x55e84f59ef80_0 .net "C", 0 0, v0x55e84f5a3110_0;  alias, 1 drivers
v0x55e84f59f040_0 .net "D", 0 0, L_0x55e84f5a4690;  alias, 1 drivers
v0x55e84f59f100_0 .var "Q", 0 0;
S_0x55e84f59f210 .scope module, "_131_" "DFF" 5 439, 2 26 0, S_0x55e84f5610b0;
 .timescale -9 -10;
    .port_info 0 /INPUT 1 "C"
    .port_info 1 /INPUT 1 "D"
    .port_info 2 /OUTPUT 1 "Q"
v0x55e84f59f430_0 .net "C", 0 0, v0x55e84f5a3110_0;  alias, 1 drivers
v0x55e84f59f4f0_0 .net "D", 0 0, L_0x55e84f5a4570;  alias, 1 drivers
v0x55e84f59f6c0_0 .var "Q", 0 0;
S_0x55e84f5a2ec0 .scope module, "PDMux" "probador" 3 42, 6 1 0, S_0x55e84f55ecc0;
 .timescale -9 -10;
    .port_info 0 /INPUT 1 "valid_0"
    .port_info 1 /INPUT 1 "valid_1"
    .port_info 2 /INPUT 6 "dataout0"
    .port_info 3 /INPUT 6 "dataout1"
    .port_info 4 /OUTPUT 1 "reset_L"
    .port_info 5 /OUTPUT 1 "clk"
    .port_info 6 /OUTPUT 1 "valid_in"
    .port_info 7 /OUTPUT 6 "data_in"
v0x55e84f5a3110_0 .var "clk", 0 0;
v0x55e84f5a33c0_0 .var "data_in", 5 0;
v0x55e84f5a34d0_0 .net8 "dataout0", 5 0, RS_0x7ff726897318;  alias, 2 drivers
v0x55e84f5a35c0_0 .net8 "dataout1", 5 0, RS_0x7ff726897348;  alias, 2 drivers
v0x55e84f5a36d0_0 .var "reset_L", 0 0;
v0x55e84f5a37c0_0 .net8 "valid_0", 0 0, RS_0x7ff7268973d8;  alias, 2 drivers
v0x55e84f5a3860_0 .net8 "valid_1", 0 0, RS_0x7ff726897408;  alias, 2 drivers
v0x55e84f5a3990_0 .var "valid_in", 0 0;
    .scope S_0x55e84f55e070;
T_0 ;
    %wait E_0x55e84f500e80;
    %load/vec4 v0x55e84f568fb0_0;
    %flag_set/vec4 8;
    %jmp/0xz  T_0.0, 8;
    %pushi/vec4 1, 0, 1;
    %assign/vec4 v0x55e84f56a4b0_0, 0;
    %jmp T_0.1;
T_0.0 ;
    %load/vec4 v0x55e84f561750_0;
    %flag_set/vec4 8;
    %jmp/0xz  T_0.2, 8;
    %pushi/vec4 0, 0, 1;
    %assign/vec4 v0x55e84f56a4b0_0, 0;
    %jmp T_0.3;
T_0.2 ;
    %load/vec4 v0x55e84f56afd0_0;
    %assign/vec4 v0x55e84f56a4b0_0, 0;
T_0.3 ;
T_0.1 ;
    %jmp T_0;
    .thread T_0;
    .scope S_0x55e84f560460;
T_1 ;
    %wait E_0x55e84f4a3590;
    %load/vec4 v0x55e84f584d60_0;
    %nor/r;
    %flag_set/vec4 8;
    %jmp/0xz  T_1.0, 8;
    %pushi/vec4 0, 0, 1;
    %assign/vec4 v0x55e84f584e70_0, 0;
    %jmp T_1.1;
T_1.0 ;
    %load/vec4 v0x55e84f584ae0_0;
    %parti/s 1, 5, 4;
    %assign/vec4 v0x55e84f584e70_0, 0;
T_1.1 ;
    %jmp T_1;
    .thread T_1, $push;
    .scope S_0x55e84f560460;
T_2 ;
    %wait E_0x55e84f500f90;
    %load/vec4 v0x55e84f584d60_0;
    %nor/r;
    %flag_set/vec4 8;
    %jmp/0xz  T_2.0, 8;
    %pushi/vec4 0, 0, 6;
    %assign/vec4 v0x55e84f584c80_0, 0;
    %pushi/vec4 0, 0, 6;
    %assign/vec4 v0x55e84f584bc0_0, 0;
    %pushi/vec4 0, 0, 1;
    %assign/vec4 v0x55e84f584f30_0, 0;
    %pushi/vec4 0, 0, 1;
    %assign/vec4 v0x55e84f584ff0_0, 0;
    %jmp T_2.1;
T_2.0 ;
    %load/vec4 v0x55e84f5850b0_0;
    %inv;
    %flag_set/vec4 8;
    %jmp/0xz  T_2.2, 8;
    %load/vec4 v0x55e84f584f30_0;
    %pad/u 32;
    %cmpi/e 0, 0, 32;
    %jmp/0xz  T_2.4, 4;
    %pushi/vec4 0, 0, 6;
    %assign/vec4 v0x55e84f584bc0_0, 0;
    %jmp T_2.5;
T_2.4 ;
    %pushi/vec4 0, 0, 1;
    %assign/vec4 v0x55e84f584f30_0, 0;
T_2.5 ;
    %load/vec4 v0x55e84f584ff0_0;
    %pad/u 32;
    %cmpi/e 0, 0, 32;
    %jmp/0xz  T_2.6, 4;
    %pushi/vec4 0, 0, 6;
    %assign/vec4 v0x55e84f584c80_0, 0;
    %jmp T_2.7;
T_2.6 ;
    %load/vec4 v0x55e84f584ff0_0;
    %pad/u 32;
    %cmpi/e 1, 0, 32;
    %jmp/0xz  T_2.8, 4;
    %pushi/vec4 0, 0, 1;
    %assign/vec4 v0x55e84f584ff0_0, 0;
T_2.8 ;
T_2.7 ;
    %jmp T_2.3;
T_2.2 ;
    %load/vec4 v0x55e84f5850b0_0;
    %flag_set/vec4 8;
    %jmp/0xz  T_2.10, 8;
    %load/vec4 v0x55e84f584e70_0;
    %flag_set/vec4 8;
    %jmp/0xz  T_2.12, 8;
    %load/vec4 v0x55e84f584ae0_0;
    %assign/vec4 v0x55e84f584c80_0, 0;
    %pushi/vec4 1, 0, 1;
    %assign/vec4 v0x55e84f584ff0_0, 0;
    %pushi/vec4 0, 0, 1;
    %assign/vec4 v0x55e84f584f30_0, 0;
    %jmp T_2.13;
T_2.12 ;
    %load/vec4 v0x55e84f584ae0_0;
    %assign/vec4 v0x55e84f584bc0_0, 0;
    %pushi/vec4 1, 0, 1;
    %assign/vec4 v0x55e84f584f30_0, 0;
    %pushi/vec4 0, 0, 1;
    %assign/vec4 v0x55e84f584ff0_0, 0;
T_2.13 ;
T_2.10 ;
T_2.3 ;
T_2.1 ;
    %jmp T_2;
    .thread T_2;
    .scope S_0x55e84f59ada0;
T_3 ;
    %wait E_0x55e84f500f90;
    %load/vec4 v0x55e84f59b4c0_0;
    %assign/vec4 v0x55e84f59b560_0, 0;
    %jmp T_3;
    .thread T_3;
    .scope S_0x55e84f59b6b0;
T_4 ;
    %wait E_0x55e84f500f90;
    %load/vec4 v0x55e84f59b9e0_0;
    %assign/vec4 v0x55e84f59baa0_0, 0;
    %jmp T_4;
    .thread T_4;
    .scope S_0x55e84f59bbc0;
T_5 ;
    %wait E_0x55e84f500f90;
    %load/vec4 v0x55e84f59bea0_0;
    %assign/vec4 v0x55e84f59bf60_0, 0;
    %jmp T_5;
    .thread T_5;
    .scope S_0x55e84f59c0b0;
T_6 ;
    %wait E_0x55e84f500f90;
    %load/vec4 v0x55e84f59c420_0;
    %assign/vec4 v0x55e84f59c4e0_0, 0;
    %jmp T_6;
    .thread T_6;
    .scope S_0x55e84f59c630;
T_7 ;
    %wait E_0x55e84f500f90;
    %load/vec4 v0x55e84f59c8c0_0;
    %assign/vec4 v0x55e84f59c980_0, 0;
    %jmp T_7;
    .thread T_7;
    .scope S_0x55e84f59cad0;
T_8 ;
    %wait E_0x55e84f500f90;
    %load/vec4 v0x55e84f59cdb0_0;
    %assign/vec4 v0x55e84f59ce70_0, 0;
    %jmp T_8;
    .thread T_8;
    .scope S_0x55e84f59cfc0;
T_9 ;
    %wait E_0x55e84f500f90;
    %load/vec4 v0x55e84f59d2a0_0;
    %assign/vec4 v0x55e84f59d360_0, 0;
    %jmp T_9;
    .thread T_9;
    .scope S_0x55e84f59d4b0;
T_10 ;
    %wait E_0x55e84f500f90;
    %load/vec4 v0x55e84f59d790_0;
    %assign/vec4 v0x55e84f59d850_0, 0;
    %jmp T_10;
    .thread T_10;
    .scope S_0x55e84f59d9a0;
T_11 ;
    %wait E_0x55e84f500f90;
    %load/vec4 v0x55e84f59dc80_0;
    %assign/vec4 v0x55e84f59dd40_0, 0;
    %jmp T_11;
    .thread T_11;
    .scope S_0x55e84f59de90;
T_12 ;
    %wait E_0x55e84f500f90;
    %load/vec4 v0x55e84f59e170_0;
    %assign/vec4 v0x55e84f59e230_0, 0;
    %jmp T_12;
    .thread T_12;
    .scope S_0x55e84f59e380;
T_13 ;
    %wait E_0x55e84f500f90;
    %load/vec4 v0x55e84f59e660_0;
    %assign/vec4 v0x55e84f59e720_0, 0;
    %jmp T_13;
    .thread T_13;
    .scope S_0x55e84f59e870;
T_14 ;
    %wait E_0x55e84f500f90;
    %load/vec4 v0x55e84f59eb50_0;
    %assign/vec4 v0x55e84f59ec10_0, 0;
    %jmp T_14;
    .thread T_14;
    .scope S_0x55e84f59ed60;
T_15 ;
    %wait E_0x55e84f500f90;
    %load/vec4 v0x55e84f59f040_0;
    %assign/vec4 v0x55e84f59f100_0, 0;
    %jmp T_15;
    .thread T_15;
    .scope S_0x55e84f59f210;
T_16 ;
    %wait E_0x55e84f500f90;
    %load/vec4 v0x55e84f59f4f0_0;
    %assign/vec4 v0x55e84f59f6c0_0, 0;
    %jmp T_16;
    .thread T_16;
    .scope S_0x55e84f5a2ec0;
T_17 ;
    %pushi/vec4 0, 0, 1;
    %assign/vec4 v0x55e84f5a3110_0, 0;
    %end;
    .thread T_17;
    .scope S_0x55e84f5a2ec0;
T_18 ;
    %delay 20, 0;
    %load/vec4 v0x55e84f5a3110_0;
    %inv;
    %assign/vec4 v0x55e84f5a3110_0, 0;
    %jmp T_18;
    .thread T_18;
    .scope S_0x55e84f5a2ec0;
T_19 ;
    %vpi_call 6 17 "$dumpfile", "demux.vcd" {0 0 0};
    %vpi_call 6 18 "$dumpvars" {0 0 0};
    %pushi/vec4 0, 0, 1;
    %assign/vec4 v0x55e84f5a36d0_0, 0;
    %wait E_0x55e84f500f90;
    %pushi/vec4 52, 0, 6;
    %assign/vec4 v0x55e84f5a33c0_0, 0;
    %pushi/vec4 0, 0, 1;
    %assign/vec4 v0x55e84f5a3990_0, 0;
    %pushi/vec4 1, 0, 1;
    %assign/vec4 v0x55e84f5a36d0_0, 0;
    %wait E_0x55e84f500f90;
    %pushi/vec4 50, 0, 6;
    %assign/vec4 v0x55e84f5a33c0_0, 0;
    %pushi/vec4 1, 0, 1;
    %assign/vec4 v0x55e84f5a3990_0, 0;
    %wait E_0x55e84f500f90;
    %pushi/vec4 55, 0, 6;
    %assign/vec4 v0x55e84f5a33c0_0, 0;
    %pushi/vec4 1, 0, 1;
    %assign/vec4 v0x55e84f5a3990_0, 0;
    %wait E_0x55e84f500f90;
    %pushi/vec4 62, 0, 6;
    %assign/vec4 v0x55e84f5a33c0_0, 0;
    %pushi/vec4 0, 0, 1;
    %assign/vec4 v0x55e84f5a3990_0, 0;
    %wait E_0x55e84f500f90;
    %pushi/vec4 45, 0, 6;
    %assign/vec4 v0x55e84f5a33c0_0, 0;
    %pushi/vec4 0, 0, 1;
    %assign/vec4 v0x55e84f5a3990_0, 0;
    %wait E_0x55e84f500f90;
    %pushi/vec4 18, 0, 6;
    %assign/vec4 v0x55e84f5a33c0_0, 0;
    %pushi/vec4 1, 0, 1;
    %assign/vec4 v0x55e84f5a3990_0, 0;
    %wait E_0x55e84f500f90;
    %pushi/vec4 19, 0, 6;
    %assign/vec4 v0x55e84f5a33c0_0, 0;
    %pushi/vec4 1, 0, 1;
    %assign/vec4 v0x55e84f5a3990_0, 0;
    %wait E_0x55e84f500f90;
    %pushi/vec4 0, 0, 1;
    %assign/vec4 v0x55e84f5a36d0_0, 0;
    %wait E_0x55e84f500f90;
    %pushi/vec4 1, 0, 1;
    %assign/vec4 v0x55e84f5a36d0_0, 0;
    %wait E_0x55e84f500f90;
    %pushi/vec4 35, 0, 6;
    %assign/vec4 v0x55e84f5a33c0_0, 0;
    %pushi/vec4 1, 0, 1;
    %assign/vec4 v0x55e84f5a3990_0, 0;
    %wait E_0x55e84f500f90;
    %pushi/vec4 4, 0, 6;
    %assign/vec4 v0x55e84f5a33c0_0, 0;
    %pushi/vec4 1, 0, 1;
    %assign/vec4 v0x55e84f5a3990_0, 0;
    %wait E_0x55e84f500f90;
    %pushi/vec4 37, 0, 6;
    %assign/vec4 v0x55e84f5a33c0_0, 0;
    %pushi/vec4 0, 0, 1;
    %assign/vec4 v0x55e84f5a3990_0, 0;
    %delay 300, 0;
    %vpi_call 6 68 "$finish" {0 0 0};
    %end;
    .thread T_19;
# The file index is used to find the file name in the following table.
:file_names 7;
    "N/A";
    "<interactive>";
    "./cmos_cells.v";
    "demux_BancoDePruebas.v";
    "./demux.v";
    "./demuxEstructural.v";
    "./probador.v";
