
 /----------------------------------------------------------------------------\
 |                                                                            |
 |  yosys -- Yosys Open SYnthesis Suite                                       |
 |                                                                            |
 |  Copyright (C) 2012 - 2016  Clifford Wolf <clifford@clifford.at>           |
 |                                                                            |
 |  Permission to use, copy, modify, and/or distribute this software for any  |
 |  purpose with or without fee is hereby granted, provided that the above    |
 |  copyright notice and this permission notice appear in all copies.         |
 |                                                                            |
 |  THE SOFTWARE IS PROVIDED "AS IS" AND THE AUTHOR DISCLAIMS ALL WARRANTIES  |
 |  WITH REGARD TO THIS SOFTWARE INCLUDING ALL IMPLIED WARRANTIES OF          |
 |  MERCHANTABILITY AND FITNESS. IN NO EVENT SHALL THE AUTHOR BE LIABLE FOR   |
 |  ANY SPECIAL, DIRECT, INDIRECT, OR CONSEQUENTIAL DAMAGES OR ANY DAMAGES    |
 |  WHATSOEVER RESULTING FROM LOSS OF USE, DATA OR PROFITS, WHETHER IN AN     |
 |  ACTION OF CONTRACT, NEGLIGENCE OR OTHER TORTIOUS ACTION, ARISING OUT OF   |
 |  OR IN CONNECTION WITH THE USE OR PERFORMANCE OF THIS SOFTWARE.            |
 |                                                                            |
 \----------------------------------------------------------------------------/

 Yosys 0.7 (git sha1 61f6811, gcc 6.2.0-11ubuntu1 -O2 -fdebug-prefix-map=/build/yosys-OIL3SR/yosys-0.7=. -fstack-protector-strong -fPIC -Os)


-- Executing script file `synthesizer.ys' --

1. Executing Verilog-2005 frontend.
Parsing Verilog input from `dual_port_memory.v' to AST representation.
Generating RTLIL representation for module `\dual_port_memory'.
Successfully finished Verilog frontend.

2. Executing HIERARCHY pass (managing design hierarchy).

2.1. Analyzing design hierarchy..
Top module:  \dual_port_memory

2.2. Analyzing design hierarchy..
Top module:  \dual_port_memory
Removed 0 unused modules.

3. Executing PROC pass (convert processes to netlists).

3.1. Executing PROC_CLEAN pass (remove empty switches from decision trees).
Cleaned up 0 empty switches.

3.2. Executing PROC_RMDEAD pass (remove dead branches from decision trees).
Removed a total of 0 dead cases.

3.3. Executing PROC_INIT pass (extract init attributes).

3.4. Executing PROC_ARST pass (detect async resets in processes).

3.5. Executing PROC_MUX pass (convert decision trees to multiplexers).
Creating decoders for process `\dual_port_memory.$proc$dual_port_memory.v:23$6'.
     1/4: $1\oDataOut0[0:0]
     2/4: $1\oDataOut[5:0]
     3/4: $0\oDataOut0[0:0]
     4/4: $0\oDataOut[5:0]
Creating decoders for process `\dual_port_memory.$proc$dual_port_memory.v:15$2'.
     1/3: $0$memwr$\Ram$dual_port_memory.v:19$1_EN[5:0]$5
     2/3: $0$memwr$\Ram$dual_port_memory.v:19$1_DATA[5:0]$4
     3/3: $0$memwr$\Ram$dual_port_memory.v:19$1_ADDR[7:0]$3

3.6. Executing PROC_DLATCH pass (convert process syncs to latches).
No latch inferred for signal `\dual_port_memory.\oDataOut' from process `\dual_port_memory.$proc$dual_port_memory.v:23$6'.
Latch inferred for signal `\dual_port_memory.\oDataOut0' from process `\dual_port_memory.$proc$dual_port_memory.v:23$6': $auto$proc_dlatch.cc:408:proc_dlatch$34

3.7. Executing PROC_DFF pass (convert process syncs to FFs).
Creating register for signal `\dual_port_memory.$memwr$\Ram$dual_port_memory.v:19$1_ADDR' using process `\dual_port_memory.$proc$dual_port_memory.v:15$2'.
  created $dff cell `$procdff$35' with positive edge clock.
Creating register for signal `\dual_port_memory.$memwr$\Ram$dual_port_memory.v:19$1_DATA' using process `\dual_port_memory.$proc$dual_port_memory.v:15$2'.
  created $dff cell `$procdff$36' with positive edge clock.
Creating register for signal `\dual_port_memory.$memwr$\Ram$dual_port_memory.v:19$1_EN' using process `\dual_port_memory.$proc$dual_port_memory.v:15$2'.
  created $dff cell `$procdff$37' with positive edge clock.

3.8. Executing PROC_CLEAN pass (remove empty switches from decision trees).
Found and cleaned up 1 empty switch in `\dual_port_memory.$proc$dual_port_memory.v:23$6'.
Removing empty process `dual_port_memory.$proc$dual_port_memory.v:23$6'.
Found and cleaned up 1 empty switch in `\dual_port_memory.$proc$dual_port_memory.v:15$2'.
Removing empty process `dual_port_memory.$proc$dual_port_memory.v:15$2'.
Cleaned up 2 empty switches.

4. Executing OPT pass (performing simple optimizations).

4.1. Executing OPT_EXPR pass (perform const folding).
Replacing $mux cell `$procmux$10' (?) in module `\dual_port_memory' with constant driver `$procmux$10_Y = $memrd$\Ram$dual_port_memory.v:25$7_DATA [0]'.
Replacing $reduce_or cell `$auto$proc_dlatch.cc:247:make_hold$26' (const_or) in module `\dual_port_memory' with constant driver `$auto$rtlil.cc:1604:ReduceOr$27 = 1'1'.
Replacing $reduce_or cell `$auto$proc_dlatch.cc:247:make_hold$30' (unary_buffer) in module `\dual_port_memory' with constant driver `$auto$rtlil.cc:1604:ReduceOr$31 = $auto$rtlil.cc:1629:And$29'.

4.2. Executing OPT_MERGE pass (detect identical cells).
Finding identical cells in module `\dual_port_memory'.
Removed a total of 0 cells.

4.3. Executing OPT_MUXTREE pass (detect dead branches in mux trees).
Running muxtree optimizer on module \dual_port_memory..
  Creating internal representation of mux trees.
  Evaluating internal representation of mux trees.
    Root of a mux tree: $procmux$22 (pure)
    Root of a mux tree: $procmux$19 (pure)
    Root of a mux tree: $procmux$16 (pure)
    Root of a mux tree: $procmux$13 (pure)
  Analyzing evaluation results.
Removed 0 multiplexer ports.

4.4. Executing OPT_REDUCE pass (consolidate $*mux and $reduce_* inputs).
  Optimizing cells in module \dual_port_memory.
    Consolidated identical input bits for $mux cell $procmux$16:
      Old ports: A=6'000000, B=6'111111, Y=$procmux$16_Y
      New ports: A=1'0, B=1'1, Y=$procmux$16_Y [0]
      New connections: $procmux$16_Y [5:1] = { $procmux$16_Y [0] $procmux$16_Y [0] $procmux$16_Y [0] $procmux$16_Y [0] $procmux$16_Y [0] }
  Optimizing cells in module \dual_port_memory.
Performed a total of 1 changes.

4.5. Executing OPT_MERGE pass (detect identical cells).
Finding identical cells in module `\dual_port_memory'.
Removed a total of 0 cells.

4.6. Executing OPT_RMDFF pass (remove dff with constant values).

4.7. Executing OPT_CLEAN pass (remove unused cells and wires).
Finding unused cells or wires in module \dual_port_memory..
  removing unused `$not' cell `$auto$proc_dlatch.cc:238:make_hold$24'.
  removing unused `$and' cell `$auto$proc_dlatch.cc:251:make_hold$28'.
  removing unused `$not' cell `$auto$proc_dlatch.cc:408:proc_dlatch$32'.
  removing unused `$dlatch' cell `$auto$proc_dlatch.cc:408:proc_dlatch$34'.
  removing unused non-port wire \oDataOut0.
  removed 1 unused temporary wires.

4.8. Executing OPT_EXPR pass (perform const folding).

4.9. Rerunning OPT passes. (Maybe there is more to do..)

4.10. Executing OPT_MUXTREE pass (detect dead branches in mux trees).
Running muxtree optimizer on module \dual_port_memory..
  Creating internal representation of mux trees.
  Evaluating internal representation of mux trees.
    Root of a mux tree: $procmux$13 (pure)
    Root of a mux tree: $procmux$16 (pure)
    Root of a mux tree: $procmux$19 (pure)
    Root of a mux tree: $procmux$22 (pure)
  Analyzing evaluation results.
Removed 0 multiplexer ports.

4.11. Executing OPT_REDUCE pass (consolidate $*mux and $reduce_* inputs).
  Optimizing cells in module \dual_port_memory.
Performed a total of 0 changes.

4.12. Executing OPT_MERGE pass (detect identical cells).
Finding identical cells in module `\dual_port_memory'.
Removed a total of 0 cells.

4.13. Executing OPT_RMDFF pass (remove dff with constant values).

4.14. Executing OPT_CLEAN pass (remove unused cells and wires).
Finding unused cells or wires in module \dual_port_memory..

4.15. Executing OPT_EXPR pass (perform const folding).

4.16. Finished OPT passes. (There is nothing left to do.)

5. Executing OPT pass (performing simple optimizations).

5.1. Executing OPT_EXPR pass (perform const folding).

5.2. Executing OPT_MERGE pass (detect identical cells).
Finding identical cells in module `\dual_port_memory'.
Removed a total of 0 cells.

5.3. Executing OPT_MUXTREE pass (detect dead branches in mux trees).
Running muxtree optimizer on module \dual_port_memory..
  Creating internal representation of mux trees.
  Evaluating internal representation of mux trees.
    Root of a mux tree: $procmux$13 (pure)
    Root of a mux tree: $procmux$16 (pure)
    Root of a mux tree: $procmux$19 (pure)
    Root of a mux tree: $procmux$22 (pure)
  Analyzing evaluation results.
Removed 0 multiplexer ports.

5.4. Executing OPT_REDUCE pass (consolidate $*mux and $reduce_* inputs).
  Optimizing cells in module \dual_port_memory.
Performed a total of 0 changes.

5.5. Executing OPT_MERGE pass (detect identical cells).
Finding identical cells in module `\dual_port_memory'.
Removed a total of 0 cells.

5.6. Executing OPT_RMDFF pass (remove dff with constant values).

5.7. Executing OPT_CLEAN pass (remove unused cells and wires).
Finding unused cells or wires in module \dual_port_memory..

5.8. Executing OPT_EXPR pass (perform const folding).

5.9. Finished OPT passes. (There is nothing left to do.)

6. Executing FSM pass (extract and optimize FSM).

6.1. Executing FSM_DETECT pass (finding FSMs in design).
Not marking dual_port_memory.$memwr$\Ram$dual_port_memory.v:19$1_EN as FSM state register:
    Users of register don't seem to benefit from recoding.

6.2. Executing FSM_EXTRACT pass (extracting FSM from design).

6.3. Executing FSM_OPT pass (simple optimizations of FSMs).

6.4. Executing OPT_CLEAN pass (remove unused cells and wires).
Finding unused cells or wires in module \dual_port_memory..

6.5. Executing FSM_OPT pass (simple optimizations of FSMs).

6.6. Executing FSM_RECODE pass (re-assigning FSM state encoding).

6.7. Executing FSM_INFO pass (dumping all available information on FSM cells).

6.8. Executing FSM_MAP pass (mapping FSMs to basic logic).

7. Executing OPT pass (performing simple optimizations).

7.1. Executing OPT_EXPR pass (perform const folding).

7.2. Executing OPT_MERGE pass (detect identical cells).
Finding identical cells in module `\dual_port_memory'.
Removed a total of 0 cells.

7.3. Executing OPT_MUXTREE pass (detect dead branches in mux trees).
Running muxtree optimizer on module \dual_port_memory..
  Creating internal representation of mux trees.
  Evaluating internal representation of mux trees.
    Root of a mux tree: $procmux$13 (pure)
    Root of a mux tree: $procmux$16 (pure)
    Root of a mux tree: $procmux$19 (pure)
    Root of a mux tree: $procmux$22 (pure)
  Analyzing evaluation results.
Removed 0 multiplexer ports.

7.4. Executing OPT_REDUCE pass (consolidate $*mux and $reduce_* inputs).
  Optimizing cells in module \dual_port_memory.
Performed a total of 0 changes.

7.5. Executing OPT_MERGE pass (detect identical cells).
Finding identical cells in module `\dual_port_memory'.
Removed a total of 0 cells.

7.6. Executing OPT_RMDFF pass (remove dff with constant values).

7.7. Executing OPT_CLEAN pass (remove unused cells and wires).
Finding unused cells or wires in module \dual_port_memory..

7.8. Executing OPT_EXPR pass (perform const folding).

7.9. Finished OPT passes. (There is nothing left to do.)

8. Executing MEMORY pass.

8.1. Executing MEMORY_DFF pass (merging $dff cells to $memrd and $memwr).
Checking cell `$memwr$\Ram$dual_port_memory.v:19$8' in module `\dual_port_memory': merged $dff to cell.
Checking cell `$memrd$\Ram$dual_port_memory.v:25$7' in module `\dual_port_memory': no (compatible) $dff found.

8.2. Executing OPT_CLEAN pass (remove unused cells and wires).
Finding unused cells or wires in module \dual_port_memory..
  removing unused `$dff' cell `$procdff$36'.
  removing unused `$dff' cell `$procdff$35'.
  removing unused `$dff' cell `$procdff$37'.

8.3. Executing MEMORY_SHARE pass (consolidating $memrd/$memwr cells).

8.4. Executing OPT_CLEAN pass (remove unused cells and wires).
Finding unused cells or wires in module \dual_port_memory..

8.5. Executing MEMORY_COLLECT pass (generating $mem cells).
Collecting $memrd, $memwr and $meminit for memory `\Ram' in module `\dual_port_memory':
  $memwr$\Ram$dual_port_memory.v:19$8 ($memwr)
  $memrd$\Ram$dual_port_memory.v:25$7 ($memrd)

8.6. Executing MEMORY_MAP pass (converting $mem cells to logic and flip-flops).
Mapping memory cell \Ram in module \dual_port_memory:
  created 8 $dff cells and 0 static cells of width 6.
  read interface: 0 $dff and 7 $mux cells.
  write interface: 8 write mux blocks.

9. Executing OPT pass (performing simple optimizations).

9.1. Executing OPT_EXPR pass (perform const folding).
Replacing $eq cell `$auto$memory_map.cc:65:addr_decode$76' in module `dual_port_memory' with inverter.
Replacing $eq cell `$auto$memory_map.cc:65:addr_decode$78' in module `dual_port_memory' with inverter.
Replacing $eq cell `$auto$memory_map.cc:65:addr_decode$80' in module `dual_port_memory' with inverter.
Replacing $eq cell `$auto$memory_map.cc:65:addr_decode$90' (1) in module `\dual_port_memory' with constant driver `$auto$rtlil.cc:1641:Eq$91 = $0$memwr$\Ram$dual_port_memory.v:19$1_ADDR[7:0]$3 [0]'.
Replacing $eq cell `$auto$memory_map.cc:65:addr_decode$98' (1) in module `\dual_port_memory' with constant driver `$auto$rtlil.cc:1641:Eq$99 = $0$memwr$\Ram$dual_port_memory.v:19$1_ADDR[7:0]$3 [1]'.
Replacing $eq cell `$auto$memory_map.cc:65:addr_decode$114' (1) in module `\dual_port_memory' with constant driver `$auto$rtlil.cc:1641:Eq$115 = $0$memwr$\Ram$dual_port_memory.v:19$1_ADDR[7:0]$3 [2]'.

9.2. Executing OPT_MERGE pass (detect identical cells).
Finding identical cells in module `\dual_port_memory'.
Removed a total of 0 cells.

9.3. Executing OPT_MUXTREE pass (detect dead branches in mux trees).
Running muxtree optimizer on module \dual_port_memory..
  Creating internal representation of mux trees.
  Evaluating internal representation of mux trees.
    Root of a mux tree: $memory\Ram$wrmux[5][0][0]$128 (pure)
    Root of a mux tree: $memory\Ram$wrmux[4][0][0]$122 (pure)
    Root of a mux tree: $memory\Ram$wrmux[6][0][0]$136 (pure)
    Root of a mux tree: $memory\Ram$wrmux[3][0][0]$112 (pure)
    Root of a mux tree: $memory\Ram$wrmux[2][0][0]$106 (pure)
    Root of a mux tree: $memory\Ram$wrmux[1][0][0]$96 (pure)
    Root of a mux tree: $memory\Ram$wrmux[0][0][0]$88 (pure)
    Root of a mux tree: $memory\Ram$wrmux[7][0][0]$142 (pure)
    Root of a mux tree: $procmux$13 (pure)
    Root of a mux tree: $procmux$16 (pure)
    Root of a mux tree: $procmux$19
    Root of a mux tree: $procmux$22 (pure)
  Analyzing evaluation results.
Removed 0 multiplexer ports.

9.4. Executing OPT_REDUCE pass (consolidate $*mux and $reduce_* inputs).
  Optimizing cells in module \dual_port_memory.
Performed a total of 0 changes.

9.5. Executing OPT_MERGE pass (detect identical cells).
Finding identical cells in module `\dual_port_memory'.
Removed a total of 0 cells.

9.6. Executing OPT_RMDFF pass (remove dff with constant values).

9.7. Executing OPT_CLEAN pass (remove unused cells and wires).
Finding unused cells or wires in module \dual_port_memory..

9.8. Executing OPT_EXPR pass (perform const folding).

9.9. Finished OPT passes. (There is nothing left to do.)

10. Executing TECHMAP pass (map to technology primitives).

10.1. Executing Verilog-2005 frontend.
Parsing Verilog input from `<techmap.v>' to AST representation.
Generating RTLIL representation for module `\_90_simplemap_bool_ops'.
Generating RTLIL representation for module `\_90_simplemap_reduce_ops'.
Generating RTLIL representation for module `\_90_simplemap_logic_ops'.
Generating RTLIL representation for module `\_90_simplemap_compare_ops'.
Generating RTLIL representation for module `\_90_simplemap_various'.
Generating RTLIL representation for module `\_90_simplemap_registers'.
Generating RTLIL representation for module `\_90_shift_ops_shr_shl_sshl_sshr'.
Generating RTLIL representation for module `\_90_shift_shiftx'.
Generating RTLIL representation for module `\_90_fa'.
Generating RTLIL representation for module `\_90_lcu'.
Generating RTLIL representation for module `\_90_alu'.
Generating RTLIL representation for module `\_90_macc'.
Generating RTLIL representation for module `\_90_alumacc'.
Generating RTLIL representation for module `\$__div_mod_u'.
Generating RTLIL representation for module `\$__div_mod'.
Generating RTLIL representation for module `\_90_div'.
Generating RTLIL representation for module `\_90_mod'.
Generating RTLIL representation for module `\_90_pow'.
Generating RTLIL representation for module `\_90_pmux'.
Generating RTLIL representation for module `\_90_lut'.
Successfully finished Verilog frontend.
Mapping dual_port_memory.$memory\Ram[6]$51 ($dff) with simplemap.
Mapping dual_port_memory.$memory\Ram[1]$41 ($dff) with simplemap.
Mapping dual_port_memory.$memory\Ram[5]$49 ($dff) with simplemap.
Mapping dual_port_memory.$memory\Ram[4]$47 ($dff) with simplemap.
Mapping dual_port_memory.$procmux$13 ($mux) with simplemap.
Mapping dual_port_memory.$procmux$16 ($mux) with simplemap.
Mapping dual_port_memory.$memory\Ram[3]$45 ($dff) with simplemap.
Mapping dual_port_memory.$procmux$19 ($mux) with simplemap.
Mapping dual_port_memory.$memory\Ram[2]$43 ($dff) with simplemap.
Mapping dual_port_memory.$procmux$22 ($mux) with simplemap.
Mapping dual_port_memory.$memory\Ram$rdmux[0][0][0]$55 ($mux) with simplemap.
Mapping dual_port_memory.$memory\Ram$rdmux[0][1][1]$61 ($mux) with simplemap.
Mapping dual_port_memory.$memory\Ram$rdmux[0][1][0]$58 ($mux) with simplemap.
Mapping dual_port_memory.$memory\Ram[7]$53 ($dff) with simplemap.
Mapping dual_port_memory.$memory\Ram[0]$39 ($dff) with simplemap.
Mapping dual_port_memory.$memory\Ram$rdmux[0][2][0]$64 ($mux) with simplemap.
Mapping dual_port_memory.$memory\Ram$rdmux[0][2][1]$67 ($mux) with simplemap.
Mapping dual_port_memory.$memory\Ram$rdmux[0][2][2]$70 ($mux) with simplemap.
Mapping dual_port_memory.$memory\Ram$rdmux[0][2][3]$73 ($mux) with simplemap.
Mapping dual_port_memory.$auto$memory_map.cc:65:addr_decode$76 ($not) with simplemap.
Mapping dual_port_memory.$auto$memory_map.cc:65:addr_decode$78 ($not) with simplemap.
Mapping dual_port_memory.$auto$memory_map.cc:65:addr_decode$80 ($not) with simplemap.
Mapping dual_port_memory.$auto$memory_map.cc:70:addr_decode$82 ($and) with simplemap.
Mapping dual_port_memory.$auto$memory_map.cc:70:addr_decode$84 ($and) with simplemap.
Mapping dual_port_memory.$memory\Ram$wren[0][0][0]$86 ($and) with simplemap.
Mapping dual_port_memory.$memory\Ram$wrmux[0][0][0]$88 ($mux) with simplemap.
Mapping dual_port_memory.$auto$memory_map.cc:70:addr_decode$92 ($and) with simplemap.
Mapping dual_port_memory.$memory\Ram$wren[1][0][0]$94 ($and) with simplemap.
Mapping dual_port_memory.$memory\Ram$wrmux[1][0][0]$96 ($mux) with simplemap.
Mapping dual_port_memory.$auto$memory_map.cc:70:addr_decode$100 ($and) with simplemap.
Mapping dual_port_memory.$auto$memory_map.cc:70:addr_decode$102 ($and) with simplemap.
Mapping dual_port_memory.$memory\Ram$wren[2][0][0]$104 ($and) with simplemap.
Mapping dual_port_memory.$memory\Ram$wrmux[2][0][0]$106 ($mux) with simplemap.
Mapping dual_port_memory.$auto$memory_map.cc:70:addr_decode$108 ($and) with simplemap.
Mapping dual_port_memory.$memory\Ram$wren[3][0][0]$110 ($and) with simplemap.
Mapping dual_port_memory.$memory\Ram$wrmux[3][0][0]$112 ($mux) with simplemap.
Mapping dual_port_memory.$auto$memory_map.cc:70:addr_decode$116 ($and) with simplemap.
Mapping dual_port_memory.$auto$memory_map.cc:70:addr_decode$118 ($and) with simplemap.
Mapping dual_port_memory.$memory\Ram$wren[4][0][0]$120 ($and) with simplemap.
Mapping dual_port_memory.$memory\Ram$wrmux[4][0][0]$122 ($mux) with simplemap.
Mapping dual_port_memory.$auto$memory_map.cc:70:addr_decode$124 ($and) with simplemap.
Mapping dual_port_memory.$memory\Ram$wren[5][0][0]$126 ($and) with simplemap.
Mapping dual_port_memory.$memory\Ram$wrmux[5][0][0]$128 ($mux) with simplemap.
Mapping dual_port_memory.$auto$memory_map.cc:70:addr_decode$130 ($and) with simplemap.
Mapping dual_port_memory.$auto$memory_map.cc:70:addr_decode$132 ($and) with simplemap.
Mapping dual_port_memory.$memory\Ram$wren[6][0][0]$134 ($and) with simplemap.
Mapping dual_port_memory.$memory\Ram$wrmux[6][0][0]$136 ($mux) with simplemap.
Mapping dual_port_memory.$auto$memory_map.cc:70:addr_decode$138 ($and) with simplemap.
Mapping dual_port_memory.$memory\Ram$wren[7][0][0]$140 ($and) with simplemap.
Mapping dual_port_memory.$memory\Ram$wrmux[7][0][0]$142 ($mux) with simplemap.
No more expansions possible.

11. Executing OPT pass (performing simple optimizations).

11.1. Executing OPT_EXPR pass (perform const folding).
Replacing $_MUX_ cell `$auto$simplemap.cc:277:simplemap_mux$218' (01?) in module `\dual_port_memory' with constant driver `$0$memwr$\Ram$dual_port_memory.v:19$1_EN[5:0]$5 [5] = \iWriteEnable'.

11.2. Executing OPT_MERGE pass (detect identical cells).
Finding identical cells in module `\dual_port_memory'.
Removed a total of 0 cells.

11.3. Executing OPT_MUXTREE pass (detect dead branches in mux trees).
Running muxtree optimizer on module \dual_port_memory..
  Creating internal representation of mux trees.
  No muxes found in this module.
Removed 0 multiplexer ports.

11.4. Executing OPT_REDUCE pass (consolidate $*mux and $reduce_* inputs).
  Optimizing cells in module \dual_port_memory.
Performed a total of 0 changes.

11.5. Executing OPT_MERGE pass (detect identical cells).
Finding identical cells in module `\dual_port_memory'.
Removed a total of 0 cells.

11.6. Executing OPT_RMDFF pass (remove dff with constant values).

11.7. Executing OPT_CLEAN pass (remove unused cells and wires).
Finding unused cells or wires in module \dual_port_memory..
  removing unused `$_MUX_' cell `$auto$simplemap.cc:277:simplemap_mux$240'.
  removing unused `$_MUX_' cell `$auto$simplemap.cc:277:simplemap_mux$241'.
  removing unused `$_MUX_' cell `$auto$simplemap.cc:277:simplemap_mux$242'.
  removing unused `$_MUX_' cell `$auto$simplemap.cc:277:simplemap_mux$243'.
  removing unused `$_MUX_' cell `$auto$simplemap.cc:277:simplemap_mux$244'.

11.8. Executing OPT_EXPR pass (perform const folding).

11.9. Rerunning OPT passes. (Maybe there is more to do..)

11.10. Executing OPT_MUXTREE pass (detect dead branches in mux trees).
Running muxtree optimizer on module \dual_port_memory..
  Creating internal representation of mux trees.
  No muxes found in this module.
Removed 0 multiplexer ports.

11.11. Executing OPT_REDUCE pass (consolidate $*mux and $reduce_* inputs).
  Optimizing cells in module \dual_port_memory.
Performed a total of 0 changes.

11.12. Executing OPT_MERGE pass (detect identical cells).
Finding identical cells in module `\dual_port_memory'.
Removed a total of 0 cells.

11.13. Executing OPT_RMDFF pass (remove dff with constant values).

11.14. Executing OPT_CLEAN pass (remove unused cells and wires).
Finding unused cells or wires in module \dual_port_memory..

11.15. Executing OPT_EXPR pass (perform const folding).

11.16. Finished OPT passes. (There is nothing left to do.)

12. Executing FLATTEN pass (flatten design).
No more expansions possible.

13. Executing OPT pass (performing simple optimizations).

13.1. Executing OPT_EXPR pass (perform const folding).

13.2. Executing OPT_MERGE pass (detect identical cells).
Finding identical cells in module `\dual_port_memory'.
Removed a total of 0 cells.

13.3. Executing OPT_MUXTREE pass (detect dead branches in mux trees).
Running muxtree optimizer on module \dual_port_memory..
  Creating internal representation of mux trees.
  No muxes found in this module.
Removed 0 multiplexer ports.

13.4. Executing OPT_REDUCE pass (consolidate $*mux and $reduce_* inputs).
  Optimizing cells in module \dual_port_memory.
Performed a total of 0 changes.

13.5. Executing OPT_MERGE pass (detect identical cells).
Finding identical cells in module `\dual_port_memory'.
Removed a total of 0 cells.

13.6. Executing OPT_RMDFF pass (remove dff with constant values).

13.7. Executing OPT_CLEAN pass (remove unused cells and wires).
Finding unused cells or wires in module \dual_port_memory..

13.8. Executing OPT_EXPR pass (perform const folding).

13.9. Finished OPT passes. (There is nothing left to do.)

14. Executing OPT_CLEAN pass (remove unused cells and wires).
Finding unused cells or wires in module \dual_port_memory..

15. Executing DFFLIBMAP pass (mapping DFF cells to sequential cells from liberty file).
  cell DFF (noninv, pins=3, area=18.00) is a direct match for cell type $_DFF_P_.
  cell DFFSR (noninv, pins=5, area=18.00) is a direct match for cell type $_DFFSR_PPP_.
  create mapping for $_DFFSR_PNP_ from mapping for $_DFFSR_PPP_.
  create mapping for $_DFFSR_PNN_ from mapping for $_DFFSR_PNP_.
  create mapping for $_DFFSR_PPN_ from mapping for $_DFFSR_PNN_.
  create mapping for $_DFF_N_ from mapping for $_DFF_P_.
  create mapping for $_DFFSR_NNN_ from mapping for $_DFFSR_PNN_.
  create mapping for $_DFFSR_NPN_ from mapping for $_DFFSR_NNN_.
  create mapping for $_DFFSR_NNP_ from mapping for $_DFFSR_NNN_.
  create mapping for $_DFFSR_NPP_ from mapping for $_DFFSR_NNP_.
  create mapping for $_DFF_NN0_ from mapping for $_DFFSR_NNN_.
  create mapping for $_DFF_NN1_ from mapping for $_DFFSR_NNN_.
  create mapping for $_DFF_NP0_ from mapping for $_DFFSR_NPP_.
  create mapping for $_DFF_NP1_ from mapping for $_DFFSR_NPP_.
  create mapping for $_DFF_PN0_ from mapping for $_DFFSR_PNN_.
  create mapping for $_DFF_PN1_ from mapping for $_DFFSR_PNN_.
  create mapping for $_DFF_PP0_ from mapping for $_DFFSR_PPP_.
  create mapping for $_DFF_PP1_ from mapping for $_DFFSR_PPP_.
  final dff cell mappings:
    DFF _DFF_N_ (.C(~C), .D( D), .Q( Q));
    DFF _DFF_P_ (.C( C), .D( D), .Q( Q));
    DFFSR _DFF_NN0_ (.C(~C), .D( D), .Q( Q), .R(~R), .S( 0));
    DFFSR _DFF_NN1_ (.C(~C), .D( D), .Q( Q), .R( 0), .S(~R));
    DFFSR _DFF_NP0_ (.C(~C), .D( D), .Q( Q), .R( R), .S( 0));
    DFFSR _DFF_NP1_ (.C(~C), .D( D), .Q( Q), .R( 0), .S( R));
    DFFSR _DFF_PN0_ (.C( C), .D( D), .Q( Q), .R(~R), .S( 0));
    DFFSR _DFF_PN1_ (.C( C), .D( D), .Q( Q), .R( 0), .S(~R));
    DFFSR _DFF_PP0_ (.C( C), .D( D), .Q( Q), .R( R), .S( 0));
    DFFSR _DFF_PP1_ (.C( C), .D( D), .Q( Q), .R( 0), .S( R));
    DFFSR _DFFSR_NNN_ (.C(~C), .D( D), .Q( Q), .R(~R), .S(~S));
    DFFSR _DFFSR_NNP_ (.C(~C), .D( D), .Q( Q), .R( R), .S(~S));
    DFFSR _DFFSR_NPN_ (.C(~C), .D( D), .Q( Q), .R(~R), .S( S));
    DFFSR _DFFSR_NPP_ (.C(~C), .D( D), .Q( Q), .R( R), .S( S));
    DFFSR _DFFSR_PNN_ (.C( C), .D( D), .Q( Q), .R(~R), .S(~S));
    DFFSR _DFFSR_PNP_ (.C( C), .D( D), .Q( Q), .R( R), .S(~S));
    DFFSR _DFFSR_PPN_ (.C( C), .D( D), .Q( Q), .R(~R), .S( S));
    DFFSR _DFFSR_PPP_ (.C( C), .D( D), .Q( Q), .R( R), .S( S));
Mapping DFF cells in module `\dual_port_memory':
  mapped 48 $_DFF_P_ cells to \DFF cells.

16. Executing ABC pass (technology mapping using ABC).

16.1. Extracting gate netlist of module `\dual_port_memory' to `<abc-temp-dir>/input.blif'..
Extracted 128 gates and 192 wires to a netlist network with 62 inputs and 54 outputs.

16.1.1. Executing ABC.
Running ABC command: berkeley-abc -s -f <abc-temp-dir>/abc.script 2>&1
ABC: ABC command line: "source <abc-temp-dir>/abc.script".
ABC: 
ABC: + read_blif <abc-temp-dir>/input.blif 
ABC: + read_lib -w /home/xu/files/i2019/varios/verilog/memories/Memoria_proyecto/20jun2019_2257/cmos_cells.lib 
ABC: Parsing finished successfully.  Parsing time =     0.00 sec
ABC: Warning: Templates are not defined.
ABC: Libery parser cannot read "time_unit".  Assuming   time_unit : "1ns".
ABC: Libery parser cannot read "capacitive_load_unit". Assuming   capacitive_load_unit(1, pf).
ABC: Scl_LibertyReadGenlib() skipped sequential cell "DFF".
ABC: Scl_LibertyReadGenlib() skipped sequential cell "DFFSR".
ABC: Library "demo" from "/home/xu/files/i2019/varios/verilog/memories/Memoria_proyecto/20jun2019_2257/cmos_cells.lib" has 4 cells (2 skipped: 2 seq; 0 tri-state; 0 no func).  Time =     0.00 sec
ABC: Memory =    0.00 MB. Time =     0.00 sec
ABC: + strash 
ABC: + dc2 
ABC: + scorr 
ABC: Warning: The network is combinational (run "fraig" or "fraig_sweep").
ABC: + ifraig 
ABC: + retime -o 
ABC: + strash 
ABC: + dch -f 
ABC: + map 
ABC: + write_blif <abc-temp-dir>/output.blif 

16.1.2. Re-integrating ABC results.
ABC RESULTS:              NAND cells:      207
ABC RESULTS:               NOR cells:       89
ABC RESULTS:               NOT cells:       58
ABC RESULTS:        internal signals:       76
ABC RESULTS:           input signals:       62
ABC RESULTS:          output signals:       54
Removing temp directory.

17. Printing statistics.

=== dual_port_memory ===

   Number of wires:                472
   Number of wire bits:            623
   Number of public wires:          15
   Number of public wire bits:      79
   Number of memories:               0
   Number of memory bits:            0
   Number of processes:              0
   Number of cells:                402
     DFF                            48
     NAND                          207
     NOR                            89
     NOT                            58

   Chip area for this module: 2222.000000

Removed 0 unused cells and 109 unused wires.

18. Executing Verilog backend.
Dumping module `\dual_port_memory'.

End of script. Logfile hash: f78955e69a
CPU: user 0.22s system 0.00s, MEM: 36.46 MB total, 9.68 MB resident
Yosys 0.7 (git sha1 61f6811, gcc 6.2.0-11ubuntu1 -O2 -fdebug-prefix-map=/build/yosys-OIL3SR/yosys-0.7=. -fstack-protector-strong -fPIC -Os)
Time spent: 19% 14x opt_expr (0 sec), 17% 14x opt_merge (0 sec), ...
