#! /usr/bin/vvp
:ivl_version "10.1 (stable)";
:ivl_delay_selection "TYPICAL";
:vpi_time_precision - 10;
:vpi_module "system";
:vpi_module "vhdl_sys";
:vpi_module "v2005_math";
:vpi_module "va_math";
S_0x960eee0 .scope module, "BUF" "BUF" 2 2;
 .timescale -9 -10;
    .port_info 0 /INPUT 1 "A"
    .port_info 1 /OUTPUT 1 "Y"
o0x96119e4 .functor BUFZ 1, C4<z>; HiZ drive
L_0x9640ef0 .functor BUFZ 1, o0x96119e4, C4<0>, C4<0>, C4<0>;
v0x960e380_0 .net "A", 0 0, o0x96119e4;  0 drivers
v0x960c240_0 .net "Y", 0 0, L_0x9640ef0;  1 drivers
S_0x960e830 .scope module, "DFFSR" "DFFSR" 2 33;
 .timescale -9 -10;
    .port_info 0 /INPUT 1 "C"
    .port_info 1 /INPUT 1 "D"
    .port_info 2 /OUTPUT 1 "Q"
    .port_info 3 /INPUT 1 "S"
    .port_info 4 /INPUT 1 "R"
o0x9611a44 .functor BUFZ 1, C4<z>; HiZ drive
v0x960d650_0 .net "C", 0 0, o0x9611a44;  0 drivers
o0x9611a5c .functor BUFZ 1, C4<z>; HiZ drive
v0x960d100_0 .net "D", 0 0, o0x9611a5c;  0 drivers
v0x960ca50_0 .var "Q", 0 0;
o0x9611a8c .functor BUFZ 1, C4<z>; HiZ drive
v0x960c3a0_0 .net "R", 0 0, o0x9611a8c;  0 drivers
o0x9611aa4 .functor BUFZ 1, C4<z>; HiZ drive
v0x9607ed0_0 .net "S", 0 0, o0x9611aa4;  0 drivers
E_0x960c9c0 .event posedge, v0x960c3a0_0, v0x9607ed0_0, v0x960d650_0;
S_0x960e180 .scope module, "Test_Bench" "Test_Bench" 3 12;
 .timescale -9 -10;
v0x96417f0_0 .net "clk", 0 0, v0x9641290_0;  1 drivers
v0x9641860_0 .net "data_in", 3 0, v0x96412f0_0;  1 drivers
RS_0x9611b64 .resolv tri, v0x9632490_0, L_0x9645d00;
v0x96418d0_0 .net8 "dataout0", 3 0, RS_0x9611b64;  2 drivers
RS_0x9611b7c .resolv tri, v0x9632500_0, L_0x9645fc0;
v0x9641930_0 .net8 "dataout1", 3 0, RS_0x9611b7c;  2 drivers
v0x96419a0_0 .net "reset_L", 0 0, v0x96414b0_0;  1 drivers
RS_0x9611bc4 .resolv tri, v0x9632690_0, v0x963eb90_0;
v0x9641a70_0 .net8 "valid_0", 0 0, RS_0x9611bc4;  2 drivers
RS_0x9611bdc .resolv tri, v0x9632700_0, v0x963ee40_0;
v0x9641ad0_0 .net8 "valid_1", 0 0, RS_0x9611bdc;  2 drivers
v0x9641b30_0 .net "valid_in", 0 0, v0x96416e0_0;  1 drivers
S_0x9632220 .scope module, "DM" "demux" 3 18, 4 10 0, S_0x960e180;
 .timescale -9 -10;
    .port_info 0 /INPUT 1 "clk"
    .port_info 1 /INPUT 1 "reset_L"
    .port_info 2 /INPUT 1 "valid_in"
    .port_info 3 /INPUT 4 "data_in"
    .port_info 4 /OUTPUT 4 "dataout0"
    .port_info 5 /OUTPUT 4 "dataout1"
    .port_info 6 /OUTPUT 1 "valid_0"
    .port_info 7 /OUTPUT 1 "valid_1"
v0x9632390_0 .net "clk", 0 0, v0x9641290_0;  alias, 1 drivers
v0x9632410_0 .net "data_in", 3 0, v0x96412f0_0;  alias, 1 drivers
v0x9632490_0 .var "dataout0", 3 0;
v0x9632500_0 .var "dataout1", 3 0;
v0x9632580_0 .net "reset_L", 0 0, v0x96414b0_0;  alias, 1 drivers
v0x9632620_0 .var "selectorL1", 0 0;
v0x9632690_0 .var "valid_0", 0 0;
v0x9632700_0 .var "valid_1", 0 0;
v0x9632770_0 .net "valid_in", 0 0, v0x96416e0_0;  alias, 1 drivers
E_0x95c7700 .event posedge, v0x9632390_0;
S_0x96328b0 .scope module, "DMEstr" "demuxEstructural" 3 30, 5 3 0, S_0x960e180;
 .timescale -9 -10;
    .port_info 0 /INPUT 1 "clk"
    .port_info 1 /INPUT 1 "reset_L"
    .port_info 2 /INPUT 1 "valid_in"
    .port_info 3 /INPUT 4 "data_in"
    .port_info 4 /OUTPUT 4 "dataout0"
    .port_info 5 /OUTPUT 4 "dataout1"
    .port_info 6 /OUTPUT 1 "valid_0"
    .port_info 7 /OUTPUT 1 "valid_1"
v0x963f1a0_0 .net "_000_", 3 0, L_0x9645850;  1 drivers
v0x963f220_0 .net "_001_", 3 0, L_0x9643ba0;  1 drivers
v0x963f2a0_0 .net "_002_", 0 0, L_0x96459f0;  1 drivers
v0x963f360_0 .net "_003_", 0 0, L_0x9641fb0;  1 drivers
v0x963f3c0_0 .net "_004_", 0 0, L_0x963f570;  1 drivers
v0x963f450_0 .net "_005_", 0 0, L_0x963eea0;  1 drivers
v0x963f4b0_0 .net "_006_", 0 0, L_0x9633760;  1 drivers
v0x963f510_0 .net "_007_", 0 0, L_0x9641d20;  1 drivers
v0x963f5b0_0 .net "_008_", 0 0, L_0x9641ea0;  1 drivers
v0x963f610_0 .net "_009_", 0 0, L_0x9642040;  1 drivers
v0x963f670_0 .net "_010_", 0 0, L_0x9642120;  1 drivers
v0x963f710_0 .net "_011_", 0 0, L_0x963f6d0;  1 drivers
v0x963f770_0 .net "_012_", 0 0, L_0x96422c0;  1 drivers
v0x963f810_0 .net "_013_", 0 0, L_0x963f7d0;  1 drivers
v0x963f8b0_0 .net "_014_", 0 0, L_0x963f870;  1 drivers
v0x963f950_0 .net "_015_", 0 0, L_0x96427f0;  1 drivers
v0x963f9f0_0 .net "_016_", 0 0, L_0x9642a10;  1 drivers
v0x963fa90_0 .net "_017_", 0 0, L_0x963fa50;  1 drivers
v0x963fb30_0 .net "_018_", 0 0, L_0x963faf0;  1 drivers
v0x963fbd0_0 .net "_019_", 0 0, L_0x9642e30;  1 drivers
v0x963fc70_0 .net "_020_", 0 0, L_0x9643010;  1 drivers
v0x963fd10_0 .net "_021_", 0 0, L_0x963fcd0;  1 drivers
v0x963fdb0_0 .net "_022_", 0 0, L_0x963fd70;  1 drivers
v0x963fe50_0 .net "_023_", 0 0, L_0x9643360;  1 drivers
v0x963fef0_0 .net "_024_", 0 0, L_0x96435c0;  1 drivers
v0x963ff90_0 .net "_025_", 0 0, L_0x963ff50;  1 drivers
v0x9640030_0 .net "_026_", 0 0, L_0x963fff0;  1 drivers
v0x96400d0_0 .net "_027_", 0 0, L_0x9643910;  1 drivers
v0x9640170_0 .net "_028_", 0 0, L_0x9643d40;  1 drivers
v0x9640210_0 .net "_029_", 0 0, L_0x9643e10;  1 drivers
v0x96402b0_0 .net "_030_", 0 0, L_0x96401d0;  1 drivers
v0x9640310_0 .net "_031_", 0 0, L_0x9643fe0;  1 drivers
v0x96403b0_0 .net "_032_", 0 0, L_0x9640370;  1 drivers
v0x9640450_0 .net "_033_", 0 0, L_0x9640410;  1 drivers
v0x96404f0_0 .net "_034_", 0 0, L_0x9644440;  1 drivers
v0x9640590_0 .net "_035_", 0 0, L_0x9644690;  1 drivers
v0x9640630_0 .net "_036_", 0 0, L_0x96405f0;  1 drivers
v0x96406d0_0 .net "_037_", 0 0, L_0x9640690;  1 drivers
v0x9640770_0 .net "_038_", 0 0, L_0x9644af0;  1 drivers
v0x9640810_0 .net "_039_", 0 0, L_0x9644ce0;  1 drivers
v0x96408b0_0 .net "_040_", 0 0, L_0x9640870;  1 drivers
v0x9640950_0 .net "_041_", 0 0, L_0x9640910;  1 drivers
v0x96409f0_0 .net "_042_", 0 0, L_0x9645030;  1 drivers
v0x9640a90_0 .net "_043_", 0 0, L_0x9645290;  1 drivers
v0x9640b30_0 .net "_044_", 0 0, L_0x9640af0;  1 drivers
v0x9640bd0_0 .net "_045_", 0 0, L_0x9640b90;  1 drivers
v0x9640c70_0 .net "_046_", 0 0, L_0x96455f0;  1 drivers
v0x9640d10_0 .net "clk", 0 0, v0x9641290_0;  alias, 1 drivers
v0x9640d70_0 .net "data_in", 3 0, v0x96412f0_0;  alias, 1 drivers
v0x9640dd0_0 .net8 "dataout0", 3 0, RS_0x9611b64;  alias, 2 drivers
v0x9640e30_0 .net8 "dataout1", 3 0, RS_0x9611b7c;  alias, 2 drivers
v0x9640e90_0 .net "reset_L", 0 0, v0x96414b0_0;  alias, 1 drivers
v0x9640f30_0 .net "selectorL1", 0 0, v0x963f110_0;  1 drivers
v0x9640f90_0 .net8 "valid_0", 0 0, RS_0x9611bc4;  alias, 2 drivers
v0x9640ff0_0 .net8 "valid_1", 0 0, RS_0x9611bdc;  alias, 2 drivers
v0x9641050_0 .net "valid_in", 0 0, v0x96416e0_0;  alias, 1 drivers
L_0x9642310 .part RS_0x9611b7c, 0, 1;
L_0x9642870 .part v0x96412f0_0, 0, 1;
L_0x9642a50 .part RS_0x9611b7c, 1, 1;
L_0x9642eb0 .part v0x96412f0_0, 1, 1;
L_0x9643050 .part RS_0x9611b7c, 2, 1;
L_0x96433e0 .part v0x96412f0_0, 2, 1;
L_0x9643600 .part RS_0x9611b7c, 3, 1;
L_0x9643990 .part v0x96412f0_0, 3, 1;
L_0x9643ba0 .concat8 [ 1 1 1 1], L_0x963f910, L_0x963fb90, L_0x963fe10, L_0x9640090;
L_0x9644030 .part RS_0x9611b64, 0, 1;
L_0x96444c0 .part v0x96412f0_0, 0, 1;
L_0x96446d0 .part RS_0x9611b64, 1, 1;
L_0x9644b70 .part v0x96412f0_0, 1, 1;
L_0x9644d20 .part RS_0x9611b64, 2, 1;
L_0x96450b0 .part v0x96412f0_0, 2, 1;
L_0x96452d0 .part RS_0x9611b64, 3, 1;
L_0x9645670 .part v0x96412f0_0, 3, 1;
L_0x9645850 .concat8 [ 1 1 1 1], L_0x96404b0, L_0x9640730, L_0x96409b0, L_0x9640c30;
L_0x9645a70 .part L_0x9645850, 0, 1;
L_0x9645b10 .part L_0x9645850, 1, 1;
L_0x9645bd0 .part L_0x9645850, 2, 1;
L_0x9645ca0 .part L_0x9645850, 3, 1;
L_0x9645d00 .concat8 [ 1 1 1 1], v0x963d3f0_0, v0x963d6c0_0, v0x963d970_0, v0x963dcb0_0;
L_0x9645e30 .part L_0x9643ba0, 0, 1;
L_0x9645b70 .part L_0x9643ba0, 1, 1;
L_0x9645f00 .part L_0x9643ba0, 2, 1;
L_0x9645f60 .part L_0x9643ba0, 3, 1;
L_0x9645fc0 .concat8 [ 1 1 1 1], v0x963df80_0, v0x963e250_0, v0x963e520_0, v0x963e8c0_0;
S_0x9632a30 .scope module, "_047_" "NOT" 5 60, 2 8 0, S_0x96328b0;
 .timescale -9 -10;
    .port_info 0 /INPUT 1 "A"
    .port_info 1 /OUTPUT 1 "Y"
L_0x963eea0 .functor NOT 1, v0x96414b0_0, C4<0>, C4<0>, C4<0>;
v0x9632b40_0 .net "A", 0 0, v0x96414b0_0;  alias, 1 drivers
v0x9632bb0_0 .net "Y", 0 0, L_0x963eea0;  alias, 1 drivers
S_0x9632c40 .scope module, "_048_" "NOT" 5 64, 2 8 0, S_0x96328b0;
 .timescale -9 -10;
    .port_info 0 /INPUT 1 "A"
    .port_info 1 /OUTPUT 1 "Y"
L_0x9633760 .functor NOT 1, v0x963f110_0, C4<0>, C4<0>, C4<0>;
v0x9632d40_0 .net "A", 0 0, v0x963f110_0;  alias, 1 drivers
v0x9632dc0_0 .net "Y", 0 0, L_0x9633760;  alias, 1 drivers
S_0x9632e60 .scope module, "_049_" "NAND" 5 68, 2 14 0, S_0x96328b0;
 .timescale -9 -10;
    .port_info 0 /INPUT 1 "A"
    .port_info 1 /INPUT 1 "B"
    .port_info 2 /OUTPUT 1 "Y"
L_0x9635fc0 .functor AND 1, L_0x9633760, v0x96416e0_0, C4<1>, C4<1>;
L_0x9641d20 .functor NOT 1, L_0x9635fc0, C4<0>, C4<0>, C4<0>;
v0x9632fb0_0 .net "A", 0 0, L_0x9633760;  alias, 1 drivers
v0x9633030_0 .net "B", 0 0, v0x96416e0_0;  alias, 1 drivers
v0x96330b0_0 .net "Y", 0 0, L_0x9641d20;  alias, 1 drivers
v0x9633130_0 .net *"_s0", 0 0, L_0x9635fc0;  1 drivers
S_0x96331d0 .scope module, "_050_" "NOR" 5 73, 2 20 0, S_0x96328b0;
 .timescale -9 -10;
    .port_info 0 /INPUT 1 "A"
    .port_info 1 /INPUT 1 "B"
    .port_info 2 /OUTPUT 1 "Y"
L_0x9641db0 .functor OR 1, L_0x9641d20, L_0x963eea0, C4<0>, C4<0>;
L_0x963f570 .functor NOT 1, L_0x9641db0, C4<0>, C4<0>, C4<0>;
v0x9633300_0 .net "A", 0 0, L_0x9641d20;  alias, 1 drivers
v0x9633390_0 .net "B", 0 0, L_0x963eea0;  alias, 1 drivers
v0x9633410_0 .net "Y", 0 0, L_0x963f570;  alias, 1 drivers
v0x9633490_0 .net *"_s0", 0 0, L_0x9641db0;  1 drivers
S_0x9633530 .scope module, "_051_" "NAND" 5 78, 2 14 0, S_0x96328b0;
 .timescale -9 -10;
    .port_info 0 /INPUT 1 "A"
    .port_info 1 /INPUT 1 "B"
    .port_info 2 /OUTPUT 1 "Y"
L_0x9641e50 .functor AND 1, v0x963f110_0, v0x96416e0_0, C4<1>, C4<1>;
L_0x9641ea0 .functor NOT 1, L_0x9641e50, C4<0>, C4<0>, C4<0>;
v0x9633690_0 .net "A", 0 0, v0x963f110_0;  alias, 1 drivers
v0x9633700_0 .net "B", 0 0, v0x96416e0_0;  alias, 1 drivers
v0x96337a0_0 .net "Y", 0 0, L_0x9641ea0;  alias, 1 drivers
v0x9633800_0 .net *"_s0", 0 0, L_0x9641e50;  1 drivers
S_0x96338b0 .scope module, "_052_" "NOR" 5 83, 2 20 0, S_0x96328b0;
 .timescale -9 -10;
    .port_info 0 /INPUT 1 "A"
    .port_info 1 /INPUT 1 "B"
    .port_info 2 /OUTPUT 1 "Y"
L_0x9641f60 .functor OR 1, L_0x9641ea0, L_0x963eea0, C4<0>, C4<0>;
L_0x9641fb0 .functor NOT 1, L_0x9641f60, C4<0>, C4<0>, C4<0>;
v0x96339e0_0 .net "A", 0 0, L_0x9641ea0;  alias, 1 drivers
v0x9633a70_0 .net "B", 0 0, L_0x963eea0;  alias, 1 drivers
v0x9633b10_0 .net "Y", 0 0, L_0x9641fb0;  alias, 1 drivers
v0x9633b70_0 .net *"_s0", 0 0, L_0x9641f60;  1 drivers
S_0x9633c20 .scope module, "_053_" "NOT" 5 88, 2 8 0, S_0x96328b0;
 .timescale -9 -10;
    .port_info 0 /INPUT 1 "A"
    .port_info 1 /OUTPUT 1 "Y"
L_0x9642040 .functor NOT 1, v0x96416e0_0, C4<0>, C4<0>, C4<0>;
v0x9633d40_0 .net "A", 0 0, v0x96416e0_0;  alias, 1 drivers
v0x9633db0_0 .net "Y", 0 0, L_0x9642040;  alias, 1 drivers
S_0x9633e50 .scope module, "_054_" "NAND" 5 92, 2 14 0, S_0x96328b0;
 .timescale -9 -10;
    .port_info 0 /INPUT 1 "A"
    .port_info 1 /INPUT 1 "B"
    .port_info 2 /OUTPUT 1 "Y"
L_0x9633ad0 .functor AND 1, RS_0x9611bdc, L_0x9642040, C4<1>, C4<1>;
L_0x9642120 .functor NOT 1, L_0x9633ad0, C4<0>, C4<0>, C4<0>;
v0x9633f80_0 .net8 "A", 0 0, RS_0x9611bdc;  alias, 2 drivers
v0x9634010_0 .net "B", 0 0, L_0x9642040;  alias, 1 drivers
v0x9634090_0 .net "Y", 0 0, L_0x9642120;  alias, 1 drivers
v0x9634110_0 .net *"_s0", 0 0, L_0x9633ad0;  1 drivers
S_0x96341b0 .scope module, "_055_" "NAND" 5 97, 2 14 0, S_0x96328b0;
 .timescale -9 -10;
    .port_info 0 /INPUT 1 "A"
    .port_info 1 /INPUT 1 "B"
    .port_info 2 /OUTPUT 1 "Y"
L_0x96421b0 .functor AND 1, L_0x9642120, L_0x9641ea0, C4<1>, C4<1>;
L_0x963f6d0 .functor NOT 1, L_0x96421b0, C4<0>, C4<0>, C4<0>;
v0x9634300_0 .net "A", 0 0, L_0x9642120;  alias, 1 drivers
v0x9634390_0 .net "B", 0 0, L_0x9641ea0;  alias, 1 drivers
v0x9634430_0 .net "Y", 0 0, L_0x963f6d0;  alias, 1 drivers
v0x9634490_0 .net *"_s0", 0 0, L_0x96421b0;  1 drivers
S_0x9634540 .scope module, "_056_" "NOT" 5 102, 2 8 0, S_0x96328b0;
 .timescale -9 -10;
    .port_info 0 /INPUT 1 "A"
    .port_info 1 /OUTPUT 1 "Y"
L_0x96422c0 .functor NOT 1, L_0x9642310, C4<0>, C4<0>, C4<0>;
v0x9634660_0 .net "A", 0 0, L_0x9642310;  1 drivers
v0x96346e0_0 .net "Y", 0 0, L_0x96422c0;  alias, 1 drivers
S_0x9634780 .scope module, "_057_" "NOR" 5 106, 2 20 0, S_0x96328b0;
 .timescale -9 -10;
    .port_info 0 /INPUT 1 "A"
    .port_info 1 /INPUT 1 "B"
    .port_info 2 /OUTPUT 1 "Y"
L_0x9641470 .functor OR 1, L_0x96422c0, L_0x963eea0, C4<0>, C4<0>;
L_0x963f7d0 .functor NOT 1, L_0x9641470, C4<0>, C4<0>, C4<0>;
v0x96348b0_0 .net "A", 0 0, L_0x96422c0;  alias, 1 drivers
v0x9634940_0 .net "B", 0 0, L_0x963eea0;  alias, 1 drivers
v0x96349a0_0 .net "Y", 0 0, L_0x963f7d0;  alias, 1 drivers
v0x9634a20_0 .net *"_s0", 0 0, L_0x9641470;  1 drivers
S_0x9634ad0 .scope module, "_058_" "NAND" 5 111, 2 14 0, S_0x96328b0;
 .timescale -9 -10;
    .port_info 0 /INPUT 1 "A"
    .port_info 1 /INPUT 1 "B"
    .port_info 2 /OUTPUT 1 "Y"
L_0x9642690 .functor AND 1, L_0x963f7d0, L_0x963f6d0, C4<1>, C4<1>;
L_0x963f870 .functor NOT 1, L_0x9642690, C4<0>, C4<0>, C4<0>;
v0x9634c00_0 .net "A", 0 0, L_0x963f7d0;  alias, 1 drivers
v0x9634c90_0 .net "B", 0 0, L_0x963f6d0;  alias, 1 drivers
v0x9634d10_0 .net "Y", 0 0, L_0x963f870;  alias, 1 drivers
v0x9634d90_0 .net *"_s0", 0 0, L_0x9642690;  1 drivers
S_0x9634e30 .scope module, "_059_" "NAND" 5 116, 2 14 0, S_0x96328b0;
 .timescale -9 -10;
    .port_info 0 /INPUT 1 "A"
    .port_info 1 /INPUT 1 "B"
    .port_info 2 /OUTPUT 1 "Y"
L_0x96427a0 .functor AND 1, L_0x963f570, L_0x9642870, C4<1>, C4<1>;
L_0x96427f0 .functor NOT 1, L_0x96427a0, C4<0>, C4<0>, C4<0>;
v0x9634f60_0 .net "A", 0 0, L_0x963f570;  alias, 1 drivers
v0x9634ff0_0 .net "B", 0 0, L_0x9642870;  1 drivers
v0x9635050_0 .net "Y", 0 0, L_0x96427f0;  alias, 1 drivers
v0x96350d0_0 .net *"_s0", 0 0, L_0x96427a0;  1 drivers
S_0x9635190 .scope module, "_060_" "NAND" 5 121, 2 14 0, S_0x96328b0;
 .timescale -9 -10;
    .port_info 0 /INPUT 1 "A"
    .port_info 1 /INPUT 1 "B"
    .port_info 2 /OUTPUT 1 "Y"
L_0x963a9f0 .functor AND 1, L_0x96427f0, L_0x963f870, C4<1>, C4<1>;
L_0x963f910 .functor NOT 1, L_0x963a9f0, C4<0>, C4<0>, C4<0>;
v0x96352c0_0 .net "A", 0 0, L_0x96427f0;  alias, 1 drivers
v0x9635350_0 .net "B", 0 0, L_0x963f870;  alias, 1 drivers
v0x96353d0_0 .net "Y", 0 0, L_0x963f910;  1 drivers
v0x9635450_0 .net *"_s0", 0 0, L_0x963a9f0;  1 drivers
S_0x96354f0 .scope module, "_061_" "NOT" 5 126, 2 8 0, S_0x96328b0;
 .timescale -9 -10;
    .port_info 0 /INPUT 1 "A"
    .port_info 1 /OUTPUT 1 "Y"
L_0x9642a10 .functor NOT 1, L_0x9642a50, C4<0>, C4<0>, C4<0>;
v0x9635610_0 .net "A", 0 0, L_0x9642a50;  1 drivers
v0x9635690_0 .net "Y", 0 0, L_0x9642a10;  alias, 1 drivers
S_0x9635730 .scope module, "_062_" "NOR" 5 130, 2 20 0, S_0x96328b0;
 .timescale -9 -10;
    .port_info 0 /INPUT 1 "A"
    .port_info 1 /INPUT 1 "B"
    .port_info 2 /OUTPUT 1 "Y"
L_0x9642af0 .functor OR 1, L_0x9642a10, L_0x963eea0, C4<0>, C4<0>;
L_0x963fa50 .functor NOT 1, L_0x9642af0, C4<0>, C4<0>, C4<0>;
v0x9635860_0 .net "A", 0 0, L_0x9642a10;  alias, 1 drivers
v0x96358f0_0 .net "B", 0 0, L_0x963eea0;  alias, 1 drivers
v0x96359c0_0 .net "Y", 0 0, L_0x963fa50;  alias, 1 drivers
v0x9635a40_0 .net *"_s0", 0 0, L_0x9642af0;  1 drivers
S_0x9635af0 .scope module, "_063_" "NAND" 5 135, 2 14 0, S_0x96328b0;
 .timescale -9 -10;
    .port_info 0 /INPUT 1 "A"
    .port_info 1 /INPUT 1 "B"
    .port_info 2 /OUTPUT 1 "Y"
L_0x9642c00 .functor AND 1, L_0x963fa50, L_0x963f6d0, C4<1>, C4<1>;
L_0x963faf0 .functor NOT 1, L_0x9642c00, C4<0>, C4<0>, C4<0>;
v0x9635c20_0 .net "A", 0 0, L_0x963fa50;  alias, 1 drivers
v0x9635cb0_0 .net "B", 0 0, L_0x963f6d0;  alias, 1 drivers
v0x9635d10_0 .net "Y", 0 0, L_0x963faf0;  alias, 1 drivers
v0x9635d70_0 .net *"_s0", 0 0, L_0x9642c00;  1 drivers
S_0x9635e20 .scope module, "_064_" "NAND" 5 140, 2 14 0, S_0x96328b0;
 .timescale -9 -10;
    .port_info 0 /INPUT 1 "A"
    .port_info 1 /INPUT 1 "B"
    .port_info 2 /OUTPUT 1 "Y"
L_0x9642de0 .functor AND 1, L_0x963f570, L_0x9642eb0, C4<1>, C4<1>;
L_0x9642e30 .functor NOT 1, L_0x9642de0, C4<0>, C4<0>, C4<0>;
v0x9635f50_0 .net "A", 0 0, L_0x963f570;  alias, 1 drivers
v0x9636000_0 .net "B", 0 0, L_0x9642eb0;  1 drivers
v0x9636070_0 .net "Y", 0 0, L_0x9642e30;  alias, 1 drivers
v0x96360d0_0 .net *"_s0", 0 0, L_0x9642de0;  1 drivers
S_0x9636190 .scope module, "_065_" "NAND" 5 145, 2 14 0, S_0x96328b0;
 .timescale -9 -10;
    .port_info 0 /INPUT 1 "A"
    .port_info 1 /INPUT 1 "B"
    .port_info 2 /OUTPUT 1 "Y"
L_0x9642f50 .functor AND 1, L_0x9642e30, L_0x963faf0, C4<1>, C4<1>;
L_0x963fb90 .functor NOT 1, L_0x9642f50, C4<0>, C4<0>, C4<0>;
v0x96362c0_0 .net "A", 0 0, L_0x9642e30;  alias, 1 drivers
v0x9636350_0 .net "B", 0 0, L_0x963faf0;  alias, 1 drivers
v0x96363d0_0 .net "Y", 0 0, L_0x963fb90;  1 drivers
v0x9636450_0 .net *"_s0", 0 0, L_0x9642f50;  1 drivers
S_0x96364f0 .scope module, "_066_" "NOT" 5 150, 2 8 0, S_0x96328b0;
 .timescale -9 -10;
    .port_info 0 /INPUT 1 "A"
    .port_info 1 /OUTPUT 1 "Y"
L_0x9643010 .functor NOT 1, L_0x9643050, C4<0>, C4<0>, C4<0>;
v0x9636610_0 .net "A", 0 0, L_0x9643050;  1 drivers
v0x9636690_0 .net "Y", 0 0, L_0x9643010;  alias, 1 drivers
S_0x9636730 .scope module, "_067_" "NOR" 5 154, 2 20 0, S_0x96328b0;
 .timescale -9 -10;
    .port_info 0 /INPUT 1 "A"
    .port_info 1 /INPUT 1 "B"
    .port_info 2 /OUTPUT 1 "Y"
L_0x96430f0 .functor OR 1, L_0x9643010, L_0x963eea0, C4<0>, C4<0>;
L_0x963fcd0 .functor NOT 1, L_0x96430f0, C4<0>, C4<0>, C4<0>;
v0x9636860_0 .net "A", 0 0, L_0x9643010;  alias, 1 drivers
v0x96368f0_0 .net "B", 0 0, L_0x963eea0;  alias, 1 drivers
v0x9636950_0 .net "Y", 0 0, L_0x963fcd0;  alias, 1 drivers
v0x96369d0_0 .net *"_s0", 0 0, L_0x96430f0;  1 drivers
S_0x9636a80 .scope module, "_068_" "NAND" 5 159, 2 14 0, S_0x96328b0;
 .timescale -9 -10;
    .port_info 0 /INPUT 1 "A"
    .port_info 1 /INPUT 1 "B"
    .port_info 2 /OUTPUT 1 "Y"
L_0x9643200 .functor AND 1, L_0x963fcd0, L_0x963f6d0, C4<1>, C4<1>;
L_0x963fd70 .functor NOT 1, L_0x9643200, C4<0>, C4<0>, C4<0>;
v0x9636bb0_0 .net "A", 0 0, L_0x963fcd0;  alias, 1 drivers
v0x9636c40_0 .net "B", 0 0, L_0x963f6d0;  alias, 1 drivers
v0x9636ca0_0 .net "Y", 0 0, L_0x963fd70;  alias, 1 drivers
v0x9636d20_0 .net *"_s0", 0 0, L_0x9643200;  1 drivers
S_0x9636dd0 .scope module, "_069_" "NAND" 5 164, 2 14 0, S_0x96328b0;
 .timescale -9 -10;
    .port_info 0 /INPUT 1 "A"
    .port_info 1 /INPUT 1 "B"
    .port_info 2 /OUTPUT 1 "Y"
L_0x9643310 .functor AND 1, L_0x963f570, L_0x96433e0, C4<1>, C4<1>;
L_0x9643360 .functor NOT 1, L_0x9643310, C4<0>, C4<0>, C4<0>;
v0x9636f00_0 .net "A", 0 0, L_0x963f570;  alias, 1 drivers
v0x9636f70_0 .net "B", 0 0, L_0x96433e0;  1 drivers
v0x9636fe0_0 .net "Y", 0 0, L_0x9643360;  alias, 1 drivers
v0x9637060_0 .net *"_s0", 0 0, L_0x9643310;  1 drivers
S_0x9637120 .scope module, "_070_" "NAND" 5 169, 2 14 0, S_0x96328b0;
 .timescale -9 -10;
    .port_info 0 /INPUT 1 "A"
    .port_info 1 /INPUT 1 "B"
    .port_info 2 /OUTPUT 1 "Y"
L_0x9643480 .functor AND 1, L_0x9643360, L_0x963fd70, C4<1>, C4<1>;
L_0x963fe10 .functor NOT 1, L_0x9643480, C4<0>, C4<0>, C4<0>;
v0x9637250_0 .net "A", 0 0, L_0x9643360;  alias, 1 drivers
v0x96372e0_0 .net "B", 0 0, L_0x963fd70;  alias, 1 drivers
v0x9637360_0 .net "Y", 0 0, L_0x963fe10;  1 drivers
v0x96373e0_0 .net *"_s0", 0 0, L_0x9643480;  1 drivers
S_0x9637480 .scope module, "_071_" "NOT" 5 174, 2 8 0, S_0x96328b0;
 .timescale -9 -10;
    .port_info 0 /INPUT 1 "A"
    .port_info 1 /OUTPUT 1 "Y"
L_0x96435c0 .functor NOT 1, L_0x9643600, C4<0>, C4<0>, C4<0>;
v0x96375a0_0 .net "A", 0 0, L_0x9643600;  1 drivers
v0x9637620_0 .net "Y", 0 0, L_0x96435c0;  alias, 1 drivers
S_0x96376c0 .scope module, "_072_" "NOR" 5 178, 2 20 0, S_0x96328b0;
 .timescale -9 -10;
    .port_info 0 /INPUT 1 "A"
    .port_info 1 /INPUT 1 "B"
    .port_info 2 /OUTPUT 1 "Y"
L_0x96436a0 .functor OR 1, L_0x96435c0, L_0x963eea0, C4<0>, C4<0>;
L_0x963ff50 .functor NOT 1, L_0x96436a0, C4<0>, C4<0>, C4<0>;
v0x96377f0_0 .net "A", 0 0, L_0x96435c0;  alias, 1 drivers
v0x9637880_0 .net "B", 0 0, L_0x963eea0;  alias, 1 drivers
v0x96378e0_0 .net "Y", 0 0, L_0x963ff50;  alias, 1 drivers
v0x9637960_0 .net *"_s0", 0 0, L_0x96436a0;  1 drivers
S_0x9637a10 .scope module, "_073_" "NAND" 5 183, 2 14 0, S_0x96328b0;
 .timescale -9 -10;
    .port_info 0 /INPUT 1 "A"
    .port_info 1 /INPUT 1 "B"
    .port_info 2 /OUTPUT 1 "Y"
L_0x96437b0 .functor AND 1, L_0x963ff50, L_0x963f6d0, C4<1>, C4<1>;
L_0x963fff0 .functor NOT 1, L_0x96437b0, C4<0>, C4<0>, C4<0>;
v0x9637b40_0 .net "A", 0 0, L_0x963ff50;  alias, 1 drivers
v0x9637bd0_0 .net "B", 0 0, L_0x963f6d0;  alias, 1 drivers
v0x9637ca0_0 .net "Y", 0 0, L_0x963fff0;  alias, 1 drivers
v0x9637d20_0 .net *"_s0", 0 0, L_0x96437b0;  1 drivers
S_0x9637dd0 .scope module, "_074_" "NAND" 5 188, 2 14 0, S_0x96328b0;
 .timescale -9 -10;
    .port_info 0 /INPUT 1 "A"
    .port_info 1 /INPUT 1 "B"
    .port_info 2 /OUTPUT 1 "Y"
L_0x96438c0 .functor AND 1, L_0x963f570, L_0x9643990, C4<1>, C4<1>;
L_0x9643910 .functor NOT 1, L_0x96438c0, C4<0>, C4<0>, C4<0>;
v0x9637f00_0 .net "A", 0 0, L_0x963f570;  alias, 1 drivers
v0x9637fe0_0 .net "B", 0 0, L_0x9643990;  1 drivers
v0x9638050_0 .net "Y", 0 0, L_0x9643910;  alias, 1 drivers
v0x96380d0_0 .net *"_s0", 0 0, L_0x96438c0;  1 drivers
S_0x9638190 .scope module, "_075_" "NAND" 5 193, 2 14 0, S_0x96328b0;
 .timescale -9 -10;
    .port_info 0 /INPUT 1 "A"
    .port_info 1 /INPUT 1 "B"
    .port_info 2 /OUTPUT 1 "Y"
L_0x9643a60 .functor AND 1, L_0x9643910, L_0x963fff0, C4<1>, C4<1>;
L_0x9640090 .functor NOT 1, L_0x9643a60, C4<0>, C4<0>, C4<0>;
v0x96382c0_0 .net "A", 0 0, L_0x9643910;  alias, 1 drivers
v0x9638350_0 .net "B", 0 0, L_0x963fff0;  alias, 1 drivers
v0x96383d0_0 .net "Y", 0 0, L_0x9640090;  1 drivers
v0x9638450_0 .net *"_s0", 0 0, L_0x9643a60;  1 drivers
S_0x96384f0 .scope module, "_076_" "NOR" 5 198, 2 20 0, S_0x96328b0;
 .timescale -9 -10;
    .port_info 0 /INPUT 1 "A"
    .port_info 1 /INPUT 1 "B"
    .port_info 2 /OUTPUT 1 "Y"
L_0x9643d00 .functor OR 1, L_0x9633760, L_0x9642040, C4<0>, C4<0>;
L_0x9643d40 .functor NOT 1, L_0x9643d00, C4<0>, C4<0>, C4<0>;
v0x9638620_0 .net "A", 0 0, L_0x9633760;  alias, 1 drivers
v0x9638690_0 .net "B", 0 0, L_0x9642040;  alias, 1 drivers
v0x9638700_0 .net "Y", 0 0, L_0x9643d40;  alias, 1 drivers
v0x9638760_0 .net *"_s0", 0 0, L_0x9643d00;  1 drivers
S_0x9638810 .scope module, "_077_" "NOR" 5 203, 2 20 0, S_0x96328b0;
 .timescale -9 -10;
    .port_info 0 /INPUT 1 "A"
    .port_info 1 /INPUT 1 "B"
    .port_info 2 /OUTPUT 1 "Y"
L_0x9643dc0 .functor OR 1, RS_0x9611bc4, v0x96416e0_0, C4<0>, C4<0>;
L_0x9643e10 .functor NOT 1, L_0x9643dc0, C4<0>, C4<0>, C4<0>;
v0x9638940_0 .net8 "A", 0 0, RS_0x9611bc4;  alias, 2 drivers
v0x96389b0_0 .net "B", 0 0, v0x96416e0_0;  alias, 1 drivers
v0x9638a80_0 .net "Y", 0 0, L_0x9643e10;  alias, 1 drivers
v0x9638b00_0 .net *"_s0", 0 0, L_0x9643dc0;  1 drivers
S_0x9638bb0 .scope module, "_078_" "NOR" 5 208, 2 20 0, S_0x96328b0;
 .timescale -9 -10;
    .port_info 0 /INPUT 1 "A"
    .port_info 1 /INPUT 1 "B"
    .port_info 2 /OUTPUT 1 "Y"
L_0x9643ea0 .functor OR 1, L_0x9643e10, L_0x9643d40, C4<0>, C4<0>;
L_0x96401d0 .functor NOT 1, L_0x9643ea0, C4<0>, C4<0>, C4<0>;
v0x9638ce0_0 .net "A", 0 0, L_0x9643e10;  alias, 1 drivers
v0x9638d70_0 .net "B", 0 0, L_0x9643d40;  alias, 1 drivers
v0x9638df0_0 .net "Y", 0 0, L_0x96401d0;  alias, 1 drivers
v0x9638e70_0 .net *"_s0", 0 0, L_0x9643ea0;  1 drivers
S_0x9638f10 .scope module, "_079_" "NOT" 5 213, 2 8 0, S_0x96328b0;
 .timescale -9 -10;
    .port_info 0 /INPUT 1 "A"
    .port_info 1 /OUTPUT 1 "Y"
L_0x9643fe0 .functor NOT 1, L_0x9644030, C4<0>, C4<0>, C4<0>;
v0x9639030_0 .net "A", 0 0, L_0x9644030;  1 drivers
v0x96390b0_0 .net "Y", 0 0, L_0x9643fe0;  alias, 1 drivers
S_0x9639150 .scope module, "_080_" "NOR" 5 217, 2 20 0, S_0x96328b0;
 .timescale -9 -10;
    .port_info 0 /INPUT 1 "A"
    .port_info 1 /INPUT 1 "B"
    .port_info 2 /OUTPUT 1 "Y"
L_0x96413c0 .functor OR 1, L_0x9643fe0, L_0x963eea0, C4<0>, C4<0>;
L_0x9640370 .functor NOT 1, L_0x96413c0, C4<0>, C4<0>, C4<0>;
v0x9639280_0 .net "A", 0 0, L_0x9643fe0;  alias, 1 drivers
v0x9639310_0 .net "B", 0 0, L_0x963eea0;  alias, 1 drivers
v0x9639370_0 .net "Y", 0 0, L_0x9640370;  alias, 1 drivers
v0x96393f0_0 .net *"_s0", 0 0, L_0x96413c0;  1 drivers
S_0x96394a0 .scope module, "_081_" "NAND" 5 222, 2 14 0, S_0x96328b0;
 .timescale -9 -10;
    .port_info 0 /INPUT 1 "A"
    .port_info 1 /INPUT 1 "B"
    .port_info 2 /OUTPUT 1 "Y"
L_0x9644210 .functor AND 1, L_0x9640370, L_0x96401d0, C4<1>, C4<1>;
L_0x9640410 .functor NOT 1, L_0x9644210, C4<0>, C4<0>, C4<0>;
v0x96395d0_0 .net "A", 0 0, L_0x9640370;  alias, 1 drivers
v0x9639660_0 .net "B", 0 0, L_0x96401d0;  alias, 1 drivers
v0x96396e0_0 .net "Y", 0 0, L_0x9640410;  alias, 1 drivers
v0x9639760_0 .net *"_s0", 0 0, L_0x9644210;  1 drivers
S_0x9639800 .scope module, "_082_" "NAND" 5 227, 2 14 0, S_0x96328b0;
 .timescale -9 -10;
    .port_info 0 /INPUT 1 "A"
    .port_info 1 /INPUT 1 "B"
    .port_info 2 /OUTPUT 1 "Y"
L_0x9644320 .functor AND 1, L_0x9641fb0, L_0x96444c0, C4<1>, C4<1>;
L_0x9644440 .functor NOT 1, L_0x9644320, C4<0>, C4<0>, C4<0>;
v0x9639930_0 .net "A", 0 0, L_0x9641fb0;  alias, 1 drivers
v0x96399c0_0 .net "B", 0 0, L_0x96444c0;  1 drivers
v0x9639a20_0 .net "Y", 0 0, L_0x9644440;  alias, 1 drivers
v0x9639aa0_0 .net *"_s0", 0 0, L_0x9644320;  1 drivers
S_0x9639b60 .scope module, "_083_" "NAND" 5 232, 2 14 0, S_0x96328b0;
 .timescale -9 -10;
    .port_info 0 /INPUT 1 "A"
    .port_info 1 /INPUT 1 "B"
    .port_info 2 /OUTPUT 1 "Y"
L_0x9644630 .functor AND 1, L_0x9644440, L_0x9640410, C4<1>, C4<1>;
L_0x96404b0 .functor NOT 1, L_0x9644630, C4<0>, C4<0>, C4<0>;
v0x9639c90_0 .net "A", 0 0, L_0x9644440;  alias, 1 drivers
v0x9639d20_0 .net "B", 0 0, L_0x9640410;  alias, 1 drivers
v0x9639da0_0 .net "Y", 0 0, L_0x96404b0;  1 drivers
v0x9639e20_0 .net *"_s0", 0 0, L_0x9644630;  1 drivers
S_0x9639ec0 .scope module, "_084_" "NOT" 5 237, 2 8 0, S_0x96328b0;
 .timescale -9 -10;
    .port_info 0 /INPUT 1 "A"
    .port_info 1 /OUTPUT 1 "Y"
L_0x9644690 .functor NOT 1, L_0x96446d0, C4<0>, C4<0>, C4<0>;
v0x9639fe0_0 .net "A", 0 0, L_0x96446d0;  1 drivers
v0x963a060_0 .net "Y", 0 0, L_0x9644690;  alias, 1 drivers
S_0x963a100 .scope module, "_085_" "NOR" 5 241, 2 20 0, S_0x96328b0;
 .timescale -9 -10;
    .port_info 0 /INPUT 1 "A"
    .port_info 1 /INPUT 1 "B"
    .port_info 2 /OUTPUT 1 "Y"
L_0x96447b0 .functor OR 1, L_0x9644690, L_0x963eea0, C4<0>, C4<0>;
L_0x96405f0 .functor NOT 1, L_0x96447b0, C4<0>, C4<0>, C4<0>;
v0x963a230_0 .net "A", 0 0, L_0x9644690;  alias, 1 drivers
v0x963a2c0_0 .net "B", 0 0, L_0x963eea0;  alias, 1 drivers
v0x963a3f0_0 .net "Y", 0 0, L_0x96405f0;  alias, 1 drivers
v0x963a470_0 .net *"_s0", 0 0, L_0x96447b0;  1 drivers
S_0x963a520 .scope module, "_086_" "NAND" 5 246, 2 14 0, S_0x96328b0;
 .timescale -9 -10;
    .port_info 0 /INPUT 1 "A"
    .port_info 1 /INPUT 1 "B"
    .port_info 2 /OUTPUT 1 "Y"
L_0x96448c0 .functor AND 1, L_0x96405f0, L_0x96401d0, C4<1>, C4<1>;
L_0x9640690 .functor NOT 1, L_0x96448c0, C4<0>, C4<0>, C4<0>;
v0x963a650_0 .net "A", 0 0, L_0x96405f0;  alias, 1 drivers
v0x963a6e0_0 .net "B", 0 0, L_0x96401d0;  alias, 1 drivers
v0x963a740_0 .net "Y", 0 0, L_0x9640690;  alias, 1 drivers
v0x963a7a0_0 .net *"_s0", 0 0, L_0x96448c0;  1 drivers
S_0x963a850 .scope module, "_087_" "NAND" 5 251, 2 14 0, S_0x96328b0;
 .timescale -9 -10;
    .port_info 0 /INPUT 1 "A"
    .port_info 1 /INPUT 1 "B"
    .port_info 2 /OUTPUT 1 "Y"
L_0x9644aa0 .functor AND 1, L_0x9641fb0, L_0x9644b70, C4<1>, C4<1>;
L_0x9644af0 .functor NOT 1, L_0x9644aa0, C4<0>, C4<0>, C4<0>;
v0x963a980_0 .net "A", 0 0, L_0x9641fb0;  alias, 1 drivers
v0x963aa30_0 .net "B", 0 0, L_0x9644b70;  1 drivers
v0x963aaa0_0 .net "Y", 0 0, L_0x9644af0;  alias, 1 drivers
v0x963ab00_0 .net *"_s0", 0 0, L_0x9644aa0;  1 drivers
S_0x963abc0 .scope module, "_088_" "NAND" 5 256, 2 14 0, S_0x96328b0;
 .timescale -9 -10;
    .port_info 0 /INPUT 1 "A"
    .port_info 1 /INPUT 1 "B"
    .port_info 2 /OUTPUT 1 "Y"
L_0x9644c10 .functor AND 1, L_0x9644af0, L_0x9640690, C4<1>, C4<1>;
L_0x9640730 .functor NOT 1, L_0x9644c10, C4<0>, C4<0>, C4<0>;
v0x963acf0_0 .net "A", 0 0, L_0x9644af0;  alias, 1 drivers
v0x963ad80_0 .net "B", 0 0, L_0x9640690;  alias, 1 drivers
v0x963ae00_0 .net "Y", 0 0, L_0x9640730;  1 drivers
v0x963ae80_0 .net *"_s0", 0 0, L_0x9644c10;  1 drivers
S_0x963af20 .scope module, "_089_" "NOT" 5 261, 2 8 0, S_0x96328b0;
 .timescale -9 -10;
    .port_info 0 /INPUT 1 "A"
    .port_info 1 /OUTPUT 1 "Y"
L_0x9644ce0 .functor NOT 1, L_0x9644d20, C4<0>, C4<0>, C4<0>;
v0x963b040_0 .net "A", 0 0, L_0x9644d20;  1 drivers
v0x963b0c0_0 .net "Y", 0 0, L_0x9644ce0;  alias, 1 drivers
S_0x963b160 .scope module, "_090_" "NOR" 5 265, 2 20 0, S_0x96328b0;
 .timescale -9 -10;
    .port_info 0 /INPUT 1 "A"
    .port_info 1 /INPUT 1 "B"
    .port_info 2 /OUTPUT 1 "Y"
L_0x9644dc0 .functor OR 1, L_0x9644ce0, L_0x963eea0, C4<0>, C4<0>;
L_0x9640870 .functor NOT 1, L_0x9644dc0, C4<0>, C4<0>, C4<0>;
v0x963b290_0 .net "A", 0 0, L_0x9644ce0;  alias, 1 drivers
v0x963b320_0 .net "B", 0 0, L_0x963eea0;  alias, 1 drivers
v0x963b380_0 .net "Y", 0 0, L_0x9640870;  alias, 1 drivers
v0x963b400_0 .net *"_s0", 0 0, L_0x9644dc0;  1 drivers
S_0x963b4b0 .scope module, "_091_" "NAND" 5 270, 2 14 0, S_0x96328b0;
 .timescale -9 -10;
    .port_info 0 /INPUT 1 "A"
    .port_info 1 /INPUT 1 "B"
    .port_info 2 /OUTPUT 1 "Y"
L_0x9644ed0 .functor AND 1, L_0x9640870, L_0x96401d0, C4<1>, C4<1>;
L_0x9640910 .functor NOT 1, L_0x9644ed0, C4<0>, C4<0>, C4<0>;
v0x963b5e0_0 .net "A", 0 0, L_0x9640870;  alias, 1 drivers
v0x963b670_0 .net "B", 0 0, L_0x96401d0;  alias, 1 drivers
v0x963b6d0_0 .net "Y", 0 0, L_0x9640910;  alias, 1 drivers
v0x963b750_0 .net *"_s0", 0 0, L_0x9644ed0;  1 drivers
S_0x963b800 .scope module, "_092_" "NAND" 5 275, 2 14 0, S_0x96328b0;
 .timescale -9 -10;
    .port_info 0 /INPUT 1 "A"
    .port_info 1 /INPUT 1 "B"
    .port_info 2 /OUTPUT 1 "Y"
L_0x9644fe0 .functor AND 1, L_0x9641fb0, L_0x96450b0, C4<1>, C4<1>;
L_0x9645030 .functor NOT 1, L_0x9644fe0, C4<0>, C4<0>, C4<0>;
v0x963b930_0 .net "A", 0 0, L_0x9641fb0;  alias, 1 drivers
v0x963b9a0_0 .net "B", 0 0, L_0x96450b0;  1 drivers
v0x963ba10_0 .net "Y", 0 0, L_0x9645030;  alias, 1 drivers
v0x963ba90_0 .net *"_s0", 0 0, L_0x9644fe0;  1 drivers
S_0x963bb50 .scope module, "_093_" "NAND" 5 280, 2 14 0, S_0x96328b0;
 .timescale -9 -10;
    .port_info 0 /INPUT 1 "A"
    .port_info 1 /INPUT 1 "B"
    .port_info 2 /OUTPUT 1 "Y"
L_0x9645150 .functor AND 1, L_0x9645030, L_0x9640910, C4<1>, C4<1>;
L_0x96409b0 .functor NOT 1, L_0x9645150, C4<0>, C4<0>, C4<0>;
v0x963bc80_0 .net "A", 0 0, L_0x9645030;  alias, 1 drivers
v0x963bd10_0 .net "B", 0 0, L_0x9640910;  alias, 1 drivers
v0x963bd90_0 .net "Y", 0 0, L_0x96409b0;  1 drivers
v0x963be10_0 .net *"_s0", 0 0, L_0x9645150;  1 drivers
S_0x963beb0 .scope module, "_094_" "NOT" 5 285, 2 8 0, S_0x96328b0;
 .timescale -9 -10;
    .port_info 0 /INPUT 1 "A"
    .port_info 1 /OUTPUT 1 "Y"
L_0x9645290 .functor NOT 1, L_0x96452d0, C4<0>, C4<0>, C4<0>;
v0x963bfd0_0 .net "A", 0 0, L_0x96452d0;  1 drivers
v0x963c050_0 .net "Y", 0 0, L_0x9645290;  alias, 1 drivers
S_0x963c0f0 .scope module, "_095_" "NOR" 5 289, 2 20 0, S_0x96328b0;
 .timescale -9 -10;
    .port_info 0 /INPUT 1 "A"
    .port_info 1 /INPUT 1 "B"
    .port_info 2 /OUTPUT 1 "Y"
L_0x9644770 .functor OR 1, L_0x9645290, L_0x963eea0, C4<0>, C4<0>;
L_0x9640af0 .functor NOT 1, L_0x9644770, C4<0>, C4<0>, C4<0>;
v0x963c220_0 .net "A", 0 0, L_0x9645290;  alias, 1 drivers
v0x963c2b0_0 .net "B", 0 0, L_0x963eea0;  alias, 1 drivers
v0x963c310_0 .net "Y", 0 0, L_0x9640af0;  alias, 1 drivers
v0x963c390_0 .net *"_s0", 0 0, L_0x9644770;  1 drivers
S_0x963c440 .scope module, "_096_" "NAND" 5 294, 2 14 0, S_0x96328b0;
 .timescale -9 -10;
    .port_info 0 /INPUT 1 "A"
    .port_info 1 /INPUT 1 "B"
    .port_info 2 /OUTPUT 1 "Y"
L_0x9645490 .functor AND 1, L_0x9640af0, L_0x96401d0, C4<1>, C4<1>;
L_0x9640b90 .functor NOT 1, L_0x9645490, C4<0>, C4<0>, C4<0>;
v0x963c570_0 .net "A", 0 0, L_0x9640af0;  alias, 1 drivers
v0x963c600_0 .net "B", 0 0, L_0x96401d0;  alias, 1 drivers
v0x963c660_0 .net "Y", 0 0, L_0x9640b90;  alias, 1 drivers
v0x963c6e0_0 .net *"_s0", 0 0, L_0x9645490;  1 drivers
S_0x963c790 .scope module, "_097_" "NAND" 5 299, 2 14 0, S_0x96328b0;
 .timescale -9 -10;
    .port_info 0 /INPUT 1 "A"
    .port_info 1 /INPUT 1 "B"
    .port_info 2 /OUTPUT 1 "Y"
L_0x96455a0 .functor AND 1, L_0x9641fb0, L_0x9645670, C4<1>, C4<1>;
L_0x96455f0 .functor NOT 1, L_0x96455a0, C4<0>, C4<0>, C4<0>;
v0x963c8c0_0 .net "A", 0 0, L_0x9641fb0;  alias, 1 drivers
v0x963c9a0_0 .net "B", 0 0, L_0x9645670;  1 drivers
v0x963ca10_0 .net "Y", 0 0, L_0x96455f0;  alias, 1 drivers
v0x963ca90_0 .net *"_s0", 0 0, L_0x96455a0;  1 drivers
S_0x963cb50 .scope module, "_098_" "NAND" 5 304, 2 14 0, S_0x96328b0;
 .timescale -9 -10;
    .port_info 0 /INPUT 1 "A"
    .port_info 1 /INPUT 1 "B"
    .port_info 2 /OUTPUT 1 "Y"
L_0x9645710 .functor AND 1, L_0x96455f0, L_0x9640b90, C4<1>, C4<1>;
L_0x9640c30 .functor NOT 1, L_0x9645710, C4<0>, C4<0>, C4<0>;
v0x963cc80_0 .net "A", 0 0, L_0x96455f0;  alias, 1 drivers
v0x963cd10_0 .net "B", 0 0, L_0x9640b90;  alias, 1 drivers
v0x963cd90_0 .net "Y", 0 0, L_0x9640c30;  1 drivers
v0x963ce10_0 .net *"_s0", 0 0, L_0x9645710;  1 drivers
S_0x963ceb0 .scope module, "_099_" "NOR" 5 309, 2 20 0, S_0x96328b0;
 .timescale -9 -10;
    .port_info 0 /INPUT 1 "A"
    .port_info 1 /INPUT 1 "B"
    .port_info 2 /OUTPUT 1 "Y"
L_0x96459b0 .functor OR 1, v0x963f110_0, L_0x963eea0, C4<0>, C4<0>;
L_0x96459f0 .functor NOT 1, L_0x96459b0, C4<0>, C4<0>, C4<0>;
v0x963cfe0_0 .net "A", 0 0, v0x963f110_0;  alias, 1 drivers
v0x963d050_0 .net "B", 0 0, L_0x963eea0;  alias, 1 drivers
v0x963d0c0_0 .net "Y", 0 0, L_0x96459f0;  alias, 1 drivers
v0x963d120_0 .net *"_s0", 0 0, L_0x96459b0;  1 drivers
S_0x963d1d0 .scope module, "_100_" "DFF" 5 314, 2 26 0, S_0x96328b0;
 .timescale -9 -10;
    .port_info 0 /INPUT 1 "C"
    .port_info 1 /INPUT 1 "D"
    .port_info 2 /OUTPUT 1 "Q"
v0x963d300_0 .net "C", 0 0, v0x9641290_0;  alias, 1 drivers
v0x963d390_0 .net "D", 0 0, L_0x9645a70;  1 drivers
v0x963d3f0_0 .var "Q", 0 0;
S_0x963d4b0 .scope module, "_101_" "DFF" 5 319, 2 26 0, S_0x96328b0;
 .timescale -9 -10;
    .port_info 0 /INPUT 1 "C"
    .port_info 1 /INPUT 1 "D"
    .port_info 2 /OUTPUT 1 "Q"
v0x963d5e0_0 .net "C", 0 0, v0x9641290_0;  alias, 1 drivers
v0x963d650_0 .net "D", 0 0, L_0x9645b10;  1 drivers
v0x963d6c0_0 .var "Q", 0 0;
S_0x963d760 .scope module, "_102_" "DFF" 5 324, 2 26 0, S_0x96328b0;
 .timescale -9 -10;
    .port_info 0 /INPUT 1 "C"
    .port_info 1 /INPUT 1 "D"
    .port_info 2 /OUTPUT 1 "Q"
v0x963d890_0 .net "C", 0 0, v0x9641290_0;  alias, 1 drivers
v0x963d900_0 .net "D", 0 0, L_0x9645bd0;  1 drivers
v0x963d970_0 .var "Q", 0 0;
S_0x963da30 .scope module, "_103_" "DFF" 5 329, 2 26 0, S_0x96328b0;
 .timescale -9 -10;
    .port_info 0 /INPUT 1 "C"
    .port_info 1 /INPUT 1 "D"
    .port_info 2 /OUTPUT 1 "Q"
v0x963db60_0 .net "C", 0 0, v0x9641290_0;  alias, 1 drivers
v0x963dc40_0 .net "D", 0 0, L_0x9645ca0;  1 drivers
v0x963dcb0_0 .var "Q", 0 0;
S_0x963dd70 .scope module, "_104_" "DFF" 5 334, 2 26 0, S_0x96328b0;
 .timescale -9 -10;
    .port_info 0 /INPUT 1 "C"
    .port_info 1 /INPUT 1 "D"
    .port_info 2 /OUTPUT 1 "Q"
v0x963dea0_0 .net "C", 0 0, v0x9641290_0;  alias, 1 drivers
v0x963df10_0 .net "D", 0 0, L_0x9645e30;  1 drivers
v0x963df80_0 .var "Q", 0 0;
S_0x963e040 .scope module, "_105_" "DFF" 5 339, 2 26 0, S_0x96328b0;
 .timescale -9 -10;
    .port_info 0 /INPUT 1 "C"
    .port_info 1 /INPUT 1 "D"
    .port_info 2 /OUTPUT 1 "Q"
v0x963e170_0 .net "C", 0 0, v0x9641290_0;  alias, 1 drivers
v0x963e1e0_0 .net "D", 0 0, L_0x9645b70;  1 drivers
v0x963e250_0 .var "Q", 0 0;
S_0x963e310 .scope module, "_106_" "DFF" 5 344, 2 26 0, S_0x96328b0;
 .timescale -9 -10;
    .port_info 0 /INPUT 1 "C"
    .port_info 1 /INPUT 1 "D"
    .port_info 2 /OUTPUT 1 "Q"
v0x963e440_0 .net "C", 0 0, v0x9641290_0;  alias, 1 drivers
v0x963e4b0_0 .net "D", 0 0, L_0x9645f00;  1 drivers
v0x963e520_0 .var "Q", 0 0;
S_0x963e5e0 .scope module, "_107_" "DFF" 5 349, 2 26 0, S_0x96328b0;
 .timescale -9 -10;
    .port_info 0 /INPUT 1 "C"
    .port_info 1 /INPUT 1 "D"
    .port_info 2 /OUTPUT 1 "Q"
v0x963e710_0 .net "C", 0 0, v0x9641290_0;  alias, 1 drivers
v0x963e850_0 .net "D", 0 0, L_0x9645f60;  1 drivers
v0x963e8c0_0 .var "Q", 0 0;
S_0x963e980 .scope module, "_108_" "DFF" 5 354, 2 26 0, S_0x96328b0;
 .timescale -9 -10;
    .port_info 0 /INPUT 1 "C"
    .port_info 1 /INPUT 1 "D"
    .port_info 2 /OUTPUT 1 "Q"
v0x963eab0_0 .net "C", 0 0, v0x9641290_0;  alias, 1 drivers
v0x963eb20_0 .net "D", 0 0, L_0x9641fb0;  alias, 1 drivers
v0x963eb90_0 .var "Q", 0 0;
S_0x963ec30 .scope module, "_109_" "DFF" 5 359, 2 26 0, S_0x96328b0;
 .timescale -9 -10;
    .port_info 0 /INPUT 1 "C"
    .port_info 1 /INPUT 1 "D"
    .port_info 2 /OUTPUT 1 "Q"
v0x963ed60_0 .net "C", 0 0, v0x9641290_0;  alias, 1 drivers
v0x963edd0_0 .net "D", 0 0, L_0x963f570;  alias, 1 drivers
v0x963ee40_0 .var "Q", 0 0;
S_0x963ef00 .scope module, "_110_" "DFF" 5 364, 2 26 0, S_0x96328b0;
 .timescale -9 -10;
    .port_info 0 /INPUT 1 "C"
    .port_info 1 /INPUT 1 "D"
    .port_info 2 /OUTPUT 1 "Q"
v0x963f030_0 .net "C", 0 0, v0x9641290_0;  alias, 1 drivers
v0x963f0a0_0 .net "D", 0 0, L_0x96459f0;  alias, 1 drivers
v0x963f110_0 .var "Q", 0 0;
S_0x9641120 .scope module, "PDMux" "probador" 3 42, 6 1 0, S_0x960e180;
 .timescale -9 -10;
    .port_info 0 /INPUT 1 "valid_0"
    .port_info 1 /INPUT 1 "valid_1"
    .port_info 2 /INPUT 4 "dataout0"
    .port_info 3 /INPUT 4 "dataout1"
    .port_info 4 /OUTPUT 1 "reset_L"
    .port_info 5 /OUTPUT 1 "clk"
    .port_info 6 /OUTPUT 1 "valid_in"
    .port_info 7 /OUTPUT 4 "data_in"
v0x9641290_0 .var "clk", 0 0;
v0x96412f0_0 .var "data_in", 3 0;
v0x9641360_0 .net8 "dataout0", 3 0, RS_0x9611b64;  alias, 2 drivers
v0x9641400_0 .net8 "dataout1", 3 0, RS_0x9611b7c;  alias, 2 drivers
v0x96414b0_0 .var "reset_L", 0 0;
v0x9641540_0 .net8 "valid_0", 0 0, RS_0x9611bc4;  alias, 2 drivers
v0x9641610_0 .net8 "valid_1", 0 0, RS_0x9611bdc;  alias, 2 drivers
v0x96416e0_0 .var "valid_in", 0 0;
    .scope S_0x960e830;
T_0 ;
    %wait E_0x960c9c0;
    %load/vec4 v0x9607ed0_0;
    %flag_set/vec4 8;
    %jmp/0xz  T_0.0, 8;
    %pushi/vec4 1, 0, 1;
    %assign/vec4 v0x960ca50_0, 0;
    %jmp T_0.1;
T_0.0 ;
    %load/vec4 v0x960c3a0_0;
    %flag_set/vec4 8;
    %jmp/0xz  T_0.2, 8;
    %pushi/vec4 0, 0, 1;
    %assign/vec4 v0x960ca50_0, 0;
    %jmp T_0.3;
T_0.2 ;
    %load/vec4 v0x960d100_0;
    %assign/vec4 v0x960ca50_0, 0;
T_0.3 ;
T_0.1 ;
    %jmp T_0;
    .thread T_0;
    .scope S_0x9632220;
T_1 ;
    %wait E_0x95c7700;
    %load/vec4 v0x9632620_0;
    %inv;
    %assign/vec4 v0x9632620_0, 0;
    %load/vec4 v0x9632580_0;
    %nor/r;
    %flag_set/vec4 8;
    %jmp/0xz  T_1.0, 8;
    %pushi/vec4 0, 0, 4;
    %assign/vec4 v0x9632500_0, 0;
    %pushi/vec4 0, 0, 4;
    %assign/vec4 v0x9632490_0, 0;
    %pushi/vec4 0, 0, 1;
    %assign/vec4 v0x9632690_0, 0;
    %pushi/vec4 0, 0, 1;
    %assign/vec4 v0x9632700_0, 0;
    %pushi/vec4 0, 0, 1;
    %assign/vec4 v0x9632620_0, 0;
    %jmp T_1.1;
T_1.0 ;
    %load/vec4 v0x9632770_0;
    %inv;
    %flag_set/vec4 8;
    %jmp/0xz  T_1.2, 8;
    %load/vec4 v0x9632690_0;
    %pad/u 32;
    %cmpi/e 0, 0, 32;
    %jmp/0xz  T_1.4, 4;
    %pushi/vec4 0, 0, 4;
    %assign/vec4 v0x9632490_0, 0;
    %jmp T_1.5;
T_1.4 ;
    %pushi/vec4 0, 0, 1;
    %assign/vec4 v0x9632690_0, 0;
T_1.5 ;
    %load/vec4 v0x9632700_0;
    %pad/u 32;
    %cmpi/e 0, 0, 32;
    %jmp/0xz  T_1.6, 4;
    %pushi/vec4 0, 0, 4;
    %assign/vec4 v0x9632500_0, 0;
    %jmp T_1.7;
T_1.6 ;
    %load/vec4 v0x9632700_0;
    %pad/u 32;
    %cmpi/e 1, 0, 32;
    %jmp/0xz  T_1.8, 4;
    %pushi/vec4 0, 0, 1;
    %assign/vec4 v0x9632700_0, 0;
T_1.8 ;
T_1.7 ;
    %jmp T_1.3;
T_1.2 ;
    %load/vec4 v0x9632770_0;
    %flag_set/vec4 8;
    %jmp/0xz  T_1.10, 8;
    %load/vec4 v0x9632620_0;
    %inv;
    %flag_set/vec4 8;
    %jmp/0xz  T_1.12, 8;
    %load/vec4 v0x9632410_0;
    %assign/vec4 v0x9632500_0, 0;
    %pushi/vec4 1, 0, 1;
    %assign/vec4 v0x9632700_0, 0;
    %pushi/vec4 0, 0, 1;
    %assign/vec4 v0x9632690_0, 0;
    %jmp T_1.13;
T_1.12 ;
    %load/vec4 v0x9632410_0;
    %assign/vec4 v0x9632490_0, 0;
    %pushi/vec4 1, 0, 1;
    %assign/vec4 v0x9632690_0, 0;
    %pushi/vec4 0, 0, 1;
    %assign/vec4 v0x9632700_0, 0;
T_1.13 ;
T_1.10 ;
T_1.3 ;
T_1.1 ;
    %jmp T_1;
    .thread T_1;
    .scope S_0x963d1d0;
T_2 ;
    %wait E_0x95c7700;
    %load/vec4 v0x963d390_0;
    %assign/vec4 v0x963d3f0_0, 0;
    %jmp T_2;
    .thread T_2;
    .scope S_0x963d4b0;
T_3 ;
    %wait E_0x95c7700;
    %load/vec4 v0x963d650_0;
    %assign/vec4 v0x963d6c0_0, 0;
    %jmp T_3;
    .thread T_3;
    .scope S_0x963d760;
T_4 ;
    %wait E_0x95c7700;
    %load/vec4 v0x963d900_0;
    %assign/vec4 v0x963d970_0, 0;
    %jmp T_4;
    .thread T_4;
    .scope S_0x963da30;
T_5 ;
    %wait E_0x95c7700;
    %load/vec4 v0x963dc40_0;
    %assign/vec4 v0x963dcb0_0, 0;
    %jmp T_5;
    .thread T_5;
    .scope S_0x963dd70;
T_6 ;
    %wait E_0x95c7700;
    %load/vec4 v0x963df10_0;
    %assign/vec4 v0x963df80_0, 0;
    %jmp T_6;
    .thread T_6;
    .scope S_0x963e040;
T_7 ;
    %wait E_0x95c7700;
    %load/vec4 v0x963e1e0_0;
    %assign/vec4 v0x963e250_0, 0;
    %jmp T_7;
    .thread T_7;
    .scope S_0x963e310;
T_8 ;
    %wait E_0x95c7700;
    %load/vec4 v0x963e4b0_0;
    %assign/vec4 v0x963e520_0, 0;
    %jmp T_8;
    .thread T_8;
    .scope S_0x963e5e0;
T_9 ;
    %wait E_0x95c7700;
    %load/vec4 v0x963e850_0;
    %assign/vec4 v0x963e8c0_0, 0;
    %jmp T_9;
    .thread T_9;
    .scope S_0x963e980;
T_10 ;
    %wait E_0x95c7700;
    %load/vec4 v0x963eb20_0;
    %assign/vec4 v0x963eb90_0, 0;
    %jmp T_10;
    .thread T_10;
    .scope S_0x963ec30;
T_11 ;
    %wait E_0x95c7700;
    %load/vec4 v0x963edd0_0;
    %assign/vec4 v0x963ee40_0, 0;
    %jmp T_11;
    .thread T_11;
    .scope S_0x963ef00;
T_12 ;
    %wait E_0x95c7700;
    %load/vec4 v0x963f0a0_0;
    %assign/vec4 v0x963f110_0, 0;
    %jmp T_12;
    .thread T_12;
    .scope S_0x9641120;
T_13 ;
    %pushi/vec4 0, 0, 1;
    %assign/vec4 v0x9641290_0, 0;
    %end;
    .thread T_13;
    .scope S_0x9641120;
T_14 ;
    %delay 20, 0;
    %load/vec4 v0x9641290_0;
    %inv;
    %assign/vec4 v0x9641290_0, 0;
    %jmp T_14;
    .thread T_14;
    .scope S_0x9641120;
T_15 ;
    %vpi_call 6 17 "$dumpfile", "demux.vcd" {0 0 0};
    %vpi_call 6 18 "$dumpvars" {0 0 0};
    %pushi/vec4 0, 0, 1;
    %assign/vec4 v0x96414b0_0, 0;
    %wait E_0x95c7700;
    %pushi/vec4 0, 0, 4;
    %assign/vec4 v0x96412f0_0, 0;
    %pushi/vec4 0, 0, 1;
    %assign/vec4 v0x96416e0_0, 0;
    %pushi/vec4 1, 0, 1;
    %assign/vec4 v0x96414b0_0, 0;
    %wait E_0x95c7700;
    %pushi/vec4 10, 0, 4;
    %assign/vec4 v0x96412f0_0, 0;
    %pushi/vec4 1, 0, 1;
    %assign/vec4 v0x96416e0_0, 0;
    %wait E_0x95c7700;
    %pushi/vec4 15, 0, 4;
    %assign/vec4 v0x96412f0_0, 0;
    %pushi/vec4 1, 0, 1;
    %assign/vec4 v0x96416e0_0, 0;
    %wait E_0x95c7700;
    %pushi/vec4 14, 0, 4;
    %assign/vec4 v0x96412f0_0, 0;
    %pushi/vec4 0, 0, 1;
    %assign/vec4 v0x96416e0_0, 0;
    %wait E_0x95c7700;
    %pushi/vec4 13, 0, 4;
    %assign/vec4 v0x96412f0_0, 0;
    %pushi/vec4 0, 0, 1;
    %assign/vec4 v0x96416e0_0, 0;
    %wait E_0x95c7700;
    %pushi/vec4 2, 0, 4;
    %assign/vec4 v0x96412f0_0, 0;
    %pushi/vec4 1, 0, 1;
    %assign/vec4 v0x96416e0_0, 0;
    %wait E_0x95c7700;
    %pushi/vec4 11, 0, 4;
    %assign/vec4 v0x96412f0_0, 0;
    %pushi/vec4 1, 0, 1;
    %assign/vec4 v0x96416e0_0, 0;
    %wait E_0x95c7700;
    %pushi/vec4 3, 0, 4;
    %assign/vec4 v0x96412f0_0, 0;
    %pushi/vec4 1, 0, 1;
    %assign/vec4 v0x96416e0_0, 0;
    %wait E_0x95c7700;
    %pushi/vec4 4, 0, 4;
    %assign/vec4 v0x96412f0_0, 0;
    %pushi/vec4 1, 0, 1;
    %assign/vec4 v0x96416e0_0, 0;
    %wait E_0x95c7700;
    %pushi/vec4 5, 0, 4;
    %assign/vec4 v0x96412f0_0, 0;
    %pushi/vec4 0, 0, 1;
    %assign/vec4 v0x96416e0_0, 0;
    %delay 300, 0;
    %vpi_call 6 62 "$finish" {0 0 0};
    %end;
    .thread T_15;
# The file index is used to find the file name in the following table.
:file_names 7;
    "N/A";
    "<interactive>";
    "./cmos_cells.v";
    "demux_BancoDePruebas.v";
    "./demux.v";
    "./demuxEstructural.v";
    "./probador.v";
