#! /usr/bin/vvp
:ivl_version "10.1 (stable)";
:ivl_delay_selection "TYPICAL";
:vpi_time_precision - 10;
:vpi_module "system";
:vpi_module "vhdl_sys";
:vpi_module "v2005_math";
:vpi_module "va_math";
S_0x5650424f5580 .scope module, "BUF" "BUF" 2 2;
 .timescale -9 -10;
    .port_info 0 /INPUT 1 "A"
    .port_info 1 /OUTPUT 1 "Y"
o0x7fa5d15a3018 .functor BUFZ 1, C4<z>; HiZ drive
L_0x5650425369f0 .functor BUFZ 1, o0x7fa5d15a3018, C4<0>, C4<0>, C4<0>;
v0x5650424f7980_0 .net "A", 0 0, o0x7fa5d15a3018;  0 drivers
v0x5650424f9ae0_0 .net "Y", 0 0, L_0x5650425369f0;  1 drivers
S_0x5650424eace0 .scope module, "DFFSR" "DFFSR" 2 33;
 .timescale -9 -10;
    .port_info 0 /INPUT 1 "C"
    .port_info 1 /INPUT 1 "D"
    .port_info 2 /OUTPUT 1 "Q"
    .port_info 3 /INPUT 1 "S"
    .port_info 4 /INPUT 1 "R"
o0x7fa5d15a30d8 .functor BUFZ 1, C4<z>; HiZ drive
v0x5650424f9280_0 .net "C", 0 0, o0x7fa5d15a30d8;  0 drivers
o0x7fa5d15a3108 .functor BUFZ 1, C4<z>; HiZ drive
v0x5650424f8760_0 .net "D", 0 0, o0x7fa5d15a3108;  0 drivers
v0x5650424f7c40_0 .var "Q", 0 0;
o0x7fa5d15a3168 .functor BUFZ 1, C4<z>; HiZ drive
v0x5650424f7120_0 .net "R", 0 0, o0x7fa5d15a3168;  0 drivers
o0x7fa5d15a3198 .functor BUFZ 1, C4<z>; HiZ drive
v0x5650424ee3c0_0 .net "S", 0 0, o0x7fa5d15a3198;  0 drivers
E_0x565042492300 .event posedge, v0x5650424f7120_0, v0x5650424ee3c0_0, v0x5650424f9280_0;
S_0x5650424eb930 .scope module, "Demux_D0_D1_Estructural" "Demux_D0_D1_Estructural" 3 3;
 .timescale -9 -10;
    .port_info 0 /INPUT 1 "clk"
    .port_info 1 /INPUT 1 "reset_L"
    .port_info 2 /INPUT 1 "valid_in"
    .port_info 3 /INPUT 6 "data_in"
    .port_info 4 /OUTPUT 6 "dataout0"
    .port_info 5 /OUTPUT 6 "dataout1"
    .port_info 6 /OUTPUT 1 "valid_0"
    .port_info 7 /OUTPUT 1 "valid_1"
v0x565042530d70_0 .net "_000_", 5 0, L_0x56504253e840;  1 drivers
v0x565042530e50_0 .net "_001_", 5 0, L_0x56504253b4b0;  1 drivers
v0x565042530f30_0 .net "_002_", 0 0, L_0x565042537060;  1 drivers
v0x565042531000_0 .net "_003_", 0 0, L_0x565042536f40;  1 drivers
v0x5650425310a0_0 .net "_004_", 0 0, L_0x565042536a80;  1 drivers
v0x5650425311e0_0 .net "_005_", 0 0, L_0x565042536d00;  1 drivers
v0x565042531280_0 .net "_006_", 0 0, L_0x5650425372a0;  1 drivers
v0x565042531320_0 .net "_007_", 0 0, L_0x5650425373c0;  1 drivers
v0x5650425313c0_0 .net "_008_", 0 0, L_0x5650425374a0;  1 drivers
v0x565042531460_0 .net "_009_", 0 0, L_0x565042537550;  1 drivers
v0x565042531500_0 .net "_010_", 0 0, L_0x5650425377d0;  1 drivers
v0x5650425315f0_0 .net "_011_", 0 0, L_0x565042537a90;  1 drivers
v0x5650425316e0_0 .net "_012_", 0 0, L_0x565042537bb0;  1 drivers
v0x5650425317d0_0 .net "_013_", 0 0, L_0x565042537ef0;  1 drivers
v0x5650425318c0_0 .net "_014_", 0 0, L_0x565042538170;  1 drivers
v0x5650425319b0_0 .net "_015_", 0 0, L_0x565042538320;  1 drivers
v0x565042531aa0_0 .net "_016_", 0 0, L_0x565042538440;  1 drivers
v0x565042531ca0_0 .net "_017_", 0 0, L_0x565042538900;  1 drivers
v0x565042531d90_0 .net "_018_", 0 0, L_0x565042538b30;  1 drivers
v0x565042531e80_0 .net "_019_", 0 0, L_0x565042538ce0;  1 drivers
v0x565042531f70_0 .net "_020_", 0 0, L_0x565042538e00;  1 drivers
v0x565042532060_0 .net "_021_", 0 0, L_0x5650425391f0;  1 drivers
v0x565042532150_0 .net "_022_", 0 0, L_0x5650425394b0;  1 drivers
v0x565042532240_0 .net "_023_", 0 0, L_0x565042539660;  1 drivers
v0x565042532330_0 .net "_024_", 0 0, L_0x565042539780;  1 drivers
v0x565042532420_0 .net "_025_", 0 0, L_0x565042539b80;  1 drivers
v0x5650425324c0_0 .net "_026_", 0 0, L_0x565042539d30;  1 drivers
v0x5650425325b0_0 .net "_027_", 0 0, L_0x565042539ee0;  1 drivers
v0x565042532650_0 .net "_028_", 0 0, L_0x56504253a080;  1 drivers
v0x565042532740_0 .net "_029_", 0 0, L_0x56504253a130;  1 drivers
v0x565042532830_0 .net "_030_", 0 0, L_0x56504253a600;  1 drivers
v0x565042532920_0 .net "_031_", 0 0, L_0x56504253a840;  1 drivers
v0x565042532a10_0 .net "_032_", 0 0, L_0x56504253aa80;  1 drivers
v0x565042532b00_0 .net "_033_", 0 0, L_0x56504253acb0;  1 drivers
v0x565042532bf0_0 .net "_034_", 0 0, L_0x56504253ae60;  1 drivers
v0x565042532ce0_0 .net "_035_", 0 0, L_0x56504253b190;  1 drivers
v0x565042532dd0_0 .net "_036_", 0 0, L_0x56504253b750;  1 drivers
v0x565042532ec0_0 .net "_037_", 0 0, L_0x56504253ba00;  1 drivers
v0x565042532fb0_0 .net "_038_", 0 0, L_0x56504253bc00;  1 drivers
v0x5650425330a0_0 .net "_039_", 0 0, L_0x56504253bdb0;  1 drivers
v0x565042533140_0 .net "_040_", 0 0, L_0x56504253bfe0;  1 drivers
v0x565042533230_0 .net "_041_", 0 0, L_0x56504253c340;  1 drivers
v0x565042533320_0 .net "_042_", 0 0, L_0x56504253c5d0;  1 drivers
v0x565042533410_0 .net "_043_", 0 0, L_0x56504253c9f0;  1 drivers
v0x565042533500_0 .net "_044_", 0 0, L_0x56504253cc90;  1 drivers
v0x5650425335f0_0 .net "_045_", 0 0, L_0x56504253d050;  1 drivers
v0x5650425336e0_0 .net "_046_", 0 0, L_0x56504253d300;  1 drivers
v0x5650425337d0_0 .net "_047_", 0 0, L_0x56504253d780;  1 drivers
v0x5650425338c0_0 .net "_048_", 0 0, L_0x56504253d960;  1 drivers
v0x5650425339b0_0 .net "_049_", 0 0, L_0x56504253daa0;  1 drivers
v0x565042533aa0_0 .net "_050_", 0 0, L_0x56504253dce0;  1 drivers
v0x565042533b90_0 .net "_051_", 0 0, L_0x56504253de90;  1 drivers
v0x565042533c80_0 .net "_052_", 0 0, L_0x56504253e1d0;  1 drivers
v0x565042533d70_0 .net "_053_", 0 0, L_0x56504253e370;  1 drivers
o0x7fa5d15a6fa8 .functor BUFZ 1, C4<z>; HiZ drive
v0x565042533e60_0 .net "clk", 0 0, o0x7fa5d15a6fa8;  0 drivers
o0x7fa5d15a7c98 .functor BUFZ 6, C4<zzzzzz>; HiZ drive
v0x565042533f00_0 .net "data_in", 5 0, o0x7fa5d15a7c98;  0 drivers
v0x565042533fc0_0 .net "dataout0", 5 0, L_0x56504253f250;  1 drivers
v0x5650425340a0_0 .net "dataout1", 5 0, L_0x56504253fbc0;  1 drivers
o0x7fa5d15a33a8 .functor BUFZ 1, C4<z>; HiZ drive
v0x565042534180_0 .net "reset_L", 0 0, o0x7fa5d15a33a8;  0 drivers
v0x565042534220_0 .net "valid_0", 0 0, v0x565042530670_0;  1 drivers
v0x5650425342c0_0 .net "valid_1", 0 0, v0x565042530c80_0;  1 drivers
o0x7fa5d15a3378 .functor BUFZ 1, C4<z>; HiZ drive
v0x5650425343b0_0 .net "valid_in", 0 0, o0x7fa5d15a3378;  0 drivers
L_0x565042536af0 .part o0x7fa5d15a7c98, 4, 1;
L_0x5650425370d0 .part o0x7fa5d15a7c98, 4, 1;
L_0x5650425375e0 .part L_0x56504253fbc0, 0, 1;
L_0x565042537c70 .part o0x7fa5d15a7c98, 0, 1;
L_0x565042537f60 .part L_0x56504253fbc0, 1, 1;
L_0x565042538500 .part o0x7fa5d15a7c98, 1, 1;
L_0x565042538970 .part L_0x56504253fbc0, 2, 1;
L_0x565042538e70 .part o0x7fa5d15a7c98, 2, 1;
L_0x565042539260 .part L_0x56504253fbc0, 3, 1;
L_0x5650425397f0 .part o0x7fa5d15a7c98, 3, 1;
L_0x565042539fe0 .part o0x7fa5d15a7c98, 4, 1;
L_0x56504253a1c0 .part L_0x56504253fbc0, 4, 1;
L_0x56504253aaf0 .part L_0x56504253fbc0, 5, 1;
L_0x56504253b200 .part o0x7fa5d15a7c98, 5, 1;
LS_0x56504253b4b0_0_0 .concat8 [ 1 1 1 1], L_0x565042537e60, L_0x565042538870, L_0x565042539160, L_0x565042539af0;
LS_0x56504253b4b0_0_4 .concat8 [ 1 1 0 0], L_0x56504253a9f0, L_0x56504253b420;
L_0x56504253b4b0 .concat8 [ 4 2 0 0], LS_0x56504253b4b0_0_0, LS_0x56504253b4b0_0_4;
L_0x56504253b810 .part o0x7fa5d15a7c98, 0, 1;
L_0x56504253c050 .part L_0x56504253f250, 0, 1;
L_0x56504253c3b0 .part o0x7fa5d15a7c98, 1, 1;
L_0x56504253c690 .part L_0x56504253f250, 1, 1;
L_0x56504253ca60 .part o0x7fa5d15a7c98, 2, 1;
L_0x56504253c4a0 .part L_0x56504253f250, 2, 1;
L_0x56504253d0c0 .part o0x7fa5d15a7c98, 3, 1;
L_0x56504253d3c0 .part L_0x56504253f250, 3, 1;
L_0x56504253d7f0 .part L_0x56504253f250, 4, 1;
L_0x56504253e240 .part o0x7fa5d15a7c98, 5, 1;
L_0x56504253e430 .part L_0x56504253f250, 5, 1;
LS_0x56504253e840_0_0 .concat8 [ 1 1 1 1], L_0x56504253c240, L_0x56504253c8f0, L_0x56504253cf50, L_0x56504253d6f0;
LS_0x56504253e840_0_4 .concat8 [ 1 1 0 0], L_0x56504253e0d0, L_0x56504253e7b0;
L_0x56504253e840 .concat8 [ 4 2 0 0], LS_0x56504253e840_0_0, LS_0x56504253e840_0_4;
L_0x56504253eab0 .part L_0x56504253e840, 0, 1;
L_0x56504253ec90 .part L_0x56504253e840, 1, 1;
L_0x56504253ed30 .part L_0x56504253e840, 2, 1;
L_0x56504253ef60 .part L_0x56504253e840, 3, 1;
L_0x56504253f000 .part L_0x56504253e840, 4, 1;
L_0x56504253f1b0 .part L_0x56504253e840, 5, 1;
LS_0x56504253f250_0_0 .concat8 [ 1 1 1 1], v0x56504252cac0_0, v0x56504252cfc0_0, v0x56504252d500_0, v0x56504252d9c0_0;
LS_0x56504253f250_0_4 .concat8 [ 1 1 0 0], v0x56504252df40_0, v0x56504252e3e0_0;
L_0x56504253f250 .concat8 [ 4 2 0 0], LS_0x56504253f250_0_0, LS_0x56504253f250_0_4;
L_0x56504253f450 .part L_0x56504253b4b0, 0, 1;
L_0x56504253f4f0 .part L_0x56504253b4b0, 1, 1;
L_0x56504253f330 .part L_0x56504253b4b0, 2, 1;
L_0x56504253f750 .part L_0x56504253b4b0, 3, 1;
L_0x56504253f930 .part L_0x56504253b4b0, 4, 1;
L_0x56504253f9d0 .part L_0x56504253b4b0, 5, 1;
LS_0x56504253fbc0_0_0 .concat8 [ 1 1 1 1], v0x56504252e8d0_0, v0x56504252edc0_0, v0x56504252f2b0_0, v0x56504252f7a0_0;
LS_0x56504253fbc0_0_4 .concat8 [ 1 1 0 0], v0x56504252fc90_0, v0x565042530180_0;
L_0x56504253fbc0 .concat8 [ 4 2 0 0], LS_0x56504253fbc0_0_0, LS_0x56504253fbc0_0_4;
S_0x5650424edd20 .scope module, "_054_" "NOT" 3 66, 2 8 0, S_0x5650424eb930;
 .timescale -9 -10;
    .port_info 0 /INPUT 1 "A"
    .port_info 1 /OUTPUT 1 "Y"
L_0x565042536a80 .functor NOT 1, L_0x565042536af0, C4<0>, C4<0>, C4<0>;
v0x565042516bc0_0 .net "A", 0 0, L_0x565042536af0;  1 drivers
v0x565042516ca0_0 .net "Y", 0 0, L_0x565042536a80;  alias, 1 drivers
S_0x5650424ef4c0 .scope module, "_055_" "NAND" 3 70, 2 14 0, S_0x5650424eb930;
 .timescale -9 -10;
    .port_info 0 /INPUT 1 "A"
    .port_info 1 /INPUT 1 "B"
    .port_info 2 /OUTPUT 1 "Y"
L_0x565042536be0 .functor AND 1, o0x7fa5d15a3378, o0x7fa5d15a33a8, C4<1>, C4<1>;
L_0x565042536d00 .functor NOT 1, L_0x565042536be0, C4<0>, C4<0>, C4<0>;
v0x565042516e10_0 .net "A", 0 0, o0x7fa5d15a3378;  alias, 0 drivers
v0x565042516ef0_0 .net "B", 0 0, o0x7fa5d15a33a8;  alias, 0 drivers
v0x565042516fb0_0 .net "Y", 0 0, L_0x565042536d00;  alias, 1 drivers
v0x565042517050_0 .net *"_s0", 0 0, L_0x565042536be0;  1 drivers
S_0x5650424f0110 .scope module, "_056_" "NOR" 3 75, 2 20 0, S_0x5650424eb930;
 .timescale -9 -10;
    .port_info 0 /INPUT 1 "A"
    .port_info 1 /INPUT 1 "B"
    .port_info 2 /OUTPUT 1 "Y"
L_0x565042536e20 .functor OR 1, L_0x565042536d00, L_0x565042536a80, C4<0>, C4<0>;
L_0x565042536f40 .functor NOT 1, L_0x565042536e20, C4<0>, C4<0>, C4<0>;
v0x565042517250_0 .net "A", 0 0, L_0x565042536d00;  alias, 1 drivers
v0x5650425172f0_0 .net "B", 0 0, L_0x565042536a80;  alias, 1 drivers
v0x5650425173c0_0 .net "Y", 0 0, L_0x565042536f40;  alias, 1 drivers
v0x565042517490_0 .net *"_s0", 0 0, L_0x565042536e20;  1 drivers
S_0x5650424f4930 .scope module, "_057_" "NOR" 3 80, 2 20 0, S_0x5650424eb930;
 .timescale -9 -10;
    .port_info 0 /INPUT 1 "A"
    .port_info 1 /INPUT 1 "B"
    .port_info 2 /OUTPUT 1 "Y"
L_0x565042536fd0 .functor OR 1, L_0x565042536d00, L_0x5650425370d0, C4<0>, C4<0>;
L_0x565042537060 .functor NOT 1, L_0x565042536fd0, C4<0>, C4<0>, C4<0>;
v0x565042517650_0 .net "A", 0 0, L_0x565042536d00;  alias, 1 drivers
v0x565042517760_0 .net "B", 0 0, L_0x5650425370d0;  1 drivers
v0x565042517820_0 .net "Y", 0 0, L_0x565042537060;  alias, 1 drivers
v0x5650425178c0_0 .net *"_s0", 0 0, L_0x565042536fd0;  1 drivers
S_0x565042517a20 .scope module, "_058_" "NOR" 3 85, 2 20 0, S_0x5650424eb930;
 .timescale -9 -10;
    .port_info 0 /INPUT 1 "A"
    .port_info 1 /INPUT 1 "B"
    .port_info 2 /OUTPUT 1 "Y"
L_0x565042537210 .functor OR 1, v0x565042530c80_0, o0x7fa5d15a3378, C4<0>, C4<0>;
L_0x5650425372a0 .functor NOT 1, L_0x565042537210, C4<0>, C4<0>, C4<0>;
v0x565042517c90_0 .net "A", 0 0, v0x565042530c80_0;  alias, 1 drivers
v0x565042517d70_0 .net "B", 0 0, o0x7fa5d15a3378;  alias, 0 drivers
v0x565042517e30_0 .net "Y", 0 0, L_0x5650425372a0;  alias, 1 drivers
v0x565042517f00_0 .net *"_s0", 0 0, L_0x565042537210;  1 drivers
S_0x565042518020 .scope module, "_059_" "NOR" 3 90, 2 20 0, S_0x5650424eb930;
 .timescale -9 -10;
    .port_info 0 /INPUT 1 "A"
    .port_info 1 /INPUT 1 "B"
    .port_info 2 /OUTPUT 1 "Y"
L_0x565042537330 .functor OR 1, L_0x5650425372a0, L_0x565042536f40, C4<0>, C4<0>;
L_0x5650425373c0 .functor NOT 1, L_0x565042537330, C4<0>, C4<0>, C4<0>;
v0x565042518240_0 .net "A", 0 0, L_0x5650425372a0;  alias, 1 drivers
v0x565042518330_0 .net "B", 0 0, L_0x565042536f40;  alias, 1 drivers
v0x565042518400_0 .net "Y", 0 0, L_0x5650425373c0;  alias, 1 drivers
v0x5650425184d0_0 .net *"_s0", 0 0, L_0x565042537330;  1 drivers
S_0x5650425185f0 .scope module, "_060_" "NOT" 3 95, 2 8 0, S_0x5650424eb930;
 .timescale -9 -10;
    .port_info 0 /INPUT 1 "A"
    .port_info 1 /OUTPUT 1 "Y"
L_0x5650425374a0 .functor NOT 1, o0x7fa5d15a33a8, C4<0>, C4<0>, C4<0>;
v0x5650425187c0_0 .net "A", 0 0, o0x7fa5d15a33a8;  alias, 0 drivers
v0x5650425188b0_0 .net "Y", 0 0, L_0x5650425374a0;  alias, 1 drivers
S_0x5650425189b0 .scope module, "_061_" "NOT" 3 99, 2 8 0, S_0x5650424eb930;
 .timescale -9 -10;
    .port_info 0 /INPUT 1 "A"
    .port_info 1 /OUTPUT 1 "Y"
L_0x565042537550 .functor NOT 1, L_0x5650425375e0, C4<0>, C4<0>, C4<0>;
v0x565042518b80_0 .net "A", 0 0, L_0x5650425375e0;  1 drivers
v0x565042518c60_0 .net "Y", 0 0, L_0x565042537550;  alias, 1 drivers
S_0x565042518d80 .scope module, "_062_" "NOR" 3 103, 2 20 0, S_0x5650424eb930;
 .timescale -9 -10;
    .port_info 0 /INPUT 1 "A"
    .port_info 1 /INPUT 1 "B"
    .port_info 2 /OUTPUT 1 "Y"
L_0x5650425376d0 .functor OR 1, L_0x565042537550, L_0x5650425374a0, C4<0>, C4<0>;
L_0x5650425377d0 .functor NOT 1, L_0x5650425376d0, C4<0>, C4<0>, C4<0>;
v0x565042518f50_0 .net "A", 0 0, L_0x565042537550;  alias, 1 drivers
v0x565042519040_0 .net "B", 0 0, L_0x5650425374a0;  alias, 1 drivers
v0x565042519110_0 .net "Y", 0 0, L_0x5650425377d0;  alias, 1 drivers
v0x5650425191e0_0 .net *"_s0", 0 0, L_0x5650425376d0;  1 drivers
S_0x565042519300 .scope module, "_063_" "NAND" 3 108, 2 14 0, S_0x5650424eb930;
 .timescale -9 -10;
    .port_info 0 /INPUT 1 "A"
    .port_info 1 /INPUT 1 "B"
    .port_info 2 /OUTPUT 1 "Y"
L_0x565042537860 .functor AND 1, L_0x5650425377d0, L_0x5650425373c0, C4<1>, C4<1>;
L_0x565042537a90 .functor NOT 1, L_0x565042537860, C4<0>, C4<0>, C4<0>;
v0x565042519520_0 .net "A", 0 0, L_0x5650425377d0;  alias, 1 drivers
v0x565042519610_0 .net "B", 0 0, L_0x5650425373c0;  alias, 1 drivers
v0x5650425196e0_0 .net "Y", 0 0, L_0x565042537a90;  alias, 1 drivers
v0x5650425197b0_0 .net *"_s0", 0 0, L_0x565042537860;  1 drivers
S_0x5650425198d0 .scope module, "_064_" "NAND" 3 113, 2 14 0, S_0x5650424eb930;
 .timescale -9 -10;
    .port_info 0 /INPUT 1 "A"
    .port_info 1 /INPUT 1 "B"
    .port_info 2 /OUTPUT 1 "Y"
L_0x565042537b20 .functor AND 1, L_0x565042536f40, L_0x565042537c70, C4<1>, C4<1>;
L_0x565042537bb0 .functor NOT 1, L_0x565042537b20, C4<0>, C4<0>, C4<0>;
v0x565042519af0_0 .net "A", 0 0, L_0x565042536f40;  alias, 1 drivers
v0x565042519c00_0 .net "B", 0 0, L_0x565042537c70;  1 drivers
v0x565042519cc0_0 .net "Y", 0 0, L_0x565042537bb0;  alias, 1 drivers
v0x565042519d60_0 .net *"_s0", 0 0, L_0x565042537b20;  1 drivers
S_0x565042519ec0 .scope module, "_065_" "NAND" 3 118, 2 14 0, S_0x5650424eb930;
 .timescale -9 -10;
    .port_info 0 /INPUT 1 "A"
    .port_info 1 /INPUT 1 "B"
    .port_info 2 /OUTPUT 1 "Y"
L_0x565042537d60 .functor AND 1, L_0x565042537bb0, L_0x565042537a90, C4<1>, C4<1>;
L_0x565042537e60 .functor NOT 1, L_0x565042537d60, C4<0>, C4<0>, C4<0>;
v0x56504251a0e0_0 .net "A", 0 0, L_0x565042537bb0;  alias, 1 drivers
v0x56504251a1d0_0 .net "B", 0 0, L_0x565042537a90;  alias, 1 drivers
v0x56504251a2a0_0 .net "Y", 0 0, L_0x565042537e60;  1 drivers
v0x56504251a370_0 .net *"_s0", 0 0, L_0x565042537d60;  1 drivers
S_0x56504251a490 .scope module, "_066_" "NOT" 3 123, 2 8 0, S_0x5650424eb930;
 .timescale -9 -10;
    .port_info 0 /INPUT 1 "A"
    .port_info 1 /OUTPUT 1 "Y"
L_0x565042537ef0 .functor NOT 1, L_0x565042537f60, C4<0>, C4<0>, C4<0>;
v0x56504251a660_0 .net "A", 0 0, L_0x565042537f60;  1 drivers
v0x56504251a740_0 .net "Y", 0 0, L_0x565042537ef0;  alias, 1 drivers
S_0x56504251a860 .scope module, "_067_" "NOR" 3 127, 2 20 0, S_0x5650424eb930;
 .timescale -9 -10;
    .port_info 0 /INPUT 1 "A"
    .port_info 1 /INPUT 1 "B"
    .port_info 2 /OUTPUT 1 "Y"
L_0x565042538050 .functor OR 1, L_0x565042537ef0, L_0x5650425374a0, C4<0>, C4<0>;
L_0x565042538170 .functor NOT 1, L_0x565042538050, C4<0>, C4<0>, C4<0>;
v0x56504251aa80_0 .net "A", 0 0, L_0x565042537ef0;  alias, 1 drivers
v0x56504251ab70_0 .net "B", 0 0, L_0x5650425374a0;  alias, 1 drivers
v0x56504251ac60_0 .net "Y", 0 0, L_0x565042538170;  alias, 1 drivers
v0x56504251ad00_0 .net *"_s0", 0 0, L_0x565042538050;  1 drivers
S_0x56504251ae40 .scope module, "_068_" "NAND" 3 132, 2 14 0, S_0x5650424eb930;
 .timescale -9 -10;
    .port_info 0 /INPUT 1 "A"
    .port_info 1 /INPUT 1 "B"
    .port_info 2 /OUTPUT 1 "Y"
L_0x565042538200 .functor AND 1, L_0x565042538170, L_0x5650425373c0, C4<1>, C4<1>;
L_0x565042538320 .functor NOT 1, L_0x565042538200, C4<0>, C4<0>, C4<0>;
v0x56504251b060_0 .net "A", 0 0, L_0x565042538170;  alias, 1 drivers
v0x56504251b150_0 .net "B", 0 0, L_0x5650425373c0;  alias, 1 drivers
v0x56504251b240_0 .net "Y", 0 0, L_0x565042538320;  alias, 1 drivers
v0x56504251b2e0_0 .net *"_s0", 0 0, L_0x565042538200;  1 drivers
S_0x56504251b420 .scope module, "_069_" "NAND" 3 137, 2 14 0, S_0x5650424eb930;
 .timescale -9 -10;
    .port_info 0 /INPUT 1 "A"
    .port_info 1 /INPUT 1 "B"
    .port_info 2 /OUTPUT 1 "Y"
L_0x5650425383b0 .functor AND 1, L_0x565042536f40, L_0x565042538500, C4<1>, C4<1>;
L_0x565042538440 .functor NOT 1, L_0x5650425383b0, C4<0>, C4<0>, C4<0>;
v0x56504251b640_0 .net "A", 0 0, L_0x565042536f40;  alias, 1 drivers
v0x56504251b700_0 .net "B", 0 0, L_0x565042538500;  1 drivers
v0x56504251b7c0_0 .net "Y", 0 0, L_0x565042538440;  alias, 1 drivers
v0x56504251b890_0 .net *"_s0", 0 0, L_0x5650425383b0;  1 drivers
S_0x56504251b9f0 .scope module, "_070_" "NAND" 3 142, 2 14 0, S_0x5650424eb930;
 .timescale -9 -10;
    .port_info 0 /INPUT 1 "A"
    .port_info 1 /INPUT 1 "B"
    .port_info 2 /OUTPUT 1 "Y"
L_0x5650425386c0 .functor AND 1, L_0x565042538440, L_0x565042538320, C4<1>, C4<1>;
L_0x565042538870 .functor NOT 1, L_0x5650425386c0, C4<0>, C4<0>, C4<0>;
v0x56504251bc10_0 .net "A", 0 0, L_0x565042538440;  alias, 1 drivers
v0x56504251bd00_0 .net "B", 0 0, L_0x565042538320;  alias, 1 drivers
v0x56504251bdd0_0 .net "Y", 0 0, L_0x565042538870;  1 drivers
v0x56504251bea0_0 .net *"_s0", 0 0, L_0x5650425386c0;  1 drivers
S_0x56504251bfc0 .scope module, "_071_" "NOT" 3 147, 2 8 0, S_0x5650424eb930;
 .timescale -9 -10;
    .port_info 0 /INPUT 1 "A"
    .port_info 1 /OUTPUT 1 "Y"
L_0x565042538900 .functor NOT 1, L_0x565042538970, C4<0>, C4<0>, C4<0>;
v0x56504251c1d0_0 .net "A", 0 0, L_0x565042538970;  1 drivers
v0x56504251c2b0_0 .net "Y", 0 0, L_0x565042538900;  alias, 1 drivers
S_0x56504251c3d0 .scope module, "_072_" "NOR" 3 151, 2 20 0, S_0x5650424eb930;
 .timescale -9 -10;
    .port_info 0 /INPUT 1 "A"
    .port_info 1 /INPUT 1 "B"
    .port_info 2 /OUTPUT 1 "Y"
L_0x565042538a10 .functor OR 1, L_0x565042538900, L_0x5650425374a0, C4<0>, C4<0>;
L_0x565042538b30 .functor NOT 1, L_0x565042538a10, C4<0>, C4<0>, C4<0>;
v0x56504251c5f0_0 .net "A", 0 0, L_0x565042538900;  alias, 1 drivers
v0x56504251c6e0_0 .net "B", 0 0, L_0x5650425374a0;  alias, 1 drivers
v0x56504251c780_0 .net "Y", 0 0, L_0x565042538b30;  alias, 1 drivers
v0x56504251c850_0 .net *"_s0", 0 0, L_0x565042538a10;  1 drivers
S_0x56504251c990 .scope module, "_073_" "NAND" 3 156, 2 14 0, S_0x5650424eb930;
 .timescale -9 -10;
    .port_info 0 /INPUT 1 "A"
    .port_info 1 /INPUT 1 "B"
    .port_info 2 /OUTPUT 1 "Y"
L_0x565042538bc0 .functor AND 1, L_0x565042538b30, L_0x5650425373c0, C4<1>, C4<1>;
L_0x565042538ce0 .functor NOT 1, L_0x565042538bc0, C4<0>, C4<0>, C4<0>;
v0x56504251cbb0_0 .net "A", 0 0, L_0x565042538b30;  alias, 1 drivers
v0x56504251cca0_0 .net "B", 0 0, L_0x5650425373c0;  alias, 1 drivers
v0x56504251cd40_0 .net "Y", 0 0, L_0x565042538ce0;  alias, 1 drivers
v0x56504251ce10_0 .net *"_s0", 0 0, L_0x565042538bc0;  1 drivers
S_0x56504251cf50 .scope module, "_074_" "NAND" 3 161, 2 14 0, S_0x5650424eb930;
 .timescale -9 -10;
    .port_info 0 /INPUT 1 "A"
    .port_info 1 /INPUT 1 "B"
    .port_info 2 /OUTPUT 1 "Y"
L_0x565042538d70 .functor AND 1, L_0x565042536f40, L_0x565042538e70, C4<1>, C4<1>;
L_0x565042538e00 .functor NOT 1, L_0x565042538d70, C4<0>, C4<0>, C4<0>;
v0x56504251d170_0 .net "A", 0 0, L_0x565042536f40;  alias, 1 drivers
v0x56504251d230_0 .net "B", 0 0, L_0x565042538e70;  1 drivers
v0x56504251d2f0_0 .net "Y", 0 0, L_0x565042538e00;  alias, 1 drivers
v0x56504251d3c0_0 .net *"_s0", 0 0, L_0x565042538d70;  1 drivers
S_0x56504251d520 .scope module, "_075_" "NAND" 3 166, 2 14 0, S_0x5650424eb930;
 .timescale -9 -10;
    .port_info 0 /INPUT 1 "A"
    .port_info 1 /INPUT 1 "B"
    .port_info 2 /OUTPUT 1 "Y"
L_0x565042538fb0 .functor AND 1, L_0x565042538e00, L_0x565042538ce0, C4<1>, C4<1>;
L_0x565042539160 .functor NOT 1, L_0x565042538fb0, C4<0>, C4<0>, C4<0>;
v0x56504251d6f0_0 .net "A", 0 0, L_0x565042538e00;  alias, 1 drivers
v0x56504251d7e0_0 .net "B", 0 0, L_0x565042538ce0;  alias, 1 drivers
v0x56504251d8b0_0 .net "Y", 0 0, L_0x565042539160;  1 drivers
v0x56504251d980_0 .net *"_s0", 0 0, L_0x565042538fb0;  1 drivers
S_0x56504251daa0 .scope module, "_076_" "NOT" 3 171, 2 8 0, S_0x5650424eb930;
 .timescale -9 -10;
    .port_info 0 /INPUT 1 "A"
    .port_info 1 /OUTPUT 1 "Y"
L_0x5650425391f0 .functor NOT 1, L_0x565042539260, C4<0>, C4<0>, C4<0>;
v0x56504251dcb0_0 .net "A", 0 0, L_0x565042539260;  1 drivers
v0x56504251dd90_0 .net "Y", 0 0, L_0x5650425391f0;  alias, 1 drivers
S_0x56504251deb0 .scope module, "_077_" "NOR" 3 175, 2 20 0, S_0x5650424eb930;
 .timescale -9 -10;
    .port_info 0 /INPUT 1 "A"
    .port_info 1 /INPUT 1 "B"
    .port_info 2 /OUTPUT 1 "Y"
L_0x565042539390 .functor OR 1, L_0x5650425391f0, L_0x5650425374a0, C4<0>, C4<0>;
L_0x5650425394b0 .functor NOT 1, L_0x565042539390, C4<0>, C4<0>, C4<0>;
v0x56504251e0d0_0 .net "A", 0 0, L_0x5650425391f0;  alias, 1 drivers
v0x56504251e1c0_0 .net "B", 0 0, L_0x5650425374a0;  alias, 1 drivers
v0x56504251e260_0 .net "Y", 0 0, L_0x5650425394b0;  alias, 1 drivers
v0x56504251e330_0 .net *"_s0", 0 0, L_0x565042539390;  1 drivers
S_0x56504251e470 .scope module, "_078_" "NAND" 3 180, 2 14 0, S_0x5650424eb930;
 .timescale -9 -10;
    .port_info 0 /INPUT 1 "A"
    .port_info 1 /INPUT 1 "B"
    .port_info 2 /OUTPUT 1 "Y"
L_0x565042539540 .functor AND 1, L_0x5650425394b0, L_0x5650425373c0, C4<1>, C4<1>;
L_0x565042539660 .functor NOT 1, L_0x565042539540, C4<0>, C4<0>, C4<0>;
v0x56504251e640_0 .net "A", 0 0, L_0x5650425394b0;  alias, 1 drivers
v0x56504251e730_0 .net "B", 0 0, L_0x5650425373c0;  alias, 1 drivers
v0x56504251e860_0 .net "Y", 0 0, L_0x565042539660;  alias, 1 drivers
v0x56504251e930_0 .net *"_s0", 0 0, L_0x565042539540;  1 drivers
S_0x56504251ea70 .scope module, "_079_" "NAND" 3 185, 2 14 0, S_0x5650424eb930;
 .timescale -9 -10;
    .port_info 0 /INPUT 1 "A"
    .port_info 1 /INPUT 1 "B"
    .port_info 2 /OUTPUT 1 "Y"
L_0x5650425396f0 .functor AND 1, L_0x565042536f40, L_0x5650425397f0, C4<1>, C4<1>;
L_0x565042539780 .functor NOT 1, L_0x5650425396f0, C4<0>, C4<0>, C4<0>;
v0x56504251ec40_0 .net "A", 0 0, L_0x565042536f40;  alias, 1 drivers
v0x56504251ed00_0 .net "B", 0 0, L_0x5650425397f0;  1 drivers
v0x56504251edc0_0 .net "Y", 0 0, L_0x565042539780;  alias, 1 drivers
v0x56504251ee90_0 .net *"_s0", 0 0, L_0x5650425396f0;  1 drivers
S_0x56504251eff0 .scope module, "_080_" "NAND" 3 190, 2 14 0, S_0x5650424eb930;
 .timescale -9 -10;
    .port_info 0 /INPUT 1 "A"
    .port_info 1 /INPUT 1 "B"
    .port_info 2 /OUTPUT 1 "Y"
L_0x565042539940 .functor AND 1, L_0x565042539780, L_0x565042539660, C4<1>, C4<1>;
L_0x565042539af0 .functor NOT 1, L_0x565042539940, C4<0>, C4<0>, C4<0>;
v0x56504251f210_0 .net "A", 0 0, L_0x565042539780;  alias, 1 drivers
v0x56504251f300_0 .net "B", 0 0, L_0x565042539660;  alias, 1 drivers
v0x56504251f3d0_0 .net "Y", 0 0, L_0x565042539af0;  1 drivers
v0x56504251f4a0_0 .net *"_s0", 0 0, L_0x565042539940;  1 drivers
S_0x56504251f5c0 .scope module, "_081_" "NOT" 3 195, 2 8 0, S_0x5650424eb930;
 .timescale -9 -10;
    .port_info 0 /INPUT 1 "A"
    .port_info 1 /OUTPUT 1 "Y"
L_0x565042539b80 .functor NOT 1, o0x7fa5d15a3378, C4<0>, C4<0>, C4<0>;
v0x56504251f7d0_0 .net "A", 0 0, o0x7fa5d15a3378;  alias, 0 drivers
v0x56504251f8e0_0 .net "Y", 0 0, L_0x565042539b80;  alias, 1 drivers
S_0x56504251fa00 .scope module, "_082_" "NOR" 3 199, 2 20 0, S_0x5650424eb930;
 .timescale -9 -10;
    .port_info 0 /INPUT 1 "A"
    .port_info 1 /INPUT 1 "B"
    .port_info 2 /OUTPUT 1 "Y"
L_0x565042539ca0 .functor OR 1, L_0x565042539b80, L_0x5650425374a0, C4<0>, C4<0>;
L_0x565042539d30 .functor NOT 1, L_0x565042539ca0, C4<0>, C4<0>, C4<0>;
v0x56504251fc20_0 .net "A", 0 0, L_0x565042539b80;  alias, 1 drivers
v0x56504251fce0_0 .net "B", 0 0, L_0x5650425374a0;  alias, 1 drivers
v0x56504251fd80_0 .net "Y", 0 0, L_0x565042539d30;  alias, 1 drivers
v0x56504251fe50_0 .net *"_s0", 0 0, L_0x565042539ca0;  1 drivers
S_0x56504251ff90 .scope module, "_083_" "NAND" 3 204, 2 14 0, S_0x5650424eb930;
 .timescale -9 -10;
    .port_info 0 /INPUT 1 "A"
    .port_info 1 /INPUT 1 "B"
    .port_info 2 /OUTPUT 1 "Y"
L_0x565042539dc0 .functor AND 1, L_0x565042539d30, L_0x565042539fe0, C4<1>, C4<1>;
L_0x565042539ee0 .functor NOT 1, L_0x565042539dc0, C4<0>, C4<0>, C4<0>;
v0x5650425201b0_0 .net "A", 0 0, L_0x565042539d30;  alias, 1 drivers
v0x5650425202a0_0 .net "B", 0 0, L_0x565042539fe0;  1 drivers
v0x565042520340_0 .net "Y", 0 0, L_0x565042539ee0;  alias, 1 drivers
v0x565042520410_0 .net *"_s0", 0 0, L_0x565042539dc0;  1 drivers
S_0x565042520570 .scope module, "_084_" "NOT" 3 209, 2 8 0, S_0x5650424eb930;
 .timescale -9 -10;
    .port_info 0 /INPUT 1 "A"
    .port_info 1 /OUTPUT 1 "Y"
L_0x56504253a080 .functor NOT 1, L_0x5650425372a0, C4<0>, C4<0>, C4<0>;
v0x565042520780_0 .net "A", 0 0, L_0x5650425372a0;  alias, 1 drivers
v0x565042520890_0 .net "Y", 0 0, L_0x56504253a080;  alias, 1 drivers
S_0x5650425209b0 .scope module, "_085_" "NOT" 3 213, 2 8 0, S_0x5650424eb930;
 .timescale -9 -10;
    .port_info 0 /INPUT 1 "A"
    .port_info 1 /OUTPUT 1 "Y"
L_0x56504253a130 .functor NOT 1, L_0x56504253a1c0, C4<0>, C4<0>, C4<0>;
v0x565042520bc0_0 .net "A", 0 0, L_0x56504253a1c0;  1 drivers
v0x565042520ca0_0 .net "Y", 0 0, L_0x56504253a130;  alias, 1 drivers
S_0x565042520dc0 .scope module, "_086_" "NOR" 3 217, 2 20 0, S_0x5650424eb930;
 .timescale -9 -10;
    .port_info 0 /INPUT 1 "A"
    .port_info 1 /INPUT 1 "B"
    .port_info 2 /OUTPUT 1 "Y"
L_0x56504253a2d0 .functor OR 1, L_0x56504253a130, L_0x5650425374a0, C4<0>, C4<0>;
L_0x56504253a600 .functor NOT 1, L_0x56504253a2d0, C4<0>, C4<0>, C4<0>;
v0x565042520fe0_0 .net "A", 0 0, L_0x56504253a130;  alias, 1 drivers
v0x5650425210a0_0 .net "B", 0 0, L_0x5650425374a0;  alias, 1 drivers
v0x565042521140_0 .net "Y", 0 0, L_0x56504253a600;  alias, 1 drivers
v0x565042521210_0 .net *"_s0", 0 0, L_0x56504253a2d0;  1 drivers
S_0x565042521350 .scope module, "_087_" "NAND" 3 222, 2 14 0, S_0x5650424eb930;
 .timescale -9 -10;
    .port_info 0 /INPUT 1 "A"
    .port_info 1 /INPUT 1 "B"
    .port_info 2 /OUTPUT 1 "Y"
L_0x56504253a690 .functor AND 1, L_0x56504253a600, L_0x56504253a080, C4<1>, C4<1>;
L_0x56504253a840 .functor NOT 1, L_0x56504253a690, C4<0>, C4<0>, C4<0>;
v0x565042521570_0 .net "A", 0 0, L_0x56504253a600;  alias, 1 drivers
v0x565042521660_0 .net "B", 0 0, L_0x56504253a080;  alias, 1 drivers
v0x565042521730_0 .net "Y", 0 0, L_0x56504253a840;  alias, 1 drivers
v0x565042521800_0 .net *"_s0", 0 0, L_0x56504253a690;  1 drivers
S_0x565042521920 .scope module, "_088_" "NAND" 3 227, 2 14 0, S_0x5650424eb930;
 .timescale -9 -10;
    .port_info 0 /INPUT 1 "A"
    .port_info 1 /INPUT 1 "B"
    .port_info 2 /OUTPUT 1 "Y"
L_0x56504253a8d0 .functor AND 1, L_0x56504253a840, L_0x565042539ee0, C4<1>, C4<1>;
L_0x56504253a9f0 .functor NOT 1, L_0x56504253a8d0, C4<0>, C4<0>, C4<0>;
v0x565042521b40_0 .net "A", 0 0, L_0x56504253a840;  alias, 1 drivers
v0x565042521c30_0 .net "B", 0 0, L_0x565042539ee0;  alias, 1 drivers
v0x565042521d00_0 .net "Y", 0 0, L_0x56504253a9f0;  1 drivers
v0x565042521dd0_0 .net *"_s0", 0 0, L_0x56504253a8d0;  1 drivers
S_0x565042521ef0 .scope module, "_089_" "NOT" 3 232, 2 8 0, S_0x5650424eb930;
 .timescale -9 -10;
    .port_info 0 /INPUT 1 "A"
    .port_info 1 /OUTPUT 1 "Y"
L_0x56504253aa80 .functor NOT 1, L_0x56504253aaf0, C4<0>, C4<0>, C4<0>;
v0x565042522100_0 .net "A", 0 0, L_0x56504253aaf0;  1 drivers
v0x5650425221e0_0 .net "Y", 0 0, L_0x56504253aa80;  alias, 1 drivers
S_0x565042522300 .scope module, "_090_" "NOR" 3 236, 2 20 0, S_0x5650424eb930;
 .timescale -9 -10;
    .port_info 0 /INPUT 1 "A"
    .port_info 1 /INPUT 1 "B"
    .port_info 2 /OUTPUT 1 "Y"
L_0x56504253ab90 .functor OR 1, L_0x56504253aa80, L_0x5650425374a0, C4<0>, C4<0>;
L_0x56504253acb0 .functor NOT 1, L_0x56504253ab90, C4<0>, C4<0>, C4<0>;
v0x565042522520_0 .net "A", 0 0, L_0x56504253aa80;  alias, 1 drivers
v0x565042522610_0 .net "B", 0 0, L_0x5650425374a0;  alias, 1 drivers
v0x5650425226b0_0 .net "Y", 0 0, L_0x56504253acb0;  alias, 1 drivers
v0x565042522780_0 .net *"_s0", 0 0, L_0x56504253ab90;  1 drivers
S_0x5650425228c0 .scope module, "_091_" "NAND" 3 241, 2 14 0, S_0x5650424eb930;
 .timescale -9 -10;
    .port_info 0 /INPUT 1 "A"
    .port_info 1 /INPUT 1 "B"
    .port_info 2 /OUTPUT 1 "Y"
L_0x56504253ad40 .functor AND 1, L_0x56504253acb0, L_0x5650425373c0, C4<1>, C4<1>;
L_0x56504253ae60 .functor NOT 1, L_0x56504253ad40, C4<0>, C4<0>, C4<0>;
v0x565042522ae0_0 .net "A", 0 0, L_0x56504253acb0;  alias, 1 drivers
v0x565042522bd0_0 .net "B", 0 0, L_0x5650425373c0;  alias, 1 drivers
v0x565042522c70_0 .net "Y", 0 0, L_0x56504253ae60;  alias, 1 drivers
v0x565042522d40_0 .net *"_s0", 0 0, L_0x56504253ad40;  1 drivers
S_0x565042522e80 .scope module, "_092_" "NAND" 3 246, 2 14 0, S_0x5650424eb930;
 .timescale -9 -10;
    .port_info 0 /INPUT 1 "A"
    .port_info 1 /INPUT 1 "B"
    .port_info 2 /OUTPUT 1 "Y"
L_0x56504253aef0 .functor AND 1, L_0x565042536f40, L_0x56504253b200, C4<1>, C4<1>;
L_0x56504253b190 .functor NOT 1, L_0x56504253aef0, C4<0>, C4<0>, C4<0>;
v0x5650425230a0_0 .net "A", 0 0, L_0x565042536f40;  alias, 1 drivers
v0x565042523160_0 .net "B", 0 0, L_0x56504253b200;  1 drivers
v0x565042523220_0 .net "Y", 0 0, L_0x56504253b190;  alias, 1 drivers
v0x5650425232f0_0 .net *"_s0", 0 0, L_0x56504253aef0;  1 drivers
S_0x565042523450 .scope module, "_093_" "NAND" 3 251, 2 14 0, S_0x5650424eb930;
 .timescale -9 -10;
    .port_info 0 /INPUT 1 "A"
    .port_info 1 /INPUT 1 "B"
    .port_info 2 /OUTPUT 1 "Y"
L_0x56504253a260 .functor AND 1, L_0x56504253b190, L_0x56504253ae60, C4<1>, C4<1>;
L_0x56504253b420 .functor NOT 1, L_0x56504253a260, C4<0>, C4<0>, C4<0>;
v0x565042523670_0 .net "A", 0 0, L_0x56504253b190;  alias, 1 drivers
v0x565042523760_0 .net "B", 0 0, L_0x56504253ae60;  alias, 1 drivers
v0x565042523830_0 .net "Y", 0 0, L_0x56504253b420;  1 drivers
v0x565042523900_0 .net *"_s0", 0 0, L_0x56504253a260;  1 drivers
S_0x565042523a20 .scope module, "_094_" "NAND" 3 256, 2 14 0, S_0x5650424eb930;
 .timescale -9 -10;
    .port_info 0 /INPUT 1 "A"
    .port_info 1 /INPUT 1 "B"
    .port_info 2 /OUTPUT 1 "Y"
L_0x56504253b6e0 .functor AND 1, L_0x565042537060, L_0x56504253b810, C4<1>, C4<1>;
L_0x56504253b750 .functor NOT 1, L_0x56504253b6e0, C4<0>, C4<0>, C4<0>;
v0x565042523c40_0 .net "A", 0 0, L_0x565042537060;  alias, 1 drivers
v0x565042523d30_0 .net "B", 0 0, L_0x56504253b810;  1 drivers
v0x565042523dd0_0 .net "Y", 0 0, L_0x56504253b750;  alias, 1 drivers
v0x565042523ea0_0 .net *"_s0", 0 0, L_0x56504253b6e0;  1 drivers
S_0x565042524000 .scope module, "_095_" "NOR" 3 261, 2 20 0, S_0x5650424eb930;
 .timescale -9 -10;
    .port_info 0 /INPUT 1 "A"
    .port_info 1 /INPUT 1 "B"
    .port_info 2 /OUTPUT 1 "Y"
L_0x56504253b990 .functor OR 1, o0x7fa5d15a3378, L_0x5650425374a0, C4<0>, C4<0>;
L_0x56504253ba00 .functor NOT 1, L_0x56504253b990, C4<0>, C4<0>, C4<0>;
v0x565042524220_0 .net "A", 0 0, o0x7fa5d15a3378;  alias, 0 drivers
v0x5650425242e0_0 .net "B", 0 0, L_0x5650425374a0;  alias, 1 drivers
v0x5650425243a0_0 .net "Y", 0 0, L_0x56504253ba00;  alias, 1 drivers
v0x565042524470_0 .net *"_s0", 0 0, L_0x56504253b990;  1 drivers
S_0x5650425245b0 .scope module, "_096_" "NAND" 3 266, 2 14 0, S_0x5650424eb930;
 .timescale -9 -10;
    .port_info 0 /INPUT 1 "A"
    .port_info 1 /INPUT 1 "B"
    .port_info 2 /OUTPUT 1 "Y"
L_0x56504253bae0 .functor AND 1, L_0x56504253ba00, v0x565042530670_0, C4<1>, C4<1>;
L_0x56504253bc00 .functor NOT 1, L_0x56504253bae0, C4<0>, C4<0>, C4<0>;
v0x5650425247d0_0 .net "A", 0 0, L_0x56504253ba00;  alias, 1 drivers
v0x5650425248c0_0 .net "B", 0 0, v0x565042530670_0;  alias, 1 drivers
v0x565042524960_0 .net "Y", 0 0, L_0x56504253bc00;  alias, 1 drivers
v0x565042524a30_0 .net *"_s0", 0 0, L_0x56504253bae0;  1 drivers
S_0x565042524b90 .scope module, "_097_" "NAND" 3 271, 2 14 0, S_0x5650424eb930;
 .timescale -9 -10;
    .port_info 0 /INPUT 1 "A"
    .port_info 1 /INPUT 1 "B"
    .port_info 2 /OUTPUT 1 "Y"
L_0x56504253bc90 .functor AND 1, L_0x56504253bc00, L_0x565042539ee0, C4<1>, C4<1>;
L_0x56504253bdb0 .functor NOT 1, L_0x56504253bc90, C4<0>, C4<0>, C4<0>;
v0x565042524db0_0 .net "A", 0 0, L_0x56504253bc00;  alias, 1 drivers
v0x565042524ea0_0 .net "B", 0 0, L_0x565042539ee0;  alias, 1 drivers
v0x565042524f90_0 .net "Y", 0 0, L_0x56504253bdb0;  alias, 1 drivers
v0x565042525030_0 .net *"_s0", 0 0, L_0x56504253bc90;  1 drivers
S_0x565042525170 .scope module, "_098_" "NAND" 3 276, 2 14 0, S_0x5650424eb930;
 .timescale -9 -10;
    .port_info 0 /INPUT 1 "A"
    .port_info 1 /INPUT 1 "B"
    .port_info 2 /OUTPUT 1 "Y"
L_0x56504253be40 .functor AND 1, L_0x56504253bdb0, L_0x56504253c050, C4<1>, C4<1>;
L_0x56504253bfe0 .functor NOT 1, L_0x56504253be40, C4<0>, C4<0>, C4<0>;
v0x565042525390_0 .net "A", 0 0, L_0x56504253bdb0;  alias, 1 drivers
v0x565042525480_0 .net "B", 0 0, L_0x56504253c050;  1 drivers
v0x565042525520_0 .net "Y", 0 0, L_0x56504253bfe0;  alias, 1 drivers
v0x5650425255f0_0 .net *"_s0", 0 0, L_0x56504253be40;  1 drivers
S_0x565042525750 .scope module, "_099_" "NAND" 3 281, 2 14 0, S_0x5650424eb930;
 .timescale -9 -10;
    .port_info 0 /INPUT 1 "A"
    .port_info 1 /INPUT 1 "B"
    .port_info 2 /OUTPUT 1 "Y"
L_0x56504253c140 .functor AND 1, L_0x56504253bfe0, L_0x56504253b750, C4<1>, C4<1>;
L_0x56504253c240 .functor NOT 1, L_0x56504253c140, C4<0>, C4<0>, C4<0>;
v0x565042525970_0 .net "A", 0 0, L_0x56504253bfe0;  alias, 1 drivers
v0x565042525a60_0 .net "B", 0 0, L_0x56504253b750;  alias, 1 drivers
v0x565042525b30_0 .net "Y", 0 0, L_0x56504253c240;  1 drivers
v0x565042525c00_0 .net *"_s0", 0 0, L_0x56504253c140;  1 drivers
S_0x565042525d20 .scope module, "_100_" "NAND" 3 286, 2 14 0, S_0x5650424eb930;
 .timescale -9 -10;
    .port_info 0 /INPUT 1 "A"
    .port_info 1 /INPUT 1 "B"
    .port_info 2 /OUTPUT 1 "Y"
L_0x56504253c2d0 .functor AND 1, L_0x565042537060, L_0x56504253c3b0, C4<1>, C4<1>;
L_0x56504253c340 .functor NOT 1, L_0x56504253c2d0, C4<0>, C4<0>, C4<0>;
v0x565042525f40_0 .net "A", 0 0, L_0x565042537060;  alias, 1 drivers
v0x565042526050_0 .net "B", 0 0, L_0x56504253c3b0;  1 drivers
v0x565042526110_0 .net "Y", 0 0, L_0x56504253c340;  alias, 1 drivers
v0x5650425261b0_0 .net *"_s0", 0 0, L_0x56504253c2d0;  1 drivers
S_0x565042526310 .scope module, "_101_" "NAND" 3 291, 2 14 0, S_0x5650424eb930;
 .timescale -9 -10;
    .port_info 0 /INPUT 1 "A"
    .port_info 1 /INPUT 1 "B"
    .port_info 2 /OUTPUT 1 "Y"
L_0x56504253c540 .functor AND 1, L_0x56504253bdb0, L_0x56504253c690, C4<1>, C4<1>;
L_0x56504253c5d0 .functor NOT 1, L_0x56504253c540, C4<0>, C4<0>, C4<0>;
v0x565042526530_0 .net "A", 0 0, L_0x56504253bdb0;  alias, 1 drivers
v0x565042526640_0 .net "B", 0 0, L_0x56504253c690;  1 drivers
v0x565042526700_0 .net "Y", 0 0, L_0x56504253c5d0;  alias, 1 drivers
v0x5650425267a0_0 .net *"_s0", 0 0, L_0x56504253c540;  1 drivers
S_0x565042526900 .scope module, "_102_" "NAND" 3 296, 2 14 0, S_0x5650424eb930;
 .timescale -9 -10;
    .port_info 0 /INPUT 1 "A"
    .port_info 1 /INPUT 1 "B"
    .port_info 2 /OUTPUT 1 "Y"
L_0x56504253c7d0 .functor AND 1, L_0x56504253c5d0, L_0x56504253c340, C4<1>, C4<1>;
L_0x56504253c8f0 .functor NOT 1, L_0x56504253c7d0, C4<0>, C4<0>, C4<0>;
v0x565042526b20_0 .net "A", 0 0, L_0x56504253c5d0;  alias, 1 drivers
v0x565042526c10_0 .net "B", 0 0, L_0x56504253c340;  alias, 1 drivers
v0x565042526ce0_0 .net "Y", 0 0, L_0x56504253c8f0;  1 drivers
v0x565042526db0_0 .net *"_s0", 0 0, L_0x56504253c7d0;  1 drivers
S_0x565042526ed0 .scope module, "_103_" "NAND" 3 301, 2 14 0, S_0x5650424eb930;
 .timescale -9 -10;
    .port_info 0 /INPUT 1 "A"
    .port_info 1 /INPUT 1 "B"
    .port_info 2 /OUTPUT 1 "Y"
L_0x56504253c980 .functor AND 1, L_0x565042537060, L_0x56504253ca60, C4<1>, C4<1>;
L_0x56504253c9f0 .functor NOT 1, L_0x56504253c980, C4<0>, C4<0>, C4<0>;
v0x5650425270f0_0 .net "A", 0 0, L_0x565042537060;  alias, 1 drivers
v0x5650425271b0_0 .net "B", 0 0, L_0x56504253ca60;  1 drivers
v0x565042527270_0 .net "Y", 0 0, L_0x56504253c9f0;  alias, 1 drivers
v0x565042527340_0 .net *"_s0", 0 0, L_0x56504253c980;  1 drivers
S_0x5650425274a0 .scope module, "_104_" "NAND" 3 306, 2 14 0, S_0x5650424eb930;
 .timescale -9 -10;
    .port_info 0 /INPUT 1 "A"
    .port_info 1 /INPUT 1 "B"
    .port_info 2 /OUTPUT 1 "Y"
L_0x56504253cc00 .functor AND 1, L_0x56504253bdb0, L_0x56504253c4a0, C4<1>, C4<1>;
L_0x56504253cc90 .functor NOT 1, L_0x56504253cc00, C4<0>, C4<0>, C4<0>;
v0x5650425276c0_0 .net "A", 0 0, L_0x56504253bdb0;  alias, 1 drivers
v0x565042527780_0 .net "B", 0 0, L_0x56504253c4a0;  1 drivers
v0x565042527840_0 .net "Y", 0 0, L_0x56504253cc90;  alias, 1 drivers
v0x565042527910_0 .net *"_s0", 0 0, L_0x56504253cc00;  1 drivers
S_0x565042527a70 .scope module, "_105_" "NAND" 3 311, 2 14 0, S_0x5650424eb930;
 .timescale -9 -10;
    .port_info 0 /INPUT 1 "A"
    .port_info 1 /INPUT 1 "B"
    .port_info 2 /OUTPUT 1 "Y"
L_0x56504253cda0 .functor AND 1, L_0x56504253cc90, L_0x56504253c9f0, C4<1>, C4<1>;
L_0x56504253cf50 .functor NOT 1, L_0x56504253cda0, C4<0>, C4<0>, C4<0>;
v0x565042527c90_0 .net "A", 0 0, L_0x56504253cc90;  alias, 1 drivers
v0x565042527d80_0 .net "B", 0 0, L_0x56504253c9f0;  alias, 1 drivers
v0x565042527e50_0 .net "Y", 0 0, L_0x56504253cf50;  1 drivers
v0x565042527f20_0 .net *"_s0", 0 0, L_0x56504253cda0;  1 drivers
S_0x565042528040 .scope module, "_106_" "NAND" 3 316, 2 14 0, S_0x5650424eb930;
 .timescale -9 -10;
    .port_info 0 /INPUT 1 "A"
    .port_info 1 /INPUT 1 "B"
    .port_info 2 /OUTPUT 1 "Y"
L_0x56504253cfe0 .functor AND 1, L_0x565042537060, L_0x56504253d0c0, C4<1>, C4<1>;
L_0x56504253d050 .functor NOT 1, L_0x56504253cfe0, C4<0>, C4<0>, C4<0>;
v0x565042528260_0 .net "A", 0 0, L_0x565042537060;  alias, 1 drivers
v0x565042528320_0 .net "B", 0 0, L_0x56504253d0c0;  1 drivers
v0x5650425283e0_0 .net "Y", 0 0, L_0x56504253d050;  alias, 1 drivers
v0x5650425284b0_0 .net *"_s0", 0 0, L_0x56504253cfe0;  1 drivers
S_0x565042528610 .scope module, "_107_" "NAND" 3 321, 2 14 0, S_0x5650424eb930;
 .timescale -9 -10;
    .port_info 0 /INPUT 1 "A"
    .port_info 1 /INPUT 1 "B"
    .port_info 2 /OUTPUT 1 "Y"
L_0x56504253d270 .functor AND 1, L_0x56504253bdb0, L_0x56504253d3c0, C4<1>, C4<1>;
L_0x56504253d300 .functor NOT 1, L_0x56504253d270, C4<0>, C4<0>, C4<0>;
v0x5650425287e0_0 .net "A", 0 0, L_0x56504253bdb0;  alias, 1 drivers
v0x565042528930_0 .net "B", 0 0, L_0x56504253d3c0;  1 drivers
v0x5650425289f0_0 .net "Y", 0 0, L_0x56504253d300;  alias, 1 drivers
v0x565042528ac0_0 .net *"_s0", 0 0, L_0x56504253d270;  1 drivers
S_0x565042528c20 .scope module, "_108_" "NAND" 3 326, 2 14 0, S_0x5650424eb930;
 .timescale -9 -10;
    .port_info 0 /INPUT 1 "A"
    .port_info 1 /INPUT 1 "B"
    .port_info 2 /OUTPUT 1 "Y"
L_0x56504253d540 .functor AND 1, L_0x56504253d300, L_0x56504253d050, C4<1>, C4<1>;
L_0x56504253d6f0 .functor NOT 1, L_0x56504253d540, C4<0>, C4<0>, C4<0>;
v0x565042528df0_0 .net "A", 0 0, L_0x56504253d300;  alias, 1 drivers
v0x565042528ee0_0 .net "B", 0 0, L_0x56504253d050;  alias, 1 drivers
v0x565042528fb0_0 .net "Y", 0 0, L_0x56504253d6f0;  1 drivers
v0x565042529080_0 .net *"_s0", 0 0, L_0x56504253d540;  1 drivers
S_0x5650425291a0 .scope module, "_109_" "NOT" 3 331, 2 8 0, S_0x5650424eb930;
 .timescale -9 -10;
    .port_info 0 /INPUT 1 "A"
    .port_info 1 /OUTPUT 1 "Y"
L_0x56504253d780 .functor NOT 1, L_0x56504253d7f0, C4<0>, C4<0>, C4<0>;
v0x5650425293b0_0 .net "A", 0 0, L_0x56504253d7f0;  1 drivers
v0x565042529490_0 .net "Y", 0 0, L_0x56504253d780;  alias, 1 drivers
S_0x5650425295b0 .scope module, "_110_" "NOT" 3 335, 2 8 0, S_0x5650424eb930;
 .timescale -9 -10;
    .port_info 0 /INPUT 1 "A"
    .port_info 1 /OUTPUT 1 "Y"
L_0x56504253d960 .functor NOT 1, v0x565042530670_0, C4<0>, C4<0>, C4<0>;
v0x5650425297c0_0 .net "A", 0 0, v0x565042530670_0;  alias, 1 drivers
v0x5650425298b0_0 .net "Y", 0 0, L_0x56504253d960;  alias, 1 drivers
S_0x5650425299b0 .scope module, "_111_" "NAND" 3 339, 2 14 0, S_0x5650424eb930;
 .timescale -9 -10;
    .port_info 0 /INPUT 1 "A"
    .port_info 1 /INPUT 1 "B"
    .port_info 2 /OUTPUT 1 "Y"
L_0x56504253da10 .functor AND 1, L_0x565042539b80, o0x7fa5d15a33a8, C4<1>, C4<1>;
L_0x56504253daa0 .functor NOT 1, L_0x56504253da10, C4<0>, C4<0>, C4<0>;
v0x565042529bd0_0 .net "A", 0 0, L_0x565042539b80;  alias, 1 drivers
v0x565042529ce0_0 .net "B", 0 0, o0x7fa5d15a33a8;  alias, 0 drivers
v0x565042529df0_0 .net "Y", 0 0, L_0x56504253daa0;  alias, 1 drivers
v0x565042529e90_0 .net *"_s0", 0 0, L_0x56504253da10;  1 drivers
S_0x565042529fd0 .scope module, "_112_" "NOR" 3 344, 2 20 0, S_0x5650424eb930;
 .timescale -9 -10;
    .port_info 0 /INPUT 1 "A"
    .port_info 1 /INPUT 1 "B"
    .port_info 2 /OUTPUT 1 "Y"
L_0x56504253db30 .functor OR 1, L_0x56504253daa0, L_0x56504253d960, C4<0>, C4<0>;
L_0x56504253dce0 .functor NOT 1, L_0x56504253db30, C4<0>, C4<0>, C4<0>;
v0x56504252a1f0_0 .net "A", 0 0, L_0x56504253daa0;  alias, 1 drivers
v0x56504252a2b0_0 .net "B", 0 0, L_0x56504253d960;  alias, 1 drivers
v0x56504252a380_0 .net "Y", 0 0, L_0x56504253dce0;  alias, 1 drivers
v0x56504252a450_0 .net *"_s0", 0 0, L_0x56504253db30;  1 drivers
S_0x56504252a570 .scope module, "_113_" "NOR" 3 349, 2 20 0, S_0x5650424eb930;
 .timescale -9 -10;
    .port_info 0 /INPUT 1 "A"
    .port_info 1 /INPUT 1 "B"
    .port_info 2 /OUTPUT 1 "Y"
L_0x56504253dd70 .functor OR 1, L_0x56504253dce0, L_0x565042536f40, C4<0>, C4<0>;
L_0x56504253de90 .functor NOT 1, L_0x56504253dd70, C4<0>, C4<0>, C4<0>;
v0x56504252a790_0 .net "A", 0 0, L_0x56504253dce0;  alias, 1 drivers
v0x56504252a880_0 .net "B", 0 0, L_0x565042536f40;  alias, 1 drivers
v0x56504252a920_0 .net "Y", 0 0, L_0x56504253de90;  alias, 1 drivers
v0x56504252a9f0_0 .net *"_s0", 0 0, L_0x56504253dd70;  1 drivers
S_0x56504252ab30 .scope module, "_114_" "NOR" 3 354, 2 20 0, S_0x5650424eb930;
 .timescale -9 -10;
    .port_info 0 /INPUT 1 "A"
    .port_info 1 /INPUT 1 "B"
    .port_info 2 /OUTPUT 1 "Y"
L_0x56504253df20 .functor OR 1, L_0x56504253de90, L_0x56504253d780, C4<0>, C4<0>;
L_0x56504253e0d0 .functor NOT 1, L_0x56504253df20, C4<0>, C4<0>, C4<0>;
v0x56504252ad50_0 .net "A", 0 0, L_0x56504253de90;  alias, 1 drivers
v0x56504252ae40_0 .net "B", 0 0, L_0x56504253d780;  alias, 1 drivers
v0x56504252af10_0 .net "Y", 0 0, L_0x56504253e0d0;  1 drivers
v0x56504252afe0_0 .net *"_s0", 0 0, L_0x56504253df20;  1 drivers
S_0x56504252b100 .scope module, "_115_" "NAND" 3 359, 2 14 0, S_0x5650424eb930;
 .timescale -9 -10;
    .port_info 0 /INPUT 1 "A"
    .port_info 1 /INPUT 1 "B"
    .port_info 2 /OUTPUT 1 "Y"
L_0x56504253e160 .functor AND 1, L_0x565042537060, L_0x56504253e240, C4<1>, C4<1>;
L_0x56504253e1d0 .functor NOT 1, L_0x56504253e160, C4<0>, C4<0>, C4<0>;
v0x56504252b320_0 .net "A", 0 0, L_0x565042537060;  alias, 1 drivers
v0x56504252b3e0_0 .net "B", 0 0, L_0x56504253e240;  1 drivers
v0x56504252b4a0_0 .net "Y", 0 0, L_0x56504253e1d0;  alias, 1 drivers
v0x56504252b570_0 .net *"_s0", 0 0, L_0x56504253e160;  1 drivers
S_0x56504252b6d0 .scope module, "_116_" "NAND" 3 364, 2 14 0, S_0x5650424eb930;
 .timescale -9 -10;
    .port_info 0 /INPUT 1 "A"
    .port_info 1 /INPUT 1 "B"
    .port_info 2 /OUTPUT 1 "Y"
L_0x56504253e2e0 .functor AND 1, L_0x56504253bdb0, L_0x56504253e430, C4<1>, C4<1>;
L_0x56504253e370 .functor NOT 1, L_0x56504253e2e0, C4<0>, C4<0>, C4<0>;
v0x56504252b8f0_0 .net "A", 0 0, L_0x56504253bdb0;  alias, 1 drivers
v0x56504252b9b0_0 .net "B", 0 0, L_0x56504253e430;  1 drivers
v0x56504252ba70_0 .net "Y", 0 0, L_0x56504253e370;  alias, 1 drivers
v0x56504252bb40_0 .net *"_s0", 0 0, L_0x56504253e2e0;  1 drivers
S_0x56504252bca0 .scope module, "_117_" "NAND" 3 369, 2 14 0, S_0x5650424eb930;
 .timescale -9 -10;
    .port_info 0 /INPUT 1 "A"
    .port_info 1 /INPUT 1 "B"
    .port_info 2 /OUTPUT 1 "Y"
L_0x56504253e600 .functor AND 1, L_0x56504253e370, L_0x56504253e1d0, C4<1>, C4<1>;
L_0x56504253e7b0 .functor NOT 1, L_0x56504253e600, C4<0>, C4<0>, C4<0>;
v0x56504252bec0_0 .net "A", 0 0, L_0x56504253e370;  alias, 1 drivers
v0x56504252bfb0_0 .net "B", 0 0, L_0x56504253e1d0;  alias, 1 drivers
v0x56504252c080_0 .net "Y", 0 0, L_0x56504253e7b0;  1 drivers
v0x56504252c150_0 .net *"_s0", 0 0, L_0x56504253e600;  1 drivers
S_0x56504252c270 .scope module, "_118_" "DFF" 3 374, 2 26 0, S_0x5650424eb930;
 .timescale -9 -10;
    .port_info 0 /INPUT 1 "C"
    .port_info 1 /INPUT 1 "D"
    .port_info 2 /OUTPUT 1 "Q"
v0x56504252c920_0 .net "C", 0 0, o0x7fa5d15a6fa8;  alias, 0 drivers
v0x56504252ca00_0 .net "D", 0 0, L_0x56504253eab0;  1 drivers
v0x56504252cac0_0 .var "Q", 0 0;
E_0x56504252c8a0 .event posedge, v0x56504252c920_0;
S_0x56504252cc10 .scope module, "_119_" "DFF" 3 379, 2 26 0, S_0x5650424eb930;
 .timescale -9 -10;
    .port_info 0 /INPUT 1 "C"
    .port_info 1 /INPUT 1 "D"
    .port_info 2 /OUTPUT 1 "Q"
v0x56504252ce30_0 .net "C", 0 0, o0x7fa5d15a6fa8;  alias, 0 drivers
v0x56504252cf20_0 .net "D", 0 0, L_0x56504253ec90;  1 drivers
v0x56504252cfc0_0 .var "Q", 0 0;
S_0x56504252d110 .scope module, "_120_" "DFF" 3 384, 2 26 0, S_0x5650424eb930;
 .timescale -9 -10;
    .port_info 0 /INPUT 1 "C"
    .port_info 1 /INPUT 1 "D"
    .port_info 2 /OUTPUT 1 "Q"
v0x56504252d330_0 .net "C", 0 0, o0x7fa5d15a6fa8;  alias, 0 drivers
v0x56504252d440_0 .net "D", 0 0, L_0x56504253ed30;  1 drivers
v0x56504252d500_0 .var "Q", 0 0;
S_0x56504252d620 .scope module, "_121_" "DFF" 3 389, 2 26 0, S_0x5650424eb930;
 .timescale -9 -10;
    .port_info 0 /INPUT 1 "C"
    .port_info 1 /INPUT 1 "D"
    .port_info 2 /OUTPUT 1 "Q"
v0x56504252d840_0 .net "C", 0 0, o0x7fa5d15a6fa8;  alias, 0 drivers
v0x56504252d900_0 .net "D", 0 0, L_0x56504253ef60;  1 drivers
v0x56504252d9c0_0 .var "Q", 0 0;
S_0x56504252db10 .scope module, "_122_" "DFF" 3 394, 2 26 0, S_0x5650424eb930;
 .timescale -9 -10;
    .port_info 0 /INPUT 1 "C"
    .port_info 1 /INPUT 1 "D"
    .port_info 2 /OUTPUT 1 "Q"
v0x56504252dd30_0 .net "C", 0 0, o0x7fa5d15a6fa8;  alias, 0 drivers
v0x56504252de80_0 .net "D", 0 0, L_0x56504253f000;  1 drivers
v0x56504252df40_0 .var "Q", 0 0;
S_0x56504252e090 .scope module, "_123_" "DFF" 3 399, 2 26 0, S_0x5650424eb930;
 .timescale -9 -10;
    .port_info 0 /INPUT 1 "C"
    .port_info 1 /INPUT 1 "D"
    .port_info 2 /OUTPUT 1 "Q"
v0x56504252e260_0 .net "C", 0 0, o0x7fa5d15a6fa8;  alias, 0 drivers
v0x56504252e320_0 .net "D", 0 0, L_0x56504253f1b0;  1 drivers
v0x56504252e3e0_0 .var "Q", 0 0;
S_0x56504252e530 .scope module, "_124_" "DFF" 3 404, 2 26 0, S_0x5650424eb930;
 .timescale -9 -10;
    .port_info 0 /INPUT 1 "C"
    .port_info 1 /INPUT 1 "D"
    .port_info 2 /OUTPUT 1 "Q"
v0x56504252e750_0 .net "C", 0 0, o0x7fa5d15a6fa8;  alias, 0 drivers
v0x56504252e810_0 .net "D", 0 0, L_0x56504253f450;  1 drivers
v0x56504252e8d0_0 .var "Q", 0 0;
S_0x56504252ea20 .scope module, "_125_" "DFF" 3 409, 2 26 0, S_0x5650424eb930;
 .timescale -9 -10;
    .port_info 0 /INPUT 1 "C"
    .port_info 1 /INPUT 1 "D"
    .port_info 2 /OUTPUT 1 "Q"
v0x56504252ec40_0 .net "C", 0 0, o0x7fa5d15a6fa8;  alias, 0 drivers
v0x56504252ed00_0 .net "D", 0 0, L_0x56504253f4f0;  1 drivers
v0x56504252edc0_0 .var "Q", 0 0;
S_0x56504252ef10 .scope module, "_126_" "DFF" 3 414, 2 26 0, S_0x5650424eb930;
 .timescale -9 -10;
    .port_info 0 /INPUT 1 "C"
    .port_info 1 /INPUT 1 "D"
    .port_info 2 /OUTPUT 1 "Q"
v0x56504252f130_0 .net "C", 0 0, o0x7fa5d15a6fa8;  alias, 0 drivers
v0x56504252f1f0_0 .net "D", 0 0, L_0x56504253f330;  1 drivers
v0x56504252f2b0_0 .var "Q", 0 0;
S_0x56504252f400 .scope module, "_127_" "DFF" 3 419, 2 26 0, S_0x5650424eb930;
 .timescale -9 -10;
    .port_info 0 /INPUT 1 "C"
    .port_info 1 /INPUT 1 "D"
    .port_info 2 /OUTPUT 1 "Q"
v0x56504252f620_0 .net "C", 0 0, o0x7fa5d15a6fa8;  alias, 0 drivers
v0x56504252f6e0_0 .net "D", 0 0, L_0x56504253f750;  1 drivers
v0x56504252f7a0_0 .var "Q", 0 0;
S_0x56504252f8f0 .scope module, "_128_" "DFF" 3 424, 2 26 0, S_0x5650424eb930;
 .timescale -9 -10;
    .port_info 0 /INPUT 1 "C"
    .port_info 1 /INPUT 1 "D"
    .port_info 2 /OUTPUT 1 "Q"
v0x56504252fb10_0 .net "C", 0 0, o0x7fa5d15a6fa8;  alias, 0 drivers
v0x56504252fbd0_0 .net "D", 0 0, L_0x56504253f930;  1 drivers
v0x56504252fc90_0 .var "Q", 0 0;
S_0x56504252fde0 .scope module, "_129_" "DFF" 3 429, 2 26 0, S_0x5650424eb930;
 .timescale -9 -10;
    .port_info 0 /INPUT 1 "C"
    .port_info 1 /INPUT 1 "D"
    .port_info 2 /OUTPUT 1 "Q"
v0x565042530000_0 .net "C", 0 0, o0x7fa5d15a6fa8;  alias, 0 drivers
v0x5650425300c0_0 .net "D", 0 0, L_0x56504253f9d0;  1 drivers
v0x565042530180_0 .var "Q", 0 0;
S_0x5650425302d0 .scope module, "_130_" "DFF" 3 434, 2 26 0, S_0x5650424eb930;
 .timescale -9 -10;
    .port_info 0 /INPUT 1 "C"
    .port_info 1 /INPUT 1 "D"
    .port_info 2 /OUTPUT 1 "Q"
v0x5650425304f0_0 .net "C", 0 0, o0x7fa5d15a6fa8;  alias, 0 drivers
v0x5650425305b0_0 .net "D", 0 0, L_0x565042537060;  alias, 1 drivers
v0x565042530670_0 .var "Q", 0 0;
S_0x5650425307d0 .scope module, "_131_" "DFF" 3 439, 2 26 0, S_0x5650424eb930;
 .timescale -9 -10;
    .port_info 0 /INPUT 1 "C"
    .port_info 1 /INPUT 1 "D"
    .port_info 2 /OUTPUT 1 "Q"
v0x5650425309f0_0 .net "C", 0 0, o0x7fa5d15a6fa8;  alias, 0 drivers
v0x565042530ab0_0 .net "D", 0 0, L_0x565042536f40;  alias, 1 drivers
v0x565042530c80_0 .var "Q", 0 0;
S_0x5650424ed0d0 .scope module, "Test_Bench" "Test_Bench" 4 12;
 .timescale -9 -10;
v0x565042536490_0 .net "clk", 0 0, v0x565042535b30_0;  1 drivers
v0x565042536550_0 .net "data_in", 5 0, v0x565042535c20_0;  1 drivers
RS_0x7fa5d15a7f08 .resolv tri, v0x5650425349e0_0, v0x5650425353c0_0;
v0x565042536610_0 .net8 "dataout0", 5 0, RS_0x7fa5d15a7f08;  2 drivers
RS_0x7fa5d15a7f38 .resolv tri, v0x565042534aa0_0, v0x565042535460_0;
v0x5650425366b0_0 .net8 "dataout1", 5 0, RS_0x7fa5d15a7f38;  2 drivers
v0x565042536770_0 .net "reset_L", 0 0, v0x565042535f30_0;  1 drivers
RS_0x7fa5d15a7fc8 .resolv tri, v0x565042534d50_0, v0x565042535690_0;
v0x565042536810_0 .net8 "valid_0", 0 0, RS_0x7fa5d15a7fc8;  2 drivers
RS_0x7fa5d15a7ff8 .resolv tri, v0x565042534e10_0, v0x565042535730_0;
v0x5650425368b0_0 .net8 "valid_1", 0 0, RS_0x7fa5d15a7ff8;  2 drivers
v0x565042536950_0 .net "valid_in", 0 0, v0x565042536250_0;  1 drivers
S_0x565042534550 .scope module, "DM" "Demux_D0_D1" 4 18, 5 1 0, S_0x5650424ed0d0;
 .timescale -9 -10;
    .port_info 0 /INPUT 1 "clk"
    .port_info 1 /INPUT 1 "reset_L"
    .port_info 2 /INPUT 1 "valid_in"
    .port_info 3 /INPUT 6 "data_in"
    .port_info 4 /OUTPUT 6 "dataout0"
    .port_info 5 /OUTPUT 6 "dataout1"
    .port_info 6 /OUTPUT 1 "valid_0"
    .port_info 7 /OUTPUT 1 "valid_1"
v0x565042534820_0 .net "clk", 0 0, v0x565042535b30_0;  alias, 1 drivers
v0x565042534900_0 .net "data_in", 5 0, v0x565042535c20_0;  alias, 1 drivers
v0x5650425349e0_0 .var "dataout0", 5 0;
v0x565042534aa0_0 .var "dataout1", 5 0;
v0x565042534b80_0 .net "reset_L", 0 0, v0x565042535f30_0;  alias, 1 drivers
v0x565042534c90_0 .var "selectorL1", 0 0;
v0x565042534d50_0 .var "valid_0", 0 0;
v0x565042534e10_0 .var "valid_1", 0 0;
v0x565042534ed0_0 .net "valid_in", 0 0, v0x565042536250_0;  alias, 1 drivers
E_0x565042534740 .event posedge, v0x565042534820_0;
E_0x5650425347c0 .event edge, v0x565042534b80_0, v0x565042534900_0;
S_0x565042535090 .scope module, "DMEstr" "Demux_D0_D1" 4 30, 5 1 0, S_0x5650424ed0d0;
 .timescale -9 -10;
    .port_info 0 /INPUT 1 "clk"
    .port_info 1 /INPUT 1 "reset_L"
    .port_info 2 /INPUT 1 "valid_in"
    .port_info 3 /INPUT 6 "data_in"
    .port_info 4 /OUTPUT 6 "dataout0"
    .port_info 5 /OUTPUT 6 "dataout1"
    .port_info 6 /OUTPUT 1 "valid_0"
    .port_info 7 /OUTPUT 1 "valid_1"
v0x565042535280_0 .net "clk", 0 0, v0x565042535b30_0;  alias, 1 drivers
v0x565042535320_0 .net "data_in", 5 0, v0x565042535c20_0;  alias, 1 drivers
v0x5650425353c0_0 .var "dataout0", 5 0;
v0x565042535460_0 .var "dataout1", 5 0;
v0x565042535500_0 .net "reset_L", 0 0, v0x565042535f30_0;  alias, 1 drivers
v0x5650425355f0_0 .var "selectorL1", 0 0;
v0x565042535690_0 .var "valid_0", 0 0;
v0x565042535730_0 .var "valid_1", 0 0;
v0x5650425357d0_0 .net "valid_in", 0 0, v0x565042536250_0;  alias, 1 drivers
S_0x565042535960 .scope module, "PDMux" "probador" 4 42, 6 1 0, S_0x5650424ed0d0;
 .timescale -9 -10;
    .port_info 0 /INPUT 1 "valid_0"
    .port_info 1 /INPUT 1 "valid_1"
    .port_info 2 /INPUT 6 "dataout0"
    .port_info 3 /INPUT 6 "dataout1"
    .port_info 4 /OUTPUT 1 "reset_L"
    .port_info 5 /OUTPUT 1 "clk"
    .port_info 6 /OUTPUT 1 "valid_in"
    .port_info 7 /OUTPUT 6 "data_in"
v0x565042535b30_0 .var "clk", 0 0;
v0x565042535c20_0 .var "data_in", 5 0;
v0x565042535d30_0 .net8 "dataout0", 5 0, RS_0x7fa5d15a7f08;  alias, 2 drivers
v0x565042535e20_0 .net8 "dataout1", 5 0, RS_0x7fa5d15a7f38;  alias, 2 drivers
v0x565042535f30_0 .var "reset_L", 0 0;
v0x565042536070_0 .net8 "valid_0", 0 0, RS_0x7fa5d15a7fc8;  alias, 2 drivers
v0x565042536160_0 .net8 "valid_1", 0 0, RS_0x7fa5d15a7ff8;  alias, 2 drivers
v0x565042536250_0 .var "valid_in", 0 0;
    .scope S_0x5650424eace0;
T_0 ;
    %wait E_0x565042492300;
    %load/vec4 v0x5650424ee3c0_0;
    %flag_set/vec4 8;
    %jmp/0xz  T_0.0, 8;
    %pushi/vec4 1, 0, 1;
    %assign/vec4 v0x5650424f7c40_0, 0;
    %jmp T_0.1;
T_0.0 ;
    %load/vec4 v0x5650424f7120_0;
    %flag_set/vec4 8;
    %jmp/0xz  T_0.2, 8;
    %pushi/vec4 0, 0, 1;
    %assign/vec4 v0x5650424f7c40_0, 0;
    %jmp T_0.3;
T_0.2 ;
    %load/vec4 v0x5650424f8760_0;
    %assign/vec4 v0x5650424f7c40_0, 0;
T_0.3 ;
T_0.1 ;
    %jmp T_0;
    .thread T_0;
    .scope S_0x56504252c270;
T_1 ;
    %wait E_0x56504252c8a0;
    %load/vec4 v0x56504252ca00_0;
    %assign/vec4 v0x56504252cac0_0, 0;
    %jmp T_1;
    .thread T_1;
    .scope S_0x56504252cc10;
T_2 ;
    %wait E_0x56504252c8a0;
    %load/vec4 v0x56504252cf20_0;
    %assign/vec4 v0x56504252cfc0_0, 0;
    %jmp T_2;
    .thread T_2;
    .scope S_0x56504252d110;
T_3 ;
    %wait E_0x56504252c8a0;
    %load/vec4 v0x56504252d440_0;
    %assign/vec4 v0x56504252d500_0, 0;
    %jmp T_3;
    .thread T_3;
    .scope S_0x56504252d620;
T_4 ;
    %wait E_0x56504252c8a0;
    %load/vec4 v0x56504252d900_0;
    %assign/vec4 v0x56504252d9c0_0, 0;
    %jmp T_4;
    .thread T_4;
    .scope S_0x56504252db10;
T_5 ;
    %wait E_0x56504252c8a0;
    %load/vec4 v0x56504252de80_0;
    %assign/vec4 v0x56504252df40_0, 0;
    %jmp T_5;
    .thread T_5;
    .scope S_0x56504252e090;
T_6 ;
    %wait E_0x56504252c8a0;
    %load/vec4 v0x56504252e320_0;
    %assign/vec4 v0x56504252e3e0_0, 0;
    %jmp T_6;
    .thread T_6;
    .scope S_0x56504252e530;
T_7 ;
    %wait E_0x56504252c8a0;
    %load/vec4 v0x56504252e810_0;
    %assign/vec4 v0x56504252e8d0_0, 0;
    %jmp T_7;
    .thread T_7;
    .scope S_0x56504252ea20;
T_8 ;
    %wait E_0x56504252c8a0;
    %load/vec4 v0x56504252ed00_0;
    %assign/vec4 v0x56504252edc0_0, 0;
    %jmp T_8;
    .thread T_8;
    .scope S_0x56504252ef10;
T_9 ;
    %wait E_0x56504252c8a0;
    %load/vec4 v0x56504252f1f0_0;
    %assign/vec4 v0x56504252f2b0_0, 0;
    %jmp T_9;
    .thread T_9;
    .scope S_0x56504252f400;
T_10 ;
    %wait E_0x56504252c8a0;
    %load/vec4 v0x56504252f6e0_0;
    %assign/vec4 v0x56504252f7a0_0, 0;
    %jmp T_10;
    .thread T_10;
    .scope S_0x56504252f8f0;
T_11 ;
    %wait E_0x56504252c8a0;
    %load/vec4 v0x56504252fbd0_0;
    %assign/vec4 v0x56504252fc90_0, 0;
    %jmp T_11;
    .thread T_11;
    .scope S_0x56504252fde0;
T_12 ;
    %wait E_0x56504252c8a0;
    %load/vec4 v0x5650425300c0_0;
    %assign/vec4 v0x565042530180_0, 0;
    %jmp T_12;
    .thread T_12;
    .scope S_0x5650425302d0;
T_13 ;
    %wait E_0x56504252c8a0;
    %load/vec4 v0x5650425305b0_0;
    %assign/vec4 v0x565042530670_0, 0;
    %jmp T_13;
    .thread T_13;
    .scope S_0x5650425307d0;
T_14 ;
    %wait E_0x56504252c8a0;
    %load/vec4 v0x565042530ab0_0;
    %assign/vec4 v0x565042530c80_0, 0;
    %jmp T_14;
    .thread T_14;
    .scope S_0x565042534550;
T_15 ;
    %wait E_0x5650425347c0;
    %load/vec4 v0x565042534b80_0;
    %nor/r;
    %flag_set/vec4 8;
    %jmp/0xz  T_15.0, 8;
    %pushi/vec4 0, 0, 1;
    %assign/vec4 v0x565042534c90_0, 0;
    %jmp T_15.1;
T_15.0 ;
    %load/vec4 v0x565042534900_0;
    %parti/s 1, 4, 4;
    %assign/vec4 v0x565042534c90_0, 0;
T_15.1 ;
    %jmp T_15;
    .thread T_15, $push;
    .scope S_0x565042534550;
T_16 ;
    %wait E_0x565042534740;
    %load/vec4 v0x565042534b80_0;
    %nor/r;
    %flag_set/vec4 8;
    %jmp/0xz  T_16.0, 8;
    %pushi/vec4 0, 0, 6;
    %assign/vec4 v0x565042534aa0_0, 0;
    %pushi/vec4 0, 0, 6;
    %assign/vec4 v0x5650425349e0_0, 0;
    %pushi/vec4 0, 0, 1;
    %assign/vec4 v0x565042534d50_0, 0;
    %pushi/vec4 0, 0, 1;
    %assign/vec4 v0x565042534e10_0, 0;
    %jmp T_16.1;
T_16.0 ;
    %load/vec4 v0x565042534ed0_0;
    %inv;
    %flag_set/vec4 8;
    %jmp/0xz  T_16.2, 8;
    %load/vec4 v0x565042534d50_0;
    %pad/u 32;
    %cmpi/e 0, 0, 32;
    %jmp/0xz  T_16.4, 4;
    %pushi/vec4 0, 0, 6;
    %assign/vec4 v0x5650425349e0_0, 0;
    %jmp T_16.5;
T_16.4 ;
    %pushi/vec4 0, 0, 1;
    %assign/vec4 v0x565042534d50_0, 0;
T_16.5 ;
    %load/vec4 v0x565042534e10_0;
    %pad/u 32;
    %cmpi/e 0, 0, 32;
    %jmp/0xz  T_16.6, 4;
    %pushi/vec4 0, 0, 6;
    %assign/vec4 v0x565042534aa0_0, 0;
    %jmp T_16.7;
T_16.6 ;
    %load/vec4 v0x565042534e10_0;
    %pad/u 32;
    %cmpi/e 1, 0, 32;
    %jmp/0xz  T_16.8, 4;
    %pushi/vec4 0, 0, 1;
    %assign/vec4 v0x565042534e10_0, 0;
T_16.8 ;
T_16.7 ;
    %jmp T_16.3;
T_16.2 ;
    %load/vec4 v0x565042534ed0_0;
    %flag_set/vec4 8;
    %jmp/0xz  T_16.10, 8;
    %load/vec4 v0x565042534c90_0;
    %flag_set/vec4 8;
    %jmp/0xz  T_16.12, 8;
    %load/vec4 v0x565042534900_0;
    %assign/vec4 v0x565042534aa0_0, 0;
    %pushi/vec4 1, 0, 1;
    %assign/vec4 v0x565042534e10_0, 0;
    %pushi/vec4 0, 0, 1;
    %assign/vec4 v0x565042534d50_0, 0;
    %jmp T_16.13;
T_16.12 ;
    %load/vec4 v0x565042534900_0;
    %assign/vec4 v0x5650425349e0_0, 0;
    %pushi/vec4 1, 0, 1;
    %assign/vec4 v0x565042534d50_0, 0;
    %pushi/vec4 0, 0, 1;
    %assign/vec4 v0x565042534e10_0, 0;
T_16.13 ;
T_16.10 ;
T_16.3 ;
T_16.1 ;
    %jmp T_16;
    .thread T_16;
    .scope S_0x565042535090;
T_17 ;
    %wait E_0x5650425347c0;
    %load/vec4 v0x565042535500_0;
    %nor/r;
    %flag_set/vec4 8;
    %jmp/0xz  T_17.0, 8;
    %pushi/vec4 0, 0, 1;
    %assign/vec4 v0x5650425355f0_0, 0;
    %jmp T_17.1;
T_17.0 ;
    %load/vec4 v0x565042535320_0;
    %parti/s 1, 4, 4;
    %assign/vec4 v0x5650425355f0_0, 0;
T_17.1 ;
    %jmp T_17;
    .thread T_17, $push;
    .scope S_0x565042535090;
T_18 ;
    %wait E_0x565042534740;
    %load/vec4 v0x565042535500_0;
    %nor/r;
    %flag_set/vec4 8;
    %jmp/0xz  T_18.0, 8;
    %pushi/vec4 0, 0, 6;
    %assign/vec4 v0x565042535460_0, 0;
    %pushi/vec4 0, 0, 6;
    %assign/vec4 v0x5650425353c0_0, 0;
    %pushi/vec4 0, 0, 1;
    %assign/vec4 v0x565042535690_0, 0;
    %pushi/vec4 0, 0, 1;
    %assign/vec4 v0x565042535730_0, 0;
    %jmp T_18.1;
T_18.0 ;
    %load/vec4 v0x5650425357d0_0;
    %inv;
    %flag_set/vec4 8;
    %jmp/0xz  T_18.2, 8;
    %load/vec4 v0x565042535690_0;
    %pad/u 32;
    %cmpi/e 0, 0, 32;
    %jmp/0xz  T_18.4, 4;
    %pushi/vec4 0, 0, 6;
    %assign/vec4 v0x5650425353c0_0, 0;
    %jmp T_18.5;
T_18.4 ;
    %pushi/vec4 0, 0, 1;
    %assign/vec4 v0x565042535690_0, 0;
T_18.5 ;
    %load/vec4 v0x565042535730_0;
    %pad/u 32;
    %cmpi/e 0, 0, 32;
    %jmp/0xz  T_18.6, 4;
    %pushi/vec4 0, 0, 6;
    %assign/vec4 v0x565042535460_0, 0;
    %jmp T_18.7;
T_18.6 ;
    %load/vec4 v0x565042535730_0;
    %pad/u 32;
    %cmpi/e 1, 0, 32;
    %jmp/0xz  T_18.8, 4;
    %pushi/vec4 0, 0, 1;
    %assign/vec4 v0x565042535730_0, 0;
T_18.8 ;
T_18.7 ;
    %jmp T_18.3;
T_18.2 ;
    %load/vec4 v0x5650425357d0_0;
    %flag_set/vec4 8;
    %jmp/0xz  T_18.10, 8;
    %load/vec4 v0x5650425355f0_0;
    %flag_set/vec4 8;
    %jmp/0xz  T_18.12, 8;
    %load/vec4 v0x565042535320_0;
    %assign/vec4 v0x565042535460_0, 0;
    %pushi/vec4 1, 0, 1;
    %assign/vec4 v0x565042535730_0, 0;
    %pushi/vec4 0, 0, 1;
    %assign/vec4 v0x565042535690_0, 0;
    %jmp T_18.13;
T_18.12 ;
    %load/vec4 v0x565042535320_0;
    %assign/vec4 v0x5650425353c0_0, 0;
    %pushi/vec4 1, 0, 1;
    %assign/vec4 v0x565042535690_0, 0;
    %pushi/vec4 0, 0, 1;
    %assign/vec4 v0x565042535730_0, 0;
T_18.13 ;
T_18.10 ;
T_18.3 ;
T_18.1 ;
    %jmp T_18;
    .thread T_18;
    .scope S_0x565042535960;
T_19 ;
    %pushi/vec4 0, 0, 1;
    %assign/vec4 v0x565042535b30_0, 0;
    %end;
    .thread T_19;
    .scope S_0x565042535960;
T_20 ;
    %delay 20, 0;
    %load/vec4 v0x565042535b30_0;
    %inv;
    %assign/vec4 v0x565042535b30_0, 0;
    %jmp T_20;
    .thread T_20;
    .scope S_0x565042535960;
T_21 ;
    %vpi_call 6 17 "$dumpfile", "Demux_D0_D1.vcd" {0 0 0};
    %vpi_call 6 18 "$dumpvars" {0 0 0};
    %pushi/vec4 0, 0, 1;
    %assign/vec4 v0x565042535f30_0, 0;
    %wait E_0x565042534740;
    %pushi/vec4 52, 0, 6;
    %assign/vec4 v0x565042535c20_0, 0;
    %pushi/vec4 0, 0, 1;
    %assign/vec4 v0x565042536250_0, 0;
    %pushi/vec4 1, 0, 1;
    %assign/vec4 v0x565042535f30_0, 0;
    %wait E_0x565042534740;
    %pushi/vec4 50, 0, 6;
    %assign/vec4 v0x565042535c20_0, 0;
    %pushi/vec4 1, 0, 1;
    %assign/vec4 v0x565042536250_0, 0;
    %wait E_0x565042534740;
    %pushi/vec4 55, 0, 6;
    %assign/vec4 v0x565042535c20_0, 0;
    %pushi/vec4 1, 0, 1;
    %assign/vec4 v0x565042536250_0, 0;
    %wait E_0x565042534740;
    %pushi/vec4 62, 0, 6;
    %assign/vec4 v0x565042535c20_0, 0;
    %pushi/vec4 0, 0, 1;
    %assign/vec4 v0x565042536250_0, 0;
    %wait E_0x565042534740;
    %pushi/vec4 45, 0, 6;
    %assign/vec4 v0x565042535c20_0, 0;
    %pushi/vec4 0, 0, 1;
    %assign/vec4 v0x565042536250_0, 0;
    %wait E_0x565042534740;
    %pushi/vec4 18, 0, 6;
    %assign/vec4 v0x565042535c20_0, 0;
    %pushi/vec4 1, 0, 1;
    %assign/vec4 v0x565042536250_0, 0;
    %wait E_0x565042534740;
    %pushi/vec4 19, 0, 6;
    %assign/vec4 v0x565042535c20_0, 0;
    %pushi/vec4 1, 0, 1;
    %assign/vec4 v0x565042536250_0, 0;
    %wait E_0x565042534740;
    %pushi/vec4 0, 0, 1;
    %assign/vec4 v0x565042535f30_0, 0;
    %wait E_0x565042534740;
    %pushi/vec4 1, 0, 1;
    %assign/vec4 v0x565042535f30_0, 0;
    %wait E_0x565042534740;
    %pushi/vec4 35, 0, 6;
    %assign/vec4 v0x565042535c20_0, 0;
    %pushi/vec4 1, 0, 1;
    %assign/vec4 v0x565042536250_0, 0;
    %wait E_0x565042534740;
    %pushi/vec4 4, 0, 6;
    %assign/vec4 v0x565042535c20_0, 0;
    %pushi/vec4 1, 0, 1;
    %assign/vec4 v0x565042536250_0, 0;
    %wait E_0x565042534740;
    %pushi/vec4 37, 0, 6;
    %assign/vec4 v0x565042535c20_0, 0;
    %pushi/vec4 0, 0, 1;
    %assign/vec4 v0x565042536250_0, 0;
    %delay 300, 0;
    %vpi_call 6 68 "$finish" {0 0 0};
    %end;
    .thread T_21;
# The file index is used to find the file name in the following table.
:file_names 7;
    "N/A";
    "<interactive>";
    "./cmos_cells.v";
    "./Demux_D0_D1_Estructural.v";
    "Demux_D0_D1_BancoDePruebas.v";
    "./Demux_D0_D1.v";
    "./probador.v";
