
 /----------------------------------------------------------------------------\
 |                                                                            |
 |  yosys -- Yosys Open SYnthesis Suite                                       |
 |                                                                            |
 |  Copyright (C) 2012 - 2016  Clifford Wolf <clifford@clifford.at>           |
 |                                                                            |
 |  Permission to use, copy, modify, and/or distribute this software for any  |
 |  purpose with or without fee is hereby granted, provided that the above    |
 |  copyright notice and this permission notice appear in all copies.         |
 |                                                                            |
 |  THE SOFTWARE IS PROVIDED "AS IS" AND THE AUTHOR DISCLAIMS ALL WARRANTIES  |
 |  WITH REGARD TO THIS SOFTWARE INCLUDING ALL IMPLIED WARRANTIES OF          |
 |  MERCHANTABILITY AND FITNESS. IN NO EVENT SHALL THE AUTHOR BE LIABLE FOR   |
 |  ANY SPECIAL, DIRECT, INDIRECT, OR CONSEQUENTIAL DAMAGES OR ANY DAMAGES    |
 |  WHATSOEVER RESULTING FROM LOSS OF USE, DATA OR PROFITS, WHETHER IN AN     |
 |  ACTION OF CONTRACT, NEGLIGENCE OR OTHER TORTIOUS ACTION, ARISING OUT OF   |
 |  OR IN CONNECTION WITH THE USE OR PERFORMANCE OF THIS SOFTWARE.            |
 |                                                                            |
 \----------------------------------------------------------------------------/

 Yosys 0.7 (git sha1 61f6811, gcc 6.2.0-11ubuntu1 -O2 -fdebug-prefix-map=/build/yosys-zWLHjG/yosys-0.7=. -fstack-protector-strong -fPIC -Os)


-- Executing script file `sintesis.ys' --

1. Executing Verilog-2005 frontend.
Parsing Verilog input from `fsm_Control.v' to AST representation.
Generating RTLIL representation for module `\fsmControl'.
Successfully finished Verilog frontend.

2. Executing HIERARCHY pass (managing design hierarchy).

2.1. Analyzing design hierarchy..
Top module:  \fsmControl

2.2. Analyzing design hierarchy..
Top module:  \fsmControl
Removed 0 unused modules.

3. Executing PROC pass (convert processes to netlists).

3.1. Executing PROC_CLEAN pass (remove empty switches from decision trees).
Cleaned up 0 empty switches.

3.2. Executing PROC_RMDEAD pass (remove dead branches from decision trees).
Removed a total of 0 dead cases.

3.3. Executing PROC_INIT pass (extract init attributes).

3.4. Executing PROC_ARST pass (detect async resets in processes).

3.5. Executing PROC_MUX pass (convert decision trees to multiplexers).
Creating decoders for process `\fsmControl.$proc$fsm_Control.v:41$1'.
     1/12: $0\nxt_umbrales[13:0]
     2/12: $0\nxt_state[4:0]
     3/12: $0\state[4:0]
     4/12: $0\nxt_umbral_VC1[3:0]
     5/12: $0\nxt_umbral_VC0[3:0]
     6/12: $0\nxt_umbral_D1[1:0]
     7/12: $0\nxt_umbral_D0[1:0]
     8/12: $0\nxt_umbral_MF[1:0]
     9/12: $0\error_out[4:0]
    10/12: $0\idle_out[0:0]
    11/12: $0\active_out[0:0]
    12/12: $0\umbrales_I[13:0]

3.6. Executing PROC_DLATCH pass (convert process syncs to latches).

3.7. Executing PROC_DFF pass (convert process syncs to FFs).
Creating register for signal `\fsmControl.\umbrales_I' using process `\fsmControl.$proc$fsm_Control.v:41$1'.
  created $dff cell `$procdff$112' with positive edge clock.
Creating register for signal `\fsmControl.\active_out' using process `\fsmControl.$proc$fsm_Control.v:41$1'.
  created $dff cell `$procdff$113' with positive edge clock.
Creating register for signal `\fsmControl.\idle_out' using process `\fsmControl.$proc$fsm_Control.v:41$1'.
  created $dff cell `$procdff$114' with positive edge clock.
Creating register for signal `\fsmControl.\error_out' using process `\fsmControl.$proc$fsm_Control.v:41$1'.
  created $dff cell `$procdff$115' with positive edge clock.
Creating register for signal `\fsmControl.\nxt_umbral_MF' using process `\fsmControl.$proc$fsm_Control.v:41$1'.
  created $dff cell `$procdff$116' with positive edge clock.
Creating register for signal `\fsmControl.\nxt_umbral_D0' using process `\fsmControl.$proc$fsm_Control.v:41$1'.
  created $dff cell `$procdff$117' with positive edge clock.
Creating register for signal `\fsmControl.\nxt_umbral_D1' using process `\fsmControl.$proc$fsm_Control.v:41$1'.
  created $dff cell `$procdff$118' with positive edge clock.
Creating register for signal `\fsmControl.\nxt_umbral_VC0' using process `\fsmControl.$proc$fsm_Control.v:41$1'.
  created $dff cell `$procdff$119' with positive edge clock.
Creating register for signal `\fsmControl.\nxt_umbral_VC1' using process `\fsmControl.$proc$fsm_Control.v:41$1'.
  created $dff cell `$procdff$120' with positive edge clock.
Creating register for signal `\fsmControl.\state' using process `\fsmControl.$proc$fsm_Control.v:41$1'.
  created $dff cell `$procdff$121' with positive edge clock.
Creating register for signal `\fsmControl.\nxt_state' using process `\fsmControl.$proc$fsm_Control.v:41$1'.
  created $dff cell `$procdff$122' with positive edge clock.
Creating register for signal `\fsmControl.\nxt_umbrales' using process `\fsmControl.$proc$fsm_Control.v:41$1'.
  created $dff cell `$procdff$123' with positive edge clock.

3.8. Executing PROC_CLEAN pass (remove empty switches from decision trees).
Found and cleaned up 11 empty switches in `\fsmControl.$proc$fsm_Control.v:41$1'.
Removing empty process `fsmControl.$proc$fsm_Control.v:41$1'.
Cleaned up 11 empty switches.

4. Executing OPT pass (performing simple optimizations).

4.1. Executing OPT_EXPR pass (perform const folding).
Replacing $ne cell `$ne$fsm_Control.v:72$3' in module `fsmControl' with $logic_not.
Replacing $ne cell `$ne$fsm_Control.v:83$4' in module `fsmControl' with $logic_not.
Replacing $eq cell `$eq$fsm_Control.v:86$5' in module `fsmControl' with $logic_not.
Replacing $ne cell `$ne$fsm_Control.v:89$6' in module `fsmControl' with $logic_not.
Replacing $ne cell `$ne$fsm_Control.v:99$7' in module `fsmControl' with $logic_not.
Replacing $eq cell `$eq$fsm_Control.v:102$8' in module `fsmControl' with $logic_not.
Replacing $ne cell `$ne$fsm_Control.v:115$9' in module `fsmControl' with $logic_not.
Optimizing away select inverter for $mux cell `$procmux$52' in module `fsmControl'.

4.2. Executing OPT_MERGE pass (detect identical cells).
Finding identical cells in module `\fsmControl'.
  Cell `$procmux$103_CMP0' is identical to cell `$procmux$111_CMP0'.
    Redirecting output \Y: $procmux$103_CMP = $procmux$111_CMP
    Removing $eq cell `$procmux$103_CMP0' from module `\fsmControl'.
  Cell `$procmux$92_CMP0' is identical to cell `$procmux$111_CMP0'.
    Redirecting output \Y: $procmux$92_CMP = $procmux$111_CMP
    Removing $eq cell `$procmux$92_CMP0' from module `\fsmControl'.
  Cell `$procmux$91_CMP0' is identical to cell `$procmux$102_CMP0'.
    Redirecting output \Y: $procmux$91_CMP = $procmux$102_CMP
    Removing $eq cell `$procmux$91_CMP0' from module `\fsmControl'.
  Cell `$procmux$80_CMP0' is identical to cell `$procmux$111_CMP0'.
    Redirecting output \Y: $procmux$80_CMP = $procmux$111_CMP
    Removing $eq cell `$procmux$80_CMP0' from module `\fsmControl'.
  Cell `$procmux$79_CMP0' is identical to cell `$procmux$109_CMP0'.
    Redirecting output \Y: $procmux$79_CMP = $procmux$109_CMP
    Removing $eq cell `$procmux$79_CMP0' from module `\fsmControl'.
  Cell `$procmux$73_CMP0' is identical to cell `$procmux$111_CMP0'.
    Redirecting output \Y: $procmux$73_CMP = $procmux$111_CMP
    Removing $eq cell `$procmux$73_CMP0' from module `\fsmControl'.
  Cell `$procmux$72_CMP0' is identical to cell `$procmux$109_CMP0'.
    Redirecting output \Y: $procmux$72_CMP = $procmux$109_CMP
    Removing $eq cell `$procmux$72_CMP0' from module `\fsmControl'.
  Cell `$procmux$69_CMP0' is identical to cell `$procmux$111_CMP0'.
    Redirecting output \Y: $procmux$69_CMP = $procmux$111_CMP
    Removing $eq cell `$procmux$69_CMP0' from module `\fsmControl'.
  Cell `$procmux$68_CMP0' is identical to cell `$procmux$109_CMP0'.
    Redirecting output \Y: $procmux$68_CMP = $procmux$109_CMP
    Removing $eq cell `$procmux$68_CMP0' from module `\fsmControl'.
  Cell `$procmux$65_CMP0' is identical to cell `$procmux$111_CMP0'.
    Redirecting output \Y: $procmux$65_CMP = $procmux$111_CMP
    Removing $eq cell `$procmux$65_CMP0' from module `\fsmControl'.
  Cell `$procmux$64_CMP0' is identical to cell `$procmux$109_CMP0'.
    Redirecting output \Y: $procmux$64_CMP = $procmux$109_CMP
    Removing $eq cell `$procmux$64_CMP0' from module `\fsmControl'.
  Cell `$procmux$61_CMP0' is identical to cell `$procmux$111_CMP0'.
    Redirecting output \Y: $procmux$61_CMP = $procmux$111_CMP
    Removing $eq cell `$procmux$61_CMP0' from module `\fsmControl'.
  Cell `$procmux$60_CMP0' is identical to cell `$procmux$109_CMP0'.
    Redirecting output \Y: $procmux$60_CMP = $procmux$109_CMP
    Removing $eq cell `$procmux$60_CMP0' from module `\fsmControl'.
  Cell `$procmux$57_CMP0' is identical to cell `$procmux$111_CMP0'.
    Redirecting output \Y: $procmux$57_CMP = $procmux$111_CMP
    Removing $eq cell `$procmux$57_CMP0' from module `\fsmControl'.
  Cell `$procmux$56_CMP0' is identical to cell `$procmux$109_CMP0'.
    Redirecting output \Y: $procmux$56_CMP = $procmux$109_CMP
    Removing $eq cell `$procmux$56_CMP0' from module `\fsmControl'.
  Cell `$procmux$47_CMP0' is identical to cell `$procmux$111_CMP0'.
    Redirecting output \Y: $procmux$47_CMP = $procmux$111_CMP
    Removing $eq cell `$procmux$47_CMP0' from module `\fsmControl'.
  Cell `$procmux$46_CMP0' is identical to cell `$procmux$110_CMP0'.
    Redirecting output \Y: $procmux$46_CMP = $procmux$110_CMP
    Removing $eq cell `$procmux$46_CMP0' from module `\fsmControl'.
  Cell `$procmux$42_CMP0' is identical to cell `$procmux$102_CMP0'.
    Redirecting output \Y: $procmux$42_CMP = $procmux$102_CMP
    Removing $eq cell `$procmux$42_CMP0' from module `\fsmControl'.
  Cell `$procmux$32_CMP0' is identical to cell `$procmux$101_CMP0'.
    Redirecting output \Y: $procmux$32_CMP = $procmux$101_CMP
    Removing $eq cell `$procmux$32_CMP0' from module `\fsmControl'.
  Cell `$procmux$25_CMP0' is identical to cell `$procmux$109_CMP0'.
    Redirecting output \Y: $procmux$25_CMP = $procmux$109_CMP
    Removing $eq cell `$procmux$25_CMP0' from module `\fsmControl'.
  Cell `$procmux$16_CMP0' is identical to cell `$procmux$111_CMP0'.
    Redirecting output \Y: $procmux$16_CMP = $procmux$111_CMP
    Removing $eq cell `$procmux$16_CMP0' from module `\fsmControl'.
  Cell `$ne$fsm_Control.v:99$7' is identical to cell `$ne$fsm_Control.v:115$9'.
    Redirecting output \Y: $ne$fsm_Control.v:99$7_Y = $ne$fsm_Control.v:115$9_Y
    Removing $reduce_bool cell `$ne$fsm_Control.v:99$7' from module `\fsmControl'.
  Cell `$ne$fsm_Control.v:89$6' is identical to cell `$ne$fsm_Control.v:115$9'.
    Redirecting output \Y: $ne$fsm_Control.v:89$6_Y = $ne$fsm_Control.v:115$9_Y
    Removing $reduce_bool cell `$ne$fsm_Control.v:89$6' from module `\fsmControl'.
  Cell `$eq$fsm_Control.v:86$5' is identical to cell `$eq$fsm_Control.v:102$8'.
    Redirecting output \Y: $eq$fsm_Control.v:86$5_Y = $eq$fsm_Control.v:102$8_Y
    Removing $logic_not cell `$eq$fsm_Control.v:86$5' from module `\fsmControl'.
  Cell `$ne$fsm_Control.v:72$3' is identical to cell `$ne$fsm_Control.v:115$9'.
    Redirecting output \Y: $ne$fsm_Control.v:72$3_Y = $ne$fsm_Control.v:115$9_Y
    Removing $reduce_bool cell `$ne$fsm_Control.v:72$3' from module `\fsmControl'.
Removed a total of 25 cells.

4.3. Executing OPT_MUXTREE pass (detect dead branches in mux trees).
Running muxtree optimizer on module \fsmControl..
  Creating internal representation of mux trees.
  Evaluating internal representation of mux trees.
    Root of a mux tree: $procmux$78 (pure)
    Root of a mux tree: $procmux$71 (pure)
    Root of a mux tree: $procmux$67 (pure)
    Root of a mux tree: $procmux$63 (pure)
    Root of a mux tree: $procmux$59 (pure)
    Root of a mux tree: $procmux$55 (pure)
    Root of a mux tree: $procmux$108 (pure)
    Root of a mux tree: $procmux$52 (pure)
    Root of a mux tree: $procmux$24 (pure)
    Root of a mux tree: $procmux$100 (pure)
    Root of a mux tree: $procmux$15 (pure)
    Root of a mux tree: $procmux$90 (pure)
  Analyzing evaluation results.
Removed 0 multiplexer ports.

4.4. Executing OPT_REDUCE pass (consolidate $*mux and $reduce_* inputs).
  Optimizing cells in module \fsmControl.
    New ctrl vector for $pmux cell $procmux$100: { $auto$opt_reduce.cc:132:opt_mux$125 $procmux$101_CMP }
    New input vector for $reduce_or cell $auto$opt_reduce.cc:126:opt_mux$124: { $procmux$102_CMP $procmux$111_CMP }
  Optimizing cells in module \fsmControl.
Performed a total of 2 changes.

4.5. Executing OPT_MERGE pass (detect identical cells).
Finding identical cells in module `\fsmControl'.
  Cell `$procmux$36' is identical to cell `$procmux$44'.
    Redirecting output \Y: $procmux$36_Y = $procmux$44_Y
    Removing $mux cell `$procmux$36' from module `\fsmControl'.
Removed a total of 1 cells.

4.6. Executing OPT_RMDFF pass (remove dff with constant values).
Removing $procdff$123 ($dff) from module fsmControl.
Replaced 1 DFF cells.

4.7. Executing OPT_CLEAN pass (remove unused cells and wires).
Finding unused cells or wires in module \fsmControl..
  removing unused `$not' cell `$not$fsm_Control.v:42$2'.
  removing unused `$mux' cell `$procmux$15'.
  removing unused non-port wire \nxt_umbrales.
  removed 1 unused temporary wires.

4.8. Executing OPT_EXPR pass (perform const folding).

4.9. Rerunning OPT passes. (Maybe there is more to do..)

4.10. Executing OPT_MUXTREE pass (detect dead branches in mux trees).
Running muxtree optimizer on module \fsmControl..
  Creating internal representation of mux trees.
  Evaluating internal representation of mux trees.
    Root of a mux tree: $procmux$100 (pure)
    Root of a mux tree: $procmux$108 (pure)
    Root of a mux tree: $procmux$24 (pure)
    Root of a mux tree: $procmux$44
    Root of a mux tree: $procmux$52 (pure)
    Root of a mux tree: $procmux$55 (pure)
    Root of a mux tree: $procmux$59 (pure)
    Root of a mux tree: $procmux$63 (pure)
    Root of a mux tree: $procmux$67 (pure)
    Root of a mux tree: $procmux$71 (pure)
    Root of a mux tree: $procmux$78 (pure)
    Root of a mux tree: $procmux$90 (pure)
  Analyzing evaluation results.
Removed 0 multiplexer ports.

4.11. Executing OPT_REDUCE pass (consolidate $*mux and $reduce_* inputs).
  Optimizing cells in module \fsmControl.
Performed a total of 0 changes.

4.12. Executing OPT_MERGE pass (detect identical cells).
Finding identical cells in module `\fsmControl'.
Removed a total of 0 cells.

4.13. Executing OPT_RMDFF pass (remove dff with constant values).

4.14. Executing OPT_CLEAN pass (remove unused cells and wires).
Finding unused cells or wires in module \fsmControl..

4.15. Executing OPT_EXPR pass (perform const folding).

4.16. Finished OPT passes. (There is nothing left to do.)

5. Executing FSM pass (extract and optimize FSM).

5.1. Executing FSM_DETECT pass (finding FSMs in design).
Not marking fsmControl.nxt_state as FSM state register:
    Users of register don't seem to benefit from recoding.

5.2. Executing FSM_EXTRACT pass (extracting FSM from design).

5.3. Executing FSM_OPT pass (simple optimizations of FSMs).

5.4. Executing OPT_CLEAN pass (remove unused cells and wires).
Finding unused cells or wires in module \fsmControl..

5.5. Executing FSM_OPT pass (simple optimizations of FSMs).

5.6. Executing FSM_RECODE pass (re-assigning FSM state encoding).

5.7. Executing FSM_INFO pass (dumping all available information on FSM cells).

5.8. Executing FSM_MAP pass (mapping FSMs to basic logic).

6. Executing OPT pass (performing simple optimizations).

6.1. Executing OPT_EXPR pass (perform const folding).

6.2. Executing OPT_MERGE pass (detect identical cells).
Finding identical cells in module `\fsmControl'.
Removed a total of 0 cells.

6.3. Executing OPT_MUXTREE pass (detect dead branches in mux trees).
Running muxtree optimizer on module \fsmControl..
  Creating internal representation of mux trees.
  Evaluating internal representation of mux trees.
    Root of a mux tree: $procmux$100 (pure)
    Root of a mux tree: $procmux$108 (pure)
    Root of a mux tree: $procmux$24 (pure)
    Root of a mux tree: $procmux$44
    Root of a mux tree: $procmux$52 (pure)
    Root of a mux tree: $procmux$55 (pure)
    Root of a mux tree: $procmux$59 (pure)
    Root of a mux tree: $procmux$63 (pure)
    Root of a mux tree: $procmux$67 (pure)
    Root of a mux tree: $procmux$71 (pure)
    Root of a mux tree: $procmux$78 (pure)
    Root of a mux tree: $procmux$90 (pure)
  Analyzing evaluation results.
Removed 0 multiplexer ports.

6.4. Executing OPT_REDUCE pass (consolidate $*mux and $reduce_* inputs).
  Optimizing cells in module \fsmControl.
Performed a total of 0 changes.

6.5. Executing OPT_MERGE pass (detect identical cells).
Finding identical cells in module `\fsmControl'.
Removed a total of 0 cells.

6.6. Executing OPT_RMDFF pass (remove dff with constant values).

6.7. Executing OPT_CLEAN pass (remove unused cells and wires).
Finding unused cells or wires in module \fsmControl..

6.8. Executing OPT_EXPR pass (perform const folding).

6.9. Finished OPT passes. (There is nothing left to do.)

7. Executing MEMORY pass.

7.1. Executing MEMORY_DFF pass (merging $dff cells to $memrd and $memwr).

7.2. Executing OPT_CLEAN pass (remove unused cells and wires).
Finding unused cells or wires in module \fsmControl..

7.3. Executing MEMORY_SHARE pass (consolidating $memrd/$memwr cells).

7.4. Executing OPT_CLEAN pass (remove unused cells and wires).
Finding unused cells or wires in module \fsmControl..

7.5. Executing MEMORY_COLLECT pass (generating $mem cells).

7.6. Executing MEMORY_MAP pass (converting $mem cells to logic and flip-flops).

8. Executing OPT pass (performing simple optimizations).

8.1. Executing OPT_EXPR pass (perform const folding).

8.2. Executing OPT_MERGE pass (detect identical cells).
Finding identical cells in module `\fsmControl'.
Removed a total of 0 cells.

8.3. Executing OPT_MUXTREE pass (detect dead branches in mux trees).
Running muxtree optimizer on module \fsmControl..
  Creating internal representation of mux trees.
  Evaluating internal representation of mux trees.
    Root of a mux tree: $procmux$100 (pure)
    Root of a mux tree: $procmux$108 (pure)
    Root of a mux tree: $procmux$24 (pure)
    Root of a mux tree: $procmux$44
    Root of a mux tree: $procmux$52 (pure)
    Root of a mux tree: $procmux$55 (pure)
    Root of a mux tree: $procmux$59 (pure)
    Root of a mux tree: $procmux$63 (pure)
    Root of a mux tree: $procmux$67 (pure)
    Root of a mux tree: $procmux$71 (pure)
    Root of a mux tree: $procmux$78 (pure)
    Root of a mux tree: $procmux$90 (pure)
  Analyzing evaluation results.
Removed 0 multiplexer ports.

8.4. Executing OPT_REDUCE pass (consolidate $*mux and $reduce_* inputs).
  Optimizing cells in module \fsmControl.
Performed a total of 0 changes.

8.5. Executing OPT_MERGE pass (detect identical cells).
Finding identical cells in module `\fsmControl'.
Removed a total of 0 cells.

8.6. Executing OPT_RMDFF pass (remove dff with constant values).

8.7. Executing OPT_CLEAN pass (remove unused cells and wires).
Finding unused cells or wires in module \fsmControl..

8.8. Executing OPT_EXPR pass (perform const folding).

8.9. Finished OPT passes. (There is nothing left to do.)

9. Executing TECHMAP pass (map to technology primitives).

9.1. Executing Verilog-2005 frontend.
Parsing Verilog input from `<techmap.v>' to AST representation.
Generating RTLIL representation for module `\_90_simplemap_bool_ops'.
Generating RTLIL representation for module `\_90_simplemap_reduce_ops'.
Generating RTLIL representation for module `\_90_simplemap_logic_ops'.
Generating RTLIL representation for module `\_90_simplemap_compare_ops'.
Generating RTLIL representation for module `\_90_simplemap_various'.
Generating RTLIL representation for module `\_90_simplemap_registers'.
Generating RTLIL representation for module `\_90_shift_ops_shr_shl_sshl_sshr'.
Generating RTLIL representation for module `\_90_shift_shiftx'.
Generating RTLIL representation for module `\_90_fa'.
Generating RTLIL representation for module `\_90_lcu'.
Generating RTLIL representation for module `\_90_alu'.
Generating RTLIL representation for module `\_90_macc'.
Generating RTLIL representation for module `\_90_alumacc'.
Generating RTLIL representation for module `\$__div_mod_u'.
Generating RTLIL representation for module `\$__div_mod'.
Generating RTLIL representation for module `\_90_div'.
Generating RTLIL representation for module `\_90_mod'.
Generating RTLIL representation for module `\_90_pow'.
Generating RTLIL representation for module `\_90_pmux'.
Generating RTLIL representation for module `\_90_lut'.
Successfully finished Verilog frontend.
Mapping fsmControl.$ne$fsm_Control.v:83$4 ($reduce_bool) with simplemap.
Mapping fsmControl.$eq$fsm_Control.v:102$8 ($logic_not) with simplemap.
Mapping fsmControl.$ne$fsm_Control.v:115$9 ($reduce_bool) with simplemap.
Mapping fsmControl.$procmux$20 ($mux) with simplemap.
Mapping fsmControl.$procmux$22 ($mux) with simplemap.

9.2. Executing AST frontend in derive mode using pre-parsed AST for module `\_90_pmux'.
Parameter \WIDTH = 5
Parameter \S_WIDTH = 5
Generating RTLIL representation for module `$paramod\_90_pmux\WIDTH=5\S_WIDTH=5'.

9.3. Continuing TECHMAP pass.
Mapping fsmControl.$procmux$24 using $paramod\_90_pmux\WIDTH=5\S_WIDTH=5.
Mapping fsmControl.$procmux$28 ($mux) with simplemap.
Mapping fsmControl.$procmux$30 ($mux) with simplemap.
Mapping fsmControl.$procmux$38 ($mux) with simplemap.
Mapping fsmControl.$procmux$40 ($mux) with simplemap.
Mapping fsmControl.$procmux$44 ($mux) with simplemap.
Mapping fsmControl.$procmux$49 ($mux) with simplemap.
Mapping fsmControl.$procmux$52 ($mux) with simplemap.

9.4. Executing AST frontend in derive mode using pre-parsed AST for module `\_90_pmux'.
Parameter \WIDTH = 4
Parameter \S_WIDTH = 2
Generating RTLIL representation for module `$paramod\_90_pmux\WIDTH=4\S_WIDTH=2'.

9.5. Continuing TECHMAP pass.
Mapping fsmControl.$procmux$55 using $paramod\_90_pmux\WIDTH=4\S_WIDTH=2.
Mapping fsmControl.$procmux$59 using $paramod\_90_pmux\WIDTH=4\S_WIDTH=2.

9.6. Executing AST frontend in derive mode using pre-parsed AST for module `\_90_pmux'.
Parameter \WIDTH = 2
Parameter \S_WIDTH = 2
Generating RTLIL representation for module `$paramod\_90_pmux\WIDTH=2\S_WIDTH=2'.

9.7. Continuing TECHMAP pass.
Mapping fsmControl.$procmux$63 using $paramod\_90_pmux\WIDTH=2\S_WIDTH=2.
Mapping fsmControl.$procmux$67 using $paramod\_90_pmux\WIDTH=2\S_WIDTH=2.
Mapping fsmControl.$procmux$71 using $paramod\_90_pmux\WIDTH=2\S_WIDTH=2.
Mapping fsmControl.$procmux$76 ($mux) with simplemap.

9.8. Executing AST frontend in derive mode using pre-parsed AST for module `\_90_pmux'.
Parameter \WIDTH = 5
Parameter \S_WIDTH = 2
Generating RTLIL representation for module `$paramod\_90_pmux\WIDTH=5\S_WIDTH=2'.

9.9. Continuing TECHMAP pass.
Mapping fsmControl.$procmux$78 using $paramod\_90_pmux\WIDTH=5\S_WIDTH=2.
Mapping fsmControl.$procmux$86 ($mux) with simplemap.
Mapping fsmControl.$procmux$88 ($mux) with simplemap.

9.10. Executing AST frontend in derive mode using pre-parsed AST for module `\_90_pmux'.
Parameter \WIDTH = 1
Parameter \S_WIDTH = 2
Generating RTLIL representation for module `$paramod\_90_pmux\WIDTH=1\S_WIDTH=2'.

9.11. Continuing TECHMAP pass.
Mapping fsmControl.$procmux$90 using $paramod\_90_pmux\WIDTH=1\S_WIDTH=2.
Mapping fsmControl.$procmux$98 ($mux) with simplemap.
Mapping fsmControl.$procmux$101_CMP0 ($eq) with simplemap.
Mapping fsmControl.$procmux$100 using $paramod\_90_pmux\WIDTH=1\S_WIDTH=2.
Mapping fsmControl.$procmux$102_CMP0 ($eq) with simplemap.
Mapping fsmControl.$procmux$106 ($mux) with simplemap.
Mapping fsmControl.$procmux$109_CMP0 ($eq) with simplemap.

9.12. Executing AST frontend in derive mode using pre-parsed AST for module `\_90_pmux'.
Parameter \WIDTH = 14
Parameter \S_WIDTH = 3
Generating RTLIL representation for module `$paramod\_90_pmux\WIDTH=14\S_WIDTH=3'.

9.13. Continuing TECHMAP pass.
Mapping fsmControl.$procmux$108 using $paramod\_90_pmux\WIDTH=14\S_WIDTH=3.
Mapping fsmControl.$procmux$110_CMP0 ($eq) with simplemap.
Mapping fsmControl.$procmux$111_CMP0 ($eq) with simplemap.
Mapping fsmControl.$procdff$112 ($dff) with simplemap.
Mapping fsmControl.$procdff$113 ($dff) with simplemap.
Mapping fsmControl.$procdff$114 ($dff) with simplemap.
Mapping fsmControl.$procdff$115 ($dff) with simplemap.
Mapping fsmControl.$procdff$116 ($dff) with simplemap.
Mapping fsmControl.$procdff$117 ($dff) with simplemap.
Mapping fsmControl.$procdff$118 ($dff) with simplemap.
Mapping fsmControl.$procdff$119 ($dff) with simplemap.
Mapping fsmControl.$procdff$120 ($dff) with simplemap.
Mapping fsmControl.$procdff$121 ($dff) with simplemap.
Mapping fsmControl.$procdff$122 ($dff) with simplemap.
Mapping fsmControl.$auto$opt_reduce.cc:126:opt_mux$124 ($reduce_or) with simplemap.
Mapping fsmControl.$techmap$procmux$24.$reduce_or$<techmap.v>:441$212 ($reduce_or) with simplemap.
Mapping fsmControl.$techmap$procmux$24.$reduce_or$<techmap.v>:441$213 ($reduce_or) with simplemap.
Mapping fsmControl.$techmap$procmux$24.$reduce_or$<techmap.v>:441$211 ($reduce_or) with simplemap.
Mapping fsmControl.$techmap$procmux$24.$reduce_or$<techmap.v>:441$210 ($reduce_or) with simplemap.
Mapping fsmControl.$techmap$procmux$24.$reduce_or$<techmap.v>:441$209 ($reduce_or) with simplemap.
Mapping fsmControl.$techmap$procmux$24.$and$<techmap.v>:434$208 ($and) with simplemap.
Mapping fsmControl.$techmap$procmux$24.$and$<techmap.v>:434$207 ($and) with simplemap.
Mapping fsmControl.$techmap$procmux$24.$and$<techmap.v>:434$206 ($and) with simplemap.
Mapping fsmControl.$techmap$procmux$24.$and$<techmap.v>:434$205 ($and) with simplemap.
Mapping fsmControl.$techmap$procmux$24.$and$<techmap.v>:434$204 ($and) with simplemap.
Mapping fsmControl.$techmap$procmux$24.$ternary$<techmap.v>:445$203 ($mux) with simplemap.
Mapping fsmControl.$techmap$procmux$24.$reduce_or$<techmap.v>:445$202 ($reduce_or) with simplemap.
Mapping fsmControl.$techmap$procmux$55.$reduce_or$<techmap.v>:441$255 ($reduce_or) with simplemap.
Mapping fsmControl.$techmap$procmux$55.$reduce_or$<techmap.v>:441$256 ($reduce_or) with simplemap.
Mapping fsmControl.$techmap$procmux$55.$reduce_or$<techmap.v>:441$254 ($reduce_or) with simplemap.
Mapping fsmControl.$techmap$procmux$55.$reduce_or$<techmap.v>:441$253 ($reduce_or) with simplemap.
Mapping fsmControl.$techmap$procmux$55.$and$<techmap.v>:434$252 ($and) with simplemap.
Mapping fsmControl.$techmap$procmux$55.$and$<techmap.v>:434$251 ($and) with simplemap.
Mapping fsmControl.$techmap$procmux$55.$ternary$<techmap.v>:445$250 ($mux) with simplemap.
Mapping fsmControl.$techmap$procmux$55.$reduce_or$<techmap.v>:445$249 ($reduce_or) with simplemap.
Mapping fsmControl.$techmap$procmux$59.$reduce_or$<techmap.v>:441$255 ($reduce_or) with simplemap.
Mapping fsmControl.$techmap$procmux$59.$reduce_or$<techmap.v>:441$256 ($reduce_or) with simplemap.
Mapping fsmControl.$techmap$procmux$59.$reduce_or$<techmap.v>:441$254 ($reduce_or) with simplemap.
Mapping fsmControl.$techmap$procmux$59.$reduce_or$<techmap.v>:441$253 ($reduce_or) with simplemap.
Mapping fsmControl.$techmap$procmux$59.$and$<techmap.v>:434$252 ($and) with simplemap.
Mapping fsmControl.$techmap$procmux$59.$and$<techmap.v>:434$251 ($and) with simplemap.
Mapping fsmControl.$techmap$procmux$59.$ternary$<techmap.v>:445$250 ($mux) with simplemap.
Mapping fsmControl.$techmap$procmux$59.$reduce_or$<techmap.v>:445$249 ($reduce_or) with simplemap.
Mapping fsmControl.$techmap$procmux$63.$reduce_or$<techmap.v>:441$261 ($reduce_or) with simplemap.
Mapping fsmControl.$techmap$procmux$63.$reduce_or$<techmap.v>:441$262 ($reduce_or) with simplemap.
Mapping fsmControl.$techmap$procmux$63.$and$<techmap.v>:434$260 ($and) with simplemap.
Mapping fsmControl.$techmap$procmux$63.$and$<techmap.v>:434$259 ($and) with simplemap.
Mapping fsmControl.$techmap$procmux$63.$ternary$<techmap.v>:445$258 ($mux) with simplemap.
Mapping fsmControl.$techmap$procmux$63.$reduce_or$<techmap.v>:445$257 ($reduce_or) with simplemap.
Mapping fsmControl.$techmap$procmux$67.$reduce_or$<techmap.v>:441$261 ($reduce_or) with simplemap.
Mapping fsmControl.$techmap$procmux$67.$reduce_or$<techmap.v>:441$262 ($reduce_or) with simplemap.
Mapping fsmControl.$techmap$procmux$67.$and$<techmap.v>:434$260 ($and) with simplemap.
Mapping fsmControl.$techmap$procmux$67.$and$<techmap.v>:434$259 ($and) with simplemap.
Mapping fsmControl.$techmap$procmux$67.$ternary$<techmap.v>:445$258 ($mux) with simplemap.
Mapping fsmControl.$techmap$procmux$67.$reduce_or$<techmap.v>:445$257 ($reduce_or) with simplemap.
Mapping fsmControl.$techmap$procmux$71.$reduce_or$<techmap.v>:441$261 ($reduce_or) with simplemap.
Mapping fsmControl.$techmap$procmux$71.$reduce_or$<techmap.v>:441$262 ($reduce_or) with simplemap.
Mapping fsmControl.$techmap$procmux$71.$and$<techmap.v>:434$260 ($and) with simplemap.
Mapping fsmControl.$techmap$procmux$71.$and$<techmap.v>:434$259 ($and) with simplemap.
Mapping fsmControl.$techmap$procmux$71.$ternary$<techmap.v>:445$258 ($mux) with simplemap.
Mapping fsmControl.$techmap$procmux$71.$reduce_or$<techmap.v>:445$257 ($reduce_or) with simplemap.
Mapping fsmControl.$techmap$procmux$78.$reduce_or$<techmap.v>:441$275 ($reduce_or) with simplemap.
Mapping fsmControl.$techmap$procmux$78.$reduce_or$<techmap.v>:441$276 ($reduce_or) with simplemap.
Mapping fsmControl.$techmap$procmux$78.$reduce_or$<techmap.v>:441$274 ($reduce_or) with simplemap.
Mapping fsmControl.$techmap$procmux$78.$reduce_or$<techmap.v>:441$273 ($reduce_or) with simplemap.
Mapping fsmControl.$techmap$procmux$78.$reduce_or$<techmap.v>:441$272 ($reduce_or) with simplemap.
Mapping fsmControl.$techmap$procmux$78.$and$<techmap.v>:434$271 ($and) with simplemap.
Mapping fsmControl.$techmap$procmux$78.$and$<techmap.v>:434$270 ($and) with simplemap.
Mapping fsmControl.$techmap$procmux$78.$ternary$<techmap.v>:445$269 ($mux) with simplemap.
Mapping fsmControl.$techmap$procmux$78.$reduce_or$<techmap.v>:445$268 ($reduce_or) with simplemap.
Mapping fsmControl.$techmap$procmux$90.$and$<techmap.v>:434$282 ($and) with simplemap.
Mapping fsmControl.$techmap$procmux$90.$reduce_or$<techmap.v>:441$283 ($reduce_or) with simplemap.
Mapping fsmControl.$techmap$procmux$90.$and$<techmap.v>:434$281 ($and) with simplemap.
Mapping fsmControl.$techmap$procmux$90.$ternary$<techmap.v>:445$280 ($mux) with simplemap.
Mapping fsmControl.$techmap$procmux$90.$reduce_or$<techmap.v>:445$279 ($reduce_or) with simplemap.
Mapping fsmControl.$techmap$procmux$100.$and$<techmap.v>:434$282 ($and) with simplemap.
Mapping fsmControl.$techmap$procmux$100.$reduce_or$<techmap.v>:441$283 ($reduce_or) with simplemap.
Mapping fsmControl.$techmap$procmux$100.$and$<techmap.v>:434$281 ($and) with simplemap.
Mapping fsmControl.$techmap$procmux$100.$ternary$<techmap.v>:445$280 ($mux) with simplemap.
Mapping fsmControl.$techmap$procmux$100.$reduce_or$<techmap.v>:445$279 ($reduce_or) with simplemap.
Mapping fsmControl.$techmap$procmux$108.$reduce_or$<techmap.v>:441$370 ($reduce_or) with simplemap.
Mapping fsmControl.$techmap$procmux$108.$reduce_or$<techmap.v>:441$371 ($reduce_or) with simplemap.
Mapping fsmControl.$techmap$procmux$108.$reduce_or$<techmap.v>:441$369 ($reduce_or) with simplemap.
Mapping fsmControl.$techmap$procmux$108.$reduce_or$<techmap.v>:441$368 ($reduce_or) with simplemap.
Mapping fsmControl.$techmap$procmux$108.$reduce_or$<techmap.v>:441$367 ($reduce_or) with simplemap.
Mapping fsmControl.$techmap$procmux$108.$reduce_or$<techmap.v>:441$366 ($reduce_or) with simplemap.
Mapping fsmControl.$techmap$procmux$108.$reduce_or$<techmap.v>:441$365 ($reduce_or) with simplemap.
Mapping fsmControl.$techmap$procmux$108.$reduce_or$<techmap.v>:441$364 ($reduce_or) with simplemap.
Mapping fsmControl.$techmap$procmux$108.$reduce_or$<techmap.v>:441$363 ($reduce_or) with simplemap.
Mapping fsmControl.$techmap$procmux$108.$reduce_or$<techmap.v>:441$362 ($reduce_or) with simplemap.
Mapping fsmControl.$techmap$procmux$108.$reduce_or$<techmap.v>:441$361 ($reduce_or) with simplemap.
Mapping fsmControl.$techmap$procmux$108.$reduce_or$<techmap.v>:441$360 ($reduce_or) with simplemap.
Mapping fsmControl.$techmap$procmux$108.$reduce_or$<techmap.v>:441$359 ($reduce_or) with simplemap.
Mapping fsmControl.$techmap$procmux$108.$reduce_or$<techmap.v>:441$358 ($reduce_or) with simplemap.
Mapping fsmControl.$techmap$procmux$108.$and$<techmap.v>:434$357 ($and) with simplemap.
Mapping fsmControl.$techmap$procmux$108.$and$<techmap.v>:434$356 ($and) with simplemap.
Mapping fsmControl.$techmap$procmux$108.$and$<techmap.v>:434$355 ($and) with simplemap.
Mapping fsmControl.$techmap$procmux$108.$ternary$<techmap.v>:445$354 ($mux) with simplemap.
Mapping fsmControl.$techmap$procmux$108.$reduce_or$<techmap.v>:445$353 ($reduce_or) with simplemap.
No more expansions possible.

10. Executing OPT pass (performing simple optimizations).

10.1. Executing OPT_EXPR pass (perform const folding).
Replacing $_XOR_ cell `$auto$simplemap.cc:85:simplemap_bitop$309' (?0) in module `\fsmControl' with constant driver `$auto$simplemap.cc:250:simplemap_eqne$303 [4] = \state [4]'.
Replacing $_XOR_ cell `$auto$simplemap.cc:85:simplemap_bitop$305' (?0) in module `\fsmControl' with constant driver `$auto$simplemap.cc:250:simplemap_eqne$303 [0] = \state [0]'.
Replacing $_XOR_ cell `$auto$simplemap.cc:85:simplemap_bitop$306' (?0) in module `\fsmControl' with constant driver `$auto$simplemap.cc:250:simplemap_eqne$303 [1] = \state [1]'.
Replacing $_XOR_ cell `$auto$simplemap.cc:85:simplemap_bitop$308' (?0) in module `\fsmControl' with constant driver `$auto$simplemap.cc:250:simplemap_eqne$303 [3] = \state [3]'.
Replacing $_XOR_ cell `$auto$simplemap.cc:85:simplemap_bitop$396' (?0) in module `\fsmControl' with constant driver `$auto$simplemap.cc:250:simplemap_eqne$390 [4] = \state [4]'.
Replacing $_XOR_ cell `$auto$simplemap.cc:85:simplemap_bitop$393' (?0) in module `\fsmControl' with constant driver `$auto$simplemap.cc:250:simplemap_eqne$390 [1] = \state [1]'.
Replacing $_XOR_ cell `$auto$simplemap.cc:85:simplemap_bitop$394' (?0) in module `\fsmControl' with constant driver `$auto$simplemap.cc:250:simplemap_eqne$390 [2] = \state [2]'.
Replacing $_XOR_ cell `$auto$simplemap.cc:85:simplemap_bitop$395' (?0) in module `\fsmControl' with constant driver `$auto$simplemap.cc:250:simplemap_eqne$390 [3] = \state [3]'.
Replacing $_MUX_ cell `$auto$simplemap.cc:277:simplemap_mux$193' (00?) in module `\fsmControl' with constant driver `$procmux$20_Y [1] = 1'0'.
Replacing $_MUX_ cell `$auto$simplemap.cc:277:simplemap_mux$192' (01?) in module `\fsmControl' with constant driver `$procmux$20_Y [0] = \reset'.
Replacing $_MUX_ cell `$auto$simplemap.cc:277:simplemap_mux$194' (00?) in module `\fsmControl' with constant driver `$procmux$20_Y [2] = 1'0'.
Replacing $_MUX_ cell `$auto$simplemap.cc:277:simplemap_mux$195' (00?) in module `\fsmControl' with constant driver `$procmux$20_Y [3] = 1'0'.
Optimizing away select inverter for $_MUX_ cell `$auto$simplemap.cc:277:simplemap_mux$215' in module `fsmControl'.
Optimizing away select inverter for $_MUX_ cell `$auto$simplemap.cc:277:simplemap_mux$214' in module `fsmControl'.
Optimizing away select inverter for $_MUX_ cell `$auto$simplemap.cc:277:simplemap_mux$216' in module `fsmControl'.
Optimizing away select inverter for $_MUX_ cell `$auto$simplemap.cc:277:simplemap_mux$217' in module `fsmControl'.
Optimizing away select inverter for $_MUX_ cell `$auto$simplemap.cc:277:simplemap_mux$218' in module `fsmControl'.
Replacing $_MUX_ cell `$auto$simplemap.cc:277:simplemap_mux$235' (00?) in module `\fsmControl' with constant driver `$procmux$36_Y [1] = 1'0'.
Optimizing away select inverter for $_MUX_ cell `$auto$simplemap.cc:277:simplemap_mux$225' in module `fsmControl'.
Replacing $_MUX_ cell `$auto$simplemap.cc:277:simplemap_mux$234' (00?) in module `\fsmControl' with constant driver `$procmux$36_Y [0] = 1'0'.
Optimizing away select inverter for $_MUX_ cell `$auto$simplemap.cc:277:simplemap_mux$224' in module `fsmControl'.
Optimizing away select inverter for $_MUX_ cell `$auto$simplemap.cc:277:simplemap_mux$226' in module `fsmControl'.
Replacing $_MUX_ cell `$auto$simplemap.cc:277:simplemap_mux$237' (00?) in module `\fsmControl' with constant driver `$procmux$36_Y [3] = 1'0'.
Optimizing away select inverter for $_MUX_ cell `$auto$simplemap.cc:277:simplemap_mux$227' in module `fsmControl'.
Replacing $_MUX_ cell `$auto$simplemap.cc:277:simplemap_mux$238' (01?) in module `\fsmControl' with constant driver `$procmux$36_Y [4] = $ne$fsm_Control.v:115$9_Y'.
Optimizing away select inverter for $_MUX_ cell `$auto$simplemap.cc:277:simplemap_mux$228' in module `fsmControl'.
Optimizing away select inverter for $_MUX_ cell `$auto$simplemap.cc:277:simplemap_mux$277' in module `fsmControl'.
Replacing $_XOR_ cell `$auto$simplemap.cc:85:simplemap_bitop$287' (?0) in module `\fsmControl' with constant driver `$auto$simplemap.cc:250:simplemap_eqne$285 [0] = \state [0]'.
Replacing $_XOR_ cell `$auto$simplemap.cc:85:simplemap_bitop$288' (?0) in module `\fsmControl' with constant driver `$auto$simplemap.cc:250:simplemap_eqne$285 [1] = \state [1]'.
Replacing $_XOR_ cell `$auto$simplemap.cc:85:simplemap_bitop$289' (?0) in module `\fsmControl' with constant driver `$auto$simplemap.cc:250:simplemap_eqne$285 [2] = \state [2]'.
Replacing $_XOR_ cell `$auto$simplemap.cc:85:simplemap_bitop$291' (?0) in module `\fsmControl' with constant driver `$auto$simplemap.cc:250:simplemap_eqne$285 [4] = \state [4]'.
Replacing $_XOR_ cell `$auto$simplemap.cc:85:simplemap_bitop$337' (?0) in module `\fsmControl' with constant driver `$auto$simplemap.cc:250:simplemap_eqne$335 [0] = \state [0]'.
Replacing $_XOR_ cell `$auto$simplemap.cc:85:simplemap_bitop$338' (?0) in module `\fsmControl' with constant driver `$auto$simplemap.cc:250:simplemap_eqne$335 [1] = \state [1]'.
Replacing $_XOR_ cell `$auto$simplemap.cc:85:simplemap_bitop$339' (?0) in module `\fsmControl' with constant driver `$auto$simplemap.cc:250:simplemap_eqne$335 [2] = \state [2]'.
Replacing $_XOR_ cell `$auto$simplemap.cc:85:simplemap_bitop$340' (?0) in module `\fsmControl' with constant driver `$auto$simplemap.cc:250:simplemap_eqne$335 [3] = \state [3]'.
Replacing $_XOR_ cell `$auto$simplemap.cc:85:simplemap_bitop$374' (?0) in module `\fsmControl' with constant driver `$auto$simplemap.cc:250:simplemap_eqne$372 [0] = \state [0]'.
Replacing $_XOR_ cell `$auto$simplemap.cc:85:simplemap_bitop$376' (?0) in module `\fsmControl' with constant driver `$auto$simplemap.cc:250:simplemap_eqne$372 [2] = \state [2]'.
Replacing $_XOR_ cell `$auto$simplemap.cc:85:simplemap_bitop$377' (?0) in module `\fsmControl' with constant driver `$auto$simplemap.cc:250:simplemap_eqne$372 [3] = \state [3]'.
Replacing $_XOR_ cell `$auto$simplemap.cc:85:simplemap_bitop$378' (?0) in module `\fsmControl' with constant driver `$auto$simplemap.cc:250:simplemap_eqne$372 [4] = \state [4]'.
Replacing $_AND_ cell `$auto$simplemap.cc:85:simplemap_bitop$498' (const_and) in module `\fsmControl' with constant driver `$techmap$procmux$24.$and$<techmap.v>:434$207_Y [3] = 1'0'.
Replacing $_OR_ cell `$auto$simplemap.cc:136:simplemap_reduce$457' (?0) in module `\fsmControl' with constant driver `$auto$simplemap.cc:127:simplemap_reduce$455 [1] = $techmap$procmux$24.$and$<techmap.v>:434$206_Y [3]'.
Replacing $_AND_ cell `$auto$simplemap.cc:85:simplemap_bitop$493' (const_and) in module `\fsmControl' with constant driver `$techmap$procmux$24.$and$<techmap.v>:434$208_Y [3] = 1'0'.
Replacing $_OR_ cell `$auto$simplemap.cc:136:simplemap_reduce$461' (?0) in module `\fsmControl' with constant driver `$techmap$procmux$24.$reduce_or$<techmap.v>:441$212_Y = $auto$simplemap.cc:127:simplemap_reduce$458'.
Replacing $_AND_ cell `$auto$simplemap.cc:85:simplemap_bitop$494' (const_and) in module `\fsmControl' with constant driver `$techmap$procmux$24.$and$<techmap.v>:434$208_Y [4] = 1'0'.
Replacing $_OR_ cell `$auto$simplemap.cc:136:simplemap_reduce$468' (?0) in module `\fsmControl' with constant driver `$techmap$procmux$24.$reduce_or$<techmap.v>:441$213_Y = $auto$simplemap.cc:127:simplemap_reduce$465'.
Replacing $_AND_ cell `$auto$simplemap.cc:85:simplemap_bitop$492' (const_and) in module `\fsmControl' with constant driver `$techmap$procmux$24.$and$<techmap.v>:434$208_Y [2] = 1'0'.
Replacing $_OR_ cell `$auto$simplemap.cc:136:simplemap_reduce$475' (?0) in module `\fsmControl' with constant driver `$techmap$procmux$24.$reduce_or$<techmap.v>:441$211_Y = $auto$simplemap.cc:127:simplemap_reduce$472'.
Replacing $_AND_ cell `$auto$simplemap.cc:85:simplemap_bitop$496' (const_and) in module `\fsmControl' with constant driver `$techmap$procmux$24.$and$<techmap.v>:434$207_Y [1] = 1'0'.
Replacing $_OR_ cell `$auto$simplemap.cc:136:simplemap_reduce$478' (?0) in module `\fsmControl' with constant driver `$auto$simplemap.cc:127:simplemap_reduce$476 [1] = $techmap$procmux$24.$and$<techmap.v>:434$206_Y [1]'.
Replacing $_AND_ cell `$auto$simplemap.cc:85:simplemap_bitop$491' (1?) in module `\fsmControl' with constant driver `$techmap$procmux$24.$and$<techmap.v>:434$208_Y [1] = $procmux$103_CMP'.
Replacing $_AND_ cell `$auto$simplemap.cc:85:simplemap_bitop$495' (const_and) in module `\fsmControl' with constant driver `$techmap$procmux$24.$and$<techmap.v>:434$207_Y [0] = 1'0'.
Replacing $_OR_ cell `$auto$simplemap.cc:136:simplemap_reduce$485' (?0) in module `\fsmControl' with constant driver `$auto$simplemap.cc:127:simplemap_reduce$483 [1] = $techmap$procmux$24.$and$<techmap.v>:434$206_Y [0]'.
Replacing $_AND_ cell `$auto$simplemap.cc:85:simplemap_bitop$490' (const_and) in module `\fsmControl' with constant driver `$techmap$procmux$24.$and$<techmap.v>:434$208_Y [0] = 1'0'.
Replacing $_OR_ cell `$auto$simplemap.cc:136:simplemap_reduce$489' (?0) in module `\fsmControl' with constant driver `$techmap$procmux$24.$reduce_or$<techmap.v>:441$209_Y = $auto$simplemap.cc:127:simplemap_reduce$486'.
Replacing $_AND_ cell `$auto$simplemap.cc:85:simplemap_bitop$537' (const_and) in module `\fsmControl' with constant driver `$techmap$procmux$55.$and$<techmap.v>:434$252_Y [2] = 1'0'.
Replacing $_OR_ cell `$auto$simplemap.cc:136:simplemap_reduce$528' (?0) in module `\fsmControl' with constant driver `$techmap$procmux$55.$reduce_or$<techmap.v>:441$255_Y = $techmap$procmux$55.$and$<techmap.v>:434$251_Y [2]'.
Replacing $_AND_ cell `$auto$simplemap.cc:85:simplemap_bitop$538' (const_and) in module `\fsmControl' with constant driver `$techmap$procmux$55.$and$<techmap.v>:434$252_Y [3] = 1'0'.
Replacing $_OR_ cell `$auto$simplemap.cc:136:simplemap_reduce$530' (?0) in module `\fsmControl' with constant driver `$techmap$procmux$55.$reduce_or$<techmap.v>:441$256_Y = $techmap$procmux$55.$and$<techmap.v>:434$251_Y [3]'.
Replacing $_AND_ cell `$auto$simplemap.cc:85:simplemap_bitop$536' (const_and) in module `\fsmControl' with constant driver `$techmap$procmux$55.$and$<techmap.v>:434$252_Y [1] = 1'0'.
Replacing $_OR_ cell `$auto$simplemap.cc:136:simplemap_reduce$532' (?0) in module `\fsmControl' with constant driver `$techmap$procmux$55.$reduce_or$<techmap.v>:441$254_Y = $techmap$procmux$55.$and$<techmap.v>:434$251_Y [1]'.
Replacing $_AND_ cell `$auto$simplemap.cc:85:simplemap_bitop$535' (const_and) in module `\fsmControl' with constant driver `$techmap$procmux$55.$and$<techmap.v>:434$252_Y [0] = 1'0'.
Replacing $_OR_ cell `$auto$simplemap.cc:136:simplemap_reduce$534' (?0) in module `\fsmControl' with constant driver `$techmap$procmux$55.$reduce_or$<techmap.v>:441$253_Y = $techmap$procmux$55.$and$<techmap.v>:434$251_Y [0]'.
Replacing $_AND_ cell `$auto$simplemap.cc:85:simplemap_bitop$559' (const_and) in module `\fsmControl' with constant driver `$techmap$procmux$59.$and$<techmap.v>:434$252_Y [2] = 1'0'.
Replacing $_OR_ cell `$auto$simplemap.cc:136:simplemap_reduce$550' (?0) in module `\fsmControl' with constant driver `$techmap$procmux$59.$reduce_or$<techmap.v>:441$255_Y = $techmap$procmux$59.$and$<techmap.v>:434$251_Y [2]'.
Replacing $_AND_ cell `$auto$simplemap.cc:85:simplemap_bitop$560' (const_and) in module `\fsmControl' with constant driver `$techmap$procmux$59.$and$<techmap.v>:434$252_Y [3] = 1'0'.
Replacing $_OR_ cell `$auto$simplemap.cc:136:simplemap_reduce$552' (?0) in module `\fsmControl' with constant driver `$techmap$procmux$59.$reduce_or$<techmap.v>:441$256_Y = $techmap$procmux$59.$and$<techmap.v>:434$251_Y [3]'.
Replacing $_AND_ cell `$auto$simplemap.cc:85:simplemap_bitop$558' (const_and) in module `\fsmControl' with constant driver `$techmap$procmux$59.$and$<techmap.v>:434$252_Y [1] = 1'0'.
Replacing $_OR_ cell `$auto$simplemap.cc:136:simplemap_reduce$554' (?0) in module `\fsmControl' with constant driver `$techmap$procmux$59.$reduce_or$<techmap.v>:441$254_Y = $techmap$procmux$59.$and$<techmap.v>:434$251_Y [1]'.
Replacing $_AND_ cell `$auto$simplemap.cc:85:simplemap_bitop$557' (const_and) in module `\fsmControl' with constant driver `$techmap$procmux$59.$and$<techmap.v>:434$252_Y [0] = 1'0'.
Replacing $_OR_ cell `$auto$simplemap.cc:136:simplemap_reduce$556' (?0) in module `\fsmControl' with constant driver `$techmap$procmux$59.$reduce_or$<techmap.v>:441$253_Y = $techmap$procmux$59.$and$<techmap.v>:434$251_Y [0]'.
Replacing $_AND_ cell `$auto$simplemap.cc:85:simplemap_bitop$575' (const_and) in module `\fsmControl' with constant driver `$techmap$procmux$63.$and$<techmap.v>:434$260_Y [0] = 1'0'.
Replacing $_OR_ cell `$auto$simplemap.cc:136:simplemap_reduce$572' (?0) in module `\fsmControl' with constant driver `$techmap$procmux$63.$reduce_or$<techmap.v>:441$261_Y = $techmap$procmux$63.$and$<techmap.v>:434$259_Y [0]'.
Replacing $_AND_ cell `$auto$simplemap.cc:85:simplemap_bitop$576' (const_and) in module `\fsmControl' with constant driver `$techmap$procmux$63.$and$<techmap.v>:434$260_Y [1] = 1'0'.
Replacing $_OR_ cell `$auto$simplemap.cc:136:simplemap_reduce$574' (?0) in module `\fsmControl' with constant driver `$techmap$procmux$63.$reduce_or$<techmap.v>:441$262_Y = $techmap$procmux$63.$and$<techmap.v>:434$259_Y [1]'.
Replacing $_AND_ cell `$auto$simplemap.cc:85:simplemap_bitop$587' (const_and) in module `\fsmControl' with constant driver `$techmap$procmux$67.$and$<techmap.v>:434$260_Y [0] = 1'0'.
Replacing $_OR_ cell `$auto$simplemap.cc:136:simplemap_reduce$584' (?0) in module `\fsmControl' with constant driver `$techmap$procmux$67.$reduce_or$<techmap.v>:441$261_Y = $techmap$procmux$67.$and$<techmap.v>:434$259_Y [0]'.
Replacing $_AND_ cell `$auto$simplemap.cc:85:simplemap_bitop$588' (const_and) in module `\fsmControl' with constant driver `$techmap$procmux$67.$and$<techmap.v>:434$260_Y [1] = 1'0'.
Replacing $_OR_ cell `$auto$simplemap.cc:136:simplemap_reduce$586' (?0) in module `\fsmControl' with constant driver `$techmap$procmux$67.$reduce_or$<techmap.v>:441$262_Y = $techmap$procmux$67.$and$<techmap.v>:434$259_Y [1]'.
Replacing $_AND_ cell `$auto$simplemap.cc:85:simplemap_bitop$599' (const_and) in module `\fsmControl' with constant driver `$techmap$procmux$71.$and$<techmap.v>:434$260_Y [0] = 1'0'.
Replacing $_OR_ cell `$auto$simplemap.cc:136:simplemap_reduce$596' (?0) in module `\fsmControl' with constant driver `$techmap$procmux$71.$reduce_or$<techmap.v>:441$261_Y = $techmap$procmux$71.$and$<techmap.v>:434$259_Y [0]'.
Replacing $_AND_ cell `$auto$simplemap.cc:85:simplemap_bitop$600' (const_and) in module `\fsmControl' with constant driver `$techmap$procmux$71.$and$<techmap.v>:434$260_Y [1] = 1'0'.
Replacing $_OR_ cell `$auto$simplemap.cc:136:simplemap_reduce$598' (?0) in module `\fsmControl' with constant driver `$techmap$procmux$71.$reduce_or$<techmap.v>:441$262_Y = $techmap$procmux$71.$and$<techmap.v>:434$259_Y [1]'.
Replacing $_AND_ cell `$auto$simplemap.cc:85:simplemap_bitop$620' (const_and) in module `\fsmControl' with constant driver `$techmap$procmux$78.$and$<techmap.v>:434$271_Y [3] = 1'0'.
Replacing $_OR_ cell `$auto$simplemap.cc:136:simplemap_reduce$608' (?0) in module `\fsmControl' with constant driver `$techmap$procmux$78.$reduce_or$<techmap.v>:441$275_Y = $techmap$procmux$78.$and$<techmap.v>:434$270_Y [3]'.
Replacing $_AND_ cell `$auto$simplemap.cc:85:simplemap_bitop$621' (const_and) in module `\fsmControl' with constant driver `$techmap$procmux$78.$and$<techmap.v>:434$271_Y [4] = 1'0'.
Replacing $_OR_ cell `$auto$simplemap.cc:136:simplemap_reduce$610' (?0) in module `\fsmControl' with constant driver `$techmap$procmux$78.$reduce_or$<techmap.v>:441$276_Y = $techmap$procmux$78.$and$<techmap.v>:434$270_Y [4]'.
Replacing $_AND_ cell `$auto$simplemap.cc:85:simplemap_bitop$619' (const_and) in module `\fsmControl' with constant driver `$techmap$procmux$78.$and$<techmap.v>:434$271_Y [2] = 1'0'.
Replacing $_OR_ cell `$auto$simplemap.cc:136:simplemap_reduce$612' (?0) in module `\fsmControl' with constant driver `$techmap$procmux$78.$reduce_or$<techmap.v>:441$274_Y = $techmap$procmux$78.$and$<techmap.v>:434$270_Y [2]'.
Replacing $_AND_ cell `$auto$simplemap.cc:85:simplemap_bitop$618' (const_and) in module `\fsmControl' with constant driver `$techmap$procmux$78.$and$<techmap.v>:434$271_Y [1] = 1'0'.
Replacing $_OR_ cell `$auto$simplemap.cc:136:simplemap_reduce$614' (?0) in module `\fsmControl' with constant driver `$techmap$procmux$78.$reduce_or$<techmap.v>:441$273_Y = $techmap$procmux$78.$and$<techmap.v>:434$270_Y [1]'.
Replacing $_AND_ cell `$auto$simplemap.cc:85:simplemap_bitop$617' (const_and) in module `\fsmControl' with constant driver `$techmap$procmux$78.$and$<techmap.v>:434$271_Y [0] = 1'0'.
Replacing $_OR_ cell `$auto$simplemap.cc:136:simplemap_reduce$616' (?0) in module `\fsmControl' with constant driver `$techmap$procmux$78.$reduce_or$<techmap.v>:441$272_Y = $techmap$procmux$78.$and$<techmap.v>:434$270_Y [0]'.
Replacing $_AND_ cell `$auto$simplemap.cc:85:simplemap_bitop$634' (const_and) in module `\fsmControl' with constant driver `$techmap$procmux$90.$and$<techmap.v>:434$282_Y = 1'0'.
Replacing $_OR_ cell `$auto$simplemap.cc:136:simplemap_reduce$636' (?0) in module `\fsmControl' with constant driver `$techmap$procmux$90.$reduce_or$<techmap.v>:441$283_Y = $techmap$procmux$90.$and$<techmap.v>:434$281_Y'.
Replacing $_AND_ cell `$auto$simplemap.cc:85:simplemap_bitop$641' (const_and) in module `\fsmControl' with constant driver `$techmap$procmux$100.$and$<techmap.v>:434$282_Y = 1'0'.
Replacing $_OR_ cell `$auto$simplemap.cc:136:simplemap_reduce$643' (?0) in module `\fsmControl' with constant driver `$techmap$procmux$100.$reduce_or$<techmap.v>:441$283_Y = $techmap$procmux$100.$and$<techmap.v>:434$281_Y'.
Replacing $_AND_ cell `$auto$simplemap.cc:85:simplemap_bitop$716' (const_and) in module `\fsmControl' with constant driver `$techmap$procmux$108.$and$<techmap.v>:434$357_Y [12] = 1'0'.
Replacing $_OR_ cell `$auto$simplemap.cc:136:simplemap_reduce$651' (?0) in module `\fsmControl' with constant driver `$techmap$procmux$108.$reduce_or$<techmap.v>:441$370_Y = $auto$simplemap.cc:127:simplemap_reduce$648'.
Replacing $_AND_ cell `$auto$simplemap.cc:85:simplemap_bitop$717' (const_and) in module `\fsmControl' with constant driver `$techmap$procmux$108.$and$<techmap.v>:434$357_Y [13] = 1'0'.
Replacing $_OR_ cell `$auto$simplemap.cc:136:simplemap_reduce$655' (?0) in module `\fsmControl' with constant driver `$techmap$procmux$108.$reduce_or$<techmap.v>:441$371_Y = $auto$simplemap.cc:127:simplemap_reduce$652'.
Replacing $_AND_ cell `$auto$simplemap.cc:85:simplemap_bitop$715' (const_and) in module `\fsmControl' with constant driver `$techmap$procmux$108.$and$<techmap.v>:434$357_Y [11] = 1'0'.
Replacing $_OR_ cell `$auto$simplemap.cc:136:simplemap_reduce$659' (?0) in module `\fsmControl' with constant driver `$techmap$procmux$108.$reduce_or$<techmap.v>:441$369_Y = $auto$simplemap.cc:127:simplemap_reduce$656'.
Replacing $_AND_ cell `$auto$simplemap.cc:85:simplemap_bitop$714' (const_and) in module `\fsmControl' with constant driver `$techmap$procmux$108.$and$<techmap.v>:434$357_Y [10] = 1'0'.
Replacing $_OR_ cell `$auto$simplemap.cc:136:simplemap_reduce$663' (?0) in module `\fsmControl' with constant driver `$techmap$procmux$108.$reduce_or$<techmap.v>:441$368_Y = $auto$simplemap.cc:127:simplemap_reduce$660'.
Replacing $_AND_ cell `$auto$simplemap.cc:85:simplemap_bitop$713' (const_and) in module `\fsmControl' with constant driver `$techmap$procmux$108.$and$<techmap.v>:434$357_Y [9] = 1'0'.
Replacing $_OR_ cell `$auto$simplemap.cc:136:simplemap_reduce$667' (?0) in module `\fsmControl' with constant driver `$techmap$procmux$108.$reduce_or$<techmap.v>:441$367_Y = $auto$simplemap.cc:127:simplemap_reduce$664'.
Replacing $_AND_ cell `$auto$simplemap.cc:85:simplemap_bitop$712' (const_and) in module `\fsmControl' with constant driver `$techmap$procmux$108.$and$<techmap.v>:434$357_Y [8] = 1'0'.
Replacing $_OR_ cell `$auto$simplemap.cc:136:simplemap_reduce$671' (?0) in module `\fsmControl' with constant driver `$techmap$procmux$108.$reduce_or$<techmap.v>:441$366_Y = $auto$simplemap.cc:127:simplemap_reduce$668'.
Replacing $_AND_ cell `$auto$simplemap.cc:85:simplemap_bitop$711' (const_and) in module `\fsmControl' with constant driver `$techmap$procmux$108.$and$<techmap.v>:434$357_Y [7] = 1'0'.
Replacing $_OR_ cell `$auto$simplemap.cc:136:simplemap_reduce$675' (?0) in module `\fsmControl' with constant driver `$techmap$procmux$108.$reduce_or$<techmap.v>:441$365_Y = $auto$simplemap.cc:127:simplemap_reduce$672'.
Replacing $_AND_ cell `$auto$simplemap.cc:85:simplemap_bitop$710' (const_and) in module `\fsmControl' with constant driver `$techmap$procmux$108.$and$<techmap.v>:434$357_Y [6] = 1'0'.
Replacing $_OR_ cell `$auto$simplemap.cc:136:simplemap_reduce$679' (?0) in module `\fsmControl' with constant driver `$techmap$procmux$108.$reduce_or$<techmap.v>:441$364_Y = $auto$simplemap.cc:127:simplemap_reduce$676'.
Replacing $_AND_ cell `$auto$simplemap.cc:85:simplemap_bitop$709' (const_and) in module `\fsmControl' with constant driver `$techmap$procmux$108.$and$<techmap.v>:434$357_Y [5] = 1'0'.
Replacing $_OR_ cell `$auto$simplemap.cc:136:simplemap_reduce$683' (?0) in module `\fsmControl' with constant driver `$techmap$procmux$108.$reduce_or$<techmap.v>:441$363_Y = $auto$simplemap.cc:127:simplemap_reduce$680'.
Replacing $_AND_ cell `$auto$simplemap.cc:85:simplemap_bitop$708' (const_and) in module `\fsmControl' with constant driver `$techmap$procmux$108.$and$<techmap.v>:434$357_Y [4] = 1'0'.
Replacing $_OR_ cell `$auto$simplemap.cc:136:simplemap_reduce$687' (?0) in module `\fsmControl' with constant driver `$techmap$procmux$108.$reduce_or$<techmap.v>:441$362_Y = $auto$simplemap.cc:127:simplemap_reduce$684'.
Replacing $_AND_ cell `$auto$simplemap.cc:85:simplemap_bitop$707' (const_and) in module `\fsmControl' with constant driver `$techmap$procmux$108.$and$<techmap.v>:434$357_Y [3] = 1'0'.
Replacing $_OR_ cell `$auto$simplemap.cc:136:simplemap_reduce$691' (?0) in module `\fsmControl' with constant driver `$techmap$procmux$108.$reduce_or$<techmap.v>:441$361_Y = $auto$simplemap.cc:127:simplemap_reduce$688'.
Replacing $_AND_ cell `$auto$simplemap.cc:85:simplemap_bitop$706' (const_and) in module `\fsmControl' with constant driver `$techmap$procmux$108.$and$<techmap.v>:434$357_Y [2] = 1'0'.
Replacing $_OR_ cell `$auto$simplemap.cc:136:simplemap_reduce$695' (?0) in module `\fsmControl' with constant driver `$techmap$procmux$108.$reduce_or$<techmap.v>:441$360_Y = $auto$simplemap.cc:127:simplemap_reduce$692'.
Replacing $_AND_ cell `$auto$simplemap.cc:85:simplemap_bitop$705' (const_and) in module `\fsmControl' with constant driver `$techmap$procmux$108.$and$<techmap.v>:434$357_Y [1] = 1'0'.
Replacing $_OR_ cell `$auto$simplemap.cc:136:simplemap_reduce$699' (?0) in module `\fsmControl' with constant driver `$techmap$procmux$108.$reduce_or$<techmap.v>:441$359_Y = $auto$simplemap.cc:127:simplemap_reduce$696'.
Replacing $_AND_ cell `$auto$simplemap.cc:85:simplemap_bitop$704' (const_and) in module `\fsmControl' with constant driver `$techmap$procmux$108.$and$<techmap.v>:434$357_Y [0] = 1'0'.
Replacing $_OR_ cell `$auto$simplemap.cc:136:simplemap_reduce$703' (?0) in module `\fsmControl' with constant driver `$techmap$procmux$108.$reduce_or$<techmap.v>:441$358_Y = $auto$simplemap.cc:127:simplemap_reduce$700'.
Replacing $_MUX_ cell `$auto$simplemap.cc:277:simplemap_mux$215' (00?) in module `\fsmControl' with constant driver `$procmux$28_Y [1] = 1'0'.
Replacing $_MUX_ cell `$auto$simplemap.cc:277:simplemap_mux$214' (00?) in module `\fsmControl' with constant driver `$procmux$28_Y [0] = 1'0'.
Replacing $_MUX_ cell `$auto$simplemap.cc:277:simplemap_mux$217' (00?) in module `\fsmControl' with constant driver `$procmux$28_Y [3] = 1'0'.
Replacing $_MUX_ cell `$auto$simplemap.cc:277:simplemap_mux$218' (01?) in module `\fsmControl' with constant driver `$procmux$28_Y [4] = $auto$simplemap.cc:168:logic_reduce$182'.
Replacing $_MUX_ cell `$auto$simplemap.cc:277:simplemap_mux$225' (00?) in module `\fsmControl' with constant driver `$procmux$38_Y [1] = 1'0'.
Replacing $_MUX_ cell `$auto$simplemap.cc:277:simplemap_mux$224' (00?) in module `\fsmControl' with constant driver `$procmux$38_Y [0] = 1'0'.
Replacing $_MUX_ cell `$auto$simplemap.cc:277:simplemap_mux$227' (01?) in module `\fsmControl' with constant driver `$procmux$38_Y [3] = $auto$simplemap.cc:168:logic_reduce$182'.

10.2. Executing OPT_MERGE pass (detect identical cells).
Finding identical cells in module `\fsmControl'.
  Cell `$auto$simplemap.cc:136:simplemap_reduce$383' is identical to cell `$auto$simplemap.cc:136:simplemap_reduce$401'.
    Redirecting output \Y: $auto$simplemap.cc:127:simplemap_reduce$381 [1] = $auto$simplemap.cc:127:simplemap_reduce$399 [1]
    Removing $_OR_ cell `$auto$simplemap.cc:136:simplemap_reduce$383' from module `\fsmControl'.
  Cell `$auto$simplemap.cc:136:simplemap_reduce$346' is identical to cell `$auto$simplemap.cc:136:simplemap_reduce$401'.
    Redirecting output \Y: $auto$simplemap.cc:127:simplemap_reduce$344 [1] = $auto$simplemap.cc:127:simplemap_reduce$399 [1]
    Removing $_OR_ cell `$auto$simplemap.cc:136:simplemap_reduce$346' from module `\fsmControl'.
  Cell `$auto$simplemap.cc:136:simplemap_reduce$313' is identical to cell `$auto$simplemap.cc:136:simplemap_reduce$345'.
    Redirecting output \Y: $auto$simplemap.cc:127:simplemap_reduce$312 [0] = $auto$simplemap.cc:127:simplemap_reduce$344 [0]
    Removing $_OR_ cell `$auto$simplemap.cc:136:simplemap_reduce$313' from module `\fsmControl'.
  Cell `$auto$simplemap.cc:136:simplemap_reduce$295' is identical to cell `$auto$simplemap.cc:136:simplemap_reduce$345'.
    Redirecting output \Y: $auto$simplemap.cc:127:simplemap_reduce$294 [0] = $auto$simplemap.cc:127:simplemap_reduce$344 [0]
    Removing $_OR_ cell `$auto$simplemap.cc:136:simplemap_reduce$295' from module `\fsmControl'.
  Cell `$auto$simplemap.cc:277:simplemap_mux$200' is identical to cell `$auto$simplemap.cc:277:simplemap_mux$222'.
    Redirecting output \Y: $procmux$22_Y [3] = $procmux$30_Y [3]
    Removing $_MUX_ cell `$auto$simplemap.cc:277:simplemap_mux$200' from module `\fsmControl'.
  Cell `$auto$simplemap.cc:277:simplemap_mux$198' is identical to cell `$auto$simplemap.cc:277:simplemap_mux$220'.
    Redirecting output \Y: $procmux$22_Y [1] = $procmux$30_Y [1]
    Removing $_MUX_ cell `$auto$simplemap.cc:277:simplemap_mux$198' from module `\fsmControl'.
  Cell `$auto$simplemap.cc:136:simplemap_reduce$172' is identical to cell `$auto$simplemap.cc:177:logic_reduce$179'.
    Redirecting output \Y: $auto$simplemap.cc:127:simplemap_reduce$170 [1] = $auto$simplemap.cc:168:logic_reduce$177 [1]
    Removing $_OR_ cell `$auto$simplemap.cc:136:simplemap_reduce$172' from module `\fsmControl'.
  Cell `$auto$simplemap.cc:136:simplemap_reduce$171' is identical to cell `$auto$simplemap.cc:177:logic_reduce$178'.
    Redirecting output \Y: $auto$simplemap.cc:127:simplemap_reduce$170 [0] = $auto$simplemap.cc:168:logic_reduce$177 [0]
    Removing $_OR_ cell `$auto$simplemap.cc:136:simplemap_reduce$171' from module `\fsmControl'.
  Cell `$auto$simplemap.cc:206:simplemap_lognot$184' is identical to cell `$auto$simplemap.cc:277:simplemap_mux$216'.
    Redirecting output \Y: $eq$fsm_Control.v:102$8_Y = $procmux$28_Y [2]
    Removing $_NOT_ cell `$auto$simplemap.cc:206:simplemap_lognot$184' from module `\fsmControl'.
  Cell `$auto$simplemap.cc:136:simplemap_reduce$570' is identical to cell `$auto$simplemap.cc:136:simplemap_reduce$548'.
    Redirecting output \Y: $techmap$procmux$59.$reduce_or$<techmap.v>:445$249_Y = $techmap$procmux$55.$reduce_or$<techmap.v>:445$249_Y
    Removing $_OR_ cell `$auto$simplemap.cc:136:simplemap_reduce$570' from module `\fsmControl'.
  Cell `$auto$simplemap.cc:136:simplemap_reduce$582' is identical to cell `$auto$simplemap.cc:136:simplemap_reduce$548'.
    Redirecting output \Y: $techmap$procmux$63.$reduce_or$<techmap.v>:445$257_Y = $techmap$procmux$55.$reduce_or$<techmap.v>:445$249_Y
    Removing $_OR_ cell `$auto$simplemap.cc:136:simplemap_reduce$582' from module `\fsmControl'.
  Cell `$auto$simplemap.cc:136:simplemap_reduce$594' is identical to cell `$auto$simplemap.cc:136:simplemap_reduce$548'.
    Redirecting output \Y: $techmap$procmux$67.$reduce_or$<techmap.v>:445$257_Y = $techmap$procmux$55.$reduce_or$<techmap.v>:445$249_Y
    Removing $_OR_ cell `$auto$simplemap.cc:136:simplemap_reduce$594' from module `\fsmControl'.
  Cell `$auto$simplemap.cc:136:simplemap_reduce$606' is identical to cell `$auto$simplemap.cc:136:simplemap_reduce$548'.
    Redirecting output \Y: $techmap$procmux$71.$reduce_or$<techmap.v>:445$257_Y = $techmap$procmux$55.$reduce_or$<techmap.v>:445$249_Y
    Removing $_OR_ cell `$auto$simplemap.cc:136:simplemap_reduce$606' from module `\fsmControl'.
  Cell `$auto$simplemap.cc:136:simplemap_reduce$633' is identical to cell `$auto$simplemap.cc:136:simplemap_reduce$548'.
    Redirecting output \Y: $techmap$procmux$78.$reduce_or$<techmap.v>:445$268_Y = $techmap$procmux$55.$reduce_or$<techmap.v>:445$249_Y
    Removing $_OR_ cell `$auto$simplemap.cc:136:simplemap_reduce$633' from module `\fsmControl'.
  Cell `$auto$simplemap.cc:277:simplemap_mux$277' is identical to cell `$auto$simplemap.cc:277:simplemap_mux$216'.
    Redirecting output \Y: $procmux$86_Y = $procmux$28_Y [2]
    Removing $_NOT_ cell `$auto$simplemap.cc:277:simplemap_mux$277' from module `\fsmControl'.
  Cell `$auto$simplemap.cc:136:simplemap_reduce$640' is identical to cell `$auto$simplemap.cc:136:simplemap_reduce$454'.
    Redirecting output \Y: $techmap$procmux$90.$reduce_or$<techmap.v>:445$279_Y = $auto$opt_reduce.cc:132:opt_mux$125
    Removing $_OR_ cell `$auto$simplemap.cc:136:simplemap_reduce$640' from module `\fsmControl'.
  Cell `$auto$simplemap.cc:277:simplemap_mux$284' is identical to cell `$auto$simplemap.cc:277:simplemap_mux$236'.
    Redirecting output \Y: $procmux$98_Y = $procmux$36_Y [2]
    Removing $_NOT_ cell `$auto$simplemap.cc:277:simplemap_mux$284' from module `\fsmControl'.
  Cell `$auto$simplemap.cc:136:simplemap_reduce$174' is identical to cell `$auto$simplemap.cc:177:logic_reduce$181'.
    Redirecting output \Y: $auto$simplemap.cc:127:simplemap_reduce$173 = $auto$simplemap.cc:168:logic_reduce$180
    Removing $_OR_ cell `$auto$simplemap.cc:136:simplemap_reduce$174' from module `\fsmControl'.
  Cell `$auto$simplemap.cc:136:simplemap_reduce$176' is identical to cell `$auto$simplemap.cc:177:logic_reduce$183'.
    Redirecting output \Y: $ne$fsm_Control.v:83$4_Y = $auto$simplemap.cc:168:logic_reduce$182
    Removing $_OR_ cell `$auto$simplemap.cc:136:simplemap_reduce$176' from module `\fsmControl'.
Removed a total of 19 cells.

10.3. Executing OPT_MUXTREE pass (detect dead branches in mux trees).
Running muxtree optimizer on module \fsmControl..
  Creating internal representation of mux trees.
  No muxes found in this module.
Removed 0 multiplexer ports.

10.4. Executing OPT_REDUCE pass (consolidate $*mux and $reduce_* inputs).
  Optimizing cells in module \fsmControl.
Performed a total of 0 changes.

10.5. Executing OPT_MERGE pass (detect identical cells).
Finding identical cells in module `\fsmControl'.
Removed a total of 0 cells.

10.6. Executing OPT_RMDFF pass (remove dff with constant values).

10.7. Executing OPT_CLEAN pass (remove unused cells and wires).
Finding unused cells or wires in module \fsmControl..

10.8. Executing OPT_EXPR pass (perform const folding).

10.9. Finished OPT passes. (There is nothing left to do.)

11. Executing FLATTEN pass (flatten design).
No more expansions possible.

12. Executing OPT pass (performing simple optimizations).

12.1. Executing OPT_EXPR pass (perform const folding).

12.2. Executing OPT_MERGE pass (detect identical cells).
Finding identical cells in module `\fsmControl'.
Removed a total of 0 cells.

12.3. Executing OPT_MUXTREE pass (detect dead branches in mux trees).
Running muxtree optimizer on module \fsmControl..
  Creating internal representation of mux trees.
  No muxes found in this module.
Removed 0 multiplexer ports.

12.4. Executing OPT_REDUCE pass (consolidate $*mux and $reduce_* inputs).
  Optimizing cells in module \fsmControl.
Performed a total of 0 changes.

12.5. Executing OPT_MERGE pass (detect identical cells).
Finding identical cells in module `\fsmControl'.
Removed a total of 0 cells.

12.6. Executing OPT_RMDFF pass (remove dff with constant values).

12.7. Executing OPT_CLEAN pass (remove unused cells and wires).
Finding unused cells or wires in module \fsmControl..

12.8. Executing OPT_EXPR pass (perform const folding).

12.9. Finished OPT passes. (There is nothing left to do.)

13. Executing DFFLIBMAP pass (mapping DFF cells to sequential cells from liberty file).
  cell DFF (noninv, pins=3, area=18.00) is a direct match for cell type $_DFF_P_.
  cell DFFSR (noninv, pins=5, area=18.00) is a direct match for cell type $_DFFSR_PPP_.
  create mapping for $_DFFSR_PNP_ from mapping for $_DFFSR_PPP_.
  create mapping for $_DFFSR_PNN_ from mapping for $_DFFSR_PNP_.
  create mapping for $_DFFSR_PPN_ from mapping for $_DFFSR_PNN_.
  create mapping for $_DFF_N_ from mapping for $_DFF_P_.
  create mapping for $_DFFSR_NNN_ from mapping for $_DFFSR_PNN_.
  create mapping for $_DFFSR_NPN_ from mapping for $_DFFSR_NNN_.
  create mapping for $_DFFSR_NNP_ from mapping for $_DFFSR_NNN_.
  create mapping for $_DFFSR_NPP_ from mapping for $_DFFSR_NNP_.
  create mapping for $_DFF_NN0_ from mapping for $_DFFSR_NNN_.
  create mapping for $_DFF_NN1_ from mapping for $_DFFSR_NNN_.
  create mapping for $_DFF_NP0_ from mapping for $_DFFSR_NPP_.
  create mapping for $_DFF_NP1_ from mapping for $_DFFSR_NPP_.
  create mapping for $_DFF_PN0_ from mapping for $_DFFSR_PNN_.
  create mapping for $_DFF_PN1_ from mapping for $_DFFSR_PNN_.
  create mapping for $_DFF_PP0_ from mapping for $_DFFSR_PPP_.
  create mapping for $_DFF_PP1_ from mapping for $_DFFSR_PPP_.
  final dff cell mappings:
    DFF _DFF_N_ (.C(~C), .D( D), .Q( Q));
    DFF _DFF_P_ (.C( C), .D( D), .Q( Q));
    DFFSR _DFF_NN0_ (.C(~C), .D( D), .Q( Q), .R(~R), .S( 0));
    DFFSR _DFF_NN1_ (.C(~C), .D( D), .Q( Q), .R( 0), .S(~R));
    DFFSR _DFF_NP0_ (.C(~C), .D( D), .Q( Q), .R( R), .S( 0));
    DFFSR _DFF_NP1_ (.C(~C), .D( D), .Q( Q), .R( 0), .S( R));
    DFFSR _DFF_PN0_ (.C( C), .D( D), .Q( Q), .R(~R), .S( 0));
    DFFSR _DFF_PN1_ (.C( C), .D( D), .Q( Q), .R( 0), .S(~R));
    DFFSR _DFF_PP0_ (.C( C), .D( D), .Q( Q), .R( R), .S( 0));
    DFFSR _DFF_PP1_ (.C( C), .D( D), .Q( Q), .R( 0), .S( R));
    DFFSR _DFFSR_NNN_ (.C(~C), .D( D), .Q( Q), .R(~R), .S(~S));
    DFFSR _DFFSR_NNP_ (.C(~C), .D( D), .Q( Q), .R( R), .S(~S));
    DFFSR _DFFSR_NPN_ (.C(~C), .D( D), .Q( Q), .R(~R), .S( S));
    DFFSR _DFFSR_NPP_ (.C(~C), .D( D), .Q( Q), .R( R), .S( S));
    DFFSR _DFFSR_PNN_ (.C( C), .D( D), .Q( Q), .R(~R), .S(~S));
    DFFSR _DFFSR_PNP_ (.C( C), .D( D), .Q( Q), .R( R), .S(~S));
    DFFSR _DFFSR_PPN_ (.C( C), .D( D), .Q( Q), .R(~R), .S( S));
    DFFSR _DFFSR_PPP_ (.C( C), .D( D), .Q( Q), .R( R), .S( S));
Mapping DFF cells in module `\fsmControl':
  mapped 45 $_DFF_P_ cells to \DFF cells.

14. Executing ABC pass (technology mapping using ABC).

14.1. Extracting gate netlist of module `\fsmControl' to `<abc-temp-dir>/input.blif'..
Extracted 224 gates and 297 wires to a netlist network with 71 inputs and 45 outputs.

14.1.1. Executing ABC.
Running ABC command: berkeley-abc -s -f <abc-temp-dir>/abc.script 2>&1
ABC: ABC command line: "source <abc-temp-dir>/abc.script".
ABC: 
ABC: + read_blif <abc-temp-dir>/input.blif 
ABC: + read_lib -w /home/cesar/Desktop/DigitalesII/Proyecto2/Proyecto2/FSM/cmos_cells.lib 
ABC: Parsing finished successfully.  Parsing time =     0.00 sec
ABC: Warning: Templates are not defined.
ABC: Libery parser cannot read "time_unit".  Assuming   time_unit : "1ns".
ABC: Libery parser cannot read "capacitive_load_unit". Assuming   capacitive_load_unit(1, pf).
ABC: Scl_LibertyReadGenlib() skipped sequential cell "DFF".
ABC: Scl_LibertyReadGenlib() skipped sequential cell "DFFSR".
ABC: Library "demo" from "/home/cesar/Desktop/DigitalesII/Proyecto2/Proyecto2/FSM/cmos_cells.lib" has 4 cells (2 skipped: 2 seq; 0 tri-state; 0 no func).  Time =     0.00 sec
ABC: Memory =    0.00 MB. Time =     0.00 sec
ABC: + strash 
ABC: + dc2 
ABC: + scorr 
ABC: Warning: The network is combinational (run "fraig" or "fraig_sweep").
ABC: + ifraig 
ABC: + retime -o 
ABC: + strash 
ABC: + dch -f 
ABC: + map 
ABC: + write_blif <abc-temp-dir>/output.blif 

14.1.2. Re-integrating ABC results.
ABC RESULTS:              NAND cells:      148
ABC RESULTS:               NOR cells:       39
ABC RESULTS:               NOT cells:       23
ABC RESULTS:        internal signals:      181
ABC RESULTS:           input signals:       71
ABC RESULTS:          output signals:       45
Removing temp directory.

15. Printing statistics.

=== fsmControl ===

   Number of wires:                398
   Number of wire bits:            664
   Number of public wires:          21
   Number of public wire bits:      72
   Number of memories:               0
   Number of memory bits:            0
   Number of processes:              0
   Number of cells:                255
     DFF                            45
     NAND                          148
     NOR                            39
     NOT                            23

   Chip area for this module: 1627.000000

Removed 0 unused cells and 201 unused wires.

16. Executing Verilog backend.
Dumping module `\fsmControl'.

End of script. Logfile hash: 79525725eb
CPU: user 0.46s system 0.01s, MEM: 14.59 MB total, 10.00 MB resident
Yosys 0.7 (git sha1 61f6811, gcc 6.2.0-11ubuntu1 -O2 -fdebug-prefix-map=/build/yosys-zWLHjG/yosys-0.7=. -fstack-protector-strong -fPIC -Os)
Time spent: 20% 11x opt_merge (0 sec), 19% 11x opt_expr (0 sec), ...
