#! /usr/bin/vvp
:ivl_version "10.1 (stable)";
:ivl_delay_selection "TYPICAL";
:vpi_time_precision - 9;
:vpi_module "system";
:vpi_module "vhdl_sys";
:vpi_module "v2005_math";
:vpi_module "va_math";
S_0x97d0540 .scope module, "BUF" "BUF" 2 2;
 .timescale 0 -9;
    .port_info 0 /INPUT 1 "A"
    .port_info 1 /OUTPUT 1 "Y"
o0x9adfa04 .functor BUFZ 1, C4<z>; HiZ drive
L_0x97a8e00 .functor BUFZ 1, o0x9adfa04, C4<0>, C4<0>, C4<0>;
v0x99e0850_0 .net "A", 0 0, o0x9adfa04;  0 drivers
v0x9ad42b0_0 .net "Y", 0 0, L_0x97a8e00;  1 drivers
S_0x98e7cf0 .scope module, "DFFSR" "DFFSR" 2 33;
 .timescale 0 -9;
    .port_info 0 /INPUT 1 "C"
    .port_info 1 /INPUT 1 "D"
    .port_info 2 /OUTPUT 1 "Q"
    .port_info 3 /INPUT 1 "S"
    .port_info 4 /INPUT 1 "R"
o0x9adfa64 .functor BUFZ 1, C4<z>; HiZ drive
v0x9ad4ad0_0 .net "C", 0 0, o0x9adfa64;  0 drivers
o0x9adfa7c .functor BUFZ 1, C4<z>; HiZ drive
v0x9ad46c0_0 .net "D", 0 0, o0x9adfa7c;  0 drivers
v0x9ad3ea0_0 .var "Q", 0 0;
o0x9adfaac .functor BUFZ 1, C4<z>; HiZ drive
v0x9ad3680_0 .net "R", 0 0, o0x9adfaac;  0 drivers
o0x9adfac4 .functor BUFZ 1, C4<z>; HiZ drive
v0x9ad2750_0 .net "S", 0 0, o0x9adfac4;  0 drivers
E_0x9ad3530 .event posedge, v0x9ad3680_0, v0x9ad2750_0, v0x9ad4ad0_0;
S_0x97ccac0 .scope module, "testbench" "testbench" 3 7;
 .timescale 0 -9;
RS_0x9adfb6c .resolv tri, v0x9a7c620_0, v0x9b55650_0;
v0x9b9baf0_0 .net8 "active_out", 0 0, RS_0x9adfb6c;  2 drivers
v0x9b9bb50_0 .net "clk", 0 0, v0x99b35c0_0;  1 drivers
v0x9b9bbb0_0 .net "data_in_principal", 5 0, v0x99b37a0_0;  1 drivers
RS_0x9adfbb4 .resolv tri, v0x99b59e0_0, L_0x9bb8640;
v0x9b9bc10_0 .net8 "data_out0", 5 0, RS_0x9adfbb4;  2 drivers
L_0xb7a760b4 .functor BUFT 1, C4<000000>, C4<0>, C4<0>, C4<0>;
RS_0x9adfbcc .resolv tri, v0x9ac8660_0, L_0xb7a760b4;
v0x9b9bc70_0 .net8 "data_out1", 5 0, RS_0x9adfbcc;  2 drivers
RS_0x9adfbe4 .resolv tri, v0x9a73df0_0, v0x9b55cb0_0;
v0x9b9bcd0_0 .net8 "error_out", 0 0, RS_0x9adfbe4;  2 drivers
RS_0x9adfbfc .resolv tri, v0x9a731a0_0, v0x9b55980_0;
v0x9b9bd30_0 .net8 "idle_out", 0 0, RS_0x9adfbfc;  2 drivers
v0x9b9bd90_0 .net "init", 0 0, v0x99b3220_0;  1 drivers
v0x9b9bdf0_0 .net "pop_D0", 0 0, v0x99d6c90_0;  1 drivers
v0x9b9be50_0 .net "pop_D1", 0 0, v0x99d5b80_0;  1 drivers
v0x9b9beb0_0 .net "push", 0 0, v0x99d66c0_0;  1 drivers
v0x9b9bf10_0 .net "reset_L", 0 0, v0x99d09d0_0;  1 drivers
S_0x9ade920 .scope module, "probador1" "probador" 3 34, 4 1 0, S_0x97ccac0;
 .timescale 0 -9;
    .port_info 0 /OUTPUT 1 "clk"
    .port_info 1 /OUTPUT 1 "reset_L"
    .port_info 2 /OUTPUT 1 "init"
    .port_info 3 /OUTPUT 6 "data_in_principal"
    .port_info 4 /OUTPUT 1 "push"
    .port_info 5 /OUTPUT 1 "pop_D0"
    .port_info 6 /OUTPUT 1 "pop_D1"
    .port_info 7 /INPUT 1 "Pausa_MF"
    .port_info 8 /INPUT 1 "active_out"
    .port_info 9 /INPUT 1 "idle_out"
    .port_info 10 /INPUT 1 "error_out"
    .port_info 11 /INPUT 6 "data_out0"
    .port_info 12 /INPUT 6 "data_out1"
o0x9adfb54 .functor BUFZ 1, C4<z>; HiZ drive
v0x976c720_0 .net "Pausa_MF", 0 0, o0x9adfb54;  0 drivers
v0x99b33e0_0 .net8 "active_out", 0 0, RS_0x9adfb6c;  alias, 2 drivers
v0x99b35c0_0 .var "clk", 0 0;
v0x99b37a0_0 .var "data_in_principal", 5 0;
v0x99b3fc0_0 .net8 "data_out0", 5 0, RS_0x9adfbb4;  alias, 2 drivers
v0x99b43e0_0 .net8 "data_out1", 5 0, RS_0x9adfbcc;  alias, 2 drivers
v0x99b45b0_0 .net8 "error_out", 0 0, RS_0x9adfbe4;  alias, 2 drivers
v0x99b4840_0 .net8 "idle_out", 0 0, RS_0x9adfbfc;  alias, 2 drivers
v0x99b3220_0 .var "init", 0 0;
v0x99d6c90_0 .var "pop_D0", 0 0;
v0x99d5b80_0 .var "pop_D1", 0 0;
v0x99d66c0_0 .var "push", 0 0;
v0x99d09d0_0 .var "reset_L", 0 0;
E_0x97cdb10 .event posedge, v0x99b35c0_0;
S_0x9ad65a0 .scope module, "transac1" "PCIE_trans" 3 51, 5 7 0, S_0x97ccac0;
 .timescale 0 -9;
    .port_info 0 /INPUT 1 "clk"
    .port_info 1 /INPUT 1 "reset_L"
    .port_info 2 /INPUT 1 "init"
    .port_info 3 /INPUT 6 "data_in_principal"
    .port_info 4 /INPUT 1 "push"
    .port_info 5 /INPUT 1 "pop_D0"
    .port_info 6 /INPUT 1 "pop_D1"
    .port_info 7 /OUTPUT 6 "data_out0"
    .port_info 8 /OUTPUT 6 "data_out1"
    .port_info 9 /OUTPUT 1 "active_out"
    .port_info 10 /OUTPUT 1 "idle_out"
    .port_info 11 /OUTPUT 1 "error_out"
    .port_info 12 /OUTPUT 1 "Pausa_MF"
v0x9a47fc0_0 .net "Almost_Empty_D0", 0 0, v0x99d04d0_0;  1 drivers
v0x9a47390_0 .net "Almost_Empty_D1", 0 0, v0x9ac8250_0;  1 drivers
v0x9a44ed0_0 .net "Almost_Empty_MF", 0 0, v0x9ada420_0;  1 drivers
v0x9a431c0_0 .net "Almost_Empty_VC0", 0 0, v0x9adce50_0;  1 drivers
v0x9a41980_0 .net "Almost_Empty_VC1", 0 0, v0x99f5a30_0;  1 drivers
v0x9a3f4f0_0 .net "Almost_Full_D0", 0 0, v0x99dbe40_0;  1 drivers
v0x9a3e180_0 .net "Almost_Full_D1", 0 0, v0x9acaf60_0;  1 drivers
v0x9a3c1a0_0 .net "Almost_Full_MF", 0 0, v0x9ada010_0;  1 drivers
v0x9a397a0_0 .net "Almost_Full_VC0", 0 0, v0x9ade150_0;  1 drivers
v0x9a17680_0 .net "Almost_Full_VC1", 0 0, v0x9a40610_0;  1 drivers
v0x9a16cb0_0 .net "Error_Fifo_D0", 0 0, v0x99c4420_0;  1 drivers
v0x9a125e0_0 .net "Error_Fifo_D1", 0 0, v0x9acdf10_0;  1 drivers
v0x9a11c10_0 .net "Error_Fifo_MF", 0 0, v0x9ad9c00_0;  1 drivers
v0x9a0d540_0 .net "Error_Fifo_VC0", 0 0, v0x9a00c80_0;  1 drivers
v0x9a0cb70_0 .net "Error_Fifo_VC1", 0 0, v0x9a5ba60_0;  1 drivers
v0x9a084a0_0 .net "Fifo_Data_out_MF", 5 0, v0x9ad8290_0;  1 drivers
v0x9a07ad0_0 .net "Fifo_Data_out_VC0", 0 0, L_0x9b9c030;  1 drivers
v0x9a03400_0 .net "Fifo_Data_out_VC1", 0 0, L_0x9b9c150;  1 drivers
v0x9a02a30_0 .net "Fifo_Empty_D0", 0 0, v0x99df970_0;  1 drivers
v0x99fe320_0 .net "Fifo_Empty_D1", 0 0, v0x9acc940_0;  1 drivers
v0x99fd930_0 .net "Fifo_Empty_MF", 0 0, v0x9ad88e0_0;  1 drivers
v0x99f9bc0_0 .net "Fifo_Empty_VC0", 0 0, v0x9ac3130_0;  1 drivers
v0x99f6da0_0 .net "Fifo_Empty_VC1", 0 0, v0x9a90270_0;  1 drivers
v0x99f1d60_0 .net "Fifo_Full_D0", 0 0, v0x99bcdf0_0;  1 drivers
v0x99f1370_0 .net "Fifo_Full_D1", 0 0, v0x9acc530_0;  1 drivers
v0x99f0770_0 .net "Fifo_Full_MF", 0 0, v0x9ad84e0_0;  1 drivers
v0x99ea8c0_0 .net "Fifo_Full_VC0", 0 0, v0x9ad64f0_0;  1 drivers
v0x99e7f90_0 .net "Fifo_Full_VC1", 0 0, v0x9a93550_0;  1 drivers
v0x99e5800_0 .net "Pausa_D0", 0 0, v0x99cc930_0;  1 drivers
v0x99e29a0_0 .net "Pausa_D1", 0 0, v0x9acc120_0;  1 drivers
v0x99e1f00_0 .net "Pausa_MF", 0 0, v0x9adb250_0;  1 drivers
v0x99cd4b0_0 .net "Pausa_VC0", 0 0, v0x9ad4540_0;  1 drivers
v0x99c51b0_0 .net "Pausa_VC1", 0 0, v0x9aa0890_0;  1 drivers
RS_0x9adffbc .resolv tri, v0x99cd300_0, v0x9acb370_0;
v0x9ab4450_0 .net8 "Umbral_D0", 2 0, RS_0x9adffbc;  2 drivers
o0x9ae14a4 .functor BUFZ 3, C4<zzz>; HiZ drive
v0x9ab44b0_0 .net "Umbral_D1", 2 0, o0x9ae14a4;  0 drivers
v0x9a01100_0 .net "Umbral_MF", 2 0, v0x9adc760_0;  1 drivers
v0x9a01160_0 .net "Umbral_VC0", 4 0, v0x9ad4950_0;  1 drivers
v0x9abd3c0_0 .net "Umbral_VC1", 4 0, v0x9ab3b20_0;  1 drivers
v0x9abd420_0 .net "Umbrales_I", 13 0, v0x9a89470_0;  1 drivers
L_0xb7a7603c .functor BUFT 1, C4<00000>, C4<0>, C4<0>, C4<0>;
v0x9abcc50_0 .net *"_s12", 4 0, L_0xb7a7603c;  1 drivers
L_0xb7a76064 .functor BUFT 1, C4<0>, C4<0>, C4<0>, C4<0>;
v0x9abccb0_0 .net *"_s17", 0 0, L_0xb7a76064;  1 drivers
L_0xb7a76014 .functor BUFT 1, C4<00000>, C4<0>, C4<0>, C4<0>;
v0x9abd640_0 .net *"_s7", 4 0, L_0xb7a76014;  1 drivers
v0x9abd6a0_0 .net8 "active_out", 0 0, RS_0x9adfb6c;  alias, 2 drivers
v0x9abf160_0 .net "clk", 0 0, v0x99b35c0_0;  alias, 1 drivers
v0x9abf1c0_0 .net "data_in_D0", 5 0, v0x9ad4ee0_0;  1 drivers
v0x9abeee0_0 .net "data_in_D1", 5 0, v0x9ad4c90_0;  1 drivers
v0x9abef40_0 .net "data_in_VC0", 5 0, v0x9ab6430_0;  1 drivers
v0x9abe770_0 .net "data_in_VC1", 5 0, v0x9ab49c0_0;  1 drivers
v0x9abe7d0_0 .net "data_in_principal", 5 0, v0x99b37a0_0;  alias, 1 drivers
v0x9abfda0_0 .net8 "data_out0", 5 0, RS_0x9adfbb4;  alias, 2 drivers
v0x9abfe00_0 .net8 "data_out1", 5 0, RS_0x9adfbcc;  alias, 2 drivers
v0x9ac1b30_0 .net "dataout_VCs", 5 0, v0x9a50d90_0;  1 drivers
v0x9ac1b90_0 .net8 "error_out", 0 0, RS_0x9adfbe4;  alias, 2 drivers
v0x9ac1620_0 .net8 "idle_out", 0 0, RS_0x9adfbfc;  alias, 2 drivers
v0x9ac1680_0 .net "init", 0 0, v0x99b3220_0;  alias, 1 drivers
v0x9ac13a0_0 .var "pausaD0D1", 0 0;
v0x9ac1400_0 .var "pop", 0 0;
v0x9ac2290_0 .net "pop_D0", 0 0, v0x99d6c90_0;  alias, 1 drivers
v0x9ac22f0_0 .net "pop_D1", 0 0, v0x99d5b80_0;  alias, 1 drivers
v0x9ac3640_0 .var "pop_vc0", 0 0;
v0x9ac36a0_0 .var "pop_vc1", 0 0;
v0x9a01610_0 .net "push", 0 0, v0x99d66c0_0;  alias, 1 drivers
v0x9a01670_0 .net "push_D0", 0 0, v0x9ad4060_0;  1 drivers
v0x9ac33c0_0 .net "push_D1", 0 0, v0x9ad3c50_0;  1 drivers
v0x9ac3420_0 .net "push_Demux", 0 0, v0x9a48990_0;  1 drivers
v0x9ac3b50_0 .net "push_vc0", 0 0, v0x9ab0a40_0;  1 drivers
v0x9ac3bb0_0 .net "push_vc1", 0 0, v0x9aaf900_0;  1 drivers
v0x9ac4a20_0 .net "reset_L", 0 0, v0x99d09d0_0;  alias, 1 drivers
L_0x9b9c030 .part v0x9ad98c0_0, 0, 1;
L_0x9b9c150 .part v0x99e81f0_0, 0, 1;
L_0x9b9c1f0 .concat [ 1 5 0 0], L_0x9b9c030, L_0xb7a76014;
L_0x9bac2e0 .concat [ 1 5 0 0], L_0x9b9c150, L_0xb7a7603c;
L_0x9bac3c0 .concat [ 1 1 0 0], v0x9ada420_0, L_0xb7a76064;
L_0x9bac4a0 .part v0x9ad4950_0, 0, 4;
L_0x9bac540 .part v0x9ab3b20_0, 0, 4;
L_0x9bac5e0 .part RS_0x9adffbc, 0, 2;
L_0x9bac670 .part o0x9ae14a4, 0, 2;
S_0x9ad4a00 .scope module, "D0Fifo" "fifo" 5 120, 6 4 0, S_0x9ad65a0;
 .timescale 0 -9;
    .port_info 0 /INPUT 1 "clk"
    .port_info 1 /INPUT 1 "reset_L"
    .port_info 2 /INPUT 1 "push"
    .port_info 3 /INPUT 1 "pop"
    .port_info 4 /INPUT 6 "Fifo_Data_in"
    .port_info 5 /OUTPUT 6 "Fifo_Data_out"
    .port_info 6 /OUTPUT 1 "Almost_Empty"
    .port_info 7 /OUTPUT 1 "Almost_Full"
    .port_info 8 /OUTPUT 1 "Fifo_Empty"
    .port_info 9 /OUTPUT 1 "Fifo_Full"
    .port_info 10 /OUTPUT 1 "Pausa"
    .port_info 11 /OUTPUT 3 "Umbral"
    .port_info 12 /OUTPUT 1 "Error_Fifo"
P_0x9a7f3d0 .param/l "ADDR_WIDTH" 0 6 4, +C4<00000000000000000000000000000100>;
P_0x9a7f3f0 .param/l "N" 0 6 4, +C4<00000000000000000000000000000010>;
v0x99d04d0_0 .var "Almost_Empty", 0 0;
v0x99dbe40_0 .var "Almost_Full", 0 0;
v0x99c4420_0 .var "Error_Fifo", 0 0;
v0x99e1ce0_0 .net "Fifo_Data_in", 5 0, v0x9ad4ee0_0;  alias, 1 drivers
v0x99ce4d0_0 .net8 "Fifo_Data_out", 5 0, RS_0x9adfbb4;  alias, 2 drivers
v0x99df970_0 .var "Fifo_Empty", 0 0;
v0x99bcdf0_0 .var "Fifo_Full", 0 0;
v0x99cc930_0 .var "Pausa", 0 0;
v0x99cd300_0 .var "Umbral", 2 0;
v0x99c57b0_0 .net "clk", 0 0, v0x99b35c0_0;  alias, 1 drivers
v0x99e15b0_0 .var "num_mem", 2 0;
v0x9ac7330_0 .net "pop", 0 0, v0x99d6c90_0;  alias, 1 drivers
v0x9ac6ea0_0 .net "push", 0 0, v0x9ad4060_0;  alias, 1 drivers
v0x9ac6c70_0 .var "rd_ptr", 1 0;
v0x9ac6a40_0 .net "reset_L", 0 0, v0x99d09d0_0;  alias, 1 drivers
v0x9ac6810_0 .var "wr_ptr", 1 0;
S_0x9ad6dc0 .scope module, "memoria" "dual_port_memory" 6 32, 7 2 0, S_0x9ad4a00;
 .timescale 0 -9;
    .port_info 0 /INPUT 1 "Clock"
    .port_info 1 /INPUT 1 "iWriteEnable"
    .port_info 2 /INPUT 1 "iReadEnable"
    .port_info 3 /INPUT 2 "iReadAddress"
    .port_info 4 /INPUT 2 "iWriteAddress"
    .port_info 5 /INPUT 6 "iDataIn"
    .port_info 6 /OUTPUT 6 "oDataOut"
P_0x98e7dc0 .param/l "ADDR_WIDTH" 0 7 2, +C4<00000000000000000000000000000010>;
P_0x98e7de0 .param/l "DATA_WIDTH" 0 7 2, +C4<00000000000000000000000000000110>;
P_0x98e7e00 .param/l "MEM_SIZE" 0 7 2, +C4<00000000000000000000000000000011>;
v0x99b29f0_0 .net "Clock", 0 0, v0x99b35c0_0;  alias, 1 drivers
v0x99b2f90 .array "Ram", 0 3, 5 0;
v0x99dc980_0 .net "iDataIn", 5 0, v0x9ad4ee0_0;  alias, 1 drivers
v0x99c4df0_0 .net "iReadAddress", 1 0, v0x9ac6c70_0;  1 drivers
v0x99bd2b0_0 .net "iReadEnable", 0 0, v0x99d6c90_0;  alias, 1 drivers
v0x99ba840_0 .net "iWriteAddress", 1 0, v0x9ac6810_0;  1 drivers
v0x99bb380_0 .net "iWriteEnable", 0 0, v0x9ad4060_0;  alias, 1 drivers
v0x99b59e0_0 .var "oDataOut", 5 0;
v0x99b2f90_0 .array/port v0x99b2f90, 0;
v0x99b2f90_1 .array/port v0x99b2f90, 1;
E_0x9ad6900/0 .event edge, v0x99d6c90_0, v0x99c4df0_0, v0x99b2f90_0, v0x99b2f90_1;
v0x99b2f90_2 .array/port v0x99b2f90, 2;
v0x99b2f90_3 .array/port v0x99b2f90, 3;
E_0x9ad6900/1 .event edge, v0x99b2f90_2, v0x99b2f90_3;
E_0x9ad6900 .event/or E_0x9ad6900/0, E_0x9ad6900/1;
S_0x9ad5a60 .scope module, "D1Fifo" "fifo" 5 134, 6 4 0, S_0x9ad65a0;
 .timescale 0 -9;
    .port_info 0 /INPUT 1 "clk"
    .port_info 1 /INPUT 1 "reset_L"
    .port_info 2 /INPUT 1 "push"
    .port_info 3 /INPUT 1 "pop"
    .port_info 4 /INPUT 6 "Fifo_Data_in"
    .port_info 5 /OUTPUT 6 "Fifo_Data_out"
    .port_info 6 /OUTPUT 1 "Almost_Empty"
    .port_info 7 /OUTPUT 1 "Almost_Full"
    .port_info 8 /OUTPUT 1 "Fifo_Empty"
    .port_info 9 /OUTPUT 1 "Fifo_Full"
    .port_info 10 /OUTPUT 1 "Pausa"
    .port_info 11 /OUTPUT 3 "Umbral"
    .port_info 12 /OUTPUT 1 "Error_Fifo"
P_0x9a878f0 .param/l "ADDR_WIDTH" 0 6 4, +C4<00000000000000000000000000000100>;
P_0x9a87910 .param/l "N" 0 6 4, +C4<00000000000000000000000000000010>;
v0x9ac8250_0 .var "Almost_Empty", 0 0;
v0x9acaf60_0 .var "Almost_Full", 0 0;
v0x9acdf10_0 .var "Error_Fifo", 0 0;
v0x9acdb00_0 .net "Fifo_Data_in", 5 0, v0x9ad4c90_0;  alias, 1 drivers
v0x9acd6f0_0 .net8 "Fifo_Data_out", 5 0, RS_0x9adfbcc;  alias, 2 drivers
v0x9acc940_0 .var "Fifo_Empty", 0 0;
v0x9acc530_0 .var "Fifo_Full", 0 0;
v0x9acc120_0 .var "Pausa", 0 0;
v0x9acb370_0 .var "Umbral", 2 0;
v0x9acf280_0 .net "clk", 0 0, v0x99b35c0_0;  alias, 1 drivers
v0x9ad2920_0 .var "num_mem", 2 0;
v0x9ad2510_0 .net "pop", 0 0, v0x99d5b80_0;  alias, 1 drivers
v0x9ad1d80_0 .net "push", 0 0, v0x9ad3c50_0;  alias, 1 drivers
v0x9ad09c0_0 .var "rd_ptr", 1 0;
v0x9ad05b0_0 .net "reset_L", 0 0, v0x99d09d0_0;  alias, 1 drivers
v0x9ad01a0_0 .var "wr_ptr", 1 0;
S_0x9ad45f0 .scope module, "memoria" "dual_port_memory" 6 32, 7 2 0, S_0x9ad5a60;
 .timescale 0 -9;
    .port_info 0 /INPUT 1 "Clock"
    .port_info 1 /INPUT 1 "iWriteEnable"
    .port_info 2 /INPUT 1 "iReadEnable"
    .port_info 3 /INPUT 2 "iReadAddress"
    .port_info 4 /INPUT 2 "iWriteAddress"
    .port_info 5 /INPUT 6 "iDataIn"
    .port_info 6 /OUTPUT 6 "oDataOut"
P_0x9aa1430 .param/l "ADDR_WIDTH" 0 7 2, +C4<00000000000000000000000000000010>;
P_0x9aa1450 .param/l "DATA_WIDTH" 0 7 2, +C4<00000000000000000000000000000110>;
P_0x9aa1470 .param/l "MEM_SIZE" 0 7 2, +C4<00000000000000000000000000000011>;
v0x9ac63b0_0 .net "Clock", 0 0, v0x99b35c0_0;  alias, 1 drivers
v0x9ac7ac0 .array "Ram", 0 3, 5 0;
v0x9acab50_0 .net "iDataIn", 5 0, v0x9ad4c90_0;  alias, 1 drivers
v0x9ac9da0_0 .net "iReadAddress", 1 0, v0x9ad09c0_0;  1 drivers
v0x9ac9990_0 .net "iReadEnable", 0 0, v0x99d5b80_0;  alias, 1 drivers
v0x9ac9580_0 .net "iWriteAddress", 1 0, v0x9ad01a0_0;  1 drivers
v0x9ac9170_0 .net "iWriteEnable", 0 0, v0x9ad3c50_0;  alias, 1 drivers
v0x9ac8660_0 .var "oDataOut", 5 0;
v0x9ac7ac0_0 .array/port v0x9ac7ac0, 0;
v0x9ac7ac0_1 .array/port v0x9ac7ac0, 1;
E_0x9ada0e0/0 .event edge, v0x99d5b80_0, v0x9ac9da0_0, v0x9ac7ac0_0, v0x9ac7ac0_1;
v0x9ac7ac0_2 .array/port v0x9ac7ac0, 2;
v0x9ac7ac0_3 .array/port v0x9ac7ac0, 3;
E_0x9ada0e0/1 .event edge, v0x9ac7ac0_2, v0x9ac7ac0_3;
E_0x9ada0e0 .event/or E_0x9ada0e0/0, E_0x9ada0e0/1;
S_0x9ad41e0 .scope module, "Demux_D0_D1" "Demux_D0_D1" 5 111, 8 1 0, S_0x9ad65a0;
 .timescale 0 -9;
    .port_info 0 /INPUT 1 "clk"
    .port_info 1 /INPUT 1 "reset_L"
    .port_info 2 /INPUT 1 "valid_in"
    .port_info 3 /INPUT 6 "data_in"
    .port_info 4 /OUTPUT 6 "dataout0"
    .port_info 5 /OUTPUT 6 "dataout1"
    .port_info 6 /OUTPUT 1 "valid_0"
    .port_info 7 /OUTPUT 1 "valid_1"
v0x9acfd90_0 .net "clk", 0 0, v0x99b35c0_0;  alias, 1 drivers
v0x9ad3430_0 .net "data_in", 5 0, v0x9a50d90_0;  alias, 1 drivers
v0x9ad4ee0_0 .var "dataout0", 5 0;
v0x9ad4c90_0 .var "dataout1", 5 0;
v0x9ad4880_0 .net "reset_L", 0 0, v0x99d09d0_0;  alias, 1 drivers
v0x9ad4470_0 .var "selectorL1", 0 0;
v0x9ad4060_0 .var "valid_0", 0 0;
v0x9ad3c50_0 .var "valid_1", 0 0;
v0x9ad3840_0 .net "valid_in", 0 0, v0x9a48990_0;  alias, 1 drivers
E_0x9ad2da0 .event edge, v0x99d09d0_0, v0x9ad3430_0;
S_0x9ad3dd0 .scope module, "MainFifo" "fifo" 5 51, 6 4 0, S_0x9ad65a0;
 .timescale 0 -9;
    .port_info 0 /INPUT 1 "clk"
    .port_info 1 /INPUT 1 "reset_L"
    .port_info 2 /INPUT 1 "push"
    .port_info 3 /INPUT 1 "pop"
    .port_info 4 /INPUT 6 "Fifo_Data_in"
    .port_info 5 /OUTPUT 6 "Fifo_Data_out"
    .port_info 6 /OUTPUT 1 "Almost_Empty"
    .port_info 7 /OUTPUT 1 "Almost_Full"
    .port_info 8 /OUTPUT 1 "Fifo_Empty"
    .port_info 9 /OUTPUT 1 "Fifo_Full"
    .port_info 10 /OUTPUT 1 "Pausa"
    .port_info 11 /OUTPUT 3 "Umbral"
    .port_info 12 /OUTPUT 1 "Error_Fifo"
P_0x9a9e340 .param/l "ADDR_WIDTH" 0 6 4, +C4<00000000000000000000000000000100>;
P_0x9a9e360 .param/l "N" 0 6 4, +C4<00000000000000000000000000000010>;
v0x9ada420_0 .var "Almost_Empty", 0 0;
v0x9ada010_0 .var "Almost_Full", 0 0;
v0x9ad9c00_0 .var "Error_Fifo", 0 0;
v0x9ad97f0_0 .net "Fifo_Data_in", 5 0, v0x99b37a0_0;  alias, 1 drivers
v0x9ad9070_0 .net "Fifo_Data_out", 5 0, v0x9ad8290_0;  alias, 1 drivers
v0x9ad88e0_0 .var "Fifo_Empty", 0 0;
v0x9ad84e0_0 .var "Fifo_Full", 0 0;
v0x9adb250_0 .var "Pausa", 0 0;
v0x9adc760_0 .var "Umbral", 2 0;
v0x9adc530_0 .net "clk", 0 0, v0x99b35c0_0;  alias, 1 drivers
v0x9adc300_0 .var "num_mem", 2 0;
v0x9adc0d0_0 .net "pop", 0 0, v0x9ac1400_0;  1 drivers
v0x9adbe80_0 .net "push", 0 0, v0x99d66c0_0;  alias, 1 drivers
v0x9adba70_0 .var "rd_ptr", 1 0;
v0x9adb660_0 .net "reset_L", 0 0, v0x99d09d0_0;  alias, 1 drivers
v0x9adc990_0 .var "wr_ptr", 1 0;
S_0x9ad7bf0 .scope module, "memoria" "dual_port_memory" 6 32, 7 2 0, S_0x9ad3dd0;
 .timescale 0 -9;
    .port_info 0 /INPUT 1 "Clock"
    .port_info 1 /INPUT 1 "iWriteEnable"
    .port_info 2 /INPUT 1 "iReadEnable"
    .port_info 3 /INPUT 2 "iReadAddress"
    .port_info 4 /INPUT 2 "iWriteAddress"
    .port_info 5 /INPUT 6 "iDataIn"
    .port_info 6 /OUTPUT 6 "oDataOut"
P_0x9aadd50 .param/l "ADDR_WIDTH" 0 7 2, +C4<00000000000000000000000000000010>;
P_0x9aadd70 .param/l "DATA_WIDTH" 0 7 2, +C4<00000000000000000000000000000110>;
P_0x9aadd90 .param/l "MEM_SIZE" 0 7 2, +C4<00000000000000000000000000000011>;
v0x9ad7e80_0 .net "Clock", 0 0, v0x99b35c0_0;  alias, 1 drivers
v0x9ad7050 .array "Ram", 0 3, 5 0;
v0x9ad6c40_0 .net "iDataIn", 5 0, v0x99b37a0_0;  alias, 1 drivers
v0x9ad6830_0 .net "iReadAddress", 1 0, v0x9adba70_0;  1 drivers
v0x9ad6420_0 .net "iReadEnable", 0 0, v0x9ac1400_0;  alias, 1 drivers
v0x9ad5ca0_0 .net "iWriteAddress", 1 0, v0x9adc990_0;  1 drivers
v0x9ad5510_0 .net "iWriteEnable", 0 0, v0x99d66c0_0;  alias, 1 drivers
v0x9ad8290_0 .var "oDataOut", 5 0;
v0x9ad7050_0 .array/port v0x9ad7050, 0;
v0x9ad7050_1 .array/port v0x9ad7050, 1;
E_0x9a0a670/0 .event edge, v0x9ad6420_0, v0x9ad6830_0, v0x9ad7050_0, v0x9ad7050_1;
v0x9ad7050_2 .array/port v0x9ad7050, 2;
v0x9ad7050_3 .array/port v0x9ad7050, 3;
E_0x9a0a670/1 .event edge, v0x9ad7050_2, v0x9ad7050_3;
E_0x9a0a670 .event/or E_0x9a0a670/0, E_0x9a0a670/1;
S_0x9adb7e0 .scope module, "VC0Fifo" "fifo" 5 74, 6 4 0, S_0x9ad65a0;
 .timescale 0 -9;
    .port_info 0 /INPUT 1 "clk"
    .port_info 1 /INPUT 1 "reset_L"
    .port_info 2 /INPUT 1 "push"
    .port_info 3 /INPUT 1 "pop"
    .port_info 4 /INPUT 6 "Fifo_Data_in"
    .port_info 5 /OUTPUT 6 "Fifo_Data_out"
    .port_info 6 /OUTPUT 1 "Almost_Empty"
    .port_info 7 /OUTPUT 1 "Almost_Full"
    .port_info 8 /OUTPUT 1 "Fifo_Empty"
    .port_info 9 /OUTPUT 1 "Fifo_Full"
    .port_info 10 /OUTPUT 1 "Pausa"
    .port_info 11 /OUTPUT 5 "Umbral"
    .port_info 12 /OUTPUT 1 "Error_Fifo"
P_0x9a61dc0 .param/l "ADDR_WIDTH" 0 6 4, +C4<00000000000000000000000000010000>;
P_0x9a61de0 .param/l "N" 0 6 4, +C4<00000000000000000000000000000100>;
v0x9adce50_0 .var "Almost_Empty", 0 0;
v0x9ade150_0 .var "Almost_Full", 0 0;
v0x9a00c80_0 .var "Error_Fifo", 0 0;
v0x9ab1120_0 .net "Fifo_Data_in", 5 0, v0x9ab6430_0;  alias, 1 drivers
v0x9ac1110_0 .net "Fifo_Data_out", 5 0, v0x9ad98c0_0;  1 drivers
v0x9ac3130_0 .var "Fifo_Empty", 0 0;
v0x9ad64f0_0 .var "Fifo_Full", 0 0;
v0x9ad4540_0 .var "Pausa", 0 0;
v0x9ad4950_0 .var "Umbral", 4 0;
v0x9ac9240_0 .net "clk", 0 0, v0x99b35c0_0;  alias, 1 drivers
v0x9aca870_0 .var "num_mem", 4 0;
v0x9acbe40_0 .net "pop", 0 0, v0x9ac3640_0;  1 drivers
v0x9acd410_0 .net "push", 0 0, v0x9ab0a40_0;  alias, 1 drivers
v0x9acfe60_0 .var "rd_ptr", 3 0;
v0x9ad4130_0 .net "reset_L", 0 0, v0x99d09d0_0;  alias, 1 drivers
v0x97c11a0_0 .var "wr_ptr", 3 0;
L_0x9b9bf70 .part v0x9acfe60_0, 0, 2;
L_0x9b9bfd0 .part v0x97c11a0_0, 0, 2;
S_0x9adafc0 .scope module, "memoria" "dual_port_memory" 6 32, 7 2 0, S_0x9adb7e0;
 .timescale 0 -9;
    .port_info 0 /INPUT 1 "Clock"
    .port_info 1 /INPUT 1 "iWriteEnable"
    .port_info 2 /INPUT 1 "iReadEnable"
    .port_info 3 /INPUT 2 "iReadAddress"
    .port_info 4 /INPUT 2 "iWriteAddress"
    .port_info 5 /INPUT 6 "iDataIn"
    .port_info 6 /OUTPUT 6 "oDataOut"
P_0x9abd120 .param/l "ADDR_WIDTH" 0 7 2, +C4<00000000000000000000000000000010>;
P_0x9abd140 .param/l "DATA_WIDTH" 0 7 2, +C4<00000000000000000000000000000110>;
P_0x9abd160 .param/l "MEM_SIZE" 0 7 2, +C4<00000000000000000000000000000011>;
v0x9adedd0_0 .net "Clock", 0 0, v0x99b35c0_0;  alias, 1 drivers
v0x9ade7e0 .array "Ram", 0 3, 5 0;
v0x9add9b0_0 .net "iDataIn", 5 0, v0x9ab6430_0;  alias, 1 drivers
v0x9add5a0_0 .net "iReadAddress", 1 0, L_0x9b9bf70;  1 drivers
v0x9add190_0 .net "iReadEnable", 0 0, v0x9ac3640_0;  alias, 1 drivers
v0x9adcd80_0 .net "iWriteAddress", 1 0, L_0x9b9bfd0;  1 drivers
v0x9a0adc0_0 .net "iWriteEnable", 0 0, v0x9ab0a40_0;  alias, 1 drivers
v0x9ad98c0_0 .var "oDataOut", 5 0;
v0x9ade7e0_0 .array/port v0x9ade7e0, 0;
v0x9ade7e0_1 .array/port v0x9ade7e0, 1;
E_0x9acfa50/0 .event edge, v0x9add190_0, v0x9add5a0_0, v0x9ade7e0_0, v0x9ade7e0_1;
v0x9ade7e0_2 .array/port v0x9ade7e0, 2;
v0x9ade7e0_3 .array/port v0x9ade7e0, 3;
E_0x9acfa50/1 .event edge, v0x9ade7e0_2, v0x9ade7e0_3;
E_0x9acfa50 .event/or E_0x9acfa50/0, E_0x9acfa50/1;
S_0x9ada190 .scope module, "VC1Fifo" "fifo" 5 88, 6 4 0, S_0x9ad65a0;
 .timescale 0 -9;
    .port_info 0 /INPUT 1 "clk"
    .port_info 1 /INPUT 1 "reset_L"
    .port_info 2 /INPUT 1 "push"
    .port_info 3 /INPUT 1 "pop"
    .port_info 4 /INPUT 6 "Fifo_Data_in"
    .port_info 5 /OUTPUT 6 "Fifo_Data_out"
    .port_info 6 /OUTPUT 1 "Almost_Empty"
    .port_info 7 /OUTPUT 1 "Almost_Full"
    .port_info 8 /OUTPUT 1 "Fifo_Empty"
    .port_info 9 /OUTPUT 1 "Fifo_Full"
    .port_info 10 /OUTPUT 1 "Pausa"
    .port_info 11 /OUTPUT 5 "Umbral"
    .port_info 12 /OUTPUT 1 "Error_Fifo"
P_0x97c1410 .param/l "ADDR_WIDTH" 0 6 4, +C4<00000000000000000000000000010000>;
P_0x97c1430 .param/l "N" 0 6 4, +C4<00000000000000000000000000000100>;
v0x99f5a30_0 .var "Almost_Empty", 0 0;
v0x9a40610_0 .var "Almost_Full", 0 0;
v0x9a5ba60_0 .var "Error_Fifo", 0 0;
v0x9a77ac0_0 .net "Fifo_Data_in", 5 0, v0x9ab49c0_0;  alias, 1 drivers
v0x9a77d20_0 .net "Fifo_Data_out", 5 0, v0x99e81f0_0;  1 drivers
v0x9a90270_0 .var "Fifo_Empty", 0 0;
v0x9a93550_0 .var "Fifo_Full", 0 0;
v0x9aa0890_0 .var "Pausa", 0 0;
v0x9ab3b20_0 .var "Umbral", 4 0;
v0x9ab6dc0_0 .net "clk", 0 0, v0x99b35c0_0;  alias, 1 drivers
v0x9ab9710_0 .var "num_mem", 4 0;
v0x9a05730_0 .net "pop", 0 0, v0x9ac36a0_0;  1 drivers
v0x9a0a7d0_0 .net "push", 0 0, v0x9aaf900_0;  alias, 1 drivers
v0x9a00670_0 .var "rd_ptr", 3 0;
v0x9a199b0_0 .net "reset_L", 0 0, v0x99d09d0_0;  alias, 1 drivers
v0x9a14910_0 .var "wr_ptr", 3 0;
L_0x9b9c090 .part v0x9a00670_0, 0, 2;
L_0x9b9c0f0 .part v0x9a14910_0, 0, 2;
S_0x9ad9970 .scope module, "memoria" "dual_port_memory" 6 32, 7 2 0, S_0x9ada190;
 .timescale 0 -9;
    .port_info 0 /INPUT 1 "Clock"
    .port_info 1 /INPUT 1 "iWriteEnable"
    .port_info 2 /INPUT 1 "iReadEnable"
    .port_info 3 /INPUT 2 "iReadAddress"
    .port_info 4 /INPUT 2 "iWriteAddress"
    .port_info 5 /INPUT 6 "iDataIn"
    .port_info 6 /OUTPUT 6 "oDataOut"
P_0x9aa31f0 .param/l "ADDR_WIDTH" 0 7 2, +C4<00000000000000000000000000000010>;
P_0x9aa3210 .param/l "DATA_WIDTH" 0 7 2, +C4<00000000000000000000000000000110>;
P_0x9aa3230 .param/l "MEM_SIZE" 0 7 2, +C4<00000000000000000000000000000011>;
v0x99eb700_0 .net "Clock", 0 0, v0x99b35c0_0;  alias, 1 drivers
v0x99b2c30 .array "Ram", 0 3, 5 0;
v0x99b2dd0_0 .net "iDataIn", 5 0, v0x9ab49c0_0;  alias, 1 drivers
v0x99b3ae0_0 .net "iReadAddress", 1 0, L_0x9b9c090;  1 drivers
v0x99b3cb0_0 .net "iReadEnable", 0 0, v0x9ac36a0_0;  alias, 1 drivers
v0x99e06e0_0 .net "iWriteAddress", 1 0, L_0x9b9c0f0;  1 drivers
v0x99e0b00_0 .net "iWriteEnable", 0 0, v0x9aaf900_0;  alias, 1 drivers
v0x99e81f0_0 .var "oDataOut", 5 0;
v0x99b2c30_0 .array/port v0x99b2c30, 0;
v0x99b2c30_1 .array/port v0x99b2c30, 1;
E_0x9acc1f0/0 .event edge, v0x99b3cb0_0, v0x99b3ae0_0, v0x99b2c30_0, v0x99b2c30_1;
v0x99b2c30_2 .array/port v0x99b2c30, 2;
v0x99b2c30_3 .array/port v0x99b2c30, 3;
E_0x9acc1f0/1 .event edge, v0x99b2c30_2, v0x99b2c30_3;
E_0x9acc1f0 .event/or E_0x9acc1f0/0, E_0x9acc1f0/1;
S_0x9ad8000 .scope module, "demux1" "demux" 5 65, 9 10 0, S_0x9ad65a0;
 .timescale 0 -9;
    .port_info 0 /INPUT 1 "clk"
    .port_info 1 /INPUT 1 "reset_L"
    .port_info 2 /INPUT 1 "valid_in"
    .port_info 3 /INPUT 6 "data_in"
    .port_info 4 /OUTPUT 6 "dataout0"
    .port_info 5 /OUTPUT 6 "dataout1"
    .port_info 6 /OUTPUT 1 "valid_0"
    .port_info 7 /OUTPUT 1 "valid_1"
v0x9a0f870_0 .net "clk", 0 0, v0x99b35c0_0;  alias, 1 drivers
v0x9aba110_0 .net "data_in", 5 0, v0x9ad8290_0;  alias, 1 drivers
v0x9ab6430_0 .var "dataout0", 5 0;
v0x9ab49c0_0 .var "dataout1", 5 0;
v0x9ab38c0_0 .net "reset_L", 0 0, v0x99d09d0_0;  alias, 1 drivers
v0x9ab2780_0 .var "selectorL1", 0 0;
v0x9ab0a40_0 .var "valid_0", 0 0;
v0x9aaf900_0 .var "valid_1", 0 0;
v0x9aae7c0_0 .net "valid_in", 0 0, v0x9ac1400_0;  alias, 1 drivers
E_0x9adda80 .event edge, v0x99d09d0_0, v0x9ad8290_0;
S_0x9ad8e30 .scope module, "fsm_Control1" "fsmControl" 5 148, 10 10 0, S_0x9ad65a0;
 .timescale 0 -9;
    .port_info 0 /INPUT 1 "clk"
    .port_info 1 /INPUT 1 "reset_L"
    .port_info 2 /INPUT 1 "init"
    .port_info 3 /INPUT 2 "Umbral_MF"
    .port_info 4 /INPUT 4 "Umbral_VC0"
    .port_info 5 /INPUT 4 "Umbral_VC1"
    .port_info 6 /INPUT 2 "Umbral_D0"
    .port_info 7 /INPUT 2 "Umbral_D1"
    .port_info 8 /INPUT 5 "FIFO_error"
    .port_info 9 /INPUT 5 "FIFO_empty"
    .port_info 10 /OUTPUT 14 "Umbrales_I"
    .port_info 11 /OUTPUT 1 "active_out"
    .port_info 12 /OUTPUT 1 "idle_out"
    .port_info 13 /OUTPUT 1 "error_out"
P_0x9aad140 .param/l "ACTIVE" 0 10 29, C4<01000>;
P_0x9aad160 .param/l "ERROR" 0 10 30, C4<10000>;
P_0x9aad180 .param/l "IDLE" 0 10 28, C4<00100>;
P_0x9aad1a0 .param/l "INIT" 0 10 27, C4<00010>;
P_0x9aad1c0 .param/l "RESET" 0 10 26, C4<00001>;
L_0xb7a76104 .functor BUFT 1, C4<0000z>, C4<0>, C4<0>, C4<0>;
v0x9a915e0_0 .net "FIFO_empty", 4 0, L_0xb7a76104;  1 drivers
L_0xb7a760dc .functor BUFT 1, C4<0000z>, C4<0>, C4<0>, C4<0>;
v0x9a8e510_0 .net "FIFO_error", 4 0, L_0xb7a760dc;  1 drivers
v0x9a8db40_0 .net "Umbral_D0", 1 0, L_0x9bac5e0;  1 drivers
v0x9a8bbb0_0 .net "Umbral_D1", 1 0, L_0x9bac670;  1 drivers
v0x9a8b1e0_0 .net "Umbral_MF", 1 0, L_0x9bac3c0;  1 drivers
v0x9a8a810_0 .net "Umbral_VC0", 3 0, L_0x9bac4a0;  1 drivers
v0x9a89e40_0 .net "Umbral_VC1", 3 0, L_0x9bac540;  1 drivers
v0x9a89470_0 .var "Umbrales_I", 13 0;
v0x9a7c620_0 .var "active_out", 0 0;
v0x9a79090_0 .net "clk", 0 0, v0x99b35c0_0;  alias, 1 drivers
v0x9a73df0_0 .var "error_out", 0 0;
v0x9a731a0_0 .var "idle_out", 0 0;
v0x9a727d0_0 .net "init", 0 0, v0x99b3220_0;  alias, 1 drivers
v0x9a71930_0 .var "nxt_state", 4 0;
v0x9a6de10_0 .net "reset_L", 0 0, v0x99d09d0_0;  alias, 1 drivers
v0x9a5cdd0_0 .var "state", 4 0;
S_0x9ad1410 .scope module, "mux1" "mux" 5 102, 11 1 0, S_0x9ad65a0;
 .timescale 0 -9;
    .port_info 0 /INPUT 1 "clk"
    .port_info 1 /INPUT 1 "reset_L"
    .port_info 2 /INPUT 1 "valid_in_VC0"
    .port_info 3 /INPUT 1 "valid_in_VC1"
    .port_info 4 /INPUT 6 "data_in_VC0"
    .port_info 5 /INPUT 6 "data_in_VC1"
    .port_info 6 /OUTPUT 6 "dataout"
    .port_info 7 /OUTPUT 1 "valid_out"
v0x9a57d90_0 .net "clk", 0 0, v0x99b35c0_0;  alias, 1 drivers
v0x9a573a0_0 .net "data_in_VC0", 5 0, L_0x9b9c1f0;  1 drivers
v0x9a525d0_0 .net "data_in_VC1", 5 0, L_0x9bac2e0;  1 drivers
v0x9a50d90_0 .var "dataout", 5 0;
v0x9a4e980_0 .net "reset_L", 0 0, v0x99d09d0_0;  alias, 1 drivers
v0x9a4a700_0 .var "selectorL1", 0 0;
v0x9a49d30_0 .net "valid_in_VC0", 0 0, v0x9ac3640_0;  alias, 1 drivers
v0x9a49360_0 .net "valid_in_VC1", 0 0, v0x9ac36a0_0;  alias, 1 drivers
v0x9a48990_0 .var "valid_out", 0 0;
E_0x9ac8e30 .event edge, v0x9add190_0, v0x99b3cb0_0;
S_0x9ad1b40 .scope module, "transacSynth" "PCIE_Synth" 3 68, 12 3 0, S_0x97ccac0;
 .timescale 0 -9;
    .port_info 0 /INPUT 1 "clk"
    .port_info 1 /INPUT 1 "reset_L"
    .port_info 2 /INPUT 1 "init"
    .port_info 3 /INPUT 6 "data_in_principal"
    .port_info 4 /INPUT 1 "push"
    .port_info 5 /INPUT 1 "pop_D0"
    .port_info 6 /INPUT 1 "pop_D1"
    .port_info 7 /OUTPUT 6 "data_out0"
    .port_info 8 /OUTPUT 6 "data_out1"
    .port_info 9 /OUTPUT 1 "active_out"
    .port_info 10 /OUTPUT 1 "idle_out"
    .port_info 11 /OUTPUT 1 "error_out"
    .port_info 12 /OUTPUT 1 "Pausa_MF"
v0x9b4c330_0 .net "D0Fifo.Fifo_Data_in", 5 0, L_0x9be4050;  1 drivers
v0x9b4c3b0_0 .net "D0Fifo.Pausa", 0 0, v0x9b44160_0;  1 drivers
v0x9b4c420_0 .net "D0Fifo.memoria.Ram[0]", 5 0, L_0x9be36a0;  1 drivers
v0x9b4c480_0 .net "D0Fifo.memoria.Ram[1]", 5 0, L_0x9be3700;  1 drivers
v0x9b80750_0 .net "D0Fifo.memoria.Ram[2]", 5 0, L_0x9be3780;  1 drivers
v0x9b807b0_0 .net "D0Fifo.memoria.Ram[3]", 5 0, L_0x9be38c0;  1 drivers
v0x9b80830_0 .net "D0Fifo.memoria.iReadAddress", 1 0, L_0x9be35e0;  1 drivers
v0x9b808b0_0 .net "D0Fifo.memoria.iWriteAddress", 1 0, L_0x9be3ff0;  1 drivers
v0x9b80930_0 .net "D0Fifo.memoria.iWriteEnable", 0 0, v0x9b4c600_0;  1 drivers
v0x9b80990_0 .net "D0Fifo.num_mem", 2 0, L_0x9be3640;  1 drivers
v0x9b80a10_0 .net "D1Fifo.Pausa", 0 0, v0x9b49e40_0;  1 drivers
v0x9b80a70_0 .net "D1Fifo.memoria.iReadAddress", 1 0, L_0x9be44e0;  1 drivers
v0x9b80af0_0 .net "D1Fifo.num_mem", 2 0, L_0x9be45b0;  1 drivers
v0x9b80b70_0 .net "Demux_D0_D1.data_in", 5 0, L_0x9be5820;  1 drivers
v0x9b80bf0_0 .net "Demux_D0_D1.valid_in", 0 0, v0x9b4c2a0_0;  1 drivers
v0x9b80c50_0 .net "Fifo_Empty_MF", 0 0, v0x9b4c980_0;  1 drivers
v0x9b80cb0_0 .net "Fifo_Empty_VC0", 0 0, v0x9b4f960_0;  1 drivers
v0x9b80d10_0 .net "Fifo_Empty_VC1", 0 0, v0x9b523b0_0;  1 drivers
v0x9b80d70_0 .net "MainFifo.memoria.Ram[0]", 5 0, L_0x9be58a0;  1 drivers
v0x9b80df0_0 .net "MainFifo.memoria.Ram[1]", 5 0, L_0x9be5230;  1 drivers
v0x9b80e70_0 .net "MainFifo.memoria.Ram[2]", 5 0, L_0x9be5310;  1 drivers
v0x9b80ef0_0 .net "MainFifo.memoria.Ram[3]", 5 0, L_0x9be53f0;  1 drivers
v0x9b80f70_0 .net "MainFifo.memoria.iReadAddress", 1 0, L_0x9be4230;  1 drivers
v0x9b80ff0_0 .net "MainFifo.memoria.iReadEnable", 0 0, v0x9b43e30_0;  1 drivers
v0x9b81050_0 .net "MainFifo.memoria.iWriteAddress", 1 0, L_0x9be4190;  1 drivers
v0x9b810d0_0 .net "MainFifo.num_mem", 2 0, L_0x9be42d0;  1 drivers
v0x9b81150_0 .net "Pausa_MF", 0 0, v0x9b4cc60_0;  1 drivers
v0x9b811b0_0 .net "Pausa_VC0", 0 0, v0x9b4fc40_0;  1 drivers
v0x9b81210_0 .net "VC0Fifo.Fifo_Data_in", 5 0, L_0x9be4e00;  1 drivers
v0x9b81290_0 .net "VC0Fifo.memoria.Ram[0]", 5 0, L_0x9be4c80;  1 drivers
v0x9b81310_0 .net "VC0Fifo.memoria.Ram[1]", 5 0, L_0x9be4690;  1 drivers
v0x9b81390_0 .net "VC0Fifo.memoria.Ram[2]", 5 0, L_0x9be4710;  1 drivers
v0x9b81410_0 .net "VC0Fifo.memoria.Ram[3]", 5 0, L_0x9be4790;  1 drivers
v0x9b81490_0 .net "VC0Fifo.memoria.iReadAddress", 1 0, L_0x9be4450;  1 drivers
v0x9b81510_0 .net "VC0Fifo.memoria.iReadEnable", 0 0, v0x9b43840_0;  1 drivers
v0x9b81570_0 .net "VC0Fifo.memoria.iWriteAddress", 1 0, L_0x9be43b0;  1 drivers
v0x9b815f0_0 .net "VC0Fifo.memoria.iWriteEnable", 0 0, v0x9b550e0_0;  1 drivers
v0x9b81650_0 .net "VC0Fifo.num_mem", 4 0, L_0x9be4b60;  1 drivers
v0x9b816d0_0 .net "VC1Fifo.Fifo_Data_in", 5 0, L_0x9be4e80;  1 drivers
v0x9b81750_0 .net "VC1Fifo.memoria.Ram[0]", 5 0, L_0x9be4a70;  1 drivers
v0x9b817d0_0 .net "VC1Fifo.memoria.Ram[1]", 5 0, L_0x9be51d0;  1 drivers
v0x9b81850_0 .net "VC1Fifo.memoria.Ram[2]", 5 0, L_0x9be4d00;  1 drivers
v0x9b818d0_0 .net "VC1Fifo.memoria.Ram[3]", 5 0, L_0x9be4d80;  1 drivers
v0x9b81950_0 .net "VC1Fifo.memoria.iReadAddress", 1 0, L_0x9be48b0;  1 drivers
v0x9b819d0_0 .net "VC1Fifo.memoria.iReadEnable", 0 0, v0x9b43b70_0;  1 drivers
v0x9b81a30_0 .net "VC1Fifo.memoria.iWriteAddress", 1 0, L_0x9be4810;  1 drivers
v0x9b81ab0_0 .net "VC1Fifo.memoria.iWriteEnable", 0 0, v0x9b55390_0;  1 drivers
v0x9b81b10_0 .net "VC1Fifo.num_mem", 4 0, L_0x9be4950;  1 drivers
v0x9b81b90_0 .net "_0000_", 0 0, L_0x9b831f0;  1 drivers
v0x9b81bf0_0 .net "_0001_", 0 0, L_0x9b4ca00;  1 drivers
v0x9b81c90_0 .net "_0002_", 0 0, L_0x9b4f9e0;  1 drivers
v0x9b81d30_0 .net "_0003_", 0 0, L_0x9b834d0;  1 drivers
v0x9b81dd0_0 .net "_0004_", 0 0, L_0x9b86190;  1 drivers
v0x9b81e70_0 .net "_0005_", 0 0, L_0x9b89570;  1 drivers
v0x9b81f10_0 .net "_0006_", 0 0, L_0x9b89850;  1 drivers
v0x9b81fb0_0 .net "_0007_", 0 0, L_0x9b89a30;  1 drivers
v0x9b82050_0 .net "_0008_", 0 0, L_0x9b84960;  1 drivers
v0x9b820f0_0 .net "_0009_", 0 0, L_0x9b84b40;  1 drivers
v0x9b82190_0 .net "_0010_", 0 0, L_0x9b8a480;  1 drivers
v0x9b82230_0 .net "_0011_", 0 0, L_0x9b8a7f0;  1 drivers
v0x9b822d0_0 .net "_0012_", 0 0, L_0x9b8a990;  1 drivers
v0x9b82370_0 .net "_0013_", 0 0, L_0x9b8aad0;  1 drivers
v0x9b82410_0 .net "_0014_", 0 0, L_0x9b8ac10;  1 drivers
v0x9b824b0_0 .net "_0015_", 0 0, L_0x9b8ad50;  1 drivers
v0x9b82550_0 .net "_0016_", 0 0, L_0x9b8ae90;  1 drivers
v0x9b825f0_0 .net "_0017_", 0 0, L_0x9b8b100;  1 drivers
v0x9b82690_0 .net "_0018_", 0 0, L_0x9b8b2a0;  1 drivers
v0x9b82730_0 .net "_0019_", 0 0, L_0x9b8b3e0;  1 drivers
v0x9b827d0_0 .net "_0020_", 0 0, L_0x9b8b520;  1 drivers
v0x9b82870_0 .net "_0021_", 0 0, L_0x9b8b660;  1 drivers
v0x9b82910_0 .net "_0022_", 0 0, L_0x9b8b7a0;  1 drivers
v0x9b829b0_0 .net "_0023_", 0 0, L_0x9b8ba10;  1 drivers
v0x9b82a50_0 .net "_0024_", 0 0, L_0x9b8bbb0;  1 drivers
v0x9b82af0_0 .net "_0025_", 0 0, L_0x9b8bcf0;  1 drivers
v0x9b82b90_0 .net "_0026_", 0 0, L_0x9b8be30;  1 drivers
v0x9b82c30_0 .net "_0027_", 0 0, L_0x9b8bf70;  1 drivers
v0x9b82cd0_0 .net "_0028_", 0 0, L_0x9b8c0b0;  1 drivers
v0x9b82d70_0 .net "_0029_", 0 0, L_0x9b8c390;  1 drivers
v0x9b82e10_0 .net "_0030_", 0 0, L_0x9b8ca70;  1 drivers
v0x9b82eb0_0 .net "_0031_", 0 0, L_0x9b8ccf0;  1 drivers
v0x9b82f50_0 .net "_0032_", 0 0, L_0x9b8ce50;  1 drivers
v0x9b82ff0_0 .net "_0033_", 0 0, L_0x9b8d1d0;  1 drivers
v0x9b83090_0 .net "_0034_", 0 0, L_0x9b8d770;  1 drivers
v0x9b83130_0 .net "_0035_", 0 0, L_0x9bac6d0;  1 drivers
v0x9b83190_0 .net "_0036_", 0 0, L_0x9afc7f0;  1 drivers
v0x9b83230_0 .net "_0037_", 0 0, L_0x9bac920;  1 drivers
v0x9b832d0_0 .net "_0038_", 0 0, L_0x9b83290;  1 drivers
v0x9b83370_0 .net "_0039_", 0 0, L_0x9bacbe0;  1 drivers
v0x9b833d0_0 .net "_0040_", 0 0, L_0x9bacc90;  1 drivers
v0x9b83470_0 .net "_0041_", 0 0, L_0x9bace30;  1 drivers
v0x9b83510_0 .net "_0042_", 0 0, L_0x9baceb0;  1 drivers
v0x9b83570_0 .net "_0043_", 0 0, L_0x9b52430;  1 drivers
v0x9b83610_0 .net "_0044_", 0 0, L_0x9b835d0;  1 drivers
v0x9b836b0_0 .net "_0045_", 0 0, L_0x9bad220;  1 drivers
v0x9b83710_0 .net "_0046_", 0 0, L_0x9bad3d0;  1 drivers
v0x9b83770_0 .net "_0047_", 0 0, L_0x9bad4f0;  1 drivers
v0x9b83810_0 .net "_0048_", 0 0, L_0x9bad5b0;  1 drivers
v0x9b83870_0 .net "_0049_", 0 0, L_0x9bad7e0;  1 drivers
v0x9b838d0_0 .net "_0050_", 0 0, L_0x9bad8d0;  1 drivers
v0x9b83930_0 .net "_0051_", 0 0, L_0x9b837d0;  1 drivers
v0x9b839d0_0 .net "_0052_", 0 0, L_0x9bada70;  1 drivers
v0x9b83a30_0 .net "_0053_", 0 0, L_0x9badab0;  1 drivers
v0x9b83a90_0 .net "_0054_", 0 0, L_0x9badc00;  1 drivers
v0x9b83b30_0 .net "_0055_", 0 0, L_0x9badd60;  1 drivers
v0x9b83c00_0 .net "_0056_", 0 0, L_0x9b83af0;  1 drivers
v0x9b83c60_0 .net "_0057_", 0 0, L_0x99f15b0;  1 drivers
v0x9b83d00_0 .net "_0058_", 0 0, L_0x9b83cc0;  1 drivers
v0x9b83da0_0 .net "_0059_", 0 0, L_0x9b83d60;  1 drivers
v0x9b83e40_0 .net "_0060_", 0 0, L_0x9bae250;  1 drivers
v0x9b83ea0_0 .net "_0061_", 0 0, L_0x9bae3a0;  1 drivers
v0x9b83f40_0 .net "_0062_", 0 0, L_0x9bae460;  1 drivers
v0x9b83fa0_0 .net "_0063_", 0 0, L_0x9bae790;  1 drivers
v0x9b84000_0 .net "_0064_", 0 0, L_0x9bae8e0;  1 drivers
v0x9b840a0_0 .net "_0065_", 0 0, L_0x9b83f00;  1 drivers
v0x9b84140_0 .net "_0066_", 0 0, L_0x9b84100;  1 drivers
v0x9b841e0_0 .net "_0067_", 0 0, L_0x9baeb40;  1 drivers
v0x9b84240_0 .net "_0068_", 0 0, L_0x9baecd0;  1 drivers
v0x9b842a0_0 .net "_0069_", 0 0, L_0x9baedc0;  1 drivers
v0x9b84340_0 .net "_0070_", 0 0, L_0x9baee80;  1 drivers
v0x9b843e0_0 .net "_0071_", 0 0, L_0x9b843a0;  1 drivers
v0x9b84480_0 .net "_0072_", 0 0, L_0x9b84300;  1 drivers
v0x9b84520_0 .net "_0073_", 0 0, L_0x9b841a0;  1 drivers
v0x9b845c0_0 .net "_0074_", 0 0, L_0x9b8d8b0;  1 drivers
v0x9b84620_0 .net "_0075_", 0 0, L_0x9baf3c0;  1 drivers
v0x9b84680_0 .net "_0076_", 0 0, L_0x9baf4b0;  1 drivers
v0x9b84720_0 .net "_0077_", 0 0, L_0x9b846e0;  1 drivers
v0x9b847c0_0 .net "_0078_", 0 0, L_0x9baf620;  1 drivers
v0x9b84860_0 .net "_0079_", 0 0, L_0x9b84820;  1 drivers
v0x9b84900_0 .net "_0080_", 0 0, L_0x9baf870;  1 drivers
v0x9b84d70_0 .net "_0081_", 0 0, L_0x9baf990;  1 drivers
v0x9b84e10_0 .net "_0082_", 0 0, L_0x9bafa10;  1 drivers
v0x9b84e70_0 .net "_0083_", 0 0, L_0x9a0fe60;  1 drivers
v0x9b84f40_0 .net "_0084_", 0 0, L_0x9bafbb0;  1 drivers
v0x9b84fa0_0 .net "_0085_", 0 0, L_0x97a9ed0;  1 drivers
v0x9b85040_0 .net "_0086_", 0 0, L_0x9b8d950;  1 drivers
v0x9b850e0_0 .net "_0087_", 0 0, L_0x9bafe50;  1 drivers
v0x9b85180_0 .net "_0088_", 0 0, L_0x9b8dc30;  1 drivers
v0x9b85220_0 .net "_0089_", 0 0, L_0x9baffb0;  1 drivers
v0x9b852c0_0 .net "_0090_", 0 0, L_0x9b8dd30;  1 drivers
v0x9b85360_0 .net "_0091_", 0 0, L_0x9bb00d0;  1 drivers
v0x9b85400_0 .net "_0092_", 0 0, L_0x9b8ddd0;  1 drivers
v0x9b854a0_0 .net "_0093_", 0 0, L_0x9b85280;  1 drivers
v0x9b85540_0 .net "_0094_", 0 0, L_0x9b8de70;  1 drivers
v0x9b855e0_0 .net "_0095_", 0 0, L_0x9b85140;  1 drivers
v0x9b85680_0 .net "_0096_", 0 0, L_0x9b8dfb0;  1 drivers
v0x9b85720_0 .net "_0097_", 0 0, L_0x9bb04e0;  1 drivers
v0x9b85780_0 .net "_0098_", 0 0, L_0x9bb0600;  1 drivers
v0x9b85820_0 .net "_0099_", 0 0, L_0x9bb0640;  1 drivers
v0x9b858c0_0 .net "_0100_", 0 0, L_0x9b85880;  1 drivers
v0x9b85960_0 .net "_0101_", 0 0, L_0x9b85920;  1 drivers
v0x9b85a00_0 .net "_0102_", 0 0, L_0x9bb09f0;  1 drivers
v0x9b85ad0_0 .net "_0103_", 0 0, L_0x9bb0be0;  1 drivers
v0x9b85b30_0 .net "_0104_", 0 0, L_0x9bb0ca0;  1 drivers
v0x9b85b90_0 .net "_0105_", 0 0, L_0x99e07f0;  1 drivers
v0x9b85c30_0 .net "_0106_", 0 0, L_0x9bb0ed0;  1 drivers
v0x9b85cd0_0 .net "_0107_", 0 0, L_0x9b85c90;  1 drivers
v0x9b85d70_0 .net "_0108_", 0 0, L_0x9bb1080;  1 drivers
v0x9b85e10_0 .net "_0109_", 0 0, L_0x9b85dd0;  1 drivers
v0x9b85eb0_0 .net "_0110_", 0 0, L_0x9bb12a0;  1 drivers
v0x9b85f50_0 .net "_0111_", 0 0, L_0x9b85f10;  1 drivers
v0x9b85ff0_0 .net "_0112_", 0 0, L_0x9b85fb0;  1 drivers
v0x9b86090_0 .net "_0113_", 0 0, L_0x9b85e70;  1 drivers
v0x9b86130_0 .net "_0114_", 0 0, L_0x9b85d30;  1 drivers
v0x9b861d0_0 .net "_0115_", 0 0, L_0x9bb1830;  1 drivers
v0x9b86270_0 .net "_0116_", 0 0, L_0x9baff70;  1 drivers
v0x9b86310_0 .net "_0117_", 0 0, L_0x9b862d0;  1 drivers
v0x9b863b0_0 .net "_0118_", 0 0, L_0x9b86370;  1 drivers
v0x9b86450_0 .net "_0119_", 0 0, L_0x9b86230;  1 drivers
v0x9b864f0_0 .net "_0120_", 0 0, L_0x9bb1fa0;  1 drivers
v0x9b86590_0 .net "_0121_", 0 0, L_0x9b86550;  1 drivers
v0x9b86630_0 .net "_0122_", 0 0, L_0x9bb2170;  1 drivers
v0x9b866d0_0 .net "_0123_", 0 0, L_0x9b86690;  1 drivers
v0x9b86770_0 .net "_0124_", 0 0, L_0x9b865f0;  1 drivers
v0x9b86810_0 .net "_0125_", 0 0, L_0x9b867d0;  1 drivers
v0x9b868b0_0 .net "_0126_", 0 0, L_0x9b864b0;  1 drivers
v0x9b86950_0 .net "_0127_", 0 0, L_0x9bb2880;  1 drivers
v0x9b869f0_0 .net "_0128_", 0 0, L_0x9bb2a80;  1 drivers
v0x9b86a90_0 .net "_0129_", 0 0, L_0x9b86a50;  1 drivers
v0x9b86b30_0 .net "_0130_", 0 0, L_0x9b86af0;  1 drivers
v0x9b86bd0_0 .net "_0131_", 0 0, L_0x9b869b0;  1 drivers
v0x9b86c70_0 .net "_0132_", 0 0, L_0x9bb2ff0;  1 drivers
v0x9b86d10_0 .net "_0133_", 0 0, L_0x9b86cd0;  1 drivers
v0x9b86db0_0 .net "_0134_", 0 0, L_0x9bb3200;  1 drivers
v0x9b86e50_0 .net "_0135_", 0 0, L_0x9b86e10;  1 drivers
v0x9b86ef0_0 .net "_0136_", 0 0, L_0x9b86d70;  1 drivers
v0x9b86f90_0 .net "_0137_", 0 0, L_0x9b8eb40;  1 drivers
v0x9b87030_0 .net "_0138_", 0 0, L_0x9b86f50;  1 drivers
v0x9b870d0_0 .net "_0139_", 0 0, L_0x9b8ed00;  1 drivers
v0x9b87170_0 .net "_0140_", 0 0, L_0x9b86c30;  1 drivers
v0x9b87210_0 .net "_0141_", 0 0, L_0x9b8f240;  1 drivers
v0x9b872b0_0 .net "_0142_", 0 0, L_0x9bb3a40;  1 drivers
v0x9b87350_0 .net "_0143_", 0 0, L_0x9bb3ca0;  1 drivers
v0x9b873f0_0 .net "_0144_", 0 0, L_0x9b873b0;  1 drivers
v0x9b87490_0 .net "_0145_", 0 0, L_0x9b87450;  1 drivers
v0x9b87530_0 .net "_0146_", 0 0, L_0x9b87310;  1 drivers
v0x9b875d0_0 .net "_0147_", 0 0, L_0x9bb4350;  1 drivers
v0x9b87670_0 .net "_0148_", 0 0, L_0x9b87630;  1 drivers
v0x9b87710_0 .net "_0149_", 0 0, L_0x9bb45d0;  1 drivers
v0x9b877b0_0 .net "_0150_", 0 0, L_0x9b87770;  1 drivers
v0x9b87850_0 .net "_0151_", 0 0, L_0x9b876d0;  1 drivers
v0x9b878f0_0 .net "_0152_", 0 0, L_0x9b8f9b0;  1 drivers
v0x9b87990_0 .net "_0153_", 0 0, L_0x9b878b0;  1 drivers
v0x9b87a30_0 .net "_0154_", 0 0, L_0x9b8fc90;  1 drivers
v0x9b87ad0_0 .net "_0155_", 0 0, L_0x9b87590;  1 drivers
v0x9b87b70_0 .net "_0156_", 0 0, L_0x9bb4d40;  1 drivers
v0x9b87c10_0 .net "_0157_", 0 0, L_0x9bb4ff0;  1 drivers
v0x9b87cb0_0 .net "_0158_", 0 0, L_0x9b87c70;  1 drivers
v0x9b87d50_0 .net "_0159_", 0 0, L_0x9b87d10;  1 drivers
v0x9b87df0_0 .net "_0160_", 0 0, L_0x9b87bd0;  1 drivers
v0x9b87e90_0 .net "_0161_", 0 0, L_0x9bb5610;  1 drivers
v0x9b87f30_0 .net "_0162_", 0 0, L_0x9b87ef0;  1 drivers
v0x9b87fd0_0 .net "_0163_", 0 0, L_0x9bb59a0;  1 drivers
v0x9b88070_0 .net "_0164_", 0 0, L_0x9b88030;  1 drivers
v0x9b88110_0 .net "_0165_", 0 0, L_0x9b8fd90;  1 drivers
v0x9b881b0_0 .net "_0166_", 0 0, L_0x9b87f90;  1 drivers
v0x9b88250_0 .net "_0167_", 0 0, L_0x9b90450;  1 drivers
v0x9b882f0_0 .net "_0168_", 0 0, L_0x9b88210;  1 drivers
v0x9b88390_0 .net "_0169_", 0 0, L_0x9b87e50;  1 drivers
v0x9b88430_0 .net "_0170_", 0 0, L_0x9bb6220;  1 drivers
v0x9b884d0_0 .net "_0171_", 0 0, L_0x9bb63e0;  1 drivers
v0x9b88570_0 .net "_0172_", 0 0, L_0x9b88530;  1 drivers
v0x9b88610_0 .net "_0173_", 0 0, L_0x9b885d0;  1 drivers
v0x9b886b0_0 .net "_0174_", 0 0, L_0x9b88490;  1 drivers
v0x9b88750_0 .net "_0175_", 0 0, L_0x9bb69f0;  1 drivers
v0x9b887f0_0 .net "_0176_", 0 0, L_0x9b908b0;  1 drivers
v0x9b88890_0 .net "_0177_", 0 0, L_0x9b887b0;  1 drivers
v0x9b88930_0 .net "_0178_", 0 0, L_0x9bb6bc0;  1 drivers
v0x9b889d0_0 .net "_0179_", 0 0, L_0x9b88990;  1 drivers
v0x9b88a70_0 .net "_0180_", 0 0, L_0x9b90a90;  1 drivers
v0x9b88b10_0 .net "_0181_", 0 0, L_0x9b888f0;  1 drivers
v0x9b88bb0_0 .net "_0182_", 0 0, L_0x9b88b70;  1 drivers
v0x9b88c50_0 .net "_0183_", 0 0, L_0x9b88710;  1 drivers
v0x9b88cf0_0 .net "_0184_", 0 0, L_0x9bb7430;  1 drivers
v0x9b88d90_0 .net "_0185_", 0 0, L_0x9bb75f0;  1 drivers
v0x9b88e30_0 .net "_0186_", 0 0, L_0x9b88df0;  1 drivers
v0x9b88ed0_0 .net "_0187_", 0 0, L_0x9b88e90;  1 drivers
v0x9b88f70_0 .net "_0188_", 0 0, L_0x9b88d50;  1 drivers
v0x9b89010_0 .net "_0189_", 0 0, L_0x9bb7c20;  1 drivers
v0x9b890b0_0 .net "_0190_", 0 0, L_0x9b89070;  1 drivers
v0x9b89150_0 .net "_0191_", 0 0, L_0x9bb7df0;  1 drivers
v0x9b891f0_0 .net "_0192_", 0 0, L_0x9b891b0;  1 drivers
v0x9b89290_0 .net "_0193_", 0 0, L_0x9b89110;  1 drivers
v0x9b89330_0 .net "_0194_", 0 0, L_0x9b892f0;  1 drivers
v0x9b893d0_0 .net "_0195_", 0 0, L_0x9b88fd0;  1 drivers
v0x9b89470_0 .net "_0196_", 0 0, L_0x9b90b30;  1 drivers
v0x9b89510_0 .net "_0197_", 0 0, L_0x9bb8860;  1 drivers
v0x9b895b0_0 .net "_0198_", 0 0, L_0x9b90cd0;  1 drivers
v0x9b89650_0 .net "_0199_", 0 0, L_0x9bb8ab0;  1 drivers
v0x9b896b0_0 .net "_0200_", 0 0, L_0x9bb8b30;  1 drivers
v0x9b89750_0 .net "_0201_", 0 0, L_0x9b910e0;  1 drivers
v0x9b897f0_0 .net "_0202_", 0 0, L_0x9bb8d40;  1 drivers
v0x9b89890_0 .net "_0203_", 0 0, L_0x9bb8ee0;  1 drivers
v0x9b89930_0 .net "_0204_", 0 0, L_0x9b91320;  1 drivers
v0x9b899d0_0 .net "_0205_", 0 0, L_0x9bb90f0;  1 drivers
v0x9b89a70_0 .net "_0206_", 0 0, L_0x9bb9390;  1 drivers
v0x9b89b10_0 .net "_0207_", 0 0, L_0x9b04e80;  1 drivers
v0x9b89bb0_0 .net "_0208_", 0 0, L_0x9bb9610;  1 drivers
v0x9b849a0_0 .net "_0209_", 0 0, L_0x9b91690;  1 drivers
v0x9b84a40_0 .net "_0210_", 0 0, L_0x9bb97a0;  1 drivers
v0x9b84ae0_0 .net "_0211_", 0 0, L_0x9bb9a20;  1 drivers
v0x9b84b80_0 .net "_0212_", 0 0, L_0x9b91900;  1 drivers
v0x9b84c20_0 .net "_0213_", 0 0, L_0x9bb9cd0;  1 drivers
v0x9b84cc0_0 .net "_0214_", 0 0, L_0x9b91b40;  1 drivers
v0x9b8a420_0 .net "_0215_", 0 0, L_0x9bb9f50;  1 drivers
v0x9b8a4c0_0 .net "_0216_", 0 0, L_0x9bba0b0;  1 drivers
v0x9b8a560_0 .net "_0217_", 0 0, L_0x9bba330;  1 drivers
v0x9b8a600_0 .net "_0218_", 0 0, L_0x9bb0720;  1 drivers
v0x9b8a660_0 .net "_0219_", 0 0, L_0x9a14f00;  1 drivers
v0x9b8a790_0 .net "_0220_", 0 0, L_0x9bba780;  1 drivers
v0x9b8a830_0 .net "_0221_", 0 0, L_0x9bba8a0;  1 drivers
v0x9b8a890_0 .net "_0222_", 0 0, L_0x9bba920;  1 drivers
v0x9b8a930_0 .net "_0223_", 0 0, L_0x9bbaac0;  1 drivers
v0x9b8a9d0_0 .net "_0224_", 0 0, L_0x9bbacf0;  1 drivers
v0x9b8aa70_0 .net "_0225_", 0 0, L_0x9bbb0d0;  1 drivers
v0x9b8ab10_0 .net "_0226_", 0 0, L_0x9bbb230;  1 drivers
v0x9b8abb0_0 .net "_0227_", 0 0, L_0x9bbb4b0;  1 drivers
v0x9b8ac50_0 .net "_0228_", 0 0, L_0x9bbb610;  1 drivers
v0x9b8acf0_0 .net "_0229_", 0 0, L_0x9bbba10;  1 drivers
v0x9b8ad90_0 .net "_0230_", 0 0, L_0x9bbbb70;  1 drivers
v0x9b8ae30_0 .net "_0231_", 0 0, L_0x9bbbf80;  1 drivers
v0x9b8aed0_0 .net "_0232_", 0 0, L_0x9bbc0e0;  1 drivers
v0x9b8af70_0 .net "_0233_", 0 0, L_0x9bbc4f0;  1 drivers
v0x9b8b0a0_0 .net "_0234_", 0 0, L_0x9bbc650;  1 drivers
v0x9b8b140_0 .net "_0235_", 0 0, L_0x9bbc770;  1 drivers
v0x9b8b1a0_0 .net "_0236_", 0 0, L_0x9bbc7f0;  1 drivers
v0x9b8b240_0 .net "_0237_", 0 0, L_0x9bbca00;  1 drivers
v0x9b8b2e0_0 .net "_0238_", 0 0, L_0x9bbcd00;  1 drivers
v0x9b8b380_0 .net "_0239_", 0 0, L_0x9bbcfe0;  1 drivers
v0x9b8b420_0 .net "_0240_", 0 0, L_0x9bbd140;  1 drivers
v0x9b8b4c0_0 .net "_0241_", 0 0, L_0x9bbd3c0;  1 drivers
v0x9b8b560_0 .net "_0242_", 0 0, L_0x9bbd6d0;  1 drivers
v0x9b8b600_0 .net "_0243_", 0 0, L_0x9bbd950;  1 drivers
v0x9b8b6a0_0 .net "_0244_", 0 0, L_0x9bbdab0;  1 drivers
v0x9b8b740_0 .net "_0245_", 0 0, L_0x9bbdec0;  1 drivers
v0x9b8b7e0_0 .net "_0246_", 0 0, L_0x9bbe1e0;  1 drivers
v0x9b8b880_0 .net "_0247_", 0 0, L_0x9bbe460;  1 drivers
v0x9b8b9b0_0 .net "_0248_", 0 0, L_0x9bbe5c0;  1 drivers
v0x9b8ba50_0 .net "_0249_", 0 0, L_0x9bbe6e0;  1 drivers
v0x9b8bab0_0 .net "_0250_", 0 0, L_0x9bbe760;  1 drivers
v0x9b8bb50_0 .net "_0251_", 0 0, L_0x9bbeb40;  1 drivers
v0x9b8bbf0_0 .net "_0252_", 0 0, L_0x9bbeca0;  1 drivers
v0x9b8bc90_0 .net "_0253_", 0 0, L_0x9bbeeb0;  1 drivers
v0x9b8bd30_0 .net "_0254_", 0 0, L_0x9bbf010;  1 drivers
v0x9b8bdd0_0 .net "_0255_", 0 0, L_0x9bbf470;  1 drivers
v0x9b8be70_0 .net "_0256_", 0 0, L_0x9bbf5d0;  1 drivers
v0x9b8bf10_0 .net "_0257_", 0 0, L_0x9bbf850;  1 drivers
v0x9b8bfb0_0 .net "_0258_", 0 0, L_0x9bbf9b0;  1 drivers
v0x9b8c050_0 .net "_0259_", 0 0, L_0x9bbffb0;  1 drivers
v0x9b8c0f0_0 .net "_0260_", 0 0, L_0x9bc0110;  1 drivers
v0x9b8c190_0 .net "_0261_", 0 0, L_0x9bc0350;  1 drivers
v0x9b8c1f0_0 .net "_0262_", 0 0, L_0x9bc0400;  1 drivers
v0x9b8c290_0 .net "_0263_", 0 0, L_0x9b8c250;  1 drivers
v0x9b8c330_0 .net "_0264_", 0 0, L_0x9b8c2f0;  1 drivers
v0x9b8c3d0_0 .net "_0265_", 0 0, L_0x9bc0ac0;  1 drivers
v0x9b8c430_0 .net "_0266_", 0 0, L_0x9b17730;  1 drivers
v0x9b8c4d0_0 .net "_0267_", 0 0, L_0x9bc0c80;  1 drivers
v0x9b8c570_0 .net "_0268_", 0 0, L_0x9bcdc70;  1 drivers
v0x9b8c610_0 .net "_0269_", 0 0, L_0x9bce100;  1 drivers
v0x9b8c6b0_0 .net "_0270_", 0 0, L_0x9bc0e20;  1 drivers
v0x9b8c750_0 .net "_0271_", 0 0, L_0x9bce1c0;  1 drivers
v0x9b8c7f0_0 .net "_0272_", 0 0, L_0x9b8c710;  1 drivers
v0x9b8c850_0 .net "_0273_", 0 0, L_0x9b923a0;  1 drivers
v0x9b8c8f0_0 .net "_0274_", 0 0, L_0x9bc1060;  1 drivers
v0x9b8c950_0 .net "_0275_", 0 0, L_0x9bc13c0;  1 drivers
v0x9b8c9b0_0 .net "_0276_", 0 0, L_0x9bc1510;  1 drivers
v0x9b8ca10_0 .net "_0277_", 0 0, L_0x9bc1600;  1 drivers
v0x9b8cab0_0 .net "_0278_", 0 0, L_0x9bc1680;  1 drivers
v0x9b8cb50_0 .net "_0279_", 0 0, L_0x9b8cb10;  1 drivers
v0x9b8cbf0_0 .net "_0280_", 0 0, L_0x9b8cbb0;  1 drivers
v0x9b8cc90_0 .net "_0281_", 0 0, L_0x9bc19f0;  1 drivers
v0x9b8cd30_0 .net "_0282_", 0 0, L_0x9bc1b60;  1 drivers
v0x9b8cd90_0 .net "_0283_", 0 0, L_0x9b928d0;  1 drivers
v0x9b8cdf0_0 .net "_0284_", 0 0, L_0x9bc1c80;  1 drivers
v0x9b8ce90_0 .net "_0285_", 0 0, L_0x9b92c50;  1 drivers
v0x9b8cf30_0 .net "_0286_", 0 0, L_0x9bc1cc0;  1 drivers
v0x9b8cfd0_0 .net "_0287_", 0 0, L_0x9b8cf90;  1 drivers
v0x9b8d070_0 .net "_0288_", 0 0, L_0x9b8d030;  1 drivers
v0x9b8d110_0 .net "_0289_", 0 0, L_0x9bc2300;  1 drivers
v0x9b8d170_0 .net "_0290_", 0 0, L_0x9bc2450;  1 drivers
v0x9b8d210_0 .net "_0291_", 0 0, L_0x9bc25e0;  1 drivers
v0x9b8d2b0_0 .net "_0292_", 0 0, L_0x9b8d270;  1 drivers
v0x9b8d350_0 .net "_0293_", 0 0, L_0x9bc2800;  1 drivers
v0x9b8d3f0_0 .net "_0294_", 0 0, L_0x9b8d3b0;  1 drivers
v0x9b8d490_0 .net "_0295_", 0 0, L_0x9b92df0;  1 drivers
v0x9b8d530_0 .net "_0296_", 0 0, L_0x9bc2970;  1 drivers
v0x9b8d5d0_0 .net "_0297_", 0 0, L_0x9b93330;  1 drivers
v0x9b8d670_0 .net "_0298_", 0 0, L_0x9b8d590;  1 drivers
v0x9b8d710_0 .net "_0299_", 0 0, L_0x9b8d450;  1 drivers
v0x9b8d7b0_0 .net "_0300_", 0 0, L_0x9b89d50;  1 drivers
v0x9b8d850_0 .net "_0301_", 0 0, L_0x9bc2d90;  1 drivers
v0x9b8d8f0_0 .net "_0302_", 0 0, L_0x9bc2f60;  1 drivers
v0x9b8d990_0 .net "_0303_", 0 0, L_0x9b8a070;  1 drivers
v0x9b8da30_0 .net "_0304_", 0 0, L_0x9bc30c0;  1 drivers
v0x9b8dad0_0 .net "_0305_", 0 0, L_0x9b8da90;  1 drivers
v0x9b8db30_0 .net "_0306_", 0 0, L_0x9bc32a0;  1 drivers
v0x9b8dbd0_0 .net "_0307_", 0 0, L_0x9bc3710;  1 drivers
v0x9b8dc70_0 .net "_0308_", 0 0, L_0x9bc37f0;  1 drivers
v0x9b8dcd0_0 .net "_0309_", 0 0, L_0x9bc3980;  1 drivers
v0x9b8dd70_0 .net "_0310_", 0 0, L_0x9bc3b50;  1 drivers
v0x9b8de10_0 .net "_0311_", 0 0, L_0x9bc3d20;  1 drivers
v0x9b8deb0_0 .net "_0312_", 0 0, L_0x9b8a250;  1 drivers
v0x9b8df50_0 .net "_0313_", 0 0, L_0x9bc4130;  1 drivers
v0x9b8dff0_0 .net "_0314_", 0 0, L_0x9bc4300;  1 drivers
v0x9b8e120_0 .net "_0315_", 0 0, L_0x9b946a0;  1 drivers
v0x9b8e1c0_0 .net "_0316_", 0 0, L_0x9bc4380;  1 drivers
v0x9b8e260_0 .net "_0317_", 0 0, L_0x9bc4580;  1 drivers
v0x9b8e2c0_0 .net "_0318_", 0 0, L_0x9bc4630;  1 drivers
v0x9b8e320_0 .net "_0319_", 0 0, L_0x9b948e0;  1 drivers
v0x9b8e3c0_0 .net "_0320_", 0 0, L_0x9bc49d0;  1 drivers
v0x9b8e460_0 .net "_0321_", 0 0, L_0x9bc4540;  1 drivers
v0x9b8e4c0_0 .net "_0322_", 0 0, L_0x9b8e420;  1 drivers
v0x9b8e560_0 .net "_0323_", 0 0, L_0x9b94b20;  1 drivers
v0x9b8e600_0 .net "_0324_", 0 0, L_0x9b8e520;  1 drivers
v0x9b8e6a0_0 .net "_0325_", 0 0, L_0x9b8e660;  1 drivers
v0x9b8e740_0 .net "_0326_", 0 0, L_0x9bc4fa0;  1 drivers
v0x9b8e7e0_0 .net "_0327_", 0 0, L_0x9bc5020;  1 drivers
v0x9b8e840_0 .net "_0328_", 0 0, L_0x9bc5170;  1 drivers
v0x9b8e8a0_0 .net "_0329_", 0 0, L_0x9b8e7a0;  1 drivers
v0x9b8e940_0 .net "_0330_", 0 0, L_0x9bc52d0;  1 drivers
v0x9b8e9a0_0 .net "_0331_", 0 0, L_0x9bc5380;  1 drivers
v0x9b8ea40_0 .net "_0332_", 0 0, L_0x9b8e900;  1 drivers
v0x9b8eae0_0 .net "_0333_", 0 0, L_0x9b8e700;  1 drivers
v0x9b8eb80_0 .net "_0334_", 0 0, L_0x9bc5840;  1 drivers
v0x9b8ebe0_0 .net "_0335_", 0 0, L_0x9bc5900;  1 drivers
v0x9b8ec40_0 .net "_0336_", 0 0, L_0x9b062d0;  1 drivers
v0x9b8eca0_0 .net "_0337_", 0 0, L_0x9bc5a30;  1 drivers
v0x9b8ed40_0 .net "_0338_", 0 0, L_0x9bc5ab0;  1 drivers
v0x9b8eda0_0 .net "_0339_", 0 0, L_0x9bc5ea0;  1 drivers
v0x9b8ee40_0 .net "_0340_", 0 0, L_0x9bc5f60;  1 drivers
v0x9b8eee0_0 .net "_0341_", 0 0, L_0x9b8ee00;  1 drivers
v0x9b8ef40_0 .net "_0342_", 0 0, L_0x9b8eea0;  1 drivers
v0x9b8efe0_0 .net "_0343_", 0 0, L_0x9b8efa0;  1 drivers
v0x9b8f080_0 .net "_0344_", 0 0, L_0x9bc63d0;  1 drivers
v0x9b8f0e0_0 .net "_0345_", 0 0, L_0x9bc64f0;  1 drivers
v0x9b8f140_0 .net "_0346_", 0 0, L_0x9b8f040;  1 drivers
v0x9b8f1e0_0 .net "_0347_", 0 0, L_0x9bc6850;  1 drivers
v0x9b8f280_0 .net "_0348_", 0 0, L_0x9bc6910;  1 drivers
v0x9b8f320_0 .net "_0349_", 0 0, L_0x9b8f2e0;  1 drivers
v0x9b8f3c0_0 .net "_0350_", 0 0, L_0x9b8f380;  1 drivers
v0x9b8f420_0 .net "_0351_", 0 0, L_0x9bc6c10;  1 drivers
v0x9b8f4c0_0 .net "_0352_", 0 0, L_0x9bc6cd0;  1 drivers
v0x9b8f560_0 .net "_0353_", 0 0, L_0x9b8f480;  1 drivers
v0x9b8f600_0 .net "_0354_", 0 0, L_0x9b8f5c0;  1 drivers
v0x9b8f6a0_0 .net "_0355_", 0 0, L_0x9bc7390;  1 drivers
v0x9b8f7d0_0 .net "_0356_", 0 0, L_0x9bc74b0;  1 drivers
v0x9b8f830_0 .net "_0357_", 0 0, L_0x9bc7560;  1 drivers
v0x9b8f890_0 .net "_0358_", 0 0, L_0x9bc7610;  1 drivers
v0x9b8f8f0_0 .net "_0359_", 0 0, L_0x9bc76d0;  1 drivers
v0x9b8f950_0 .net "_0360_", 0 0, L_0x9b027b0;  1 drivers
v0x9b8f9f0_0 .net "_0361_", 0 0, L_0x9bc7970;  1 drivers
v0x9b8fa90_0 .net "_0362_", 0 0, L_0x9bc7ad0;  1 drivers
v0x9b8faf0_0 .net "_0363_", 0 0, L_0x9bc7be0;  1 drivers
v0x9b8fb90_0 .net "_0364_", 0 0, L_0x9b8fb50;  1 drivers
v0x9b8fc30_0 .net "_0365_", 0 0, L_0x9b8fa50;  1 drivers
v0x9b8fcd0_0 .net "_0366_", 0 0, L_0x9bc7fc0;  1 drivers
v0x9b8fd30_0 .net "_0367_", 0 0, L_0x9bc8360;  1 drivers
v0x9b8fdd0_0 .net "_0368_", 0 0, L_0x9bc83a0;  1 drivers
v0x9b8fe70_0 .net "_0369_", 0 0, L_0x9b94fa0;  1 drivers
v0x9b8ff10_0 .net "_0370_", 0 0, L_0x9b8fe30;  1 drivers
v0x9b8ffb0_0 .net "_0371_", 0 0, L_0x9b95040;  1 drivers
v0x9b90050_0 .net "_0372_", 0 0, L_0x9b8ff70;  1 drivers
v0x9b900f0_0 .net "_0373_", 0 0, L_0x9bd4a50;  1 drivers
v0x9b90190_0 .net "_0374_", 0 0, L_0x9b95140;  1 drivers
v0x9b90230_0 .net "_0375_", 0 0, L_0x9bc87c0;  1 drivers
v0x9b90290_0 .net "_0376_", 0 0, L_0x9b951e0;  1 drivers
v0x9b902f0_0 .net "_0377_", 0 0, L_0x9bc89b0;  1 drivers
v0x9b90350_0 .net "_0378_", 0 0, L_0x9bc8a70;  1 drivers
v0x9b903f0_0 .net "_0379_", 0 0, L_0x9b903b0;  1 drivers
v0x9b90490_0 .net "_0380_", 0 0, L_0x9bc8ca0;  1 drivers
v0x9b90530_0 .net "_0381_", 0 0, L_0x9b904f0;  1 drivers
v0x9b905d0_0 .net "_0382_", 0 0, L_0x9bc8f20;  1 drivers
v0x9b90670_0 .net "_0383_", 0 0, L_0x9bc8fe0;  1 drivers
v0x9b90710_0 .net "_0384_", 0 0, L_0x9b906d0;  1 drivers
v0x9b907b0_0 .net "_0385_", 0 0, L_0x9b90630;  1 drivers
v0x9b90850_0 .net "_0386_", 0 0, L_0x9b90590;  1 drivers
v0x9b908f0_0 .net "_0387_", 0 0, L_0x9af83c0;  1 drivers
v0x9b90990_0 .net "_0388_", 0 0, L_0x9b957e0;  1 drivers
v0x9b90a30_0 .net "_0389_", 0 0, L_0x9bc95c0;  1 drivers
v0x9b90ad0_0 .net "_0390_", 0 0, L_0x9bc97d0;  1 drivers
v0x9b90b70_0 .net "_0391_", 0 0, L_0x9bc9b80;  1 drivers
v0x9b90bd0_0 .net "_0392_", 0 0, L_0x9bc9bc0;  1 drivers
v0x9b90c70_0 .net "_0393_", 0 0, L_0x9bc9e40;  1 drivers
v0x9b90d10_0 .net "_0394_", 0 0, L_0x9bc9fa0;  1 drivers
v0x9b90db0_0 .net "_0395_", 0 0, L_0x9bca3f0;  1 drivers
v0x9b90e50_0 .net "_0396_", 0 0, L_0x9bc8480;  1 drivers
v0x9b90eb0_0 .net "_0397_", 0 0, L_0x9b958e0;  1 drivers
v0x9b90f50_0 .net "_0398_", 0 0, L_0x9b0cdc0;  1 drivers
v0x9b91020_0 .net "_0399_", 0 0, L_0x9b24b70;  1 drivers
v0x9b91080_0 .net "_0400_", 0 0, L_0x9bca980;  1 drivers
v0x9b91120_0 .net "_0401_", 0 0, L_0x9bcab70;  1 drivers
v0x9b91180_0 .net "_0402_", 0 0, L_0x9bcabb0;  1 drivers
v0x9b91220_0 .net "_0403_", 0 0, L_0x9b95dc0;  1 drivers
v0x9b912c0_0 .net "_0404_", 0 0, L_0x9bcae90;  1 drivers
v0x9b91360_0 .net "_0405_", 0 0, L_0x9bcaff0;  1 drivers
v0x9b91400_0 .net "_0406_", 0 0, L_0x9bcb4f0;  1 drivers
v0x9b914d0_0 .net "_0407_", 0 0, L_0x9bcb650;  1 drivers
v0x9b91530_0 .net "_0408_", 0 0, L_0x9bcb770;  1 drivers
v0x9b91590_0 .net "_0409_", 0 0, L_0x9bcb820;  1 drivers
v0x9b91630_0 .net "_0410_", 0 0, L_0x9bcbb70;  1 drivers
v0x9b916d0_0 .net "_0411_", 0 0, L_0x9bcbf90;  1 drivers
v0x9b91770_0 .net "_0412_", 0 0, L_0x9bcc1e0;  1 drivers
v0x9b91840_0 .net "_0413_", 0 0, L_0x9b960e0;  1 drivers
v0x9b918a0_0 .net "_0414_", 0 0, L_0x9bcc340;  1 drivers
v0x9b91940_0 .net "_0415_", 0 0, L_0x9bcc460;  1 drivers
v0x9b919a0_0 .net "_0416_", 0 0, L_0x9bcc510;  1 drivers
v0x9b91a40_0 .net "_0417_", 0 0, L_0x9b96420;  1 drivers
v0x9b91ae0_0 .net "_0418_", 0 0, L_0x9bccb30;  1 drivers
v0x9b91b80_0 .net "_0419_", 0 0, L_0x9bccc90;  1 drivers
v0x9b91c20_0 .net "_0420_", 0 0, L_0x9b96660;  1 drivers
v0x9b91cc0_0 .net "_0421_", 0 0, L_0x9bccea0;  1 drivers
v0x9b91d90_0 .net "_0422_", 0 0, L_0x9bccf80;  1 drivers
v0x9b91df0_0 .net "_0423_", 0 0, L_0x9b968a0;  1 drivers
v0x9b91e50_0 .net "_0424_", 0 0, L_0x9bcd3f0;  1 drivers
v0x9b91ef0_0 .net "_0425_", 0 0, L_0x9b91eb0;  1 drivers
v0x9b91f50_0 .net "_0426_", 0 0, L_0x9bcd670;  1 drivers
v0x9b91fb0_0 .net "_0427_", 0 0, L_0x9bcd720;  1 drivers
v0x9b92080_0 .net "_0428_", 0 0, L_0x9bcd7a0;  1 drivers
v0x9b920e0_0 .net "_0429_", 0 0, L_0x9b179b0;  1 drivers
v0x9b921b0_0 .net "_0430_", 0 0, L_0x9bcda20;  1 drivers
v0x9b92210_0 .net "_0431_", 0 0, L_0x9bcdcf0;  1 drivers
v0x9b922e0_0 .net "_0432_", 0 0, L_0x9bdab40;  1 drivers
v0x9b92340_0 .net "_0433_", 0 0, L_0x9bce240;  1 drivers
v0x9b923e0_0 .net "_0434_", 0 0, L_0x9b975a0;  1 drivers
v0x9b92440_0 .net "_0435_", 0 0, L_0x9bce410;  1 drivers
v0x9b924a0_0 .net "_0436_", 0 0, L_0x9bce520;  1 drivers
v0x9b92500_0 .net "_0437_", 0 0, L_0x9bce6a0;  1 drivers
v0x9b925a0_0 .net "_0438_", 0 0, L_0x9bce720;  1 drivers
v0x9b92600_0 .net "_0439_", 0 0, L_0x9b83990;  1 drivers
v0x9b926a0_0 .net "_0440_", 0 0, L_0x9b97fb0;  1 drivers
v0x9b92740_0 .net "_0441_", 0 0, L_0x9b12630;  1 drivers
v0x9b92810_0 .net "_0442_", 0 0, L_0x9bce850;  1 drivers
v0x9b92870_0 .net "_0443_", 0 0, L_0x9b13060;  1 drivers
v0x9b92910_0 .net "_0444_", 0 0, L_0x9b98690;  1 drivers
v0x9b929b0_0 .net "_0445_", 0 0, L_0x9bceaf0;  1 drivers
v0x9b92a50_0 .net "_0446_", 0 0, L_0x9bcec50;  1 drivers
v0x9b92ab0_0 .net "_0447_", 0 0, L_0x9bcf060;  1 drivers
v0x9b92b50_0 .net "_0448_", 0 0, L_0x9b92b10;  1 drivers
v0x9b92bf0_0 .net "_0449_", 0 0, L_0x9b92a10;  1 drivers
v0x9b92c90_0 .net "_0450_", 0 0, L_0x9b84580;  1 drivers
v0x9b92d30_0 .net "_0451_", 0 0, L_0x9bcf440;  1 drivers
v0x9b92d90_0 .net "_0452_", 0 0, L_0x9bcf560;  1 drivers
v0x9b92e30_0 .net "_0453_", 0 0, L_0x9bcf5a0;  1 drivers
v0x9b92e90_0 .net "_0454_", 0 0, L_0x9b1a140;  1 drivers
v0x9b92f30_0 .net "_0455_", 0 0, L_0x9b92ef0;  1 drivers
v0x9b92fd0_0 .net "_0456_", 0 0, L_0x9b92f90;  1 drivers
v0x9b93070_0 .net "_0457_", 0 0, L_0x9bcfa30;  1 drivers
v0x9b93140_0 .net "_0458_", 0 0, L_0x9bcfc20;  1 drivers
v0x9b93210_0 .net "_0459_", 0 0, L_0x9bcfce0;  1 drivers
v0x9b93270_0 .net "_0460_", 0 0, L_0x9b84780;  1 drivers
v0x9b932d0_0 .net "_0461_", 0 0, L_0x9b19460;  1 drivers
v0x9b93370_0 .net "_0462_", 0 0, L_0x9bcffe0;  1 drivers
v0x9b93410_0 .net "_0463_", 0 0, L_0x9b933d0;  1 drivers
v0x9b934b0_0 .net "_0464_", 0 0, L_0x9bd0640;  1 drivers
v0x9b89c50_0 .net "_0465_", 0 0, L_0x9b93470;  1 drivers
v0x9b89cf0_0 .net "_0466_", 0 0, L_0x9b89cb0;  1 drivers
v0x9b89d90_0 .net "_0467_", 0 0, L_0x9bd0860;  1 drivers
v0x9b89e30_0 .net "_0468_", 0 0, L_0x9bd08e0;  1 drivers
v0x9b89ed0_0 .net "_0469_", 0 0, L_0x9b89e90;  1 drivers
v0x9b89f70_0 .net "_0470_", 0 0, L_0x9b89df0;  1 drivers
v0x9b8a010_0 .net "_0471_", 0 0, L_0x9bd0e70;  1 drivers
v0x9b8a0b0_0 .net "_0472_", 0 0, L_0x9bd1000;  1 drivers
v0x9b8a150_0 .net "_0473_", 0 0, L_0x9b8a110;  1 drivers
v0x9b8a1f0_0 .net "_0474_", 0 0, L_0x9bd1180;  1 drivers
v0x9b8a290_0 .net "_0475_", 0 0, L_0x9bd12a0;  1 drivers
v0x9b8a330_0 .net "_0476_", 0 0, L_0x9b8a2f0;  1 drivers
v0x9b94520_0 .net "_0477_", 0 0, L_0x9bd1630;  1 drivers
v0x9b94580_0 .net "_0478_", 0 0, L_0x9bcf6f0;  1 drivers
v0x9b945e0_0 .net "_0479_", 0 0, L_0x9b1c620;  1 drivers
v0x9b94640_0 .net "_0480_", 0 0, L_0x9bd1cd0;  1 drivers
v0x9b946e0_0 .net "_0481_", 0 0, L_0x9bd1e30;  1 drivers
v0x9b94780_0 .net "_0482_", 0 0, L_0x9b94740;  1 drivers
v0x9b94820_0 .net "_0483_", 0 0, L_0x9bd2160;  1 drivers
v0x9b94880_0 .net "_0484_", 0 0, L_0x9bd22f0;  1 drivers
v0x9b94920_0 .net "_0485_", 0 0, L_0x9bd2740;  1 drivers
v0x9b949c0_0 .net "_0486_", 0 0, L_0x9b94980;  1 drivers
v0x9b94a60_0 .net "_0487_", 0 0, L_0x9bd2a70;  1 drivers
v0x9b94ac0_0 .net "_0488_", 0 0, L_0x9bd2c00;  1 drivers
v0x9b94b60_0 .net "_0489_", 0 0, L_0x9bd2d20;  1 drivers
v0x9b94c00_0 .net "_0490_", 0 0, L_0x9b94bc0;  1 drivers
v0x9b94ca0_0 .net "_0491_", 0 0, L_0x9bd3490;  1 drivers
v0x9b94d00_0 .net "_0492_", 0 0, L_0x9bd3510;  1 drivers
v0x9b94da0_0 .net "_0493_", 0 0, L_0x9bd3750;  1 drivers
v0x9b94e40_0 .net "_0494_", 0 0, L_0x9b94d60;  1 drivers
v0x9b94ee0_0 .net "_0495_", 0 0, L_0x9b94ea0;  1 drivers
v0x9b94f40_0 .net "_0496_", 0 0, L_0x9bd3f10;  1 drivers
v0x9b94fe0_0 .net "_0497_", 0 0, L_0x9bd4730;  1 drivers
v0x9b95080_0 .net "_0498_", 0 0, L_0x9bd4900;  1 drivers
v0x9b950e0_0 .net "_0499_", 0 0, L_0x9bd4ad0;  1 drivers
v0x9b95180_0 .net "_0500_", 0 0, L_0x9bd5060;  1 drivers
v0x9b95220_0 .net "_0501_", 0 0, L_0x9bd5230;  1 drivers
v0x9b95280_0 .net "_0502_", 0 0, L_0x9bd5310;  1 drivers
v0x9b95350_0 .net "_0503_", 0 0, L_0x9bd5390;  1 drivers
v0x9b953b0_0 .net "_0504_", 0 0, L_0x9bd5480;  1 drivers
v0x9b95480_0 .net "_0505_", 0 0, L_0x9bd5610;  1 drivers
v0x9b954e0_0 .net "_0506_", 0 0, L_0x9b21b90;  1 drivers
v0x9b95540_0 .net "_0507_", 0 0, L_0x9bd5800;  1 drivers
v0x9b955a0_0 .net "_0508_", 0 0, L_0x9bd